#
# There is insufficient memory for the Java Runtime Environment to continue.
# Native memory allocation (mmap) failed to map 130023424 bytes. Error detail: G1 virtual space
# Possible reasons:
#   The system is out of physical RAM or swap space
#   This process is running with CompressedOops enabled, and the Java Heap may be blocking the growth of the native heap
# Possible solutions:
#   Reduce memory load on the system
#   Increase physical memory or swap space
#   Check if swap backing store is full
#   Decrease Java heap size (-Xmx/-Xms)
#   Decrease number of Java threads
#   Decrease Java thread stack sizes (-Xss)
#   Set larger code cache with -XX:ReservedCodeCacheSize=
#   JVM is running with Unscaled Compressed Oops mode in which the Java heap is
#     placed in the first 4GB address space. The Java Heap base address is the
#     maximum limit for the native heap growth. Please use -XX:HeapBaseMinAddress
#     to set the Java Heap base and to place the Java Heap above 4GB virtual address.
# This output file may be truncated or incomplete.
#
#  Out of Memory Error (os_windows.cpp:3898), pid=10572, tid=24004
#
# JRE version:  (21.0.6) (build )
# Java VM: OpenJDK 64-Bit Server VM (21.0.6+-13391695-b895.109, mixed mode, sharing, tiered, compressed oops, compressed class ptrs, g1 gc, windows-amd64)
# No core dump will be written. Minidumps are not enabled by default on client versions of Windows
#

---------------  S U M M A R Y ------------

Command Line: org.jetbrains.kotlin.cli.jvm.K2JVMCompiler @C:\Users\farfa\OneDrive\Bureau\AndroidNew\DarnaFrontAndroid-GestionUsers\app\build\20251112_17094833249773958493.compiler.options

Host: 11th Gen Intel(R) Core(TM) i5-1135G7 @ 2.40GHz, 8 cores, 7G,  Windows 11 , 64 bit Build 26100 (10.0.26100.6725)
Time: Wed Nov 12 13:43:27 2025 W. Central Africa Standard Time elapsed time: 0.088100 seconds (0d 0h 0m 0s)

---------------  T H R E A D  ---------------

Current thread (0x0000015e92a51bb0):  JavaThread "Unknown thread" [_thread_in_vm, id=24004, stack(0x0000002120300000,0x0000002120400000) (1024K)]

Stack: [0x0000002120300000,0x0000002120400000]
Native frames: (J=compiled Java code, j=interpreted, Vv=VM code, C=native code)
V  [jvm.dll+0x6d0639]
V  [jvm.dll+0x85eb03]
V  [jvm.dll+0x86105e]
V  [jvm.dll+0x861743]
V  [jvm.dll+0x27e6e6]
V  [jvm.dll+0x6ccfd5]
V  [jvm.dll+0x6c0a8a]
V  [jvm.dll+0x35537b]
V  [jvm.dll+0x35cfd6]
V  [jvm.dll+0x3aef86]
V  [jvm.dll+0x3af258]
V  [jvm.dll+0x327a2c]
V  [jvm.dll+0x32871b]
V  [jvm.dll+0x826549]
V  [jvm.dll+0x3bc158]
V  [jvm.dll+0x80f7f8]
V  [jvm.dll+0x45035e]
V  [jvm.dll+0x451ac1]
C  [jli.dll+0x52ab]
C  [ucrtbase.dll+0x37b0]
C  [KERNEL32.DLL+0x2e8d7]
C  [ntdll.dll+0x8c53c]


---------------  P R O C E S S  ---------------

Threads class SMR info:
_java_thread_list=0x00007ffd09c21848, length=0, elements={
}

Java Threads: ( => current thread )
Total: 0

Other Threads:
  0x0000015e94d5ca40 WorkerThread "GC Thread#0"                     [id=5216, stack(0x0000002120400000,0x0000002120500000) (1024K)]
  0x0000015e94d6da30 ConcurrentGCThread "G1 Main Marker"            [id=21260, stack(0x0000002120500000,0x0000002120600000) (1024K)]
  0x0000015e94d6e530 WorkerThread "G1 Conc#0"                       [id=3888, stack(0x0000002120600000,0x0000002120700000) (1024K)]

[error occurred during error reporting (printing all threads), id 0xc0000005, EXCEPTION_ACCESS_VIOLATION (0xc0000005) at pc=0x00007ffd0941aa87]
VM state: not at safepoint (not fully initialized)

VM Mutex/Monitor currently owned by a thread:  ([mutex/lock_event])
[0x00007ffd09c8e4a0] Heap_lock - owner thread: 0x0000015e92a51bb0

Heap address: 0x0000000084000000, size: 1984 MB, Compressed Oops mode: 32-bit

CDS archive(s) mapped at: [0x0000000000000000-0x0000000000000000-0x0000000000000000), size 0, SharedBaseAddress: 0x0000000800000000, ArchiveRelocationMode: 1.
Narrow klass base: 0x0000000000000000, Narrow klass shift: 0, Narrow klass range: 0x0

GC Precious Log:
 CardTable entry size: 512
 Card Set container configuration: InlinePtr #cards 5 size 8 Array Of Cards #cards 12 size 40 Howl #buckets 4 coarsen threshold 1843 Howl Bitmap #cards 512 size 80 coarsen threshold 460 Card regions per heap region 1 cards per card region 2048

Heap:
 garbage-first heap   total 0K, used 0K [0x0000000084000000, 0x0000000100000000)
  region size 1024K, 0 young (0K), 0 survivors (0K)
 Metaspace       used 0K, committed 0K, reserved 0K
  class space    used 0K, committed 0K, reserved 0K

Heap Regions: E=young(eden), S=young(survivor), O=old, HS=humongous(starts), HC=humongous(continues), CS=collection set, F=free, TAMS=top-at-mark-start, PB=parsable bottom

Card table byte_map: [0x0000015ea7570000,0x0000015ea7950000] _byte_map_base: 0x0000015ea7150000

Marking Bits: (CMBitMap*) 0x0000015e94d5d140
 Bits: [0x0000015ea7950000, 0x0000015ea9850000)

GC Heap History (0 events):
No events

Dll operation events (1 events):
Event: 0.010 Loaded shared library C:\Program Files\Android\Android Studio\jbr\bin\java.dll

Deoptimization events (0 events):
No events

Classes loaded (0 events):
No events

Classes unloaded (0 events):
No events

Classes redefined (0 events):
No events

Internal exceptions (0 events):
No events

ZGC Phase Switch (0 events):
No events

VM Operations (0 events):
No events

Memory protections (0 events):
No events

Nmethod flushes (0 events):
No events

Events (0 events):
No events


Dynamic libraries:
0x00007ff6ca010000 - 0x00007ff6ca01a000 	C:\Program Files\Android\Android Studio\jbr\bin\java.exe
0x00007ffdf1b60000 - 0x00007ffdf1dc8000 	C:\WINDOWS\SYSTEM32\ntdll.dll
0x00007ffdf0d70000 - 0x00007ffdf0e39000 	C:\WINDOWS\System32\KERNEL32.DLL
0x00007ffdef0b0000 - 0x00007ffdef4a2000 	C:\WINDOWS\System32\KERNELBASE.dll
0x00007ffdeedb0000 - 0x00007ffdeeefb000 	C:\WINDOWS\System32\ucrtbase.dll
0x00007ffdccb00000 - 0x00007ffdccb18000 	C:\Program Files\Android\Android Studio\jbr\bin\jli.dll
0x00007ffdf1890000 - 0x00007ffdf1a55000 	C:\WINDOWS\System32\USER32.dll
0x00007ffdef080000 - 0x00007ffdef0a7000 	C:\WINDOWS\System32\win32u.dll
0x00007ffdf1680000 - 0x00007ffdf16ab000 	C:\WINDOWS\System32\GDI32.dll
0x00007ffdef690000 - 0x00007ffdef7bd000 	C:\WINDOWS\System32\gdi32full.dll
0x00007ffdef550000 - 0x00007ffdef5f3000 	C:\WINDOWS\System32\msvcp_win.dll
0x00007ffdd67b0000 - 0x00007ffdd67cb000 	C:\Program Files\Android\Android Studio\jbr\bin\VCRUNTIME140.dll
0x00007ffdcde40000 - 0x00007ffdce0d3000 	C:\WINDOWS\WinSxS\amd64_microsoft.windows.common-controls_6595b64144ccf1df_6.0.26100.6899_none_3e0efeeae32e88c1\COMCTL32.dll
0x00007ffdefc30000 - 0x00007ffdefcd9000 	C:\WINDOWS\System32\msvcrt.dll
0x00007ffdf0d30000 - 0x00007ffdf0d5f000 	C:\WINDOWS\System32\IMM32.DLL
0x00007ffdeb6d0000 - 0x00007ffdeb6dc000 	C:\Program Files\Android\Android Studio\jbr\bin\vcruntime140_1.dll
0x00007ffda5d90000 - 0x00007ffda5e1d000 	C:\Program Files\Android\Android Studio\jbr\bin\msvcp140.dll
0x00007ffd090e0000 - 0x00007ffd09d6b000 	C:\Program Files\Android\Android Studio\jbr\bin\server\jvm.dll
0x00007ffdf1a60000 - 0x00007ffdf1b14000 	C:\WINDOWS\System32\ADVAPI32.dll
0x00007ffdf0790000 - 0x00007ffdf0836000 	C:\WINDOWS\System32\sechost.dll
0x00007ffdef9b0000 - 0x00007ffdefac8000 	C:\WINDOWS\System32\RPCRT4.dll
0x00007ffdef930000 - 0x00007ffdef9a4000 	C:\WINDOWS\System32\WS2_32.dll
0x00007ffdeeb50000 - 0x00007ffdeebae000 	C:\WINDOWS\SYSTEM32\POWRPROF.dll
0x00007ffde38c0000 - 0x00007ffde38f5000 	C:\WINDOWS\SYSTEM32\WINMM.dll
0x00007ffde51d0000 - 0x00007ffde51db000 	C:\WINDOWS\SYSTEM32\VERSION.dll
0x00007ffdeeb30000 - 0x00007ffdeeb44000 	C:\WINDOWS\SYSTEM32\UMPDC.dll
0x00007ffdedaa0000 - 0x00007ffdedabb000 	C:\WINDOWS\SYSTEM32\kernel.appcore.dll
0x00007ffde94e0000 - 0x00007ffde94ea000 	C:\Program Files\Android\Android Studio\jbr\bin\jimage.dll
0x00007ffdec440000 - 0x00007ffdec682000 	C:\WINDOWS\SYSTEM32\DBGHELP.DLL
0x00007ffdf0e40000 - 0x00007ffdf11bb000 	C:\WINDOWS\System32\combase.dll
0x00007ffdefad0000 - 0x00007ffdefba7000 	C:\WINDOWS\System32\OLEAUT32.dll
0x00007ffdcb620000 - 0x00007ffdcb65c000 	C:\WINDOWS\SYSTEM32\dbgcore.DLL
0x00007ffdef4b0000 - 0x00007ffdef548000 	C:\WINDOWS\System32\bcryptPrimitives.dll
0x00007ffdd63f0000 - 0x00007ffdd6410000 	C:\Program Files\Android\Android Studio\jbr\bin\java.dll

dbghelp: loaded successfully - version: 4.0.5 - missing functions: none
symbol engine: initialized successfully - sym options: 0x614 - pdb path: .;C:\Program Files\Android\Android Studio\jbr\bin;C:\WINDOWS\SYSTEM32;C:\WINDOWS\WinSxS\amd64_microsoft.windows.common-controls_6595b64144ccf1df_6.0.26100.6899_none_3e0efeeae32e88c1;C:\Program Files\Android\Android Studio\jbr\bin\server

VM Arguments:
java_command: org.jetbrains.kotlin.cli.jvm.K2JVMCompiler @C:\Users\farfa\OneDrive\Bureau\AndroidNew\DarnaFrontAndroid-GestionUsers\app\build\20251112_17094833249773958493.compiler.options
java_class_path (initial): C:\Users\farfa\.gradle\caches\modules-2\files-2.1\org.jetbrains.kotlin\kotlin-compiler-embeddable\2.0.0\1de310de3446414381282ffc46c3ed3919a4d1da\kotlin-compiler-embeddable-2.0.0.jar;C:\Users\farfa\.gradle\caches\modules-2\files-2.1\org.jetbrains.kotlin\kotlin-stdlib\2.0.0\b48df2c4aede9586cc931ead433bc02d6fd7879e\kotlin-stdlib-2.0.0.jar;C:\Users\farfa\.gradle\caches\modules-2\files-2.1\org.jetbrains.kotlin\kotlin-script-runtime\2.0.0\fdc27dd047d592fa41d2dfa21e7621287a361612\kotlin-script-runtime-2.0.0.jar;C:\Users\farfa\.gradle\caches\modules-2\files-2.1\org.jetbrains.kotlin\kotlin-reflect\1.6.10\1cbe9c92c12a94eea200d23c2bbaedaf3daf5132\kotlin-reflect-1.6.10.jar;C:\Users\farfa\.gradle\caches\modules-2\files-2.1\org.jetbrains.kotlin\kotlin-daemon-embeddable\2.0.0\b39c612768614c4428c96ee9c65477181fffe9d\kotlin-daemon-embeddable-2.0.0.jar;C:\Users\farfa\.gradle\caches\modules-2\files-2.1\org.jetbrains.intellij.deps\trove4j\1.0.20200330\3afb14d5f9ceb459d724e907a21145e8ff394f02\trove4j-1.0.20200330.jar;C:\Users\farfa\.gradle\caches\modules-2\files-2.1\org.jetbrains\annotations\13.0\919f0dfe192fb4e063e7dacadee7f8bb9a2672a9\annotations-13.0.jar
Launcher Type: SUN_STANDARD

[Global flags]
     intx CICompilerCount                          = 4                                         {product} {ergonomic}
     uint ConcGCThreads                            = 2                                         {product} {ergonomic}
     uint G1ConcRefinementThreads                  = 8                                         {product} {ergonomic}
   size_t G1HeapRegionSize                         = 1048576                                   {product} {ergonomic}
    uintx GCDrainStackTargetSize                   = 64                                        {product} {ergonomic}
   size_t InitialHeapSize                          = 130023424                                 {product} {ergonomic}
   size_t MarkStackSize                            = 4194304                                   {product} {ergonomic}
   size_t MaxHeapSize                              = 2080374784                                {product} {ergonomic}
   size_t MinHeapDeltaBytes                        = 1048576                                   {product} {ergonomic}
   size_t MinHeapSize                              = 8388608                                   {product} {ergonomic}
    uintx NonNMethodCodeHeapSize                   = 5839372                                {pd product} {ergonomic}
    uintx NonProfiledCodeHeapSize                  = 122909434                              {pd product} {ergonomic}
    uintx ProfiledCodeHeapSize                     = 122909434                              {pd product} {ergonomic}
    uintx ReservedCodeCacheSize                    = 251658240                              {pd product} {ergonomic}
     bool SegmentedCodeCache                       = true                                      {product} {ergonomic}
   size_t SoftMaxHeapSize                          = 2080374784                             {manageable} {ergonomic}
     bool UseCompressedOops                        = true                           {product lp64_product} {ergonomic}
     bool UseG1GC                                  = true                                      {product} {ergonomic}
     bool UseLargePagesIndividualAllocation        = false                                  {pd product} {ergonomic}

Logging:
Log output configuration:
 #0: stdout all=warning uptime,level,tags foldmultilines=false
 #1: stderr all=off uptime,level,tags foldmultilines=false

Environment Variables:
JAVA_HOME=C:\Program Files\Java\jdk-17
PATH=C:\Program Files (x86)\Common Files\Oracle\Java\javapath;C:\Users\farfa\jdk-22_windows-x64_bin\jdk-22.0.2\bin;C:\Program Files\Java\jdk-17\bin;C:\oraclexe\app\oracle\product\11.2.0\server\bin;C:\WINDOWS\system32;C:\WINDOWS;C:\WINDOWS\System32\Wbem;C:\WINDOWS\System32\WindowsPowerShell\v1.0\;C:\WINDOWS\System32\OpenSSH\;C:\Program Files\HP\HP One Agent;C:\xampp\php;C:\ProgramData\ComposerSetup\bin;C:\Program Files\Git\cmd;C:\Program Files\nodejs\;C:\WINDOWS\system32;C:\WINDOWS;C:\WINDOWS\System32\Wbem;C:\WINDOWS\System32\WindowsPowerShell\v1.0\;C:\WINDOWS\System32\OpenSSH\;C:\platform-tools\platform-tools;C:\wamp64\bin\php\php8.1.31;;C:\Program Files\Docker\Docker\resources\bin;C:\Program Files\cursor\resources\app\bin;C:\Program Files\Vagrant\bin;C:\Users\farfa\AppData\Local\Programs\Python\Python313\Scripts\;C:\Users\farfa\AppData\Local\Programs\Python\Python313\;C:\Users\farfa\AppData\Local\Programs\Python\Launcher\;C:\Users\farfa\scoop\shims;C:\Users\farfa\AppData\Local\Microsoft\WindowsApps;C:\Users\farfa\AppData\Roaming\Composer\vendor\bin;C:\Users\farfa\AppData\Local\Programs\Microsoft VS Code\bin;C:\Users\farfa\AppData\Roaming\npm;C:\Program Files\JetBrains\IntelliJ IDEA 2024.3.2.2\bin;;C:\flutter\bin;
USERNAME=farfa
OS=Windows_NT
PROCESSOR_IDENTIFIER=Intel64 Family 6 Model 140 Stepping 1, GenuineIntel
TMP=C:\Users\farfa\AppData\Local\Temp
TEMP=C:\Users\farfa\AppData\Local\Temp




Periodic native trim disabled

JNI global refs:
JNI global refs: 0, weak refs: 0

JNI global refs memory usage: 0, weak refs: 0

Process memory usage:
Resident Set Size: 12236K (0% of 8123000K total physical memory with 668304K free physical memory)

OOME stack traces (most recent first):
Classloader memory used:

---------------  S Y S T E M  ---------------

OS:
 Windows 11 , 64 bit Build 26100 (10.0.26100.6725)
OS uptime: 0 days 1:14 hours
Hyper-V role detected

CPU: total 8 (initial active 8) (4 cores per cpu, 2 threads per core) family 6 model 140 stepping 1 microcode 0xac, cx8, cmov, fxsr, ht, mmx, 3dnowpref, sse, sse2, sse3, ssse3, sse4.1, sse4.2, popcnt, lzcnt, tsc, tscinvbit, avx, avx2, aes, erms, clmul, bmi1, bmi2, adx, avx512f, avx512dq, avx512cd, avx512bw, avx512vl, sha, fma, vzeroupper, avx512_vpopcntdq, avx512_vpclmulqdq, avx512_vaes, avx512_vnni, clflush, clflushopt, clwb, avx512_vbmi2, avx512_vbmi, hv, rdtscp, rdpid, fsrm, gfni, avx512_bitalg, f16c, cet_ibt, cet_ss, avx512_ifma
Processor Information for the first 8 processors :
  Max Mhz: 2419, Current Mhz: 2419, Mhz Limit: 2419

Memory: 4k page, system-wide physical 7932M (652M free)
TotalPageFile size 21610M (AvailPageFile size 86M)
current process WorkingSet (physical memory assigned to process): 11M, peak: 11M
current process commit charge ("private bytes"): 60M, peak: 184M

vm_info: OpenJDK 64-Bit Server VM (21.0.6+-13391695-b895.109) for windows-amd64 JRE (21.0.6+-13391695-b895.109), built on 2025-04-22T21:19:17Z by "builder" with MS VC++ 16.10 / 16.11 (VS2019)

END.
