#
# There is insufficient memory for the Java Runtime Environment to continue.
# Native memory allocation (mmap) failed to map 421527552 bytes for G1 virtual space
# Possible reasons:
#   The system is out of physical RAM or swap space
#   The process is running with CompressedOops enabled, and the Java Heap may be blocking the growth of the native heap
# Possible solutions:
#   Reduce memory load on the system
#   Increase physical memory or swap space
#   Check if swap backing store is full
#   Decrease Java heap size (-Xmx/-Xms)
#   Decrease number of Java threads
#   Decrease Java thread stack sizes (-Xss)
#   Set larger code cache with -XX:ReservedCodeCacheSize=
#   JVM is running with Unscaled Compressed Oops mode in which the Java heap is
#     placed in the first 4GB address space. The Java Heap base address is the
#     maximum limit for the native heap growth. Please use -XX:HeapBaseMinAddress
#     to set the Java Heap base and to place the Java Heap above 4GB virtual address.
# This output file may be truncated or incomplete.
#
#  Out of Memory Error (os_windows.cpp:3550), pid=2628, tid=9800
#
# JRE version: Java(TM) SE Runtime Environment (17.0.8+9) (build 17.0.8+9-LTS-211)
# Java VM: Java HotSpot(TM) 64-Bit Server VM (17.0.8+9-LTS-211, mixed mode, sharing, tiered, compressed oops, compressed class ptrs, g1 gc, windows-amd64)
# No core dump will be written. Minidumps are not enabled by default on client versions of Windows
#

---------------  S U M M A R Y ------------

Command Line: --add-opens=java.base/java.lang=ALL-UNNAMED --add-opens=java.base/java.lang.invoke=ALL-UNNAMED --add-opens=java.base/java.util=ALL-UNNAMED --add-opens=java.prefs/java.util.prefs=ALL-UNNAMED --add-exports=jdk.compiler/com.sun.tools.javac.api=ALL-UNNAMED --add-exports=jdk.compiler/com.sun.tools.javac.util=ALL-UNNAMED --add-opens=java.base/java.util=ALL-UNNAMED --add-opens=java.prefs/java.util.prefs=ALL-UNNAMED --add-opens=java.base/java.nio.charset=ALL-UNNAMED --add-opens=java.base/java.net=ALL-UNNAMED --add-opens=java.base/java.util.concurrent.atomic=ALL-UNNAMED --add-opens=java.xml/javax.xml.namespace=ALL-UNNAMED -XX:MaxMetaspaceSize=512m -Xmx2048m -Dfile.encoding=UTF-8 -Duser.country=FR -Duser.language=fr -Duser.variant -javaagent:C:\Users\Lenovo\.gradle\wrapper\dists\gradle-8.11.1-bin\bpt9gzteqjrbo1mjrsomdt32c\gradle-8.11.1\lib\agents\gradle-instrumentation-agent-8.11.1.jar org.gradle.launcher.daemon.bootstrap.GradleDaemon 8.11.1

Host: 12th Gen Intel(R) Core(TM) i3-1215U, 8 cores, 7G,  Windows 11 , 64 bit Build 26100 (10.0.26100.7309)
Time: Tue Dec  9 21:02:11 2025 Paris, Madrid elapsed time: 83.214789 seconds (0d 0h 1m 23s)

---------------  T H R E A D  ---------------

Current thread (0x0000021ee16cdde0):  VMThread "VM Thread" [stack: 0x0000009c4f400000,0x0000009c4f500000] [id=9800]

Stack: [0x0000009c4f400000,0x0000009c4f500000]
Native frames: (J=compiled Java code, j=interpreted, Vv=VM code, C=native code)
V  [jvm.dll+0x677d0a]
V  [jvm.dll+0x7d8c54]
V  [jvm.dll+0x7da3fe]
V  [jvm.dll+0x7daa63]
V  [jvm.dll+0x245c5f]
V  [jvm.dll+0x674bb9]
V  [jvm.dll+0x6694f2]
V  [jvm.dll+0x3031d6]
V  [jvm.dll+0x30a756]
V  [jvm.dll+0x359f9e]
V  [jvm.dll+0x35a1cf]
V  [jvm.dll+0x2da3e8]
V  [jvm.dll+0x2d87f5]
V  [jvm.dll+0x2d7dfc]
V  [jvm.dll+0x31b4cb]
V  [jvm.dll+0x7df26b]
V  [jvm.dll+0x7dffa4]
V  [jvm.dll+0x7e04bd]
V  [jvm.dll+0x7e0894]
V  [jvm.dll+0x7e0960]
V  [jvm.dll+0x788bba]
V  [jvm.dll+0x676b35]
C  [ucrtbase.dll+0x37b0]
C  [KERNEL32.DLL+0x2e8d7]
C  [ntdll.dll+0x8c53c]

VM_Operation (0x0000009c526f9550): G1CollectForAllocation, mode: safepoint, requested by thread 0x0000021eff23d820


---------------  P R O C E S S  ---------------

Threads class SMR info:
_java_thread_list=0x0000021efd13d030, length=81, elements={
0x0000021ec34f82e0, 0x0000021ee16d0e90, 0x0000021ee16d24c0, 0x0000021ee16e6e30,
0x0000021ee16e9700, 0x0000021ee16eab30, 0x0000021ee16ec400, 0x0000021ee16edb60,
0x0000021ee16f0760, 0x0000021ee16fd0e0, 0x0000021ee16bde50, 0x0000021ee19c3650,
0x0000021efe48da50, 0x0000021efe48d580, 0x0000021efe48ed90, 0x0000021efe48e8c0,
0x0000021efe48df20, 0x0000021efe48e3f0, 0x0000021ee18f83a0, 0x0000021ee18f5850,
0x0000021ee18f5d20, 0x0000021ee18f8870, 0x0000021ee18f7530, 0x0000021ee18f5380,
0x0000021ee18f7a00, 0x0000021ee18f7ed0, 0x0000021ee18f7060, 0x0000021ee18f96e0,
0x0000021ee18f9bb0, 0x0000021ee18fa080, 0x0000021ee18f66c0, 0x0000021ee18fa550,
0x0000021ee18f6b90, 0x0000021ee18fb890, 0x0000021efeb6e290, 0x0000021efeb6ddc0,
0x0000021efeb6ff70, 0x0000021efeb6cf50, 0x0000021efeb70440, 0x0000021efeb70910,
0x0000021efeb6f100, 0x0000021efeb6e760, 0x0000021efeb6d420, 0x0000021efeb6ec30,
0x0000021efeb70de0, 0x0000021efeb6d8f0, 0x0000021efeb712b0, 0x0000021efeb725f0,
0x0000021efeb72ac0, 0x0000021efeb71780, 0x0000021efeb6f5d0, 0x0000021efeb72f90,
0x0000021efeb73460, 0x0000021efeb6faa0, 0x0000021efeb73e00, 0x0000021eff23dcf0,
0x0000021eff23e1c0, 0x0000021eff23d820, 0x0000021eff23ce80, 0x0000021eff240d10,
0x0000021eff23d350, 0x0000021eff243390, 0x0000021eff242520, 0x0000021eff2446d0,
0x0000021eff243860, 0x0000021eff243d30, 0x0000021eff241b80, 0x0000021eff242ec0,
0x0000021ee18fc230, 0x0000021ee18f8d40, 0x0000021efeb742d0, 0x0000021e873831f0,
0x0000021e87381eb0, 0x0000021e873836c0, 0x0000021e87384530, 0x0000021e87383b90,
0x0000021e87384060, 0x0000021e87384a00, 0x0000021e87382380, 0x0000021e873853a0,
0x0000021e87831810
}

Java Threads: ( => current thread )
  0x0000021ec34f82e0 JavaThread "main" [_thread_blocked, id=11508, stack(0x0000009c4ee00000,0x0000009c4ef00000)]
  0x0000021ee16d0e90 JavaThread "Reference Handler" daemon [_thread_blocked, id=19796, stack(0x0000009c4f500000,0x0000009c4f600000)]
  0x0000021ee16d24c0 JavaThread "Finalizer" daemon [_thread_blocked, id=16676, stack(0x0000009c4f600000,0x0000009c4f700000)]
  0x0000021ee16e6e30 JavaThread "Signal Dispatcher" daemon [_thread_blocked, id=15224, stack(0x0000009c4f700000,0x0000009c4f800000)]
  0x0000021ee16e9700 JavaThread "Attach Listener" daemon [_thread_blocked, id=25516, stack(0x0000009c4f800000,0x0000009c4f900000)]
  0x0000021ee16eab30 JavaThread "Service Thread" daemon [_thread_blocked, id=26432, stack(0x0000009c4f900000,0x0000009c4fa00000)]
  0x0000021ee16ec400 JavaThread "Monitor Deflation Thread" daemon [_thread_blocked, id=21980, stack(0x0000009c4fa00000,0x0000009c4fb00000)]
  0x0000021ee16edb60 JavaThread "C2 CompilerThread0" daemon [_thread_blocked, id=26384, stack(0x0000009c4fb00000,0x0000009c4fc00000)]
  0x0000021ee16f0760 JavaThread "C1 CompilerThread0" daemon [_thread_blocked, id=8920, stack(0x0000009c4fc00000,0x0000009c4fd00000)]
  0x0000021ee16fd0e0 JavaThread "Sweeper thread" daemon [_thread_blocked, id=18208, stack(0x0000009c4fd00000,0x0000009c4fe00000)]
  0x0000021ee16bde50 JavaThread "Common-Cleaner" daemon [_thread_blocked, id=25308, stack(0x0000009c4fe00000,0x0000009c4ff00000)]
  0x0000021ee19c3650 JavaThread "Notification Thread" daemon [_thread_blocked, id=8688, stack(0x0000009c4ff00000,0x0000009c50000000)]
  0x0000021efe48da50 JavaThread "Daemon health stats" [_thread_blocked, id=18464, stack(0x0000009c50100000,0x0000009c50200000)]
  0x0000021efe48d580 JavaThread "Incoming local TCP Connector on port 61678" [_thread_in_native, id=24012, stack(0x0000009c50600000,0x0000009c50700000)]
  0x0000021efe48ed90 JavaThread "Daemon periodic checks" [_thread_blocked, id=17660, stack(0x0000009c50700000,0x0000009c50800000)]
  0x0000021efe48e8c0 JavaThread "Daemon" [_thread_blocked, id=9608, stack(0x0000009c50800000,0x0000009c50900000)]
  0x0000021efe48df20 JavaThread "Handler for socket connection from /127.0.0.1:61678 to /127.0.0.1:61679" [_thread_in_native, id=13140, stack(0x0000009c50900000,0x0000009c50a00000)]
  0x0000021efe48e3f0 JavaThread "Cancel handler" [_thread_blocked, id=26028, stack(0x0000009c50a00000,0x0000009c50b00000)]
  0x0000021ee18f83a0 JavaThread "Daemon worker" [_thread_blocked, id=13656, stack(0x0000009c50b00000,0x0000009c50c00000)]
  0x0000021ee18f5850 JavaThread "Asynchronous log dispatcher for DefaultDaemonConnection: socket connection from /127.0.0.1:61678 to /127.0.0.1:61679" [_thread_blocked, id=20036, stack(0x0000009c50c00000,0x0000009c50d00000)]
  0x0000021ee18f5d20 JavaThread "Stdin handler" [_thread_blocked, id=17548, stack(0x0000009c50d00000,0x0000009c50e00000)]
  0x0000021ee18f8870 JavaThread "Daemon client event forwarder" [_thread_blocked, id=15812, stack(0x0000009c50e00000,0x0000009c50f00000)]
  0x0000021ee18f7530 JavaThread "Cache worker for journal cache (C:\Users\Lenovo\.gradle\caches\journal-1)" [_thread_blocked, id=19616, stack(0x0000009c50f00000,0x0000009c51000000)]
  0x0000021ee18f5380 JavaThread "File lock request listener" [_thread_in_native, id=14996, stack(0x0000009c51000000,0x0000009c51100000)]
  0x0000021ee18f7a00 JavaThread "Cache worker for file hash cache (C:\Users\Lenovo\.gradle\caches\8.11.1\fileHashes)" [_thread_blocked, id=27144, stack(0x0000009c51100000,0x0000009c51200000)]
  0x0000021ee18f7ed0 JavaThread "Cache worker for file content cache (C:\Users\Lenovo\.gradle\caches\8.11.1\fileContent)" [_thread_blocked, id=26980, stack(0x0000009c51500000,0x0000009c51600000)]
  0x0000021ee18f7060 JavaThread "Cache worker for file hash cache (C:\Users\Lenovo\Desktop\yosra merge android\MergeFront\DarnaFrontAndroid\.gradle\8.11.1\fileHashes)" [_thread_blocked, id=19436, stack(0x0000009c51700000,0x0000009c51800000)]
  0x0000021ee18f96e0 JavaThread "Cache worker for Build Output Cleanup Cache (C:\Users\Lenovo\Desktop\yosra merge android\MergeFront\DarnaFrontAndroid\.gradle\buildOutputCleanup)" [_thread_blocked, id=26512, stack(0x0000009c51800000,0x0000009c51900000)]
  0x0000021ee18f9bb0 JavaThread "File watcher server" daemon [_thread_blocked, id=25892, stack(0x0000009c51600000,0x0000009c51700000)]
  0x0000021ee18fa080 JavaThread "File watcher consumer" daemon [_thread_blocked, id=19200, stack(0x0000009c51a00000,0x0000009c51b00000)]
  0x0000021ee18f66c0 JavaThread "Cache worker for checksums cache (C:\Users\Lenovo\Desktop\yosra merge android\MergeFront\DarnaFrontAndroid\.gradle\8.11.1\checksums)" [_thread_blocked, id=24836, stack(0x0000009c51b00000,0x0000009c51c00000)]
  0x0000021ee18fa550 JavaThread "Cache worker for cache directory md-rule (C:\Users\Lenovo\.gradle\caches\8.11.1\md-rule)" [_thread_blocked, id=25656, stack(0x0000009c51c00000,0x0000009c51d00000)]
  0x0000021ee18f6b90 JavaThread "Cache worker for cache directory md-supplier (C:\Users\Lenovo\.gradle\caches\8.11.1\md-supplier)" [_thread_blocked, id=23852, stack(0x0000009c51d00000,0x0000009c51e00000)]
  0x0000021ee18fb890 JavaThread "Unconstrained build operations" [_thread_blocked, id=26192, stack(0x0000009c51f00000,0x0000009c52000000)]
  0x0000021efeb6e290 JavaThread "Unconstrained build operations Thread 2" [_thread_blocked, id=17648, stack(0x0000009c52000000,0x0000009c52100000)]
  0x0000021efeb6ddc0 JavaThread "Unconstrained build operations Thread 3" [_thread_blocked, id=18708, stack(0x0000009c52100000,0x0000009c52200000)]
  0x0000021efeb6ff70 JavaThread "Unconstrained build operations Thread 4" [_thread_blocked, id=25400, stack(0x0000009c52200000,0x0000009c52300000)]
  0x0000021efeb6cf50 JavaThread "Unconstrained build operations Thread 5" [_thread_blocked, id=22920, stack(0x0000009c52300000,0x0000009c52400000)]
  0x0000021efeb70440 JavaThread "Unconstrained build operations Thread 6" [_thread_blocked, id=9008, stack(0x0000009c52400000,0x0000009c52500000)]
  0x0000021efeb70910 JavaThread "Unconstrained build operations Thread 7" [_thread_blocked, id=20908, stack(0x0000009c52500000,0x0000009c52600000)]
  0x0000021efeb6f100 JavaThread "Unconstrained build operations Thread 8" [_thread_blocked, id=10668, stack(0x0000009c52700000,0x0000009c52800000)]
  0x0000021efeb6e760 JavaThread "Unconstrained build operations Thread 9" [_thread_blocked, id=24124, stack(0x0000009c52800000,0x0000009c52900000)]
  0x0000021efeb6d420 JavaThread "Unconstrained build operations Thread 10" [_thread_blocked, id=11524, stack(0x0000009c52900000,0x0000009c52a00000)]
  0x0000021efeb6ec30 JavaThread "Unconstrained build operations Thread 11" [_thread_blocked, id=16864, stack(0x0000009c52a00000,0x0000009c52b00000)]
  0x0000021efeb70de0 JavaThread "Unconstrained build operations Thread 12" [_thread_blocked, id=3452, stack(0x0000009c52b00000,0x0000009c52c00000)]
  0x0000021efeb6d8f0 JavaThread "Unconstrained build operations Thread 13" [_thread_blocked, id=8252, stack(0x0000009c52c00000,0x0000009c52d00000)]
  0x0000021efeb712b0 JavaThread "Unconstrained build operations Thread 14" [_thread_blocked, id=16248, stack(0x0000009c52d00000,0x0000009c52e00000)]
  0x0000021efeb725f0 JavaThread "Unconstrained build operations Thread 15" [_thread_blocked, id=15372, stack(0x0000009c53100000,0x0000009c53200000)]
  0x0000021efeb72ac0 JavaThread "Unconstrained build operations Thread 16" [_thread_blocked, id=10164, stack(0x0000009c53200000,0x0000009c53300000)]
  0x0000021efeb71780 JavaThread "Unconstrained build operations Thread 17" [_thread_blocked, id=7396, stack(0x0000009c53300000,0x0000009c53400000)]
  0x0000021efeb6f5d0 JavaThread "Unconstrained build operations Thread 18" [_thread_blocked, id=5876, stack(0x0000009c53400000,0x0000009c53500000)]
  0x0000021efeb72f90 JavaThread "Unconstrained build operations Thread 19" [_thread_blocked, id=22804, stack(0x0000009c53500000,0x0000009c53600000)]
  0x0000021efeb73460 JavaThread "Unconstrained build operations Thread 20" [_thread_blocked, id=25508, stack(0x0000009c53600000,0x0000009c53700000)]
  0x0000021efeb6faa0 JavaThread "Unconstrained build operations Thread 21" [_thread_blocked, id=23556, stack(0x0000009c53700000,0x0000009c53800000)]
  0x0000021efeb73e00 JavaThread "Memory manager" [_thread_blocked, id=25936, stack(0x0000009c53000000,0x0000009c53100000)]
  0x0000021eff23dcf0 JavaThread "build event listener" [_thread_blocked, id=23660, stack(0x0000009c53800000,0x0000009c53900000)]
  0x0000021eff23e1c0 JavaThread "Problems report writer" [_thread_blocked, id=26540, stack(0x0000009c4ec00000,0x0000009c4ed00000)]
  0x0000021eff23d820 JavaThread "included builds" [_thread_blocked, id=19932, stack(0x0000009c52600000,0x0000009c52700000)]
  0x0000021eff23ce80 JavaThread "Execution worker" [_thread_blocked, id=24052, stack(0x0000009c53900000,0x0000009c53a00000)]
  0x0000021eff240d10 JavaThread "Execution worker Thread 2" [_thread_blocked, id=16192, stack(0x0000009c53a00000,0x0000009c53b00000)]
  0x0000021eff23d350 JavaThread "Execution worker Thread 3" [_thread_blocked, id=26664, stack(0x0000009c53b00000,0x0000009c53c00000)]
  0x0000021eff243390 JavaThread "Execution worker Thread 4" [_thread_blocked, id=27640, stack(0x0000009c53c00000,0x0000009c53d00000)]
  0x0000021eff242520 JavaThread "Execution worker Thread 5" [_thread_blocked, id=27024, stack(0x0000009c53d00000,0x0000009c53e00000)]
  0x0000021eff2446d0 JavaThread "Execution worker Thread 6" [_thread_blocked, id=26368, stack(0x0000009c53e00000,0x0000009c53f00000)]
  0x0000021eff243860 JavaThread "Execution worker Thread 7" [_thread_blocked, id=21572, stack(0x0000009c53f00000,0x0000009c54000000)]
  0x0000021eff243d30 JavaThread "Cache worker for execution history cache (C:\Users\Lenovo\Desktop\yosra merge android\MergeFront\DarnaFrontAndroid\.gradle\8.11.1\executionHistory)" [_thread_blocked, id=4752, stack(0x0000009c54000000,0x0000009c54100000)]
  0x0000021eff241b80 JavaThread "Unconstrained build operations Thread 22" [_thread_blocked, id=18812, stack(0x0000009c54200000,0x0000009c54300000)]
  0x0000021eff242ec0 JavaThread "Unconstrained build operations Thread 23" [_thread_blocked, id=17796, stack(0x0000009c54300000,0x0000009c54400000)]
  0x0000021ee18fc230 JavaThread "Unconstrained build operations Thread 24" [_thread_blocked, id=27608, stack(0x0000009c54400000,0x0000009c54500000)]
  0x0000021ee18f8d40 JavaThread "Unconstrained build operations Thread 25" [_thread_blocked, id=22936, stack(0x0000009c54500000,0x0000009c54600000)]
  0x0000021efeb742d0 JavaThread "Unconstrained build operations Thread 26" [_thread_blocked, id=3000, stack(0x0000009c54600000,0x0000009c54700000)]
  0x0000021e873831f0 JavaThread "Unconstrained build operations Thread 27" [_thread_blocked, id=21912, stack(0x0000009c54700000,0x0000009c54800000)]
  0x0000021e87381eb0 JavaThread "Unconstrained build operations Thread 28" [_thread_blocked, id=7852, stack(0x0000009c54800000,0x0000009c54900000)]
  0x0000021e873836c0 JavaThread "Unconstrained build operations Thread 29" [_thread_blocked, id=9980, stack(0x0000009c54900000,0x0000009c54a00000)]
  0x0000021e87384530 JavaThread "Unconstrained build operations Thread 30" [_thread_blocked, id=3464, stack(0x0000009c54a00000,0x0000009c54b00000)]
  0x0000021e87383b90 JavaThread "Unconstrained build operations Thread 31" [_thread_blocked, id=27300, stack(0x0000009c54b00000,0x0000009c54c00000)]
  0x0000021e87384060 JavaThread "Unconstrained build operations Thread 32" [_thread_blocked, id=9132, stack(0x0000009c54c00000,0x0000009c54d00000)]
  0x0000021e87384a00 JavaThread "Unconstrained build operations Thread 33" [_thread_blocked, id=25544, stack(0x0000009c54d00000,0x0000009c54e00000)]
  0x0000021e87382380 JavaThread "Unconstrained build operations Thread 34" [_thread_blocked, id=25700, stack(0x0000009c54e00000,0x0000009c54f00000)]
  0x0000021e873853a0 JavaThread "Unconstrained build operations Thread 35" [_thread_blocked, id=26952, stack(0x0000009c54f00000,0x0000009c55000000)]
  0x0000021e87831810 JavaThread "C2 CompilerThread1" daemon [_thread_blocked, id=22468, stack(0x0000009c4eb00000,0x0000009c4ec00000)]

Other Threads:
=>0x0000021ee16cdde0 VMThread "VM Thread" [stack: 0x0000009c4f400000,0x0000009c4f500000] [id=9800]
  0x0000021ee1a8fcc0 WatcherThread [stack: 0x0000009c50000000,0x0000009c50100000] [id=21768]
  0x0000021ec3554c70 GCTaskThread "GC Thread#0" [stack: 0x0000009c4ef00000,0x0000009c4f000000] [id=8448]
  0x0000021efd1cdc90 GCTaskThread "GC Thread#1" [stack: 0x0000009c50200000,0x0000009c50300000] [id=21580]
  0x0000021ee1c2f770 GCTaskThread "GC Thread#2" [stack: 0x0000009c50300000,0x0000009c50400000] [id=15452]
  0x0000021efdb37da0 GCTaskThread "GC Thread#3" [stack: 0x0000009c50400000,0x0000009c50500000] [id=26132]
  0x0000021efdae46a0 GCTaskThread "GC Thread#4" [stack: 0x0000009c50500000,0x0000009c50600000] [id=25640]
  0x0000021efef627f0 GCTaskThread "GC Thread#5" [stack: 0x0000009c51200000,0x0000009c51300000] [id=27116]
  0x0000021efddef370 GCTaskThread "GC Thread#6" [stack: 0x0000009c51300000,0x0000009c51400000] [id=20412]
  0x0000021e844f72b0 GCTaskThread "GC Thread#7" [stack: 0x0000009c51400000,0x0000009c51500000] [id=17576]
  0x0000021ec3565ac0 ConcurrentGCThread "G1 Main Marker" [stack: 0x0000009c4f000000,0x0000009c4f100000] [id=6432]
  0x0000021ec35670b0 ConcurrentGCThread "G1 Conc#0" [stack: 0x0000009c4f100000,0x0000009c4f200000] [id=23504]
  0x0000021e8476d3e0 ConcurrentGCThread "G1 Conc#1" [stack: 0x0000009c51900000,0x0000009c51a00000] [id=27644]
  0x0000021ec35bdf80 ConcurrentGCThread "G1 Refine#0" [stack: 0x0000009c4f200000,0x0000009c4f300000] [id=26860]
  0x0000021eff75e8f0 ConcurrentGCThread "G1 Refine#1" [stack: 0x0000009c52e00000,0x0000009c52f00000] [id=12472]
  0x0000021eff75ebd0 ConcurrentGCThread "G1 Refine#2" [stack: 0x0000009c52f00000,0x0000009c53000000] [id=7848]
  0x0000021ec35be8b0 ConcurrentGCThread "G1 Service" [stack: 0x0000009c4f300000,0x0000009c4f400000] [id=13120]

Threads with active compile tasks:
C2 CompilerThread0    83247 14124       4       com.sun.org.apache.xerces.internal.dom.ParentNode::item (6 bytes)
C2 CompilerThread1    83247 13822       4       com.sun.org.apache.xerces.internal.impl.XMLDocumentFragmentScannerImpl::scanEndElement (171 bytes)

VM state: at safepoint (normal execution)

VM Mutex/Monitor currently owned by a thread:  ([mutex/lock_event])
[0x0000021ec34f1b20] Threads_lock - owner thread: 0x0000021ee16cdde0
[0x0000021ec34f14f0] Heap_lock - owner thread: 0x0000021eff23d820

Heap address: 0x0000000080000000, size: 2048 MB, Compressed Oops mode: 32-bit

CDS archive(s) mapped at: [0x0000021ee2000000-0x0000021ee2bd0000-0x0000021ee2bd0000), size 12386304, SharedBaseAddress: 0x0000021ee2000000, ArchiveRelocationMode: 1.
Compressed class space mapped at: 0x0000021ee3000000-0x0000021efd000000, reserved size: 436207616
Narrow klass base: 0x0000021ee2000000, Narrow klass shift: 0, Narrow klass range: 0x100000000

GC Precious Log:
 CPUs: 8 total, 8 available
 Memory: 7916M
 Large Page Support: Disabled
 NUMA Support: Disabled
 Compressed Oops: Enabled (32-bit)
 Heap Region Size: 1M
 Heap Min Capacity: 8M
 Heap Initial Capacity: 124M
 Heap Max Capacity: 2G
 Pre-touch: Disabled
 Parallel Workers: 8
 Concurrent Workers: 2
 Concurrent Refinement Workers: 8
 Periodic GC: Disabled

Heap:
 garbage-first heap   total 219136K, used 172373K [0x0000000080000000, 0x0000000100000000)
  region size 1024K, 2 young (2048K), 2 survivors (2048K)
 Metaspace       used 103187K, committed 104064K, reserved 557056K
  class space    used 14269K, committed 14720K, reserved 425984K

Heap Regions: E=young(eden), S=young(survivor), O=old, HS=humongous(starts), HC=humongous(continues), CS=collection set, F=free, OA=open archive, CA=closed archive, TAMS=top-at-mark-start (previous, next)
|   0|0x0000000080000000, 0x0000000080100000, 0x0000000080100000|100%| O|  |TAMS 0x0000000080100000, 0x0000000080000000| Untracked 
|   1|0x0000000080100000, 0x0000000080200000, 0x0000000080200000|100%|HS|  |TAMS 0x0000000080200000, 0x0000000080100000| Complete 
|   2|0x0000000080200000, 0x0000000080300000, 0x0000000080300000|100%|HC|  |TAMS 0x0000000080300000, 0x0000000080200000| Complete 
|   3|0x0000000080300000, 0x0000000080400000, 0x0000000080400000|100%|HC|  |TAMS 0x0000000080400000, 0x0000000080300000| Complete 
|   4|0x0000000080400000, 0x0000000080500000, 0x0000000080500000|100%| O|  |TAMS 0x0000000080500000, 0x0000000080400000| Untracked 
|   5|0x0000000080500000, 0x0000000080600000, 0x0000000080600000|100%| O|  |TAMS 0x0000000080600000, 0x0000000080500000| Untracked 
|   6|0x0000000080600000, 0x0000000080700000, 0x0000000080700000|100%| O|  |TAMS 0x0000000080700000, 0x0000000080600000| Untracked 
|   7|0x0000000080700000, 0x0000000080800000, 0x0000000080800000|100%|HS|  |TAMS 0x0000000080800000, 0x0000000080700000| Complete 
|   8|0x0000000080800000, 0x0000000080900000, 0x0000000080900000|100%| O|  |TAMS 0x0000000080900000, 0x0000000080800000| Untracked 
|   9|0x0000000080900000, 0x0000000080a00000, 0x0000000080a00000|100%| O|  |TAMS 0x0000000080a00000, 0x0000000080900000| Untracked 
|  10|0x0000000080a00000, 0x0000000080b00000, 0x0000000080b00000|100%| O|  |TAMS 0x0000000080b00000, 0x0000000080a00000| Untracked 
|  11|0x0000000080b00000, 0x0000000080c00000, 0x0000000080c00000|100%| O|  |TAMS 0x0000000080c00000, 0x0000000080b00000| Untracked 
|  12|0x0000000080c00000, 0x0000000080d00000, 0x0000000080d00000|100%| O|  |TAMS 0x0000000080d00000, 0x0000000080c00000| Untracked 
|  13|0x0000000080d00000, 0x0000000080e00000, 0x0000000080e00000|100%| O|  |TAMS 0x0000000080e00000, 0x0000000080d00000| Untracked 
|  14|0x0000000080e00000, 0x0000000080f00000, 0x0000000080f00000|100%| O|  |TAMS 0x0000000080f00000, 0x0000000080e00000| Untracked 
|  15|0x0000000080f00000, 0x0000000081000000, 0x0000000081000000|100%| O|  |TAMS 0x0000000081000000, 0x0000000080f00000| Untracked 
|  16|0x0000000081000000, 0x0000000081100000, 0x0000000081100000|100%| O|  |TAMS 0x0000000081100000, 0x0000000081000000| Untracked 
|  17|0x0000000081100000, 0x0000000081200000, 0x0000000081200000|100%| O|  |TAMS 0x0000000081200000, 0x0000000081100000| Untracked 
|  18|0x0000000081200000, 0x0000000081300000, 0x0000000081300000|100%| O|  |TAMS 0x0000000081300000, 0x0000000081200000| Untracked 
|  19|0x0000000081300000, 0x0000000081400000, 0x0000000081400000|100%| O|  |TAMS 0x0000000081400000, 0x0000000081300000| Untracked 
|  20|0x0000000081400000, 0x0000000081500000, 0x0000000081500000|100%| O|  |TAMS 0x0000000081500000, 0x0000000081400000| Untracked 
|  21|0x0000000081500000, 0x0000000081600000, 0x0000000081600000|100%| O|  |TAMS 0x0000000081600000, 0x0000000081500000| Untracked 
|  22|0x0000000081600000, 0x0000000081700000, 0x0000000081700000|100%| O|  |TAMS 0x0000000081700000, 0x0000000081600000| Untracked 
|  23|0x0000000081700000, 0x0000000081800000, 0x0000000081800000|100%| O|  |TAMS 0x0000000081800000, 0x0000000081700000| Untracked 
|  24|0x0000000081800000, 0x0000000081900000, 0x0000000081900000|100%| O|  |TAMS 0x0000000081900000, 0x0000000081800000| Untracked 
|  25|0x0000000081900000, 0x0000000081a00000, 0x0000000081a00000|100%| O|  |TAMS 0x0000000081a00000, 0x0000000081900000| Untracked 
|  26|0x0000000081a00000, 0x0000000081b00000, 0x0000000081b00000|100%| O|  |TAMS 0x0000000081b00000, 0x0000000081a00000| Untracked 
|  27|0x0000000081b00000, 0x0000000081c00000, 0x0000000081c00000|100%| O|  |TAMS 0x0000000081c00000, 0x0000000081b00000| Untracked 
|  28|0x0000000081c00000, 0x0000000081d00000, 0x0000000081d00000|100%| O|  |TAMS 0x0000000081d00000, 0x0000000081c00000| Untracked 
|  29|0x0000000081d00000, 0x0000000081e00000, 0x0000000081e00000|100%| O|  |TAMS 0x0000000081e00000, 0x0000000081d00000| Untracked 
|  30|0x0000000081e00000, 0x0000000081f00000, 0x0000000081f00000|100%| O|  |TAMS 0x0000000081f00000, 0x0000000081e00000| Untracked 
|  31|0x0000000081f00000, 0x0000000082000000, 0x0000000082000000|100%|HS|  |TAMS 0x0000000082000000, 0x0000000081f00000| Complete 
|  32|0x0000000082000000, 0x0000000082100000, 0x0000000082100000|100%| O|  |TAMS 0x0000000082100000, 0x0000000082000000| Untracked 
|  33|0x0000000082100000, 0x0000000082200000, 0x0000000082200000|100%| O|  |TAMS 0x0000000082200000, 0x0000000082100000| Untracked 
|  34|0x0000000082200000, 0x0000000082300000, 0x0000000082300000|100%| O|  |TAMS 0x0000000082300000, 0x0000000082200000| Untracked 
|  35|0x0000000082300000, 0x0000000082400000, 0x0000000082400000|100%| O|  |TAMS 0x0000000082400000, 0x0000000082300000| Untracked 
|  36|0x0000000082400000, 0x0000000082500000, 0x0000000082500000|100%| O|  |TAMS 0x0000000082500000, 0x0000000082400000| Untracked 
|  37|0x0000000082500000, 0x0000000082600000, 0x0000000082600000|100%| O|  |TAMS 0x0000000082600000, 0x0000000082500000| Untracked 
|  38|0x0000000082600000, 0x0000000082700000, 0x0000000082700000|100%| O|  |TAMS 0x0000000082700000, 0x0000000082600000| Untracked 
|  39|0x0000000082700000, 0x0000000082800000, 0x0000000082800000|100%| O|  |TAMS 0x0000000082800000, 0x0000000082700000| Untracked 
|  40|0x0000000082800000, 0x0000000082900000, 0x0000000082900000|100%| O|  |TAMS 0x0000000082900000, 0x0000000082800000| Untracked 
|  41|0x0000000082900000, 0x0000000082a00000, 0x0000000082a00000|100%| O|  |TAMS 0x0000000082a00000, 0x0000000082900000| Untracked 
|  42|0x0000000082a00000, 0x0000000082b00000, 0x0000000082b00000|100%| O|  |TAMS 0x0000000082a00000, 0x0000000082a00000| Untracked 
|  43|0x0000000082b00000, 0x0000000082c00000, 0x0000000082c00000|100%| O|  |TAMS 0x0000000082c00000, 0x0000000082b00000| Untracked 
|  44|0x0000000082c00000, 0x0000000082d00000, 0x0000000082d00000|100%| O|  |TAMS 0x0000000082c00000, 0x0000000082c00000| Untracked 
|  45|0x0000000082d00000, 0x0000000082e00000, 0x0000000082e00000|100%|HS|  |TAMS 0x0000000082e00000, 0x0000000082d00000| Complete 
|  46|0x0000000082e00000, 0x0000000082f00000, 0x0000000082f00000|100%| O|  |TAMS 0x0000000082f00000, 0x0000000082e00000| Untracked 
|  47|0x0000000082f00000, 0x0000000083000000, 0x0000000083000000|100%| O|  |TAMS 0x0000000082f00000, 0x0000000082f00000| Untracked 
|  48|0x0000000083000000, 0x0000000083100000, 0x0000000083100000|100%| O|  |TAMS 0x0000000083000000, 0x0000000083000000| Untracked 
|  49|0x0000000083100000, 0x0000000083200000, 0x0000000083200000|100%| O|  |TAMS 0x0000000083200000, 0x0000000083100000| Untracked 
|  50|0x0000000083200000, 0x0000000083300000, 0x0000000083300000|100%|HS|  |TAMS 0x0000000083300000, 0x0000000083200000| Complete 
|  51|0x0000000083300000, 0x0000000083400000, 0x0000000083400000|100%|HC|  |TAMS 0x0000000083400000, 0x0000000083300000| Complete 
|  52|0x0000000083400000, 0x0000000083500000, 0x0000000083500000|100%|HS|  |TAMS 0x0000000083500000, 0x0000000083400000| Complete 
|  53|0x0000000083500000, 0x0000000083600000, 0x0000000083600000|100%|HS|  |TAMS 0x0000000083600000, 0x0000000083500000| Complete 
|  54|0x0000000083600000, 0x0000000083700000, 0x0000000083700000|100%|HC|  |TAMS 0x0000000083700000, 0x0000000083600000| Complete 
|  55|0x0000000083700000, 0x0000000083800000, 0x0000000083800000|100%|HC|  |TAMS 0x0000000083800000, 0x0000000083700000| Complete 
|  56|0x0000000083800000, 0x0000000083900000, 0x0000000083900000|100%|HS|  |TAMS 0x0000000083900000, 0x0000000083800000| Complete 
|  57|0x0000000083900000, 0x0000000083a00000, 0x0000000083a00000|100%| O|  |TAMS 0x0000000083a00000, 0x0000000083900000| Untracked 
|  58|0x0000000083a00000, 0x0000000083b00000, 0x0000000083b00000|100%|HS|  |TAMS 0x0000000083b00000, 0x0000000083a00000| Complete 
|  59|0x0000000083b00000, 0x0000000083c00000, 0x0000000083c00000|100%|HC|  |TAMS 0x0000000083c00000, 0x0000000083b00000| Complete 
|  60|0x0000000083c00000, 0x0000000083d00000, 0x0000000083d00000|100%|HS|  |TAMS 0x0000000083d00000, 0x0000000083c00000| Complete 
|  61|0x0000000083d00000, 0x0000000083e00000, 0x0000000083e00000|100%|HS|  |TAMS 0x0000000083e00000, 0x0000000083d00000| Complete 
|  62|0x0000000083e00000, 0x0000000083f00000, 0x0000000083f00000|100%| O|  |TAMS 0x0000000083f00000, 0x0000000083e00000| Untracked 
|  63|0x0000000083f00000, 0x0000000084000000, 0x0000000084000000|100%| O|  |TAMS 0x0000000084000000, 0x0000000083f00000| Untracked 
|  64|0x0000000084000000, 0x0000000084100000, 0x0000000084100000|100%| O|  |TAMS 0x0000000084100000, 0x0000000084000000| Untracked 
|  65|0x0000000084100000, 0x0000000084200000, 0x0000000084200000|100%|HS|  |TAMS 0x0000000084200000, 0x0000000084100000| Complete 
|  66|0x0000000084200000, 0x0000000084300000, 0x0000000084300000|100%| O|  |TAMS 0x0000000084300000, 0x0000000084200000| Untracked 
|  67|0x0000000084300000, 0x0000000084400000, 0x0000000084400000|100%| O|  |TAMS 0x0000000084400000, 0x0000000084300000| Untracked 
|  68|0x0000000084400000, 0x0000000084500000, 0x0000000084500000|100%| O|  |TAMS 0x0000000084500000, 0x0000000084400000| Untracked 
|  69|0x0000000084500000, 0x0000000084600000, 0x0000000084600000|100%| O|  |TAMS 0x0000000084600000, 0x0000000084500000| Untracked 
|  70|0x0000000084600000, 0x0000000084700000, 0x0000000084700000|100%| O|  |TAMS 0x0000000084700000, 0x0000000084600000| Untracked 
|  71|0x0000000084700000, 0x0000000084800000, 0x0000000084800000|100%| O|  |TAMS 0x0000000084800000, 0x0000000084700000| Untracked 
|  72|0x0000000084800000, 0x0000000084900000, 0x0000000084900000|100%| O|  |TAMS 0x0000000084900000, 0x0000000084800000| Untracked 
|  73|0x0000000084900000, 0x0000000084a00000, 0x0000000084a00000|100%| O|  |TAMS 0x0000000084a00000, 0x0000000084900000| Untracked 
|  74|0x0000000084a00000, 0x0000000084b00000, 0x0000000084b00000|100%| O|  |TAMS 0x0000000084b00000, 0x0000000084a00000| Untracked 
|  75|0x0000000084b00000, 0x0000000084c00000, 0x0000000084c00000|100%| O|  |TAMS 0x0000000084c00000, 0x0000000084b00000| Untracked 
|  76|0x0000000084c00000, 0x0000000084d00000, 0x0000000084d00000|100%| O|  |TAMS 0x0000000084d00000, 0x0000000084c00000| Untracked 
|  77|0x0000000084d00000, 0x0000000084e00000, 0x0000000084e00000|100%| O|  |TAMS 0x0000000084e00000, 0x0000000084d00000| Untracked 
|  78|0x0000000084e00000, 0x0000000084f00000, 0x0000000084f00000|100%|HS|  |TAMS 0x0000000084f00000, 0x0000000084e00000| Complete 
|  79|0x0000000084f00000, 0x0000000085000000, 0x0000000085000000|100%|HC|  |TAMS 0x0000000085000000, 0x0000000084f00000| Complete 
|  80|0x0000000085000000, 0x0000000085100000, 0x0000000085100000|100%|HC|  |TAMS 0x0000000085100000, 0x0000000085000000| Complete 
|  81|0x0000000085100000, 0x0000000085200000, 0x0000000085200000|100%| O|  |TAMS 0x0000000085200000, 0x0000000085100000| Untracked 
|  82|0x0000000085200000, 0x0000000085300000, 0x0000000085300000|100%| O|  |TAMS 0x0000000085300000, 0x0000000085200000| Untracked 
|  83|0x0000000085300000, 0x0000000085400000, 0x0000000085400000|100%| O|  |TAMS 0x0000000085400000, 0x0000000085300000| Untracked 
|  84|0x0000000085400000, 0x0000000085500000, 0x0000000085500000|100%| O|  |TAMS 0x0000000085500000, 0x0000000085400000| Untracked 
|  85|0x0000000085500000, 0x0000000085600000, 0x0000000085600000|100%| O|  |TAMS 0x0000000085600000, 0x0000000085500000| Untracked 
|  86|0x0000000085600000, 0x0000000085700000, 0x0000000085700000|100%| O|  |TAMS 0x0000000085700000, 0x0000000085600000| Untracked 
|  87|0x0000000085700000, 0x0000000085800000, 0x0000000085800000|100%| O|  |TAMS 0x0000000085800000, 0x0000000085700000| Untracked 
|  88|0x0000000085800000, 0x0000000085900000, 0x0000000085900000|100%| O|  |TAMS 0x0000000085900000, 0x0000000085800000| Untracked 
|  89|0x0000000085900000, 0x0000000085a00000, 0x0000000085a00000|100%| O|  |TAMS 0x0000000085a00000, 0x0000000085900000| Untracked 
|  90|0x0000000085a00000, 0x0000000085b00000, 0x0000000085b00000|100%| O|  |TAMS 0x0000000085b00000, 0x0000000085a00000| Untracked 
|  91|0x0000000085b00000, 0x0000000085c00000, 0x0000000085c00000|100%| O|  |TAMS 0x0000000085c00000, 0x0000000085b00000| Untracked 
|  92|0x0000000085c00000, 0x0000000085d00000, 0x0000000085d00000|100%| O|  |TAMS 0x0000000085c5f400, 0x0000000085c00000| Untracked 
|  93|0x0000000085d00000, 0x0000000085e00000, 0x0000000085e00000|100%| O|  |TAMS 0x0000000085d00000, 0x0000000085d00000| Untracked 
|  94|0x0000000085e00000, 0x0000000085f00000, 0x0000000085f00000|100%| O|  |TAMS 0x0000000085e00000, 0x0000000085e00000| Untracked 
|  95|0x0000000085f00000, 0x0000000086000000, 0x0000000086000000|100%| O|  |TAMS 0x0000000085f00000, 0x0000000085f00000| Untracked 
|  96|0x0000000086000000, 0x0000000086100000, 0x0000000086100000|100%| O|  |TAMS 0x0000000086000000, 0x0000000086000000| Untracked 
|  97|0x0000000086100000, 0x0000000086200000, 0x0000000086200000|100%| O|  |TAMS 0x0000000086100000, 0x0000000086100000| Untracked 
|  98|0x0000000086200000, 0x0000000086300000, 0x0000000086300000|100%| O|  |TAMS 0x0000000086200000, 0x0000000086200000| Untracked 
|  99|0x0000000086300000, 0x0000000086400000, 0x0000000086400000|100%| O|  |TAMS 0x0000000086300000, 0x0000000086300000| Untracked 
| 100|0x0000000086400000, 0x0000000086500000, 0x0000000086500000|100%| O|  |TAMS 0x0000000086400000, 0x0000000086400000| Untracked 
| 101|0x0000000086500000, 0x0000000086600000, 0x0000000086600000|100%| O|  |TAMS 0x0000000086500000, 0x0000000086500000| Untracked 
| 102|0x0000000086600000, 0x0000000086700000, 0x0000000086700000|100%| O|  |TAMS 0x0000000086600000, 0x0000000086600000| Untracked 
| 103|0x0000000086700000, 0x0000000086800000, 0x0000000086800000|100%| O|  |TAMS 0x0000000086700000, 0x0000000086700000| Untracked 
| 104|0x0000000086800000, 0x0000000086900000, 0x0000000086900000|100%| O|  |TAMS 0x0000000086800000, 0x0000000086800000| Untracked 
| 105|0x0000000086900000, 0x0000000086a00000, 0x0000000086a00000|100%| O|  |TAMS 0x0000000086900000, 0x0000000086900000| Untracked 
| 106|0x0000000086a00000, 0x0000000086b00000, 0x0000000086b00000|100%| O|  |TAMS 0x0000000086a00000, 0x0000000086a00000| Untracked 
| 107|0x0000000086b00000, 0x0000000086c00000, 0x0000000086c00000|100%| O|  |TAMS 0x0000000086b00000, 0x0000000086b00000| Untracked 
| 108|0x0000000086c00000, 0x0000000086d00000, 0x0000000086d00000|100%| O|  |TAMS 0x0000000086c00000, 0x0000000086c00000| Untracked 
| 109|0x0000000086d00000, 0x0000000086e00000, 0x0000000086e00000|100%| O|  |TAMS 0x0000000086d00000, 0x0000000086d00000| Untracked 
| 110|0x0000000086e00000, 0x0000000086f00000, 0x0000000086f00000|100%| O|  |TAMS 0x0000000086e00000, 0x0000000086e00000| Untracked 
| 111|0x0000000086f00000, 0x0000000087000000, 0x0000000087000000|100%| O|  |TAMS 0x0000000086f00000, 0x0000000086f00000| Untracked 
| 112|0x0000000087000000, 0x0000000087100000, 0x0000000087100000|100%| O|  |TAMS 0x0000000087000000, 0x0000000087000000| Untracked 
| 113|0x0000000087100000, 0x0000000087200000, 0x0000000087200000|100%| O|  |TAMS 0x0000000087100000, 0x0000000087100000| Untracked 
| 114|0x0000000087200000, 0x0000000087300000, 0x0000000087300000|100%| O|  |TAMS 0x0000000087200000, 0x0000000087200000| Untracked 
| 115|0x0000000087300000, 0x0000000087400000, 0x0000000087400000|100%| O|  |TAMS 0x0000000087300000, 0x0000000087300000| Untracked 
| 116|0x0000000087400000, 0x0000000087500000, 0x0000000087500000|100%| O|  |TAMS 0x0000000087400000, 0x0000000087400000| Untracked 
| 117|0x0000000087500000, 0x0000000087600000, 0x0000000087600000|100%| O|  |TAMS 0x0000000087500000, 0x0000000087500000| Untracked 
| 118|0x0000000087600000, 0x0000000087700000, 0x0000000087700000|100%| O|  |TAMS 0x0000000087600000, 0x0000000087600000| Untracked 
| 119|0x0000000087700000, 0x0000000087800000, 0x0000000087800000|100%| O|  |TAMS 0x0000000087700000, 0x0000000087700000| Untracked 
| 120|0x0000000087800000, 0x0000000087900000, 0x0000000087900000|100%| O|  |TAMS 0x0000000087800000, 0x0000000087800000| Untracked 
| 121|0x0000000087900000, 0x0000000087a00000, 0x0000000087a00000|100%| O|  |TAMS 0x0000000087900000, 0x0000000087900000| Untracked 
| 122|0x0000000087a00000, 0x0000000087b00000, 0x0000000087b00000|100%| O|  |TAMS 0x0000000087a00000, 0x0000000087a00000| Untracked 
| 123|0x0000000087b00000, 0x0000000087c00000, 0x0000000087c00000|100%| O|  |TAMS 0x0000000087b00000, 0x0000000087b00000| Untracked 
| 124|0x0000000087c00000, 0x0000000087d00000, 0x0000000087d00000|100%| O|  |TAMS 0x0000000087c00000, 0x0000000087c00000| Untracked 
| 125|0x0000000087d00000, 0x0000000087e00000, 0x0000000087e00000|100%| O|  |TAMS 0x0000000087d00000, 0x0000000087d00000| Untracked 
| 126|0x0000000087e00000, 0x0000000087f00000, 0x0000000087f00000|100%| O|  |TAMS 0x0000000087e00000, 0x0000000087e00000| Untracked 
| 127|0x0000000087f00000, 0x0000000088000000, 0x0000000088000000|100%| O|  |TAMS 0x0000000087f00000, 0x0000000087f00000| Untracked 
| 128|0x0000000088000000, 0x0000000088100000, 0x0000000088100000|100%| O|  |TAMS 0x0000000088000000, 0x0000000088000000| Untracked 
| 129|0x0000000088100000, 0x0000000088200000, 0x0000000088200000|100%| O|  |TAMS 0x0000000088100000, 0x0000000088100000| Untracked 
| 130|0x0000000088200000, 0x0000000088300000, 0x0000000088300000|100%| O|  |TAMS 0x0000000088200000, 0x0000000088200000| Untracked 
| 131|0x0000000088300000, 0x0000000088400000, 0x0000000088400000|100%| O|  |TAMS 0x0000000088300000, 0x0000000088300000| Untracked 
| 132|0x0000000088400000, 0x0000000088500000, 0x0000000088500000|100%| O|  |TAMS 0x0000000088400000, 0x0000000088400000| Untracked 
| 133|0x0000000088500000, 0x0000000088600000, 0x0000000088600000|100%| O|  |TAMS 0x0000000088500000, 0x0000000088500000| Untracked 
| 134|0x0000000088600000, 0x0000000088700000, 0x0000000088700000|100%| O|  |TAMS 0x0000000088600000, 0x0000000088600000| Untracked 
| 135|0x0000000088700000, 0x0000000088800000, 0x0000000088800000|100%| O|  |TAMS 0x0000000088700000, 0x0000000088700000| Untracked 
| 136|0x0000000088800000, 0x0000000088900000, 0x0000000088900000|100%| O|  |TAMS 0x0000000088800000, 0x0000000088800000| Untracked 
| 137|0x0000000088900000, 0x0000000088a00000, 0x0000000088a00000|100%| O|  |TAMS 0x0000000088900000, 0x0000000088900000| Untracked 
| 138|0x0000000088a00000, 0x0000000088b00000, 0x0000000088b00000|100%| O|  |TAMS 0x0000000088a00000, 0x0000000088a00000| Untracked 
| 139|0x0000000088b00000, 0x0000000088c00000, 0x0000000088c00000|100%| O|  |TAMS 0x0000000088b00000, 0x0000000088b00000| Untracked 
| 140|0x0000000088c00000, 0x0000000088d00000, 0x0000000088d00000|100%| O|  |TAMS 0x0000000088c00000, 0x0000000088c00000| Untracked 
| 141|0x0000000088d00000, 0x0000000088e00000, 0x0000000088e00000|100%| O|  |TAMS 0x0000000088d00000, 0x0000000088d00000| Untracked 
| 142|0x0000000088e00000, 0x0000000088f00000, 0x0000000088f00000|100%| O|  |TAMS 0x0000000088e00000, 0x0000000088e00000| Untracked 
| 143|0x0000000088f00000, 0x0000000089000000, 0x0000000089000000|100%| O|  |TAMS 0x0000000088f00000, 0x0000000088f00000| Untracked 
| 144|0x0000000089000000, 0x0000000089100000, 0x0000000089100000|100%| O|  |TAMS 0x0000000089000000, 0x0000000089000000| Untracked 
| 145|0x0000000089100000, 0x0000000089200000, 0x0000000089200000|100%| O|  |TAMS 0x0000000089100000, 0x0000000089100000| Untracked 
| 146|0x0000000089200000, 0x0000000089300000, 0x0000000089300000|100%| O|  |TAMS 0x0000000089200000, 0x0000000089200000| Untracked 
| 147|0x0000000089300000, 0x0000000089400000, 0x0000000089400000|100%| O|  |TAMS 0x0000000089300000, 0x0000000089300000| Untracked 
| 148|0x0000000089400000, 0x0000000089500000, 0x0000000089500000|100%| O|  |TAMS 0x0000000089400000, 0x0000000089400000| Untracked 
| 149|0x0000000089500000, 0x0000000089600000, 0x0000000089600000|100%| O|  |TAMS 0x0000000089500000, 0x0000000089500000| Untracked 
| 150|0x0000000089600000, 0x0000000089700000, 0x0000000089700000|100%| O|  |TAMS 0x0000000089600000, 0x0000000089600000| Untracked 
| 151|0x0000000089700000, 0x0000000089800000, 0x0000000089800000|100%| O|  |TAMS 0x0000000089700000, 0x0000000089700000| Untracked 
| 152|0x0000000089800000, 0x0000000089900000, 0x0000000089900000|100%| O|  |TAMS 0x0000000089800000, 0x0000000089800000| Untracked 
| 153|0x0000000089900000, 0x0000000089a00000, 0x0000000089a00000|100%| O|  |TAMS 0x0000000089900000, 0x0000000089900000| Untracked 
| 154|0x0000000089a00000, 0x0000000089b00000, 0x0000000089b00000|100%| O|  |TAMS 0x0000000089a00000, 0x0000000089a00000| Untracked 
| 155|0x0000000089b00000, 0x0000000089c00000, 0x0000000089c00000|100%| O|  |TAMS 0x0000000089b00000, 0x0000000089b00000| Untracked 
| 156|0x0000000089c00000, 0x0000000089d00000, 0x0000000089d00000|100%| O|  |TAMS 0x0000000089c00000, 0x0000000089c00000| Untracked 
| 157|0x0000000089d00000, 0x0000000089e00000, 0x0000000089e00000|100%| O|  |TAMS 0x0000000089d00000, 0x0000000089d00000| Untracked 
| 158|0x0000000089e00000, 0x0000000089f00000, 0x0000000089f00000|100%| O|  |TAMS 0x0000000089e00000, 0x0000000089e00000| Untracked 
| 159|0x0000000089f00000, 0x000000008a000000, 0x000000008a000000|100%| O|  |TAMS 0x0000000089f00000, 0x0000000089f00000| Untracked 
| 160|0x000000008a000000, 0x000000008a100000, 0x000000008a100000|100%| O|  |TAMS 0x000000008a000000, 0x000000008a000000| Untracked 
| 161|0x000000008a100000, 0x000000008a200000, 0x000000008a200000|100%| O|  |TAMS 0x000000008a100000, 0x000000008a100000| Untracked 
| 162|0x000000008a200000, 0x000000008a300000, 0x000000008a300000|100%| O|  |TAMS 0x000000008a200000, 0x000000008a200000| Untracked 
| 163|0x000000008a300000, 0x000000008a400000, 0x000000008a400000|100%| O|  |TAMS 0x000000008a300000, 0x000000008a300000| Untracked 
| 164|0x000000008a400000, 0x000000008a500000, 0x000000008a500000|100%| O|  |TAMS 0x000000008a400000, 0x000000008a400000| Untracked 
| 165|0x000000008a500000, 0x000000008a600000, 0x000000008a600000|100%| O|  |TAMS 0x000000008a500000, 0x000000008a500000| Untracked 
| 166|0x000000008a600000, 0x000000008a655600, 0x000000008a700000| 33%| O|  |TAMS 0x000000008a600000, 0x000000008a600000| Untracked 
| 167|0x000000008a700000, 0x000000008a700000, 0x000000008a800000|  0%| F|  |TAMS 0x000000008a700000, 0x000000008a700000| Untracked 
| 168|0x000000008a800000, 0x000000008a800000, 0x000000008a900000|  0%| F|  |TAMS 0x000000008a800000, 0x000000008a800000| Untracked 
| 169|0x000000008a900000, 0x000000008a900000, 0x000000008aa00000|  0%| F|  |TAMS 0x000000008a900000, 0x000000008a900000| Untracked 
| 170|0x000000008aa00000, 0x000000008aa00000, 0x000000008ab00000|  0%| F|  |TAMS 0x000000008aa00000, 0x000000008aa00000| Untracked 
| 171|0x000000008ab00000, 0x000000008ab00000, 0x000000008ac00000|  0%| F|  |TAMS 0x000000008ab00000, 0x000000008ab00000| Untracked 
| 172|0x000000008ac00000, 0x000000008ac00000, 0x000000008ad00000|  0%| F|  |TAMS 0x000000008ac00000, 0x000000008ac00000| Untracked 
| 173|0x000000008ad00000, 0x000000008ad00000, 0x000000008ae00000|  0%| F|  |TAMS 0x000000008ad00000, 0x000000008ad00000| Untracked 
| 174|0x000000008ae00000, 0x000000008ae00000, 0x000000008af00000|  0%| F|  |TAMS 0x000000008ae00000, 0x000000008ae00000| Untracked 
| 175|0x000000008af00000, 0x000000008af00000, 0x000000008b000000|  0%| F|  |TAMS 0x000000008af00000, 0x000000008af00000| Untracked 
| 176|0x000000008b000000, 0x000000008b000000, 0x000000008b100000|  0%| F|  |TAMS 0x000000008b000000, 0x000000008b000000| Untracked 
| 177|0x000000008b100000, 0x000000008b100000, 0x000000008b200000|  0%| F|  |TAMS 0x000000008b100000, 0x000000008b100000| Untracked 
| 178|0x000000008b200000, 0x000000008b200000, 0x000000008b300000|  0%| F|  |TAMS 0x000000008b200000, 0x000000008b200000| Untracked 
| 179|0x000000008b300000, 0x000000008b300000, 0x000000008b400000|  0%| F|  |TAMS 0x000000008b300000, 0x000000008b300000| Untracked 
| 180|0x000000008b400000, 0x000000008b400000, 0x000000008b500000|  0%| F|  |TAMS 0x000000008b400000, 0x000000008b400000| Untracked 
| 181|0x000000008b500000, 0x000000008b500000, 0x000000008b600000|  0%| F|  |TAMS 0x000000008b500000, 0x000000008b500000| Untracked 
| 182|0x000000008b600000, 0x000000008b600000, 0x000000008b700000|  0%| F|  |TAMS 0x000000008b600000, 0x000000008b600000| Untracked 
| 183|0x000000008b700000, 0x000000008b700000, 0x000000008b800000|  0%| F|  |TAMS 0x000000008b700000, 0x000000008b700000| Untracked 
| 184|0x000000008b800000, 0x000000008b800000, 0x000000008b900000|  0%| F|  |TAMS 0x000000008b800000, 0x000000008b800000| Untracked 
| 185|0x000000008b900000, 0x000000008b900000, 0x000000008ba00000|  0%| F|  |TAMS 0x000000008b900000, 0x000000008b900000| Untracked 
| 186|0x000000008ba00000, 0x000000008ba00000, 0x000000008bb00000|  0%| F|  |TAMS 0x000000008ba00000, 0x000000008ba00000| Untracked 
| 187|0x000000008bb00000, 0x000000008bb00000, 0x000000008bc00000|  0%| F|  |TAMS 0x000000008bb00000, 0x000000008bb00000| Untracked 
| 188|0x000000008bc00000, 0x000000008bc00000, 0x000000008bd00000|  0%| F|  |TAMS 0x000000008bc00000, 0x000000008bc00000| Untracked 
| 189|0x000000008bd00000, 0x000000008bd00000, 0x000000008be00000|  0%| F|  |TAMS 0x000000008bd00000, 0x000000008bd00000| Untracked 
| 190|0x000000008be00000, 0x000000008be00000, 0x000000008bf00000|  0%| F|  |TAMS 0x000000008be00000, 0x000000008be00000| Untracked 
| 191|0x000000008bf00000, 0x000000008bf00000, 0x000000008c000000|  0%| F|  |TAMS 0x000000008bf00000, 0x000000008bf00000| Untracked 
| 192|0x000000008c000000, 0x000000008c000000, 0x000000008c100000|  0%| F|  |TAMS 0x000000008c000000, 0x000000008c000000| Untracked 
| 193|0x000000008c100000, 0x000000008c100000, 0x000000008c200000|  0%| F|  |TAMS 0x000000008c100000, 0x000000008c100000| Untracked 
| 194|0x000000008c200000, 0x000000008c200000, 0x000000008c300000|  0%| F|  |TAMS 0x000000008c200000, 0x000000008c200000| Untracked 
| 195|0x000000008c300000, 0x000000008c300000, 0x000000008c400000|  0%| F|  |TAMS 0x000000008c300000, 0x000000008c300000| Untracked 
| 196|0x000000008c400000, 0x000000008c400000, 0x000000008c500000|  0%| F|  |TAMS 0x000000008c400000, 0x000000008c400000| Untracked 
| 197|0x000000008c500000, 0x000000008c500000, 0x000000008c600000|  0%| F|  |TAMS 0x000000008c500000, 0x000000008c500000| Untracked 
| 198|0x000000008c600000, 0x000000008c600000, 0x000000008c700000|  0%| F|  |TAMS 0x000000008c600000, 0x000000008c600000| Untracked 
| 199|0x000000008c700000, 0x000000008c700000, 0x000000008c800000|  0%| F|  |TAMS 0x000000008c700000, 0x000000008c700000| Untracked 
| 200|0x000000008c800000, 0x000000008c800000, 0x000000008c900000|  0%| F|  |TAMS 0x000000008c800000, 0x000000008c800000| Untracked 
| 201|0x000000008c900000, 0x000000008c900000, 0x000000008ca00000|  0%| F|  |TAMS 0x000000008c900000, 0x000000008c900000| Untracked 
| 202|0x000000008ca00000, 0x000000008cb00000, 0x000000008cb00000|100%| S|CS|TAMS 0x000000008ca00000, 0x000000008ca00000| Complete 
| 203|0x000000008cb00000, 0x000000008cc00000, 0x000000008cc00000|100%| S|CS|TAMS 0x000000008cb00000, 0x000000008cb00000| Complete 
| 204|0x000000008cc00000, 0x000000008cc00000, 0x000000008cd00000|  0%| F|  |TAMS 0x000000008cc00000, 0x000000008cc00000| Untracked 
| 205|0x000000008cd00000, 0x000000008cd00000, 0x000000008ce00000|  0%| F|  |TAMS 0x000000008cd00000, 0x000000008cd00000| Untracked 
| 206|0x000000008ce00000, 0x000000008ce00000, 0x000000008cf00000|  0%| F|  |TAMS 0x000000008ce00000, 0x000000008ce00000| Untracked 
| 207|0x000000008cf00000, 0x000000008cf00000, 0x000000008d000000|  0%| F|  |TAMS 0x000000008cf00000, 0x000000008cf00000| Untracked 
| 208|0x000000008d000000, 0x000000008d000000, 0x000000008d100000|  0%| F|  |TAMS 0x000000008d000000, 0x000000008d000000| Untracked 
| 209|0x000000008d100000, 0x000000008d100000, 0x000000008d200000|  0%| F|  |TAMS 0x000000008d100000, 0x000000008d100000| Untracked 
| 210|0x000000008d200000, 0x000000008d200000, 0x000000008d300000|  0%| F|  |TAMS 0x000000008d200000, 0x000000008d200000| Untracked 
| 211|0x000000008d300000, 0x000000008d300000, 0x000000008d400000|  0%| F|  |TAMS 0x000000008d300000, 0x000000008d300000| Untracked 
| 212|0x000000008d400000, 0x000000008d400000, 0x000000008d500000|  0%| F|  |TAMS 0x000000008d400000, 0x000000008d400000| Untracked 
| 213|0x000000008d500000, 0x000000008d500000, 0x000000008d600000|  0%| F|  |TAMS 0x000000008d500000, 0x000000008d500000| Untracked 

Card table byte_map: [0x0000021eda4c0000,0x0000021eda8c0000] _byte_map_base: 0x0000021eda0c0000

Marking Bits (Prev, Next): (CMBitMap*) 0x0000021ec3555190, (CMBitMap*) 0x0000021ec35551d0
 Prev Bits: [0x0000021edacc0000, 0x0000021edccc0000)
 Next Bits: [0x0000021edccc0000, 0x0000021edecc0000)

Polling page: 0x0000021ec1480000

Metaspace:

Usage:
  Non-class:     86.83 MB used.
      Class:     13.93 MB used.
       Both:    100.77 MB used.

Virtual space:
  Non-class space:      128.00 MB reserved,      87.25 MB ( 68%) committed,  2 nodes.
      Class space:      416.00 MB reserved,      14.38 MB (  3%) committed,  1 nodes.
             Both:      544.00 MB reserved,     101.62 MB ( 19%) committed. 

Chunk freelists:
   Non-Class:  8.25 MB
       Class:  1.47 MB
        Both:  9.72 MB

MaxMetaspaceSize: 512.00 MB
CompressedClassSpaceSize: 416.00 MB
Initial GC threshold: 21.00 MB
Current GC threshold: 137.44 MB
CDS: on
MetaspaceReclaimPolicy: balanced
 - commit_granule_bytes: 65536.
 - commit_granule_words: 8192.
 - virtual_space_node_default_size: 8388608.
 - enlarge_chunks_in_place: 1.
 - new_chunks_are_fully_committed: 0.
 - uncommit_free_chunks: 1.
 - use_allocation_guard: 0.
 - handle_deallocations: 1.


Internal statistics:

num_allocs_failed_limit: 6.
num_arena_births: 1236.
num_arena_deaths: 0.
num_vsnodes_births: 3.
num_vsnodes_deaths: 0.
num_space_committed: 1625.
num_space_uncommitted: 0.
num_chunks_returned_to_freelist: 6.
num_chunks_taken_from_freelist: 5520.
num_chunk_merges: 6.
num_chunk_splits: 3598.
num_chunks_enlarged: 2378.
num_purges: 0.
num_inconsistent_stats: 0.

CodeHeap 'non-profiled nmethods': size=120000Kb used=8073Kb max_used=8073Kb free=111926Kb
 bounds [0x0000021ed2860000, 0x0000021ed3050000, 0x0000021ed9d90000]
CodeHeap 'profiled nmethods': size=120000Kb used=23340Kb max_used=23340Kb free=96659Kb
 bounds [0x0000021ecad90000, 0x0000021ecc460000, 0x0000021ed22c0000]
CodeHeap 'non-nmethods': size=5760Kb used=1774Kb max_used=1818Kb free=3985Kb
 bounds [0x0000021ed22c0000, 0x0000021ed2530000, 0x0000021ed2860000]
 total_blobs=13006 nmethods=12129 adapters=789
 compilation: enabled
              stopped_count=0, restarted_count=0
 full_count=0

Compilation events (20 events):
Event: 81.204 Thread 0x0000021ee16edb60 nmethod 13824 0x0000021ed3040f10 code [0x0000021ed3041120, 0x0000021ed3041890]
Event: 81.204 Thread 0x0000021ee16edb60 14124       4       com.sun.org.apache.xerces.internal.dom.ParentNode::item (6 bytes)
Event: 81.206 Thread 0x0000021ee16f0760 14322       2       com.google.common.collect.LinkedListMultimap$NodeIterator::checkForConcurrentModification (23 bytes)
Event: 81.206 Thread 0x0000021ee16f0760 nmethod 14322 0x0000021ecc459f10 code [0x0000021ecc45a0c0, 0x0000021ecc45a2a8]
Event: 81.206 Thread 0x0000021ee16f0760 14325       2       com.google.common.collect.LinkedListMultimap$NodeIterator::hasNext (17 bytes)
Event: 81.206 Thread 0x0000021ee16f0760 nmethod 14325 0x0000021ecc45a410 code [0x0000021ecc45a5c0, 0x0000021ecc45a7c8]
Event: 81.206 Thread 0x0000021ee16f0760 14326       2       com.google.common.collect.LinkedListMultimap$NodeIterator::next (5 bytes)
Event: 81.206 Thread 0x0000021ee16f0760 nmethod 14326 0x0000021ecc45a910 code [0x0000021ecc45aaa0, 0x0000021ecc45abc8]
Event: 81.206 Thread 0x0000021ee16f0760 14330       2       com.google.common.collect.LinkedListMultimap$1ValuesImpl$1::transform (7 bytes)
Event: 81.206 Thread 0x0000021ee16f0760 nmethod 14330 0x0000021ecc45ac90 code [0x0000021ecc45ae20, 0x0000021ecc45af48]
Event: 81.206 Thread 0x0000021ee16f0760 14331       2       com.android.ide.common.resources.ResourceMergerItem::getSourceType (34 bytes)
Event: 81.206 Thread 0x0000021ee16f0760 nmethod 14331 0x0000021ecc45b010 code [0x0000021ecc45b1e0, 0x0000021ecc45b448]
Event: 81.206 Thread 0x0000021ee16f0760 14327       2       com.google.common.collect.LinkedListMultimap$NodeIterator::next (58 bytes)
Event: 81.207 Thread 0x0000021ee16f0760 nmethod 14327 0x0000021ecc45b610 code [0x0000021ecc45b7e0, 0x0000021ecc45bbb8]
Event: 81.207 Thread 0x0000021ee16f0760 14324       1       com.google.common.collect.LinkedListMultimap$Node::getValue (5 bytes)
Event: 81.207 Thread 0x0000021ee16f0760 nmethod 14324 0x0000021ed3042010 code [0x0000021ed30421a0, 0x0000021ed3042278]
Event: 81.207 Thread 0x0000021ee16f0760 14328       2       com.google.common.collect.LinkedListMultimap$1ValuesImpl$1::transform (9 bytes)
Event: 81.207 Thread 0x0000021ee16f0760 nmethod 14328 0x0000021ecc45bd90 code [0x0000021ecc45bf40, 0x0000021ecc45c0c8]
Event: 81.207 Thread 0x0000021ee16f0760 14323       1       com.android.ide.common.resources.DataFile::getType (5 bytes)
Event: 81.207 Thread 0x0000021ee16f0760 nmethod 14323 0x0000021ed3042310 code [0x0000021ed30424a0, 0x0000021ed3042578]

GC Heap History (20 events):
Event: 76.796 GC heap after
{Heap after GC invocations=43 (full 0):
 garbage-first heap   total 182272K, used 119514K [0x0000000080000000, 0x0000000100000000)
  region size 1024K, 4 young (4096K), 4 survivors (4096K)
 Metaspace       used 99477K, committed 100352K, reserved 557056K
  class space    used 13873K, committed 14336K, reserved 425984K
}
Event: 77.288 GC heap before
{Heap before GC invocations=43 (full 0):
 garbage-first heap   total 182272K, used 153306K [0x0000000080000000, 0x0000000100000000)
  region size 1024K, 37 young (37888K), 4 survivors (4096K)
 Metaspace       used 99493K, committed 100352K, reserved 557056K
  class space    used 13873K, committed 14336K, reserved 425984K
}
Event: 77.293 GC heap after
{Heap after GC invocations=44 (full 0):
 garbage-first heap   total 182272K, used 120831K [0x0000000080000000, 0x0000000100000000)
  region size 1024K, 4 young (4096K), 4 survivors (4096K)
 Metaspace       used 99493K, committed 100352K, reserved 557056K
  class space    used 13873K, committed 14336K, reserved 425984K
}
Event: 77.846 GC heap before
{Heap before GC invocations=44 (full 0):
 garbage-first heap   total 182272K, used 153599K [0x0000000080000000, 0x0000000100000000)
  region size 1024K, 35 young (35840K), 4 survivors (4096K)
 Metaspace       used 99806K, committed 100608K, reserved 557056K
  class space    used 13942K, committed 14336K, reserved 425984K
}
Event: 77.852 GC heap after
{Heap after GC invocations=45 (full 0):
 garbage-first heap   total 182272K, used 122653K [0x0000000080000000, 0x0000000100000000)
  region size 1024K, 4 young (4096K), 4 survivors (4096K)
 Metaspace       used 99806K, committed 100608K, reserved 557056K
  class space    used 13942K, committed 14336K, reserved 425984K
}
Event: 78.848 GC heap before
{Heap before GC invocations=45 (full 0):
 garbage-first heap   total 182272K, used 161565K [0x0000000080000000, 0x0000000100000000)
  region size 1024K, 34 young (34816K), 4 survivors (4096K)
 Metaspace       used 101377K, committed 102272K, reserved 557056K
  class space    used 14087K, committed 14528K, reserved 425984K
}
Event: 78.854 GC heap after
{Heap after GC invocations=46 (full 0):
 garbage-first heap   total 182272K, used 125511K [0x0000000080000000, 0x0000000100000000)
  region size 1024K, 4 young (4096K), 4 survivors (4096K)
 Metaspace       used 101377K, committed 102272K, reserved 557056K
  class space    used 14087K, committed 14528K, reserved 425984K
}
Event: 79.545 GC heap before
{Heap before GC invocations=46 (full 0):
 garbage-first heap   total 182272K, used 157255K [0x0000000080000000, 0x0000000100000000)
  region size 1024K, 31 young (31744K), 4 survivors (4096K)
 Metaspace       used 102766K, committed 103616K, reserved 557056K
  class space    used 14228K, committed 14656K, reserved 425984K
}
Event: 79.555 GC heap after
{Heap after GC invocations=47 (full 0):
 garbage-first heap   total 182272K, used 141070K [0x0000000080000000, 0x0000000100000000)
  region size 1024K, 4 young (4096K), 4 survivors (4096K)
 Metaspace       used 102766K, committed 103616K, reserved 557056K
  class space    used 14228K, committed 14656K, reserved 425984K
}
Event: 79.730 GC heap before
{Heap before GC invocations=47 (full 0):
 garbage-first heap   total 182272K, used 152334K [0x0000000080000000, 0x0000000100000000)
  region size 1024K, 15 young (15360K), 4 survivors (4096K)
 Metaspace       used 102825K, committed 103680K, reserved 557056K
  class space    used 14228K, committed 14656K, reserved 425984K
}
Event: 79.737 GC heap after
{Heap after GC invocations=48 (full 0):
 garbage-first heap   total 182272K, used 151412K [0x0000000080000000, 0x0000000100000000)
  region size 1024K, 2 young (2048K), 2 survivors (2048K)
 Metaspace       used 102825K, committed 103680K, reserved 557056K
  class space    used 14228K, committed 14656K, reserved 425984K
}
Event: 79.842 GC heap before
{Heap before GC invocations=48 (full 0):
 garbage-first heap   total 182272K, used 157556K [0x0000000080000000, 0x0000000100000000)
  region size 1024K, 8 young (8192K), 2 survivors (2048K)
 Metaspace       used 102829K, committed 103680K, reserved 557056K
  class space    used 14228K, committed 14656K, reserved 425984K
}
Event: 80.849 GC heap after
{Heap after GC invocations=49 (full 0):
 garbage-first heap   total 219136K, used 157696K [0x0000000080000000, 0x0000000100000000)
  region size 1024K, 1 young (1024K), 1 survivors (1024K)
 Metaspace       used 102829K, committed 103680K, reserved 557056K
  class space    used 14228K, committed 14656K, reserved 425984K
}
Event: 80.903 GC heap before
{Heap before GC invocations=49 (full 0):
 garbage-first heap   total 219136K, used 166912K [0x0000000080000000, 0x0000000100000000)
  region size 1024K, 10 young (10240K), 1 survivors (1024K)
 Metaspace       used 102834K, committed 103680K, reserved 557056K
  class space    used 14228K, committed 14656K, reserved 425984K
}
Event: 80.908 GC heap after
{Heap after GC invocations=50 (full 0):
 garbage-first heap   total 219136K, used 166467K [0x0000000080000000, 0x0000000100000000)
  region size 1024K, 2 young (2048K), 2 survivors (2048K)
 Metaspace       used 102834K, committed 103680K, reserved 557056K
  class space    used 14228K, committed 14656K, reserved 425984K
}
Event: 80.986 GC heap before
{Heap before GC invocations=50 (full 0):
 garbage-first heap   total 219136K, used 173635K [0x0000000080000000, 0x0000000100000000)
  region size 1024K, 10 young (10240K), 2 survivors (2048K)
 Metaspace       used 102959K, committed 103872K, reserved 557056K
  class space    used 14245K, committed 14720K, reserved 425984K
}
Event: 80.991 GC heap after
{Heap after GC invocations=51 (full 0):
 garbage-first heap   total 219136K, used 170341K [0x0000000080000000, 0x0000000100000000)
  region size 1024K, 2 young (2048K), 2 survivors (2048K)
 Metaspace       used 102959K, committed 103872K, reserved 557056K
  class space    used 14245K, committed 14720K, reserved 425984K
}
Event: 81.145 GC heap before
{Heap before GC invocations=51 (full 0):
 garbage-first heap   total 219136K, used 178533K [0x0000000080000000, 0x0000000100000000)
  region size 1024K, 10 young (10240K), 2 survivors (2048K)
 Metaspace       used 103053K, committed 103936K, reserved 557056K
  class space    used 14256K, committed 14720K, reserved 425984K
}
Event: 81.148 GC heap after
{Heap after GC invocations=52 (full 0):
 garbage-first heap   total 219136K, used 170655K [0x0000000080000000, 0x0000000100000000)
  region size 1024K, 1 young (1024K), 1 survivors (1024K)
 Metaspace       used 103053K, committed 103936K, reserved 557056K
  class space    used 14256K, committed 14720K, reserved 425984K
}
Event: 81.207 GC heap before
{Heap before GC invocations=52 (full 0):
 garbage-first heap   total 219136K, used 178847K [0x0000000080000000, 0x0000000100000000)
  region size 1024K, 10 young (10240K), 1 survivors (1024K)
 Metaspace       used 103187K, committed 104064K, reserved 557056K
  class space    used 14269K, committed 14720K, reserved 425984K
}

Deoptimization events (20 events):
Event: 80.886 Thread 0x0000021eff23d820 DEOPT PACKING pc=0x0000021ecc3e7366 sp=0x0000009c526f9710
Event: 80.886 Thread 0x0000021eff23d820 DEOPT UNPACKING pc=0x0000021ed2312b43 sp=0x0000009c526f8c10 mode 0
Event: 81.058 Thread 0x0000021eff23d820 Uncommon trap: trap_request=0xffffffc6 fr.pc=0x0000021ed293fa50 relative=0x0000000000000890
Event: 81.058 Thread 0x0000021eff23d820 Uncommon trap: reason=bimorphic_or_optimized_type_check action=maybe_recompile pc=0x0000021ed293fa50 method=org.gradle.api.internal.artifacts.result.DefaultResolvedVariantResult.computeHashCode()I @ 16 c2
Event: 81.058 Thread 0x0000021eff23d820 DEOPT PACKING pc=0x0000021ed293fa50 sp=0x0000009c526f8b60
Event: 81.058 Thread 0x0000021eff23d820 DEOPT UNPACKING pc=0x0000021ed23123a3 sp=0x0000009c526f8a88 mode 2
Event: 81.058 Thread 0x0000021eff23d820 Uncommon trap: trap_request=0xffffffc6 fr.pc=0x0000021ed293fa50 relative=0x0000000000000890
Event: 81.058 Thread 0x0000021eff23d820 Uncommon trap: reason=bimorphic_or_optimized_type_check action=maybe_recompile pc=0x0000021ed293fa50 method=org.gradle.api.internal.artifacts.result.DefaultResolvedVariantResult.computeHashCode()I @ 16 c2
Event: 81.058 Thread 0x0000021eff23d820 DEOPT PACKING pc=0x0000021ed293fa50 sp=0x0000009c526f8b60
Event: 81.058 Thread 0x0000021eff23d820 DEOPT UNPACKING pc=0x0000021ed23123a3 sp=0x0000009c526f8a88 mode 2
Event: 81.058 Thread 0x0000021eff23d820 Uncommon trap: trap_request=0xffffffc6 fr.pc=0x0000021ed293fa50 relative=0x0000000000000890
Event: 81.058 Thread 0x0000021eff23d820 Uncommon trap: reason=bimorphic_or_optimized_type_check action=maybe_recompile pc=0x0000021ed293fa50 method=org.gradle.api.internal.artifacts.result.DefaultResolvedVariantResult.computeHashCode()I @ 16 c2
Event: 81.058 Thread 0x0000021eff23d820 DEOPT PACKING pc=0x0000021ed293fa50 sp=0x0000009c526f8b60
Event: 81.058 Thread 0x0000021eff23d820 DEOPT UNPACKING pc=0x0000021ed23123a3 sp=0x0000009c526f8a88 mode 2
Event: 81.058 Thread 0x0000021eff23d820 Uncommon trap: trap_request=0xffffffc6 fr.pc=0x0000021ed293fa50 relative=0x0000000000000890
Event: 81.058 Thread 0x0000021eff23d820 Uncommon trap: reason=bimorphic_or_optimized_type_check action=maybe_recompile pc=0x0000021ed293fa50 method=org.gradle.api.internal.artifacts.result.DefaultResolvedVariantResult.computeHashCode()I @ 16 c2
Event: 81.058 Thread 0x0000021eff23d820 DEOPT PACKING pc=0x0000021ed293fa50 sp=0x0000009c526f8b60
Event: 81.058 Thread 0x0000021eff23d820 DEOPT UNPACKING pc=0x0000021ed23123a3 sp=0x0000009c526f8a88 mode 2
Event: 81.178 Thread 0x0000021eff23d820 DEOPT PACKING pc=0x0000021ecc4530fc sp=0x0000009c526f99a0
Event: 81.178 Thread 0x0000021eff23d820 DEOPT UNPACKING pc=0x0000021ed2312b43 sp=0x0000009c526f8eb0 mode 0

Classes unloaded (0 events):
No events

Classes redefined (0 events):
No events

Internal exceptions (20 events):
Event: 66.290 Thread 0x0000021ee18f83a0 Exception <a 'java/lang/NoSuchMethodError'{0x0000000089d87580}: 'java.lang.Object java.lang.invoke.DelegatingMethodHandle$Holder.reinvoke_L(java.lang.Object, long, java.lang.Object, java.lang.Object, java.lang.Object, java.lang.Object, java.lang.Object, java.lang.Object, java.lang.Object)'> (0x0000000089d87580) 
thrown [s\open\src\hotspot\share\interpreter\linkResolver.cpp, line 759]
Event: 66.750 Thread 0x0000021ee18f83a0 Implicit null exception at 0x0000021ed2e94110 to 0x0000021ed2e941d8
Event: 66.789 Thread 0x0000021ee18f83a0 Implicit null exception at 0x0000021ed2e9610a to 0x0000021ed2e961ea
Event: 66.959 Thread 0x0000021ee16d24c0 Implicit null exception at 0x0000021ed2d1227d to 0x0000021ed2d128dc
Event: 67.196 Thread 0x0000021eff23d820 Exception <a 'java/lang/NoSuchMethodError'{0x000000008a5baea8}: 'java.lang.Object java.lang.invoke.DirectMethodHandle$Holder.newInvokeSpecial(java.lang.Object, java.lang.Object, int, java.lang.Object, java.lang.Object)'> (0x000000008a5baea8) 
thrown [s\open\src\hotspot\share\interpreter\linkResolver.cpp, line 759]
Event: 67.293 Thread 0x0000021eff243390 Exception <a 'java/lang/NoSuchMethodError'{0x000000008a0f1c00}: 'void java.lang.invoke.DirectMethodHandle$Holder.invokeSpecial(java.lang.Object, java.lang.Object, java.lang.Object, java.lang.Object, int, java.lang.Object, java.lang.Object)'> (0x000000008a0f1c00) 
thrown [s\open\src\hotspot\share\interpreter\linkResolver.cpp, line 759]
Event: 67.300 Thread 0x0000021eff243390 Exception <a 'java/lang/NoSuchMethodError'{0x0000000089f79298}: 'void java.lang.invoke.DirectMethodHandle$Holder.invokeInterface(java.lang.Object, java.lang.Object, java.lang.Object, java.lang.Object)'> (0x0000000089f79298) 
thrown [s\open\src\hotspot\share\interpreter\linkResolver.cpp, line 759]
Event: 67.308 Thread 0x0000021eff23dcf0 Exception <a 'java/lang/NoSuchMethodError'{0x0000000089e4c980}: static Ljava/lang/Object;.<clinit>()V> (0x0000000089e4c980) 
thrown [s\open\src\hotspot\share\prims\jni.cpp, line 1107]
Event: 67.321 Thread 0x0000021eff243390 Exception <a 'sun/nio/fs/WindowsException'{0x0000000089e976e8}> (0x0000000089e976e8) 
thrown [s\open\src\hotspot\share\prims\jni.cpp, line 516]
Event: 67.336 Thread 0x0000021eff23dcf0 Exception <a 'java/lang/NoSuchMethodError'{0x0000000089df8130}: static Lorg/jetbrains/kotlin/gradle/plugin/statistics/MetricContainer;.<clinit>()V> (0x0000000089df8130) 
thrown [s\open\src\hotspot\share\prims\jni.cpp, line 1107]
Event: 67.387 Thread 0x0000021eff23d820 Exception <a 'java/lang/IncompatibleClassChangeError'{0x0000000089a1d5f8}: Found class java.lang.Object, but interface was expected> (0x0000000089a1d5f8) 
thrown [s\open\src\hotspot\share\interpreter\linkResolver.cpp, line 826]
Event: 67.499 Thread 0x0000021eff23d820 Exception <a 'java/lang/NoSuchMethodError'{0x000000008972db48}: 'int java.lang.invoke.DirectMethodHandle$Holder.invokeSpecial(java.lang.Object, java.lang.Object, int)'> (0x000000008972db48) 
thrown [s\open\src\hotspot\share\interpreter\linkResolver.cpp, line 759]
Event: 67.682 Thread 0x0000021eff23d820 Exception <a 'sun/nio/fs/WindowsException'{0x0000000089266810}> (0x0000000089266810) 
thrown [s\open\src\hotspot\share\prims\jni.cpp, line 516]
Event: 77.568 Thread 0x0000021eff23d820 Exception <a 'java/lang/NoSuchMethodError'{0x000000008a088480}: 'int java.lang.invoke.DirectMethodHandle$Holder.invokeStaticInit(java.lang.Object, java.lang.Object, java.lang.Object, java.lang.Object, java.lang.Object)'> (0x000000008a088480) 
thrown [s\open\src\hotspot\share\interpreter\linkResolver.cpp, line 759]
Event: 78.355 Thread 0x0000021eff243860 Exception <a 'sun/nio/fs/WindowsException'{0x0000000089f76d80}> (0x0000000089f76d80) 
thrown [s\open\src\hotspot\share\prims\jni.cpp, line 516]
Event: 78.355 Thread 0x0000021eff243860 Exception <a 'sun/nio/fs/WindowsException'{0x0000000089f77260}> (0x0000000089f77260) 
thrown [s\open\src\hotspot\share\prims\jni.cpp, line 516]
Event: 78.483 Thread 0x0000021eff23d820 Exception <a 'sun/nio/fs/WindowsException'{0x0000000089df6d58}> (0x0000000089df6d58) 
thrown [s\open\src\hotspot\share\prims\jni.cpp, line 516]
Event: 78.483 Thread 0x0000021eff23d820 Exception <a 'sun/nio/fs/WindowsException'{0x0000000089df7328}> (0x0000000089df7328) 
thrown [s\open\src\hotspot\share\prims\jni.cpp, line 516]
Event: 78.488 Thread 0x0000021eff23d820 Exception <a 'sun/nio/fs/WindowsException'{0x0000000089c03690}> (0x0000000089c03690) 
thrown [s\open\src\hotspot\share\prims\jni.cpp, line 516]
Event: 79.769 Thread 0x0000021eff23d820 Implicit null exception at 0x0000021ed2ff527b to 0x0000021ed2ff54a4

VM Operations (20 events):
Event: 79.369 Executing VM operation: HandshakeAllThreads done
Event: 79.545 Executing VM operation: G1CollectForAllocation
Event: 79.556 Executing VM operation: G1CollectForAllocation done
Event: 79.561 Executing VM operation: HandshakeAllThreads
Event: 79.561 Executing VM operation: HandshakeAllThreads done
Event: 79.730 Executing VM operation: G1CollectForAllocation
Event: 79.737 Executing VM operation: G1CollectForAllocation done
Event: 79.842 Executing VM operation: G1CollectForAllocation
Event: 80.850 Executing VM operation: G1CollectForAllocation done
Event: 80.902 Executing VM operation: G1CollectForAllocation
Event: 80.908 Executing VM operation: G1CollectForAllocation done
Event: 80.924 Executing VM operation: HandshakeAllThreads
Event: 80.924 Executing VM operation: HandshakeAllThreads done
Event: 80.986 Executing VM operation: G1CollectForAllocation
Event: 80.991 Executing VM operation: G1CollectForAllocation done
Event: 81.145 Executing VM operation: G1CollectForAllocation
Event: 81.148 Executing VM operation: G1CollectForAllocation done
Event: 81.158 Executing VM operation: HandshakeAllThreads
Event: 81.158 Executing VM operation: HandshakeAllThreads done
Event: 81.207 Executing VM operation: G1CollectForAllocation

Events (20 events):
Event: 79.482 loading class com/sun/org/apache/xerces/internal/dom/DeferredTextImpl done
Event: 79.482 loading class com/sun/org/apache/xerces/internal/dom/CharacterDataImpl$1
Event: 79.483 loading class com/sun/org/apache/xerces/internal/dom/CharacterDataImpl$1 done
Event: 79.564 Thread 0x0000021ee16fd0e0 flushing nmethod 0x0000021ed2b92f10
Event: 79.589 Thread 0x0000021ee16fd0e0 flushing nmethod 0x0000021ecc1ee010
Event: 79.589 Thread 0x0000021ee16fd0e0 flushing nmethod 0x0000021ecc1f6c10
Event: 79.589 Thread 0x0000021ee16fd0e0 flushing nmethod 0x0000021ecc207e10
Event: 79.589 Thread 0x0000021ee16fd0e0 flushing nmethod 0x0000021ecc208d10
Event: 80.920 loading class java/util/stream/Nodes$IntFixedNodeBuilder
Event: 80.920 loading class java/util/stream/Node$Builder$OfInt
Event: 80.921 loading class java/util/stream/Node$Builder$OfInt done
Event: 80.921 loading class java/util/stream/Nodes$IntArrayNode
Event: 80.921 loading class java/util/stream/Nodes$IntArrayNode done
Event: 80.921 loading class java/util/stream/Nodes$IntFixedNodeBuilder done
Event: 81.156 loading class java/io/FileReader
Event: 81.156 loading class java/io/FileReader done
Event: 81.160 loading class java/util/concurrent/ConcurrentLinkedDeque
Event: 81.161 loading class java/util/concurrent/ConcurrentLinkedDeque done
Event: 81.161 loading class java/util/concurrent/ConcurrentLinkedDeque$Node
Event: 81.161 loading class java/util/concurrent/ConcurrentLinkedDeque$Node done


Dynamic libraries:
0x00007ff6b7f40000 - 0x00007ff6b7f50000 	C:\Program Files\Java\jdk-17\bin\java.exe
0x00007ffeadd60000 - 0x00007ffeadfc7000 	C:\WINDOWS\SYSTEM32\ntdll.dll
0x00007ffeacc90000 - 0x00007ffeacd59000 	C:\WINDOWS\System32\KERNEL32.DLL
0x00007ffeab590000 - 0x00007ffeab97f000 	C:\WINDOWS\System32\KERNELBASE.dll
0x00007ffeaaf70000 - 0x00007ffeab0bb000 	C:\WINDOWS\System32\ucrtbase.dll
0x00007ffe980b0000 - 0x00007ffe980c9000 	C:\Program Files\Java\jdk-17\bin\jli.dll
0x00007ffeacd60000 - 0x00007ffeace14000 	C:\WINDOWS\System32\ADVAPI32.dll
0x00007ffe980d0000 - 0x00007ffe980eb000 	C:\Program Files\Java\jdk-17\bin\VCRUNTIME140.dll
0x00007ffeacbb0000 - 0x00007ffeacc59000 	C:\WINDOWS\System32\msvcrt.dll
0x00007ffeacb00000 - 0x00007ffeacba6000 	C:\WINDOWS\System32\sechost.dll
0x00007ffeadb60000 - 0x00007ffeadc78000 	C:\WINDOWS\System32\RPCRT4.dll
0x00007ffeabe90000 - 0x00007ffeac055000 	C:\WINDOWS\System32\USER32.dll
0x00007ffeab0c0000 - 0x00007ffeab0e7000 	C:\WINDOWS\System32\win32u.dll
0x00007ffe85930000 - 0x00007ffe85bc3000 	C:\WINDOWS\WinSxS\amd64_microsoft.windows.common-controls_6595b64144ccf1df_6.0.26100.7309_none_3e05feeae336a044\COMCTL32.dll
0x00007ffeacc60000 - 0x00007ffeacc8b000 	C:\WINDOWS\System32\GDI32.dll
0x00007ffeab3d0000 - 0x00007ffeab4fc000 	C:\WINDOWS\System32\gdi32full.dll
0x00007ffeab320000 - 0x00007ffeab3c3000 	C:\WINDOWS\System32\msvcp_win.dll
0x00007ffe8e110000 - 0x00007ffe8e11b000 	C:\WINDOWS\SYSTEM32\VERSION.dll
0x00007ffeadce0000 - 0x00007ffeadd11000 	C:\WINDOWS\System32\IMM32.DLL
0x00007ffe99540000 - 0x00007ffe9954c000 	C:\Program Files\Java\jdk-17\bin\vcruntime140_1.dll
0x00007ffe70370000 - 0x00007ffe703fe000 	C:\Program Files\Java\jdk-17\bin\msvcp140.dll
0x00007ffe11c10000 - 0x00007ffe127ee000 	C:\Program Files\Java\jdk-17\bin\server\jvm.dll
0x00007ffead000000 - 0x00007ffead008000 	C:\WINDOWS\System32\PSAPI.DLL
0x00007ffe97e00000 - 0x00007ffe97e0a000 	C:\WINDOWS\SYSTEM32\WSOCK32.dll
0x00007ffea0920000 - 0x00007ffea0955000 	C:\WINDOWS\SYSTEM32\WINMM.dll
0x00007ffead620000 - 0x00007ffead694000 	C:\WINDOWS\System32\WS2_32.dll
0x00007ffea9c20000 - 0x00007ffea9c3b000 	C:\WINDOWS\SYSTEM32\kernel.appcore.dll
0x00007ffe98260000 - 0x00007ffe9826a000 	C:\Program Files\Java\jdk-17\bin\jimage.dll
0x00007ffea8570000 - 0x00007ffea87b2000 	C:\WINDOWS\SYSTEM32\DBGHELP.DLL
0x00007ffeabb00000 - 0x00007ffeabe86000 	C:\WINDOWS\System32\combase.dll
0x00007ffeacf20000 - 0x00007ffeacff6000 	C:\WINDOWS\System32\OLEAUT32.dll
0x00007ffe81cd0000 - 0x00007ffe81d0c000 	C:\WINDOWS\SYSTEM32\dbgcore.DLL
0x00007ffeab270000 - 0x00007ffeab315000 	C:\WINDOWS\System32\bcryptPrimitives.dll
0x00007ffe98230000 - 0x00007ffe9823e000 	C:\Program Files\Java\jdk-17\bin\instrument.dll
0x00007ffe96a20000 - 0x00007ffe96a45000 	C:\Program Files\Java\jdk-17\bin\java.dll
0x00007ffe606a0000 - 0x00007ffe60777000 	C:\Program Files\Java\jdk-17\bin\jsvml.dll
0x00007ffeac060000 - 0x00007ffeac7b3000 	C:\WINDOWS\System32\SHELL32.dll
0x00007ffeab990000 - 0x00007ffeabafa000 	C:\WINDOWS\System32\wintypes.dll
0x00007ffea8a70000 - 0x00007ffea92ce000 	C:\WINDOWS\SYSTEM32\windows.storage.dll
0x00007ffeace20000 - 0x00007ffeacf14000 	C:\WINDOWS\System32\SHCORE.dll
0x00007ffead6f0000 - 0x00007ffead756000 	C:\WINDOWS\System32\shlwapi.dll
0x00007ffeaadd0000 - 0x00007ffeaadf9000 	C:\WINDOWS\SYSTEM32\profapi.dll
0x00007ffe94040000 - 0x00007ffe94058000 	C:\Program Files\Java\jdk-17\bin\zip.dll
0x00007ffe94080000 - 0x00007ffe94099000 	C:\Program Files\Java\jdk-17\bin\net.dll
0x00007ffea0500000 - 0x00007ffea0628000 	C:\WINDOWS\SYSTEM32\WINHTTP.dll
0x00007ffeaa170000 - 0x00007ffeaa1db000 	C:\WINDOWS\system32\mswsock.dll
0x00007ffe94060000 - 0x00007ffe94076000 	C:\Program Files\Java\jdk-17\bin\nio.dll
0x00007ffe980a0000 - 0x00007ffe980b0000 	C:\Program Files\Java\jdk-17\bin\verify.dll
0x00007ffe93c10000 - 0x00007ffe93c37000 	C:\Users\Lenovo\.gradle\native\c067742578af261105cb4f569cf0c3c89f3d7b1fecec35dd04571415982c5e48\windows-amd64\native-platform.dll
0x00007ffe631a0000 - 0x00007ffe632e4000 	C:\Users\Lenovo\.gradle\native\100fb08df4bc3b14c8652ba06237920a3bd2aa13389f12d3474272988ae205f9\windows-amd64\native-platform-file-events.dll
0x00007ffe94030000 - 0x00007ffe9403a000 	C:\Program Files\Java\jdk-17\bin\management.dll
0x00007ffe93f80000 - 0x00007ffe93f8b000 	C:\Program Files\Java\jdk-17\bin\management_ext.dll
0x00007ffeaa560000 - 0x00007ffeaa57b000 	C:\WINDOWS\SYSTEM32\CRYPTSP.dll
0x00007ffea9b80000 - 0x00007ffea9bba000 	C:\WINDOWS\system32\rsaenh.dll
0x00007ffeaa220000 - 0x00007ffeaa24b000 	C:\WINDOWS\SYSTEM32\USERENV.dll
0x00007ffeaada0000 - 0x00007ffeaadca000 	C:\WINDOWS\SYSTEM32\bcrypt.dll
0x00007ffeaa3c0000 - 0x00007ffeaa3cc000 	C:\WINDOWS\SYSTEM32\CRYPTBASE.dll
0x00007ffea9610000 - 0x00007ffea9644000 	C:\WINDOWS\SYSTEM32\IPHLPAPI.DLL
0x00007ffeadb50000 - 0x00007ffeadb5a000 	C:\WINDOWS\System32\NSI.dll
0x00007ffea0660000 - 0x00007ffea067e000 	C:\WINDOWS\SYSTEM32\dhcpcsvc6.DLL
0x00007ffea0630000 - 0x00007ffea0653000 	C:\WINDOWS\SYSTEM32\dhcpcsvc.DLL
0x00007ffea9700000 - 0x00007ffea982c000 	C:\WINDOWS\SYSTEM32\DNSAPI.dll
0x00007ffe98090000 - 0x00007ffe9809e000 	C:\Program Files\Java\jdk-17\bin\sunmscapi.dll
0x00007ffeab0f0000 - 0x00007ffeab267000 	C:\WINDOWS\System32\CRYPT32.dll
0x00007ffeaa6b0000 - 0x00007ffeaa6e0000 	C:\WINDOWS\SYSTEM32\ncrypt.dll
0x00007ffeaa660000 - 0x00007ffeaa69f000 	C:\WINDOWS\SYSTEM32\NTASN1.dll
0x00007ffe70fe0000 - 0x00007ffe70fe8000 	C:\WINDOWS\system32\wshunix.dll
0x00007ffe7fba0000 - 0x00007ffe7fbb8000 	C:\WINDOWS\system32\napinsp.dll
0x00007ffe7fb80000 - 0x00007ffe7fb92000 	C:\WINDOWS\System32\winrnr.dll
0x00007ffe7fb50000 - 0x00007ffe7fb72000 	C:\WINDOWS\system32\nlansp_c.dll
0x00007ffe7fb30000 - 0x00007ffe7fb46000 	C:\WINDOWS\system32\wshbth.dll
0x00007ffea0690000 - 0x00007ffea069b000 	C:\Windows\System32\rasadhlp.dll
0x00007ffea07d0000 - 0x00007ffea0856000 	C:\WINDOWS\System32\fwpuclnt.dll

dbghelp: loaded successfully - version: 4.0.5 - missing functions: none
symbol engine: initialized successfully - sym options: 0x614 - pdb path: .;C:\Program Files\Java\jdk-17\bin;C:\WINDOWS\SYSTEM32;C:\WINDOWS\WinSxS\amd64_microsoft.windows.common-controls_6595b64144ccf1df_6.0.26100.7309_none_3e05feeae336a044;C:\Program Files\Java\jdk-17\bin\server;C:\Users\Lenovo\.gradle\native\c067742578af261105cb4f569cf0c3c89f3d7b1fecec35dd04571415982c5e48\windows-amd64;C:\Users\Lenovo\.gradle\native\100fb08df4bc3b14c8652ba06237920a3bd2aa13389f12d3474272988ae205f9\windows-amd64

VM Arguments:
jvm_args: --add-opens=java.base/java.lang=ALL-UNNAMED --add-opens=java.base/java.lang.invoke=ALL-UNNAMED --add-opens=java.base/java.util=ALL-UNNAMED --add-opens=java.prefs/java.util.prefs=ALL-UNNAMED --add-exports=jdk.compiler/com.sun.tools.javac.api=ALL-UNNAMED --add-exports=jdk.compiler/com.sun.tools.javac.util=ALL-UNNAMED --add-opens=java.base/java.util=ALL-UNNAMED --add-opens=java.prefs/java.util.prefs=ALL-UNNAMED --add-opens=java.base/java.nio.charset=ALL-UNNAMED --add-opens=java.base/java.net=ALL-UNNAMED --add-opens=java.base/java.util.concurrent.atomic=ALL-UNNAMED --add-opens=java.xml/javax.xml.namespace=ALL-UNNAMED -XX:MaxMetaspaceSize=512m -Xmx2048m -Dfile.encoding=UTF-8 -Duser.country=FR -Duser.language=fr -Duser.variant -javaagent:C:\Users\Lenovo\.gradle\wrapper\dists\gradle-8.11.1-bin\bpt9gzteqjrbo1mjrsomdt32c\gradle-8.11.1\lib\agents\gradle-instrumentation-agent-8.11.1.jar 
java_command: org.gradle.launcher.daemon.bootstrap.GradleDaemon 8.11.1
java_class_path (initial): C:\Users\Lenovo\.gradle\wrapper\dists\gradle-8.11.1-bin\bpt9gzteqjrbo1mjrsomdt32c\gradle-8.11.1\lib\gradle-daemon-main-8.11.1.jar
Launcher Type: SUN_STANDARD

[Global flags]
     intx CICompilerCount                          = 4                                         {product} {ergonomic}
   size_t CompressedClassSpaceSize                 = 436207616                                 {product} {ergonomic}
     uint ConcGCThreads                            = 2                                         {product} {ergonomic}
     uint G1ConcRefinementThreads                  = 8                                         {product} {ergonomic}
   size_t G1HeapRegionSize                         = 1048576                                   {product} {ergonomic}
    uintx GCDrainStackTargetSize                   = 64                                        {product} {ergonomic}
   size_t InitialHeapSize                          = 130023424                                 {product} {ergonomic}
   size_t MarkStackSize                            = 4194304                                   {product} {ergonomic}
   size_t MaxHeapSize                              = 2147483648                                {product} {command line}
   size_t MaxMetaspaceSize                         = 536870912                                 {product} {command line}
   size_t MaxNewSize                               = 1287651328                                {product} {ergonomic}
   size_t MinHeapDeltaBytes                        = 1048576                                   {product} {ergonomic}
   size_t MinHeapSize                              = 8388608                                   {product} {ergonomic}
    uintx NonNMethodCodeHeapSize                   = 5839372                                {pd product} {ergonomic}
    uintx NonProfiledCodeHeapSize                  = 122909434                              {pd product} {ergonomic}
    uintx ProfiledCodeHeapSize                     = 122909434                              {pd product} {ergonomic}
    uintx ReservedCodeCacheSize                    = 251658240                              {pd product} {ergonomic}
     bool SegmentedCodeCache                       = true                                      {product} {ergonomic}
   size_t SoftMaxHeapSize                          = 2147483648                             {manageable} {ergonomic}
     bool UseCompressedClassPointers               = true                           {product lp64_product} {ergonomic}
     bool UseCompressedOops                        = true                           {product lp64_product} {ergonomic}
     bool UseG1GC                                  = true                                      {product} {ergonomic}
     bool UseLargePagesIndividualAllocation        = false                                  {pd product} {ergonomic}

Logging:
Log output configuration:
 #0: stdout all=warning uptime,level,tags
 #1: stderr all=off uptime,level,tags

Environment Variables:
JAVA_HOME=C:\Program Files\Java\jdk-17
CLASSPATH=C:\Users\Lenovo\Desktop\yosra merge android\MergeFront\DarnaFrontAndroid\\gradle\wrapper\gradle-wrapper.jar
PATH=C:\Program Files\Common Files\Oracle\Java\javapath;C:\WINDOWS\system32;C:\WINDOWS;C:\WINDOWS\System32\Wbem;C:\WINDOWS\System32\WindowsPowerShell\v1.0\;C:\WINDOWS\System32\OpenSSH\;C:\ProgramData\ComposerSetup\bin;C:\xampp\php;C:\Program Files\Git\cmd;C:\Program Files\nodejs\;C:\Program Files\Docker\Docker\resources\bin;C:\Program Files\cursor\resources\app\bin;C:\Program Files\Vagrant\bin;C:\src\flutter\bin;C:\Users\Lenovo\AppData\Local\Programs\Python\Python314\Scripts\;C:\Users\Lenovo\AppData\Local\Programs\Python\Python314\;C:\Users\Lenovo\scoop\shims;C:\Users\Lenovo\AppData\Local\Microsoft\WindowsApps;C:\Users\Lenovo\AppData\Local\JetBrains\IntelliJ IDEA 2024.3.2.2\bin;;C:\Users\Lenovo\AppData\Local\Programs\Microsoft VS Code\bin;C:\Users\Lenovo\AppData\Roaming\Composer\vendor\bin;C:\Users\Lenovo\AppData\Roaming\npm;C:\Program Files (x86)\MongoDB Atlas CLI\;C:\Users\Lenovo\AppData\Local\Programs\mongosh\;C:\Users\Lenovo\AppData\Local\Programs\Qoder\bin;C:\Users\Lenovo\AppData\Local\Programs\Antigravity\bin;C:\Users\Lenovo\AppData\Local\Programs\Windsurf\bin
USERNAME=Lenovo
LANG=en_US.UTF-8
OS=Windows_NT
PROCESSOR_IDENTIFIER=Intel64 Family 6 Model 154 Stepping 4, GenuineIntel



---------------  S Y S T E M  ---------------

OS:
 Windows 11 , 64 bit Build 26100 (10.0.26100.7309)
OS uptime: 1 days 0:41 hours
Hyper-V role detected

CPU: total 8 (initial active 8) (4 cores per cpu, 2 threads per core) family 6 model 154 stepping 4 microcode 0x424, cx8, cmov, fxsr, ht, mmx, 3dnowpref, sse, sse2, sse3, ssse3, sse4.1, sse4.2, popcnt, lzcnt, tsc, tscinvbit, avx, avx2, aes, erms, clmul, bmi1, bmi2, adx, sha, fma, vzeroupper, clflush, clflushopt, clwb, hv

Memory: 4k page, system-wide physical 7916M (466M free)
TotalPageFile size 32492M (AvailPageFile size 8M)
current process WorkingSet (physical memory assigned to process): 368M, peak: 400M
current process commit charge ("private bytes"): 537M, peak: 939M

vm_info: Java HotSpot(TM) 64-Bit Server VM (17.0.8+9-LTS-211) for windows-amd64 JRE (17.0.8+9-LTS-211), built on Jun 14 2023 10:34:31 by "mach5one" with MS VC++ 17.1 (VS2022)

END.
