#
# There is insufficient memory for the Java Runtime Environment to continue.
# Native memory allocation (malloc) failed to allocate 1135216 bytes for Chunk::new
# Possible reasons:
#   The system is out of physical RAM or swap space
#   The process is running with CompressedOops enabled, and the Java Heap may be blocking the growth of the native heap
# Possible solutions:
#   Reduce memory load on the system
#   Increase physical memory or swap space
#   Check if swap backing store is full
#   Decrease Java heap size (-Xmx/-Xms)
#   Decrease number of Java threads
#   Decrease Java thread stack sizes (-Xss)
#   Set larger code cache with -XX:ReservedCodeCacheSize=
#   JVM is running with Zero Based Compressed Oops mode in which the Java heap is
#     placed in the first 32GB address space. The Java Heap base address is the
#     maximum limit for the native heap growth. Please use -XX:HeapBaseMinAddress
#     to set the Java Heap base and to place the Java Heap above 32GB virtual address.
# This output file may be truncated or incomplete.
#
#  Out of Memory Error (arena.cpp:189), pid=26420, tid=13532
#
# JRE version: Java(TM) SE Runtime Environment (17.0.8+9) (build 17.0.8+9-LTS-211)
# Java VM: Java HotSpot(TM) 64-Bit Server VM (17.0.8+9-LTS-211, mixed mode, sharing, tiered, compressed oops, compressed class ptrs, g1 gc, windows-amd64)
# No core dump will be written. Minidumps are not enabled by default on client versions of Windows
#

---------------  S U M M A R Y ------------

Command Line: --add-opens=java.base/java.lang=ALL-UNNAMED --add-opens=java.base/java.lang.invoke=ALL-UNNAMED --add-opens=java.base/java.util=ALL-UNNAMED --add-opens=java.prefs/java.util.prefs=ALL-UNNAMED --add-exports=jdk.compiler/com.sun.tools.javac.api=ALL-UNNAMED --add-exports=jdk.compiler/com.sun.tools.javac.util=ALL-UNNAMED --add-opens=java.base/java.util=ALL-UNNAMED --add-opens=java.prefs/java.util.prefs=ALL-UNNAMED --add-opens=java.base/java.nio.charset=ALL-UNNAMED --add-opens=java.base/java.net=ALL-UNNAMED --add-opens=java.base/java.util.concurrent.atomic=ALL-UNNAMED --add-opens=java.xml/javax.xml.namespace=ALL-UNNAMED -XX:MaxMetaspaceSize=512m -Xmx2560m -Dfile.encoding=UTF-8 -Duser.country=FR -Duser.language=fr -Duser.variant -javaagent:C:\Users\Lenovo\.gradle\wrapper\dists\gradle-8.11.1-bin\bpt9gzteqjrbo1mjrsomdt32c\gradle-8.11.1\lib\agents\gradle-instrumentation-agent-8.11.1.jar org.gradle.launcher.daemon.bootstrap.GradleDaemon 8.11.1

Host: 12th Gen Intel(R) Core(TM) i3-1215U, 8 cores, 7G,  Windows 11 , 64 bit Build 26100 (10.0.26100.7309)
Time: Tue Dec  9 21:07:40 2025 Paris, Madrid elapsed time: 104.203679 seconds (0d 0h 1m 44s)

---------------  T H R E A D  ---------------

Current thread (0x000001a8a1120600):  JavaThread "C2 CompilerThread0" daemon [_thread_in_native, id=13532, stack(0x000000076f200000,0x000000076f300000)]


Current CompileTask:
C2: 104203 14868   !   4       com.sun.org.apache.xerces.internal.impl.XMLDocumentFragmentScannerImpl$FragmentContentDriver::next (2331 bytes)

Stack: [0x000000076f200000,0x000000076f300000]
Native frames: (J=compiled Java code, j=interpreted, Vv=VM code, C=native code)
V  [jvm.dll+0x677d0a]
V  [jvm.dll+0x7d8c54]
V  [jvm.dll+0x7da3fe]
V  [jvm.dll+0x7daa63]
V  [jvm.dll+0x245c5f]
V  [jvm.dll+0xaaa6b]
V  [jvm.dll+0xab00c]
V  [jvm.dll+0x361e3f]
V  [jvm.dll+0x32c551]
V  [jvm.dll+0x32b9ea]
V  [jvm.dll+0x217fff]
V  [jvm.dll+0x217431]
V  [jvm.dll+0x1a3af0]
V  [jvm.dll+0x2270be]
V  [jvm.dll+0x22535b]
V  [jvm.dll+0x78e7bc]
V  [jvm.dll+0x788bba]
V  [jvm.dll+0x676b35]
C  [ucrtbase.dll+0x37b0]
C  [KERNEL32.DLL+0x2e8d7]
C  [ntdll.dll+0x8c53c]


---------------  P R O C E S S  ---------------

Threads class SMR info:
_java_thread_list=0x000001a8c5ede570, length=81, elements={
0x000001a881c45bd0, 0x000001a8a1104360, 0x000001a8a11055c0, 0x000001a8a111be00,
0x000001a8a111c6c0, 0x000001a8a111d590, 0x000001a8a111f600, 0x000001a8a1120600,
0x000001a8a11216a0, 0x000001a8a1136b50, 0x000001a8a1394ca0, 0x000001a8a149bb50,
0x000001a8c1c8b900, 0x000001a8c1b51750, 0x000001a8c1cdbef0, 0x000001a8a160fdd0,
0x000001a8a13ad030, 0x000001a8a13adca0, 0x000001a8a13b3730, 0x000001a8a13b3c00,
0x000001a8a1b8a150, 0x000001a8a1b89c80, 0x000001a8a1b8c300, 0x000001a8a1b8b960,
0x000001a8a1b8a620, 0x000001a8a1b8afc0, 0x000001a8a1b892e0, 0x000001a8a1b88940,
0x000001a8c30335d0, 0x000001a8c30365f0, 0x000001a8c3034de0, 0x000001a8c3035780,
0x000001a8c3033f70, 0x000001a8a1b8b490, 0x000001a8a1b8be30, 0x000001a8c43bcfa0,
0x000001a8c43c0490, 0x000001a8c43be2e0, 0x000001a8c43bde10, 0x000001a8c43bffc0,
0x000001a8c43bd470, 0x000001a8c43be7b0, 0x000001a8c43bf620, 0x000001a8c43c0960,
0x000001a8c43c0e30, 0x000001a8c43c1300, 0x000001a8c43bec80, 0x000001a8c43bd940,
0x000001a8c43c2fe0, 0x000001a8c43c1ca0, 0x000001a8c43c2b10, 0x000001a8c43c17d0,
0x000001a8c43c2170, 0x000001a8c43c2640, 0x000001a8c43c3e50, 0x000001a8c43c47f0,
0x000001a8c6260fc0, 0x000001a8c6263b10, 0x000001a8c6263fe0, 0x000001a8c6260af0,
0x000001a8c6264980, 0x000001a8c6264e50, 0x000001a8c6261490, 0x000001a8c6265320,
0x000001a8c6261960, 0x000001a8c6261e30, 0x000001a8c6266190, 0x000001a8c62627d0,
0x000001a8c6266660, 0x000001a8c6266b30, 0x000001a8c6263170, 0x000001a8c62674d0,
0x000001a8c6267000, 0x000001a8c6268340, 0x000001a8c6f6a480, 0x000001a8c6f6c160,
0x000001a8c6f6ae20, 0x000001a8c6f69ae0, 0x000001a8c6f6b2f0, 0x000001a8c6f69fb0,
0x000001a8c6f6a950
}

Java Threads: ( => current thread )
  0x000001a881c45bd0 JavaThread "main" [_thread_blocked, id=25992, stack(0x000000076e500000,0x000000076e600000)]
  0x000001a8a1104360 JavaThread "Reference Handler" daemon [_thread_blocked, id=6448, stack(0x000000076ec00000,0x000000076ed00000)]
  0x000001a8a11055c0 JavaThread "Finalizer" daemon [_thread_blocked, id=25120, stack(0x000000076ed00000,0x000000076ee00000)]
  0x000001a8a111be00 JavaThread "Signal Dispatcher" daemon [_thread_blocked, id=25872, stack(0x000000076ee00000,0x000000076ef00000)]
  0x000001a8a111c6c0 JavaThread "Attach Listener" daemon [_thread_blocked, id=27548, stack(0x000000076ef00000,0x000000076f000000)]
  0x000001a8a111d590 JavaThread "Service Thread" daemon [_thread_blocked, id=27580, stack(0x000000076f000000,0x000000076f100000)]
  0x000001a8a111f600 JavaThread "Monitor Deflation Thread" daemon [_thread_blocked, id=2316, stack(0x000000076f100000,0x000000076f200000)]
=>0x000001a8a1120600 JavaThread "C2 CompilerThread0" daemon [_thread_in_native, id=13532, stack(0x000000076f200000,0x000000076f300000)]
  0x000001a8a11216a0 JavaThread "C1 CompilerThread0" daemon [_thread_blocked, id=26688, stack(0x000000076f300000,0x000000076f400000)]
  0x000001a8a1136b50 JavaThread "Sweeper thread" daemon [_thread_blocked, id=18064, stack(0x000000076f400000,0x000000076f500000)]
  0x000001a8a1394ca0 JavaThread "Common-Cleaner" daemon [_thread_blocked, id=16344, stack(0x000000076f500000,0x000000076f600000)]
  0x000001a8a149bb50 JavaThread "Notification Thread" daemon [_thread_blocked, id=26092, stack(0x000000076f600000,0x000000076f700000)]
  0x000001a8c1c8b900 JavaThread "Daemon health stats" [_thread_blocked, id=24704, stack(0x000000076fd00000,0x000000076fe00000)]
  0x000001a8c1b51750 JavaThread "Incoming local TCP Connector on port 61809" [_thread_in_native, id=17764, stack(0x000000076f800000,0x000000076f900000)]
  0x000001a8c1cdbef0 JavaThread "Daemon periodic checks" [_thread_blocked, id=19372, stack(0x000000076fe00000,0x000000076ff00000)]
  0x000001a8a160fdd0 JavaThread "Daemon" [_thread_blocked, id=19536, stack(0x000000076ff00000,0x0000000770000000)]
  0x000001a8a13ad030 JavaThread "Handler for socket connection from /127.0.0.1:61809 to /127.0.0.1:61810" [_thread_in_native, id=17800, stack(0x0000000770000000,0x0000000770100000)]
  0x000001a8a13adca0 JavaThread "Cancel handler" [_thread_blocked, id=25384, stack(0x0000000770100000,0x0000000770200000)]
  0x000001a8a13b3730 JavaThread "Daemon worker" [_thread_blocked, id=23596, stack(0x0000000770200000,0x0000000770300000)]
  0x000001a8a13b3c00 JavaThread "Asynchronous log dispatcher for DefaultDaemonConnection: socket connection from /127.0.0.1:61809 to /127.0.0.1:61810" [_thread_blocked, id=24880, stack(0x0000000770300000,0x0000000770400000)]
  0x000001a8a1b8a150 JavaThread "Stdin handler" [_thread_blocked, id=10792, stack(0x0000000770400000,0x0000000770500000)]
  0x000001a8a1b89c80 JavaThread "Daemon client event forwarder" [_thread_blocked, id=25900, stack(0x0000000770500000,0x0000000770600000)]
  0x000001a8a1b8c300 JavaThread "Cache worker for journal cache (C:\Users\Lenovo\.gradle\caches\journal-1)" [_thread_blocked, id=26808, stack(0x0000000770600000,0x0000000770700000)]
  0x000001a8a1b8b960 JavaThread "File lock request listener" [_thread_in_native, id=4692, stack(0x0000000770700000,0x0000000770800000)]
  0x000001a8a1b8a620 JavaThread "Cache worker for file hash cache (C:\Users\Lenovo\.gradle\caches\8.11.1\fileHashes)" [_thread_blocked, id=12060, stack(0x0000000770900000,0x0000000770a00000)]
  0x000001a8a1b8afc0 JavaThread "Cache worker for file content cache (C:\Users\Lenovo\.gradle\caches\8.11.1\fileContent)" [_thread_blocked, id=24056, stack(0x0000000770d00000,0x0000000770e00000)]
  0x000001a8a1b892e0 JavaThread "Cache worker for file hash cache (C:\Users\Lenovo\Desktop\yosra merge android\MergeFront\DarnaFrontAndroid\.gradle\8.11.1\fileHashes)" [_thread_blocked, id=26788, stack(0x0000000770e00000,0x0000000770f00000)]
  0x000001a8a1b88940 JavaThread "Cache worker for Build Output Cleanup Cache (C:\Users\Lenovo\Desktop\yosra merge android\MergeFront\DarnaFrontAndroid\.gradle\buildOutputCleanup)" [_thread_blocked, id=19624, stack(0x0000000770f00000,0x0000000771000000)]
  0x000001a8c30335d0 JavaThread "File watcher server" daemon [_thread_blocked, id=25868, stack(0x0000000771100000,0x0000000771200000)]
  0x000001a8c30365f0 JavaThread "File watcher consumer" daemon [_thread_blocked, id=24872, stack(0x0000000771200000,0x0000000771300000)]
  0x000001a8c3034de0 JavaThread "Cache worker for checksums cache (C:\Users\Lenovo\Desktop\yosra merge android\MergeFront\DarnaFrontAndroid\.gradle\8.11.1\checksums)" [_thread_blocked, id=25988, stack(0x0000000770800000,0x0000000770900000)]
  0x000001a8c3035780 JavaThread "Cache worker for cache directory md-rule (C:\Users\Lenovo\.gradle\caches\8.11.1\md-rule)" [_thread_blocked, id=21256, stack(0x0000000771400000,0x0000000771500000)]
  0x000001a8c3033f70 JavaThread "Cache worker for cache directory md-supplier (C:\Users\Lenovo\.gradle\caches\8.11.1\md-supplier)" [_thread_blocked, id=27004, stack(0x0000000771500000,0x0000000771600000)]
  0x000001a8a1b8b490 JavaThread "Unconstrained build operations" [_thread_blocked, id=12472, stack(0x0000000771600000,0x0000000771700000)]
  0x000001a8a1b8be30 JavaThread "Unconstrained build operations Thread 2" [_thread_blocked, id=8920, stack(0x0000000771700000,0x0000000771800000)]
  0x000001a8c43bcfa0 JavaThread "Unconstrained build operations Thread 3" [_thread_blocked, id=24128, stack(0x0000000771800000,0x0000000771900000)]
  0x000001a8c43c0490 JavaThread "Unconstrained build operations Thread 4" [_thread_blocked, id=21360, stack(0x0000000771900000,0x0000000771a00000)]
  0x000001a8c43be2e0 JavaThread "Unconstrained build operations Thread 5" [_thread_blocked, id=26744, stack(0x0000000771a00000,0x0000000771b00000)]
  0x000001a8c43bde10 JavaThread "Unconstrained build operations Thread 6" [_thread_blocked, id=25620, stack(0x0000000771b00000,0x0000000771c00000)]
  0x000001a8c43bffc0 JavaThread "Unconstrained build operations Thread 7" [_thread_blocked, id=21912, stack(0x0000000771c00000,0x0000000771d00000)]
  0x000001a8c43bd470 JavaThread "Unconstrained build operations Thread 8" [_thread_blocked, id=22936, stack(0x0000000771d00000,0x0000000771e00000)]
  0x000001a8c43be7b0 JavaThread "Unconstrained build operations Thread 9" [_thread_blocked, id=3000, stack(0x0000000771e00000,0x0000000771f00000)]
  0x000001a8c43bf620 JavaThread "Unconstrained build operations Thread 10" [_thread_blocked, id=27608, stack(0x0000000771f00000,0x0000000772000000)]
  0x000001a8c43c0960 JavaThread "Unconstrained build operations Thread 11" [_thread_blocked, id=12820, stack(0x0000000772000000,0x0000000772100000)]
  0x000001a8c43c0e30 JavaThread "Unconstrained build operations Thread 12" [_thread_blocked, id=7512, stack(0x0000000772100000,0x0000000772200000)]
  0x000001a8c43c1300 JavaThread "Unconstrained build operations Thread 13" [_thread_blocked, id=9980, stack(0x0000000772200000,0x0000000772300000)]
  0x000001a8c43bec80 JavaThread "Unconstrained build operations Thread 14" [_thread_blocked, id=26952, stack(0x0000000772300000,0x0000000772400000)]
  0x000001a8c43bd940 JavaThread "Unconstrained build operations Thread 15" [_thread_blocked, id=27300, stack(0x0000000772400000,0x0000000772500000)]
  0x000001a8c43c2fe0 JavaThread "Unconstrained build operations Thread 16" [_thread_blocked, id=9800, stack(0x0000000772500000,0x0000000772600000)]
  0x000001a8c43c1ca0 JavaThread "Unconstrained build operations Thread 17" [_thread_blocked, id=16228, stack(0x0000000772600000,0x0000000772700000)]
  0x000001a8c43c2b10 JavaThread "Unconstrained build operations Thread 18" [_thread_blocked, id=27136, stack(0x0000000772700000,0x0000000772800000)]
  0x000001a8c43c17d0 JavaThread "Unconstrained build operations Thread 19" [_thread_blocked, id=27256, stack(0x0000000772800000,0x0000000772900000)]
  0x000001a8c43c2170 JavaThread "Unconstrained build operations Thread 20" [_thread_blocked, id=27024, stack(0x0000000772900000,0x0000000772a00000)]
  0x000001a8c43c2640 JavaThread "Unconstrained build operations Thread 21" [_thread_blocked, id=25700, stack(0x0000000772a00000,0x0000000772b00000)]
  0x000001a8c43c3e50 JavaThread "Memory manager" [_thread_blocked, id=25472, stack(0x0000000771300000,0x0000000771400000)]
  0x000001a8c43c47f0 JavaThread "build event listener" [_thread_blocked, id=17032, stack(0x0000000772b00000,0x0000000772c00000)]
  0x000001a8c6260fc0 JavaThread "Problems report writer" [_thread_blocked, id=13188, stack(0x000000076e200000,0x000000076e300000)]
  0x000001a8c6263b10 JavaThread "included builds" [_thread_blocked, id=6280, stack(0x000000076e400000,0x000000076e500000)]
  0x000001a8c6263fe0 JavaThread "Execution worker" [_thread_blocked, id=16012, stack(0x0000000772e00000,0x0000000772f00000)]
  0x000001a8c6260af0 JavaThread "Execution worker Thread 2" [_thread_blocked, id=26852, stack(0x0000000772f00000,0x0000000773000000)]
  0x000001a8c6264980 JavaThread "Execution worker Thread 3" [_thread_blocked, id=24772, stack(0x0000000773000000,0x0000000773100000)]
  0x000001a8c6264e50 JavaThread "Execution worker Thread 4" [_thread_blocked, id=25532, stack(0x0000000773100000,0x0000000773200000)]
  0x000001a8c6261490 JavaThread "Execution worker Thread 5" [_thread_blocked, id=24632, stack(0x0000000773200000,0x0000000773300000)]
  0x000001a8c6265320 JavaThread "Execution worker Thread 6" [_thread_blocked, id=26816, stack(0x0000000773300000,0x0000000773400000)]
  0x000001a8c6261960 JavaThread "Execution worker Thread 7" [_thread_blocked, id=6676, stack(0x0000000773400000,0x0000000773500000)]
  0x000001a8c6261e30 JavaThread "Cache worker for execution history cache (C:\Users\Lenovo\Desktop\yosra merge android\MergeFront\DarnaFrontAndroid\.gradle\8.11.1\executionHistory)" [_thread_blocked, id=26592, stack(0x0000000773500000,0x0000000773600000)]
  0x000001a8c6266190 JavaThread "Unconstrained build operations Thread 22" [_thread_blocked, id=11316, stack(0x0000000773600000,0x0000000773700000)]
  0x000001a8c62627d0 JavaThread "Unconstrained build operations Thread 23" [_thread_blocked, id=6008, stack(0x0000000773700000,0x0000000773800000)]
  0x000001a8c6266660 JavaThread "Unconstrained build operations Thread 24" [_thread_blocked, id=24152, stack(0x0000000773800000,0x0000000773900000)]
  0x000001a8c6266b30 JavaThread "Unconstrained build operations Thread 25" [_thread_blocked, id=11488, stack(0x0000000773900000,0x0000000773a00000)]
  0x000001a8c6263170 JavaThread "Unconstrained build operations Thread 26" [_thread_blocked, id=25264, stack(0x0000000773a00000,0x0000000773b00000)]
  0x000001a8c62674d0 JavaThread "Unconstrained build operations Thread 27" [_thread_blocked, id=15316, stack(0x0000000773b00000,0x0000000773c00000)]
  0x000001a8c6267000 JavaThread "Unconstrained build operations Thread 28" [_thread_blocked, id=536, stack(0x0000000773c00000,0x0000000773d00000)]
  0x000001a8c6268340 JavaThread "WorkerExecutor Queue" [_thread_blocked, id=20532, stack(0x0000000773d00000,0x0000000773e00000)]
  0x000001a8c6f6a480 JavaThread "Unconstrained build operations Thread 29" [_thread_blocked, id=12168, stack(0x0000000773e00000,0x0000000773f00000)]
  0x000001a8c6f6c160 JavaThread "Unconstrained build operations Thread 30" [_thread_blocked, id=8196, stack(0x0000000773f00000,0x0000000774000000)]
  0x000001a8c6f6ae20 JavaThread "Unconstrained build operations Thread 31" [_thread_blocked, id=3216, stack(0x0000000774000000,0x0000000774100000)]
  0x000001a8c6f69ae0 JavaThread "Unconstrained build operations Thread 32" [_thread_blocked, id=4944, stack(0x0000000774100000,0x0000000774200000)]
  0x000001a8c6f6b2f0 JavaThread "Unconstrained build operations Thread 33" [_thread_blocked, id=25812, stack(0x0000000774200000,0x0000000774300000)]
  0x000001a8c6f69fb0 JavaThread "Unconstrained build operations Thread 34" [_thread_blocked, id=27588, stack(0x0000000774300000,0x0000000774400000)]
  0x000001a8c6f6a950 JavaThread "Unconstrained build operations Thread 35" [_thread_blocked, id=24676, stack(0x0000000774400000,0x0000000774500000)]

Other Threads:
  0x000001a8a1101220 VMThread "VM Thread" [stack: 0x000000076eb00000,0x000000076ec00000] [id=10216]
  0x000001a881cabe30 WatcherThread [stack: 0x000000076f700000,0x000000076f800000] [id=12724]
  0x000001a881c94e50 GCTaskThread "GC Thread#0" [stack: 0x000000076e600000,0x000000076e700000] [id=18584]
  0x000001a8a1736c60 GCTaskThread "GC Thread#1" [stack: 0x000000076f900000,0x000000076fa00000] [id=16348]
  0x000001a8a1942200 GCTaskThread "GC Thread#2" [stack: 0x000000076fa00000,0x000000076fb00000] [id=27056]
  0x000001a8c1368300 GCTaskThread "GC Thread#3" [stack: 0x000000076fb00000,0x000000076fc00000] [id=19420]
  0x000001a8c13685b0 GCTaskThread "GC Thread#4" [stack: 0x000000076fc00000,0x000000076fd00000] [id=21312]
  0x000001a8c2d25d10 GCTaskThread "GC Thread#5" [stack: 0x0000000770a00000,0x0000000770b00000] [id=25668]
  0x000001a8c14be3d0 GCTaskThread "GC Thread#6" [stack: 0x0000000770b00000,0x0000000770c00000] [id=13908]
  0x000001a8c3513b10 GCTaskThread "GC Thread#7" [stack: 0x0000000770c00000,0x0000000770d00000] [id=23152]
  0x000001a881ca0970 ConcurrentGCThread "G1 Main Marker" [stack: 0x000000076e700000,0x000000076e800000] [id=27288]
  0x000001a881ca3a40 ConcurrentGCThread "G1 Conc#0" [stack: 0x000000076e800000,0x000000076e900000] [id=22400]
  0x000001a8c2c38590 ConcurrentGCThread "G1 Conc#1" [stack: 0x0000000771000000,0x0000000771100000] [id=20040]
  0x000001a881cf47b0 ConcurrentGCThread "G1 Refine#0" [stack: 0x000000076e900000,0x000000076ea00000] [id=9600]
  0x000001a8c3afd610 ConcurrentGCThread "G1 Refine#1" [stack: 0x0000000774600000,0x0000000774700000] [id=20032]
  0x000001a881cfcf90 ConcurrentGCThread "G1 Service" [stack: 0x000000076ea00000,0x000000076eb00000] [id=13328]

Threads with active compile tasks:
C2 CompilerThread0   104229 14868   !   4       com.sun.org.apache.xerces.internal.impl.XMLDocumentFragmentScannerImpl$FragmentContentDriver::next (2331 bytes)

VM state: at safepoint (normal execution)

VM Mutex/Monitor currently owned by a thread:  ([mutex/lock_event])
[0x000001a881c416d0] Threads_lock - owner thread: 0x000001a8a1101220
[0x000001a881c42330] Heap_lock - owner thread: 0x000001a8c6260af0

Heap address: 0x0000000515400000, size: 2560 MB, Compressed Oops mode: Zero based, Oop shift amount: 3

CDS archive(s) mapped at: [0x000001a8a2000000-0x000001a8a2bd0000-0x000001a8a2bd0000), size 12386304, SharedBaseAddress: 0x000001a8a2000000, ArchiveRelocationMode: 1.
Compressed class space mapped at: 0x000001a8a3000000-0x000001a8bd000000, reserved size: 436207616
Narrow klass base: 0x000001a8a2000000, Narrow klass shift: 0, Narrow klass range: 0x100000000

GC Precious Log:
 CPUs: 8 total, 8 available
 Memory: 7916M
 Large Page Support: Disabled
 NUMA Support: Disabled
 Compressed Oops: Enabled (Zero based)
 Heap Region Size: 2M
 Heap Min Capacity: 8M
 Heap Initial Capacity: 124M
 Heap Max Capacity: 2560M
 Pre-touch: Disabled
 Parallel Workers: 8
 Concurrent Workers: 2
 Concurrent Refinement Workers: 8
 Periodic GC: Disabled

Heap:
 garbage-first heap   total 315392K, used 188077K [0x0000000515400000, 0x00000005b5400000)
  region size 2048K, 2 young (4096K), 2 survivors (4096K)
 Metaspace       used 103205K, committed 104128K, reserved 557056K
  class space    used 14190K, committed 14656K, reserved 425984K

Heap Regions: E=young(eden), S=young(survivor), O=old, HS=humongous(starts), HC=humongous(continues), CS=collection set, F=free, OA=open archive, CA=closed archive, TAMS=top-at-mark-start (previous, next)
|   0|0x0000000515400000, 0x0000000515600000, 0x0000000515600000|100%|HS|  |TAMS 0x0000000515600000, 0x0000000515400000| Complete 
|   1|0x0000000515600000, 0x0000000515800000, 0x0000000515800000|100%|HC|  |TAMS 0x0000000515800000, 0x0000000515600000| Complete 
|   2|0x0000000515800000, 0x0000000515a00000, 0x0000000515a00000|100%| O|  |TAMS 0x0000000515a00000, 0x0000000515800000| Untracked 
|   3|0x0000000515a00000, 0x0000000515c00000, 0x0000000515c00000|100%| O|  |TAMS 0x0000000515c00000, 0x0000000515a00000| Untracked 
|   4|0x0000000515c00000, 0x0000000515e00000, 0x0000000515e00000|100%| O|  |TAMS 0x0000000515e00000, 0x0000000515c00000| Untracked 
|   5|0x0000000515e00000, 0x0000000516000000, 0x0000000516000000|100%| O|  |TAMS 0x0000000516000000, 0x0000000515e00000| Untracked 
|   6|0x0000000516000000, 0x0000000516200000, 0x0000000516200000|100%| O|  |TAMS 0x0000000516200000, 0x0000000516000000| Untracked 
|   7|0x0000000516200000, 0x0000000516400000, 0x0000000516400000|100%| O|  |TAMS 0x0000000516400000, 0x0000000516200000| Untracked 
|   8|0x0000000516400000, 0x0000000516600000, 0x0000000516600000|100%| O|  |TAMS 0x0000000516600000, 0x0000000516400000| Untracked 
|   9|0x0000000516600000, 0x0000000516800000, 0x0000000516800000|100%| O|  |TAMS 0x0000000516800000, 0x0000000516600000| Untracked 
|  10|0x0000000516800000, 0x0000000516a00000, 0x0000000516a00000|100%| O|  |TAMS 0x0000000516a00000, 0x0000000516800000| Untracked 
|  11|0x0000000516a00000, 0x0000000516c00000, 0x0000000516c00000|100%| O|  |TAMS 0x0000000516c00000, 0x0000000516a00000| Untracked 
|  12|0x0000000516c00000, 0x0000000516e00000, 0x0000000516e00000|100%| O|  |TAMS 0x0000000516e00000, 0x0000000516c00000| Untracked 
|  13|0x0000000516e00000, 0x0000000517000000, 0x0000000517000000|100%| O|  |TAMS 0x0000000517000000, 0x0000000516e00000| Untracked 
|  14|0x0000000517000000, 0x0000000517200000, 0x0000000517200000|100%| O|  |TAMS 0x0000000517200000, 0x0000000517000000| Untracked 
|  15|0x0000000517200000, 0x0000000517400000, 0x0000000517400000|100%| O|  |TAMS 0x0000000517400000, 0x0000000517200000| Untracked 
|  16|0x0000000517400000, 0x0000000517600000, 0x0000000517600000|100%| O|  |TAMS 0x0000000517600000, 0x0000000517400000| Untracked 
|  17|0x0000000517600000, 0x0000000517800000, 0x0000000517800000|100%| O|  |TAMS 0x0000000517800000, 0x0000000517600000| Untracked 
|  18|0x0000000517800000, 0x0000000517a00000, 0x0000000517a00000|100%| O|  |TAMS 0x0000000517a00000, 0x0000000517800000| Untracked 
|  19|0x0000000517a00000, 0x0000000517c00000, 0x0000000517c00000|100%| O|  |TAMS 0x0000000517c00000, 0x0000000517a00000| Untracked 
|  20|0x0000000517c00000, 0x0000000517e00000, 0x0000000517e00000|100%| O|  |TAMS 0x0000000517e00000, 0x0000000517c00000| Untracked 
|  21|0x0000000517e00000, 0x0000000518000000, 0x0000000518000000|100%|HS|  |TAMS 0x0000000518000000, 0x0000000517e00000| Complete 
|  22|0x0000000518000000, 0x0000000518200000, 0x0000000518200000|100%|HS|  |TAMS 0x0000000518200000, 0x0000000518000000| Complete 
|  23|0x0000000518200000, 0x0000000518400000, 0x0000000518400000|100%|HC|  |TAMS 0x0000000518400000, 0x0000000518200000| Complete 
|  24|0x0000000518400000, 0x0000000518600000, 0x0000000518600000|100%| O|  |TAMS 0x0000000518600000, 0x0000000518400000| Untracked 
|  25|0x0000000518600000, 0x0000000518800000, 0x0000000518800000|100%| O|  |TAMS 0x0000000518800000, 0x0000000518600000| Untracked 
|  26|0x0000000518800000, 0x0000000518a00000, 0x0000000518a00000|100%|HS|  |TAMS 0x0000000518a00000, 0x0000000518800000| Complete 
|  27|0x0000000518a00000, 0x0000000518c00000, 0x0000000518c00000|100%| O|  |TAMS 0x0000000518c00000, 0x0000000518a00000| Untracked 
|  28|0x0000000518c00000, 0x0000000518e00000, 0x0000000518e00000|100%| O|  |TAMS 0x0000000518e00000, 0x0000000518c00000| Untracked 
|  29|0x0000000518e00000, 0x0000000519000000, 0x0000000519000000|100%| O|  |TAMS 0x0000000519000000, 0x0000000518e00000| Untracked 
|  30|0x0000000519000000, 0x0000000519200000, 0x0000000519200000|100%| O|  |TAMS 0x0000000519200000, 0x0000000519000000| Untracked 
|  31|0x0000000519200000, 0x0000000519400000, 0x0000000519400000|100%| O|  |TAMS 0x0000000519400000, 0x0000000519200000| Untracked 
|  32|0x0000000519400000, 0x0000000519600000, 0x0000000519600000|100%| O|  |TAMS 0x0000000519600000, 0x0000000519400000| Untracked 
|  33|0x0000000519600000, 0x0000000519800000, 0x0000000519800000|100%| O|  |TAMS 0x0000000519800000, 0x0000000519600000| Untracked 
|  34|0x0000000519800000, 0x0000000519a00000, 0x0000000519a00000|100%| O|  |TAMS 0x0000000519a00000, 0x0000000519800000| Untracked 
|  35|0x0000000519a00000, 0x0000000519c00000, 0x0000000519c00000|100%| O|  |TAMS 0x0000000519c00000, 0x0000000519a00000| Untracked 
|  36|0x0000000519c00000, 0x0000000519e00000, 0x0000000519e00000|100%| O|  |TAMS 0x0000000519e00000, 0x0000000519c00000| Untracked 
|  37|0x0000000519e00000, 0x000000051a000000, 0x000000051a000000|100%| O|  |TAMS 0x000000051a000000, 0x0000000519e00000| Untracked 
|  38|0x000000051a000000, 0x000000051a200000, 0x000000051a200000|100%|HS|  |TAMS 0x000000051a200000, 0x000000051a000000| Complete 
|  39|0x000000051a200000, 0x000000051a400000, 0x000000051a400000|100%|HC|  |TAMS 0x000000051a400000, 0x000000051a200000| Complete 
|  40|0x000000051a400000, 0x000000051a600000, 0x000000051a600000|100%| O|  |TAMS 0x000000051a600000, 0x000000051a400000| Untracked 
|  41|0x000000051a600000, 0x000000051a800000, 0x000000051a800000|100%| O|  |TAMS 0x000000051a800000, 0x000000051a600000| Untracked 
|  42|0x000000051a800000, 0x000000051aa00000, 0x000000051aa00000|100%| O|  |TAMS 0x000000051aa00000, 0x000000051a800000| Untracked 
|  43|0x000000051aa00000, 0x000000051ac00000, 0x000000051ac00000|100%| O|  |TAMS 0x000000051ac00000, 0x000000051aa00000| Untracked 
|  44|0x000000051ac00000, 0x000000051ae00000, 0x000000051ae00000|100%| O|  |TAMS 0x000000051ae00000, 0x000000051ac00000| Complete 
|  45|0x000000051ae00000, 0x000000051b000000, 0x000000051b000000|100%| O|  |TAMS 0x000000051b000000, 0x000000051ae00000| Untracked 
|  46|0x000000051b000000, 0x000000051b200000, 0x000000051b200000|100%| O|  |TAMS 0x000000051b200000, 0x000000051b000000| Untracked 
|  47|0x000000051b200000, 0x000000051b400000, 0x000000051b400000|100%| O|  |TAMS 0x000000051b400000, 0x000000051b200000| Untracked 
|  48|0x000000051b400000, 0x000000051b600000, 0x000000051b600000|100%| O|  |TAMS 0x000000051b600000, 0x000000051b400000| Untracked 
|  49|0x000000051b600000, 0x000000051b800000, 0x000000051b800000|100%| O|  |TAMS 0x000000051b800000, 0x000000051b600000| Untracked 
|  50|0x000000051b800000, 0x000000051ba00000, 0x000000051ba00000|100%| O|  |TAMS 0x000000051ba00000, 0x000000051b800000| Untracked 
|  51|0x000000051ba00000, 0x000000051bc00000, 0x000000051bc00000|100%| O|  |TAMS 0x000000051bc00000, 0x000000051ba00000| Untracked 
|  52|0x000000051bc00000, 0x000000051be00000, 0x000000051be00000|100%| O|  |TAMS 0x000000051be00000, 0x000000051bc00000| Untracked 
|  53|0x000000051be00000, 0x000000051c000000, 0x000000051c000000|100%| O|  |TAMS 0x000000051c000000, 0x000000051be00000| Untracked 
|  54|0x000000051c000000, 0x000000051c200000, 0x000000051c200000|100%| O|  |TAMS 0x000000051c200000, 0x000000051c000000| Untracked 
|  55|0x000000051c200000, 0x000000051c400000, 0x000000051c400000|100%| O|  |TAMS 0x000000051c400000, 0x000000051c200000| Untracked 
|  56|0x000000051c400000, 0x000000051c600000, 0x000000051c600000|100%| O|  |TAMS 0x000000051c600000, 0x000000051c400000| Untracked 
|  57|0x000000051c600000, 0x000000051c800000, 0x000000051c800000|100%| O|  |TAMS 0x000000051c800000, 0x000000051c600000| Complete 
|  58|0x000000051c800000, 0x000000051ca00000, 0x000000051ca00000|100%| O|  |TAMS 0x000000051ca00000, 0x000000051c800000| Untracked 
|  59|0x000000051ca00000, 0x000000051cc00000, 0x000000051cc00000|100%| O|  |TAMS 0x000000051cc00000, 0x000000051ca00000| Untracked 
|  60|0x000000051cc00000, 0x000000051ce00000, 0x000000051ce00000|100%| O|  |TAMS 0x000000051ce00000, 0x000000051cc00000| Untracked 
|  61|0x000000051ce00000, 0x000000051d000000, 0x000000051d000000|100%| O|  |TAMS 0x000000051d000000, 0x000000051ce00000| Untracked 
|  62|0x000000051d000000, 0x000000051d200000, 0x000000051d200000|100%| O|  |TAMS 0x000000051d200000, 0x000000051d000000| Untracked 
|  63|0x000000051d200000, 0x000000051d400000, 0x000000051d400000|100%| O|  |TAMS 0x000000051d400000, 0x000000051d200000| Untracked 
|  64|0x000000051d400000, 0x000000051d600000, 0x000000051d600000|100%| O|  |TAMS 0x000000051d600000, 0x000000051d400000| Untracked 
|  65|0x000000051d600000, 0x000000051d800000, 0x000000051d800000|100%| O|  |TAMS 0x000000051d800000, 0x000000051d600000| Untracked 
|  66|0x000000051d800000, 0x000000051da00000, 0x000000051da00000|100%| O|  |TAMS 0x000000051da00000, 0x000000051d800000| Untracked 
|  67|0x000000051da00000, 0x000000051dc00000, 0x000000051dc00000|100%| O|  |TAMS 0x000000051dc00000, 0x000000051da00000| Untracked 
|  68|0x000000051dc00000, 0x000000051de00000, 0x000000051de00000|100%| O|  |TAMS 0x000000051de00000, 0x000000051dc00000| Untracked 
|  69|0x000000051de00000, 0x000000051e000000, 0x000000051e000000|100%| O|  |TAMS 0x000000051de00000, 0x000000051de00000| Untracked 
|  70|0x000000051e000000, 0x000000051e200000, 0x000000051e200000|100%| O|  |TAMS 0x000000051e000000, 0x000000051e000000| Untracked 
|  71|0x000000051e200000, 0x000000051e400000, 0x000000051e400000|100%|HS|  |TAMS 0x000000051e400000, 0x000000051e200000| Complete 
|  72|0x000000051e400000, 0x000000051e600000, 0x000000051e600000|100%| O|  |TAMS 0x000000051e600000, 0x000000051e400000| Untracked 
|  73|0x000000051e600000, 0x000000051e800000, 0x000000051e800000|100%| O|  |TAMS 0x000000051e800000, 0x000000051e600000| Untracked 
|  74|0x000000051e800000, 0x000000051ea00000, 0x000000051ea00000|100%| O|  |TAMS 0x000000051ea00000, 0x000000051e800000| Untracked 
|  75|0x000000051ea00000, 0x000000051ec00000, 0x000000051ec00000|100%| O|  |TAMS 0x000000051ec00000, 0x000000051ea00000| Untracked 
|  76|0x000000051ec00000, 0x000000051ee00000, 0x000000051ee00000|100%| O|  |TAMS 0x000000051ee00000, 0x000000051ec00000| Untracked 
|  77|0x000000051ee00000, 0x000000051f000000, 0x000000051f000000|100%| O|  |TAMS 0x000000051f000000, 0x000000051ee00000| Untracked 
|  78|0x000000051f000000, 0x000000051f200000, 0x000000051f200000|100%| O|  |TAMS 0x000000051f200000, 0x000000051f000000| Untracked 
|  79|0x000000051f200000, 0x000000051f400000, 0x000000051f400000|100%| O|  |TAMS 0x000000051f200000, 0x000000051f200000| Untracked 
|  80|0x000000051f400000, 0x000000051f600000, 0x000000051f600000|100%| O|  |TAMS 0x000000051f600000, 0x000000051f400000| Untracked 
|  81|0x000000051f600000, 0x000000051f800000, 0x000000051f800000|100%| O|  |TAMS 0x000000051f800000, 0x000000051f600000| Untracked 
|  82|0x000000051f800000, 0x000000051fa00000, 0x000000051fa00000|100%| O|  |TAMS 0x000000051fa00000, 0x000000051f800000| Untracked 
|  83|0x000000051fa00000, 0x000000051fc00000, 0x000000051fc00000|100%| O|  |TAMS 0x000000051fc00000, 0x000000051fa00000| Untracked 
|  84|0x000000051fc00000, 0x000000051fe00000, 0x000000051fe00000|100%| O|  |TAMS 0x000000051fcb9800, 0x000000051fc00000| Untracked 
|  85|0x000000051fe00000, 0x0000000520000000, 0x0000000520000000|100%| O|  |TAMS 0x000000051fe00000, 0x000000051fe00000| Untracked 
|  86|0x0000000520000000, 0x0000000520200000, 0x0000000520200000|100%| O|  |TAMS 0x0000000520000000, 0x0000000520000000| Untracked 
|  87|0x0000000520200000, 0x0000000520400000, 0x0000000520400000|100%| O|  |TAMS 0x0000000520200000, 0x0000000520200000| Untracked 
|  88|0x0000000520400000, 0x0000000520600000, 0x0000000520600000|100%| O|  |TAMS 0x0000000520400000, 0x0000000520400000| Untracked 
|  89|0x0000000520600000, 0x00000005207ab400, 0x0000000520800000| 83%| O|  |TAMS 0x0000000520600000, 0x0000000520600000| Untracked 
|  90|0x0000000520800000, 0x0000000520800000, 0x0000000520a00000|  0%| F|  |TAMS 0x0000000520800000, 0x0000000520800000| Untracked 
|  91|0x0000000520a00000, 0x0000000520a00000, 0x0000000520c00000|  0%| F|  |TAMS 0x0000000520a00000, 0x0000000520a00000| Untracked 
|  92|0x0000000520c00000, 0x0000000520c00000, 0x0000000520e00000|  0%| F|  |TAMS 0x0000000520c00000, 0x0000000520c00000| Untracked 
|  93|0x0000000520e00000, 0x0000000520e00000, 0x0000000521000000|  0%| F|  |TAMS 0x0000000520e00000, 0x0000000520e00000| Untracked 
|  94|0x0000000521000000, 0x0000000521000000, 0x0000000521200000|  0%| F|  |TAMS 0x0000000521000000, 0x0000000521000000| Untracked 
|  95|0x0000000521200000, 0x0000000521200000, 0x0000000521400000|  0%| F|  |TAMS 0x0000000521200000, 0x0000000521200000| Untracked 
|  96|0x0000000521400000, 0x0000000521400000, 0x0000000521600000|  0%| F|  |TAMS 0x0000000521400000, 0x0000000521400000| Untracked 
|  97|0x0000000521600000, 0x0000000521600000, 0x0000000521800000|  0%| F|  |TAMS 0x0000000521600000, 0x0000000521600000| Untracked 
|  98|0x0000000521800000, 0x0000000521800000, 0x0000000521a00000|  0%| F|  |TAMS 0x0000000521800000, 0x0000000521800000| Untracked 
|  99|0x0000000521a00000, 0x0000000521a00000, 0x0000000521c00000|  0%| F|  |TAMS 0x0000000521a00000, 0x0000000521a00000| Untracked 
| 100|0x0000000521c00000, 0x0000000521c00000, 0x0000000521e00000|  0%| F|  |TAMS 0x0000000521c00000, 0x0000000521c00000| Untracked 
| 101|0x0000000521e00000, 0x0000000521e00000, 0x0000000522000000|  0%| F|  |TAMS 0x0000000521e00000, 0x0000000521e00000| Untracked 
| 102|0x0000000522000000, 0x0000000522000000, 0x0000000522200000|  0%| F|  |TAMS 0x0000000522000000, 0x0000000522000000| Untracked 
| 103|0x0000000522200000, 0x0000000522200000, 0x0000000522400000|  0%| F|  |TAMS 0x0000000522200000, 0x0000000522200000| Untracked 
| 104|0x0000000522400000, 0x0000000522400000, 0x0000000522600000|  0%| F|  |TAMS 0x0000000522400000, 0x0000000522400000| Untracked 
| 105|0x0000000522600000, 0x0000000522600000, 0x0000000522800000|  0%| F|  |TAMS 0x0000000522600000, 0x0000000522600000| Untracked 
| 106|0x0000000522800000, 0x0000000522800000, 0x0000000522a00000|  0%| F|  |TAMS 0x0000000522800000, 0x0000000522800000| Untracked 
| 107|0x0000000522a00000, 0x0000000522a00000, 0x0000000522c00000|  0%| F|  |TAMS 0x0000000522a00000, 0x0000000522a00000| Untracked 
| 108|0x0000000522c00000, 0x0000000522c00000, 0x0000000522e00000|  0%| F|  |TAMS 0x0000000522c00000, 0x0000000522c00000| Untracked 
| 109|0x0000000522e00000, 0x0000000522e00000, 0x0000000523000000|  0%| F|  |TAMS 0x0000000522e00000, 0x0000000522e00000| Untracked 
| 110|0x0000000523000000, 0x0000000523000000, 0x0000000523200000|  0%| F|  |TAMS 0x0000000523000000, 0x0000000523000000| Untracked 
| 111|0x0000000523200000, 0x0000000523200000, 0x0000000523400000|  0%| F|  |TAMS 0x0000000523200000, 0x0000000523200000| Untracked 
| 112|0x0000000523400000, 0x0000000523400000, 0x0000000523600000|  0%| F|  |TAMS 0x0000000523400000, 0x0000000523400000| Untracked 
| 113|0x0000000523600000, 0x0000000523600000, 0x0000000523800000|  0%| F|  |TAMS 0x0000000523600000, 0x0000000523600000| Untracked 
| 114|0x0000000523800000, 0x0000000523800000, 0x0000000523a00000|  0%| F|  |TAMS 0x0000000523800000, 0x0000000523800000| Untracked 
| 115|0x0000000523a00000, 0x0000000523a00000, 0x0000000523c00000|  0%| F|  |TAMS 0x0000000523a00000, 0x0000000523a00000| Untracked 
| 116|0x0000000523c00000, 0x0000000523c00000, 0x0000000523e00000|  0%| F|  |TAMS 0x0000000523c00000, 0x0000000523c00000| Untracked 
| 117|0x0000000523e00000, 0x0000000523e00000, 0x0000000524000000|  0%| F|  |TAMS 0x0000000523e00000, 0x0000000523e00000| Untracked 
| 118|0x0000000524000000, 0x0000000524000000, 0x0000000524200000|  0%| F|  |TAMS 0x0000000524000000, 0x0000000524000000| Untracked 
| 119|0x0000000524200000, 0x0000000524200000, 0x0000000524400000|  0%| F|  |TAMS 0x0000000524200000, 0x0000000524200000| Untracked 
| 120|0x0000000524400000, 0x0000000524400000, 0x0000000524600000|  0%| F|  |TAMS 0x0000000524400000, 0x0000000524400000| Untracked 
| 121|0x0000000524600000, 0x0000000524600000, 0x0000000524800000|  0%| F|  |TAMS 0x0000000524600000, 0x0000000524600000| Untracked 
| 122|0x0000000524800000, 0x0000000524800000, 0x0000000524a00000|  0%| F|  |TAMS 0x0000000524800000, 0x0000000524800000| Untracked 
| 123|0x0000000524a00000, 0x0000000524a00000, 0x0000000524c00000|  0%| F|  |TAMS 0x0000000524a00000, 0x0000000524a00000| Untracked 
| 124|0x0000000524c00000, 0x0000000524c00000, 0x0000000524e00000|  0%| F|  |TAMS 0x0000000524c00000, 0x0000000524c00000| Untracked 
| 125|0x0000000524e00000, 0x0000000524e00000, 0x0000000525000000|  0%| F|  |TAMS 0x0000000524e00000, 0x0000000524e00000| Untracked 
| 126|0x0000000525000000, 0x0000000525000000, 0x0000000525200000|  0%| F|  |TAMS 0x0000000525000000, 0x0000000525000000| Untracked 
| 127|0x0000000525200000, 0x0000000525200000, 0x0000000525400000|  0%| F|  |TAMS 0x0000000525200000, 0x0000000525200000| Untracked 
| 128|0x0000000525400000, 0x0000000525400000, 0x0000000525600000|  0%| F|  |TAMS 0x0000000525400000, 0x0000000525400000| Untracked 
| 129|0x0000000525600000, 0x0000000525600000, 0x0000000525800000|  0%| F|  |TAMS 0x0000000525600000, 0x0000000525600000| Untracked 
| 130|0x0000000525800000, 0x0000000525800000, 0x0000000525a00000|  0%| F|  |TAMS 0x0000000525800000, 0x0000000525800000| Untracked 
| 131|0x0000000525a00000, 0x0000000525a00000, 0x0000000525c00000|  0%| F|  |TAMS 0x0000000525a00000, 0x0000000525a00000| Untracked 
| 132|0x0000000525c00000, 0x0000000525c00000, 0x0000000525e00000|  0%| F|  |TAMS 0x0000000525c00000, 0x0000000525c00000| Untracked 
| 133|0x0000000525e00000, 0x0000000525e00000, 0x0000000526000000|  0%| F|  |TAMS 0x0000000525e00000, 0x0000000525e00000| Untracked 
| 134|0x0000000526000000, 0x0000000526000000, 0x0000000526200000|  0%| F|  |TAMS 0x0000000526000000, 0x0000000526000000| Untracked 
| 135|0x0000000526200000, 0x0000000526200000, 0x0000000526400000|  0%| F|  |TAMS 0x0000000526200000, 0x0000000526200000| Untracked 
| 136|0x0000000526400000, 0x0000000526400000, 0x0000000526600000|  0%| F|  |TAMS 0x0000000526400000, 0x0000000526400000| Untracked 
| 137|0x0000000526600000, 0x0000000526600000, 0x0000000526800000|  0%| F|  |TAMS 0x0000000526600000, 0x0000000526600000| Untracked 
| 138|0x0000000526800000, 0x0000000526800000, 0x0000000526a00000|  0%| F|  |TAMS 0x0000000526800000, 0x0000000526800000| Untracked 
| 139|0x0000000526a00000, 0x0000000526a00000, 0x0000000526c00000|  0%| F|  |TAMS 0x0000000526a00000, 0x0000000526a00000| Untracked 
| 140|0x0000000526c00000, 0x0000000526c00000, 0x0000000526e00000|  0%| F|  |TAMS 0x0000000526c00000, 0x0000000526c00000| Untracked 
| 141|0x0000000526e00000, 0x0000000526e00000, 0x0000000527000000|  0%| F|  |TAMS 0x0000000526e00000, 0x0000000526e00000| Untracked 
| 142|0x0000000527000000, 0x0000000527000000, 0x0000000527200000|  0%| F|  |TAMS 0x0000000527000000, 0x0000000527000000| Untracked 
| 143|0x0000000527200000, 0x0000000527200000, 0x0000000527400000|  0%| F|  |TAMS 0x0000000527200000, 0x0000000527200000| Untracked 
| 144|0x0000000527400000, 0x0000000527400000, 0x0000000527600000|  0%| F|  |TAMS 0x0000000527400000, 0x0000000527400000| Untracked 
| 145|0x0000000527600000, 0x0000000527600000, 0x0000000527800000|  0%| F|  |TAMS 0x0000000527600000, 0x0000000527600000| Untracked 
| 146|0x0000000527800000, 0x0000000527a00000, 0x0000000527a00000|100%| S|CS|TAMS 0x0000000527800000, 0x0000000527800000| Complete 
| 147|0x0000000527a00000, 0x0000000527c00000, 0x0000000527c00000|100%| S|CS|TAMS 0x0000000527a00000, 0x0000000527a00000| Complete 
| 148|0x0000000527c00000, 0x0000000527c00000, 0x0000000527e00000|  0%| F|  |TAMS 0x0000000527c00000, 0x0000000527c00000| Untracked 
| 149|0x0000000527e00000, 0x0000000527e00000, 0x0000000528000000|  0%| F|  |TAMS 0x0000000527e00000, 0x0000000527e00000| Untracked 
| 150|0x0000000528000000, 0x0000000528000000, 0x0000000528200000|  0%| F|  |TAMS 0x0000000528000000, 0x0000000528000000| Untracked 
| 151|0x0000000528200000, 0x0000000528200000, 0x0000000528400000|  0%| F|  |TAMS 0x0000000528200000, 0x0000000528200000| Untracked 
| 152|0x0000000528400000, 0x0000000528400000, 0x0000000528600000|  0%| F|  |TAMS 0x0000000528400000, 0x0000000528400000| Untracked 
| 153|0x0000000528600000, 0x0000000528600000, 0x0000000528800000|  0%| F|  |TAMS 0x0000000528600000, 0x0000000528600000| Untracked 

Card table byte_map: [0x000001a898d10000,0x000001a899210000] _byte_map_base: 0x000001a896466000

Marking Bits (Prev, Next): (CMBitMap*) 0x000001a881c953b0, (CMBitMap*) 0x000001a881c95370
 Prev Bits: [0x000001a89bf10000, 0x000001a89e710000)
 Next Bits: [0x000001a899710000, 0x000001a89bf10000)

Polling page: 0x000001a881410000

Metaspace:

Usage:
  Non-class:     86.93 MB used.
      Class:     13.86 MB used.
       Both:    100.79 MB used.

Virtual space:
  Non-class space:      128.00 MB reserved,      87.38 MB ( 68%) committed,  2 nodes.
      Class space:      416.00 MB reserved,      14.31 MB (  3%) committed,  1 nodes.
             Both:      544.00 MB reserved,     101.69 MB ( 19%) committed. 

Chunk freelists:
   Non-Class:  8.45 MB
       Class:  1.67 MB
        Both:  10.12 MB

MaxMetaspaceSize: 512.00 MB
CompressedClassSpaceSize: 416.00 MB
Initial GC threshold: 21.00 MB
Current GC threshold: 169.50 MB
CDS: on
MetaspaceReclaimPolicy: balanced
 - commit_granule_bytes: 65536.
 - commit_granule_words: 8192.
 - virtual_space_node_default_size: 8388608.
 - enlarge_chunks_in_place: 1.
 - new_chunks_are_fully_committed: 0.
 - uncommit_free_chunks: 1.
 - use_allocation_guard: 0.
 - handle_deallocations: 1.


Internal statistics:

num_allocs_failed_limit: 6.
num_arena_births: 1318.
num_arena_deaths: 0.
num_vsnodes_births: 3.
num_vsnodes_deaths: 0.
num_space_committed: 1626.
num_space_uncommitted: 0.
num_chunks_returned_to_freelist: 6.
num_chunks_taken_from_freelist: 5588.
num_chunk_merges: 6.
num_chunk_splits: 3653.
num_chunks_enlarged: 2390.
num_purges: 0.
num_inconsistent_stats: 0.

CodeHeap 'non-profiled nmethods': size=120000Kb used=8322Kb max_used=8322Kb free=111677Kb
 bounds [0x000001a890fb0000, 0x000001a8917e0000, 0x000001a8984e0000]
CodeHeap 'profiled nmethods': size=120000Kb used=25118Kb max_used=25118Kb free=94881Kb
 bounds [0x000001a8894e0000, 0x000001a88ad70000, 0x000001a890a10000]
CodeHeap 'non-nmethods': size=5760Kb used=1769Kb max_used=1813Kb free=3990Kb
 bounds [0x000001a890a10000, 0x000001a890c80000, 0x000001a890fb0000]
 total_blobs=13467 nmethods=12598 adapters=781
 compilation: enabled
              stopped_count=0, restarted_count=0
 full_count=0

Compilation events (20 events):
Event: 102.085 Thread 0x000001a8a11216a0 14865       3       com.android.utils.PositionXmlParser$DomBuilder::flushText (114 bytes)
Event: 102.086 Thread 0x000001a8a11216a0 nmethod 14865 0x000001a88ad63610 code [0x000001a88ad63920, 0x000001a88ad64f48]
Event: 102.087 Thread 0x000001a8a1120600 nmethod 14863 0x000001a8917cee90 code [0x000001a8917cf000, 0x000001a8917cf238]
Event: 102.087 Thread 0x000001a8a1120600 14864       4       com.sun.org.apache.xerces.internal.dom.CoreDocumentImpl::createTextNode (10 bytes)
Event: 102.087 Thread 0x000001a8a1120600 nmethod 14864 0x000001a8917cf290 code [0x000001a8917cf420, 0x000001a8917cf518]
Event: 102.088 Thread 0x000001a8a1120600 14866       4       java.lang.AbstractStringBuilder::setLength (66 bytes)
Event: 102.093 Thread 0x000001a8a1120600 nmethod 14866 0x000001a8917cf610 code [0x000001a8917cf7a0, 0x000001a8917cfc78]
Event: 102.132 Thread 0x000001a8a1120600 14867       4       com.sun.org.apache.xerces.internal.util.ParserConfigurationSettings::getFeature (31 bytes)
Event: 102.133 Thread 0x000001a8a1120600 nmethod 14867 0x000001a8917cfe90 code [0x000001a8917d0020, 0x000001a8917d0128]
Event: 102.138 Thread 0x000001a8a1120600 14868   !   4       com.sun.org.apache.xerces.internal.impl.XMLDocumentFragmentScannerImpl$FragmentContentDriver::next (2331 bytes)
Event: 102.157 Thread 0x000001a8a11216a0 14870       1       com.sun.org.apache.xerces.internal.dom.CDATASectionImpl::getNodeType (2 bytes)
Event: 102.157 Thread 0x000001a8a11216a0 nmethod 14870 0x000001a8917d0290 code [0x000001a8917d0420, 0x000001a8917d04f8]
Event: 102.245 Thread 0x000001a8a11216a0 14874 %     3       com.android.ide.common.resources.DataSet::checkItems @ 78 (157 bytes)
Event: 102.247 Thread 0x000001a8a11216a0 nmethod 14874% 0x000001a88ad65610 code [0x000001a88ad65920, 0x000001a88ad66e68]
Event: 102.323 Thread 0x000001a8a11216a0 14875       3       com.sun.org.apache.xerces.internal.util.NamespaceSupport::getDeclaredPrefixAt (19 bytes)
Event: 102.323 Thread 0x000001a8a11216a0 nmethod 14875 0x000001a88ad67410 code [0x000001a88ad675a0, 0x000001a88ad67718]
Event: 102.957 Thread 0x000001a8a11216a0 14876       1       java.util.concurrent.ThreadPoolExecutor::getQueue (5 bytes)
Event: 102.957 Thread 0x000001a8a11216a0 nmethod 14876 0x000001a8917d0590 code [0x000001a8917d0720, 0x000001a8917d07f8]
Event: 103.360 Thread 0x000001a8a11216a0 14877   !   3       com.sun.org.apache.xerces.internal.parsers.AbstractSAXParser::endDocument (46 bytes)
Event: 103.360 Thread 0x000001a8a11216a0 nmethod 14877 0x000001a88ad67810 code [0x000001a88ad679e0, 0x000001a88ad67d08]

GC Heap History (20 events):
Event: 92.560 GC heap after
{Heap after GC invocations=49 (full 0):
 garbage-first heap   total 161792K, used 125358K [0x0000000515400000, 0x00000005b5400000)
  region size 2048K, 1 young (2048K), 1 survivors (2048K)
 Metaspace       used 99502K, committed 100416K, reserved 557056K
  class space    used 13805K, committed 14272K, reserved 425984K
}
Event: 93.200 GC heap before
{Heap before GC invocations=49 (full 0):
 garbage-first heap   total 161792K, used 135598K [0x0000000515400000, 0x00000005b5400000)
  region size 2048K, 7 young (14336K), 1 survivors (2048K)
 Metaspace       used 99519K, committed 100416K, reserved 557056K
  class space    used 13805K, committed 14272K, reserved 425984K
}
Event: 93.202 GC heap after
{Heap after GC invocations=50 (full 0):
 garbage-first heap   total 161792K, used 126399K [0x0000000515400000, 0x00000005b5400000)
  region size 2048K, 1 young (2048K), 1 survivors (2048K)
 Metaspace       used 99519K, committed 100416K, reserved 557056K
  class space    used 13805K, committed 14272K, reserved 425984K
}
Event: 93.420 GC heap before
{Heap before GC invocations=50 (full 0):
 garbage-first heap   total 161792K, used 138687K [0x0000000515400000, 0x00000005b5400000)
  region size 2048K, 7 young (14336K), 1 survivors (2048K)
 Metaspace       used 99526K, committed 100416K, reserved 557056K
  class space    used 13805K, committed 14272K, reserved 425984K
}
Event: 93.422 GC heap after
{Heap after GC invocations=51 (full 0):
 garbage-first heap   total 161792K, used 127347K [0x0000000515400000, 0x00000005b5400000)
  region size 2048K, 1 young (2048K), 1 survivors (2048K)
 Metaspace       used 99526K, committed 100416K, reserved 557056K
  class space    used 13805K, committed 14272K, reserved 425984K
}
Event: 93.505 GC heap before
{Heap before GC invocations=51 (full 0):
 garbage-first heap   total 161792K, used 137587K [0x0000000515400000, 0x00000005b5400000)
  region size 2048K, 6 young (12288K), 1 survivors (2048K)
 Metaspace       used 99528K, committed 100416K, reserved 557056K
  class space    used 13805K, committed 14272K, reserved 425984K
}
Event: 93.512 GC heap after
{Heap after GC invocations=52 (full 0):
 garbage-first heap   total 194560K, used 128316K [0x0000000515400000, 0x00000005b5400000)
  region size 2048K, 1 young (2048K), 1 survivors (2048K)
 Metaspace       used 99528K, committed 100416K, reserved 557056K
  class space    used 13805K, committed 14272K, reserved 425984K
}
Event: 93.915 GC heap before
{Heap before GC invocations=53 (full 0):
 garbage-first heap   total 243712K, used 154940K [0x0000000515400000, 0x00000005b5400000)
  region size 2048K, 15 young (30720K), 1 survivors (2048K)
 Metaspace       used 100937K, committed 101888K, reserved 557056K
  class space    used 13968K, committed 14464K, reserved 425984K
}
Event: 93.919 GC heap after
{Heap after GC invocations=54 (full 0):
 garbage-first heap   total 243712K, used 129898K [0x0000000515400000, 0x00000005b5400000)
  region size 2048K, 2 young (4096K), 2 survivors (4096K)
 Metaspace       used 100937K, committed 101888K, reserved 557056K
  class space    used 13968K, committed 14464K, reserved 425984K
}
Event: 94.038 GC heap before
{Heap before GC invocations=54 (full 0):
 garbage-first heap   total 243712K, used 133994K [0x0000000515400000, 0x00000005b5400000)
  region size 2048K, 5 young (10240K), 2 survivors (4096K)
 Metaspace       used 101192K, committed 102080K, reserved 557056K
  class space    used 14023K, committed 14464K, reserved 425984K
}
Event: 94.043 GC heap after
{Heap after GC invocations=55 (full 0):
 garbage-first heap   total 243712K, used 127261K [0x0000000515400000, 0x00000005b5400000)
  region size 2048K, 1 young (2048K), 1 survivors (2048K)
 Metaspace       used 101192K, committed 102080K, reserved 557056K
  class space    used 14023K, committed 14464K, reserved 425984K
}
Event: 96.686 GC heap before
{Heap before GC invocations=55 (full 0):
 garbage-first heap   total 243712K, used 192797K [0x0000000515400000, 0x00000005b5400000)
  region size 2048K, 34 young (69632K), 1 survivors (2048K)
 Metaspace       used 103025K, committed 103936K, reserved 557056K
  class space    used 14186K, committed 14656K, reserved 425984K
}
Event: 96.695 GC heap after
{Heap after GC invocations=56 (full 0):
 garbage-first heap   total 243712K, used 134576K [0x0000000515400000, 0x00000005b5400000)
  region size 2048K, 5 young (10240K), 5 survivors (10240K)
 Metaspace       used 103025K, committed 103936K, reserved 557056K
  class space    used 14186K, committed 14656K, reserved 425984K
}
Event: 99.729 GC heap before
{Heap before GC invocations=56 (full 0):
 garbage-first heap   total 243712K, used 193968K [0x0000000515400000, 0x00000005b5400000)
  region size 2048K, 35 young (71680K), 5 survivors (10240K)
 Metaspace       used 103179K, committed 104064K, reserved 557056K
  class space    used 14186K, committed 14656K, reserved 425984K
}
Event: 99.741 GC heap after
{Heap after GC invocations=57 (full 0):
 garbage-first heap   total 243712K, used 149662K [0x0000000515400000, 0x00000005b5400000)
  region size 2048K, 5 young (10240K), 5 survivors (10240K)
 Metaspace       used 103179K, committed 104064K, reserved 557056K
  class space    used 14186K, committed 14656K, reserved 425984K
}
Event: 100.373 GC heap before
{Heap before GC invocations=57 (full 0):
 garbage-first heap   total 243712K, used 198814K [0x0000000515400000, 0x00000005b5400000)
  region size 2048K, 27 young (55296K), 5 survivors (10240K)
 Metaspace       used 103193K, committed 104128K, reserved 557056K
  class space    used 14186K, committed 14656K, reserved 425984K
}
Event: 100.389 GC heap after
{Heap after GC invocations=58 (full 0):
 garbage-first heap   total 243712K, used 174822K [0x0000000515400000, 0x00000005b5400000)
  region size 2048K, 4 young (8192K), 4 survivors (8192K)
 Metaspace       used 103193K, committed 104128K, reserved 557056K
  class space    used 14186K, committed 14656K, reserved 425984K
}
Event: 100.855 GC heap before
{Heap before GC invocations=58 (full 0):
 garbage-first heap   total 243712K, used 195302K [0x0000000515400000, 0x00000005b5400000)
  region size 2048K, 14 young (28672K), 4 survivors (8192K)
 Metaspace       used 103200K, committed 104128K, reserved 557056K
  class space    used 14188K, committed 14656K, reserved 425984K
}
Event: 100.863 GC heap after
{Heap after GC invocations=59 (full 0):
 garbage-first heap   total 243712K, used 180724K [0x0000000515400000, 0x00000005b5400000)
  region size 2048K, 2 young (4096K), 2 survivors (4096K)
 Metaspace       used 103200K, committed 104128K, reserved 557056K
  class space    used 14188K, committed 14656K, reserved 425984K
}
Event: 103.399 GC heap before
{Heap before GC invocations=60 (full 0):
 garbage-first heap   total 315392K, used 199156K [0x0000000515400000, 0x00000005b5400000)
  region size 2048K, 11 young (22528K), 2 survivors (4096K)
 Metaspace       used 103205K, committed 104128K, reserved 557056K
  class space    used 14190K, committed 14656K, reserved 425984K
}

Deoptimization events (20 events):
Event: 100.777 Thread 0x000001a8c6260af0 Uncommon trap: trap_request=0xffffff45 fr.pc=0x000001a891780470 relative=0x00000000000005b0
Event: 100.777 Thread 0x000001a8c6260af0 Uncommon trap: reason=unstable_if action=reinterpret pc=0x000001a891780470 method=com.sun.org.apache.xerces.internal.impl.XMLDocumentFragmentScannerImpl.scanDocument(Z)Z @ 14 c2
Event: 100.777 Thread 0x000001a8c6260af0 DEOPT PACKING pc=0x000001a891780470 sp=0x0000000772ffa130
Event: 100.777 Thread 0x000001a8c6260af0 DEOPT UNPACKING pc=0x000001a890a623a3 sp=0x0000000772ffa0e8 mode 2
Event: 100.811 Thread 0x000001a8c6260af0 Uncommon trap: trap_request=0xffffff45 fr.pc=0x000001a891769ee8 relative=0x0000000000000588
Event: 100.811 Thread 0x000001a8c6260af0 Uncommon trap: reason=unstable_if action=reinterpret pc=0x000001a891769ee8 method=com.sun.org.apache.xerces.internal.impl.XMLEntityScanner.scanLiteral(ILcom/sun/org/apache/xerces/internal/xni/XMLString;Z)I @ 44 c2
Event: 100.811 Thread 0x000001a8c6260af0 DEOPT PACKING pc=0x000001a891769ee8 sp=0x0000000772ff9d70
Event: 100.811 Thread 0x000001a8c6260af0 DEOPT UNPACKING pc=0x000001a890a623a3 sp=0x0000000772ff9d18 mode 2
Event: 102.038 Thread 0x000001a8c6260af0 Uncommon trap: trap_request=0xffffff45 fr.pc=0x000001a8917c9870 relative=0x0000000000002570
Event: 102.038 Thread 0x000001a8c6260af0 Uncommon trap: reason=unstable_if action=reinterpret pc=0x000001a8917c9870 method=com.sun.org.apache.xerces.internal.impl.XMLDocumentFragmentScannerImpl$FragmentContentDriver.next()I @ 56 c2
Event: 102.038 Thread 0x000001a8c6260af0 DEOPT PACKING pc=0x000001a8917c9870 sp=0x0000000772ffa050
Event: 102.038 Thread 0x000001a8c6260af0 DEOPT UNPACKING pc=0x000001a890a623a3 sp=0x0000000772ffa038 mode 2
Event: 102.078 Thread 0x000001a8c6260af0 Uncommon trap: trap_request=0xffffff45 fr.pc=0x000001a89172ebf0 relative=0x0000000000000ed0
Event: 102.078 Thread 0x000001a8c6260af0 Uncommon trap: reason=unstable_if action=reinterpret pc=0x000001a89172ebf0 method=com.android.utils.PositionXmlParser$DomBuilder.flushText()V @ 57 c2
Event: 102.078 Thread 0x000001a8c6260af0 DEOPT PACKING pc=0x000001a89172ebf0 sp=0x0000000772ff9f90
Event: 102.078 Thread 0x000001a8c6260af0 DEOPT UNPACKING pc=0x000001a890a623a3 sp=0x0000000772ff9f90 mode 2
Event: 102.141 Thread 0x000001a8c6260af0 DEOPT PACKING pc=0x000001a88ac5db69 sp=0x0000000772ff9de0
Event: 102.141 Thread 0x000001a8c6260af0 DEOPT UNPACKING pc=0x000001a890a62b43 sp=0x0000000772ff9328 mode 0
Event: 102.271 Thread 0x000001a8c6260af0 DEOPT PACKING pc=0x000001a88ac5db69 sp=0x0000000772ff9df0
Event: 102.271 Thread 0x000001a8c6260af0 DEOPT UNPACKING pc=0x000001a890a62b43 sp=0x0000000772ff9318 mode 0

Classes unloaded (0 events):
No events

Classes redefined (0 events):
No events

Internal exceptions (20 events):
Event: 71.170 Thread 0x000001a8c43c47f0 Exception <a 'java/lang/NoSuchMethodError'{0x000000051d795fd0}: static Lorg/jetbrains/kotlin/gradle/plugin/statistics/MetricContainer;.<clinit>()V> (0x000000051d795fd0) 
thrown [s\open\src\hotspot\share\prims\jni.cpp, line 1107]
Event: 71.207 Thread 0x000001a8c6261960 Exception <a 'sun/nio/fs/WindowsException'{0x000000051d7caeb8}> (0x000000051d7caeb8) 
thrown [s\open\src\hotspot\share\prims\jni.cpp, line 516]
Event: 71.336 Thread 0x000001a8c6261960 Exception <a 'java/lang/IncompatibleClassChangeError'{0x000000051d5f84e8}: Found class java.lang.Object, but interface was expected> (0x000000051d5f84e8) 
thrown [s\open\src\hotspot\share\interpreter\linkResolver.cpp, line 826]
Event: 71.509 Thread 0x000001a8c6261960 Exception <a 'java/lang/NoSuchMethodError'{0x000000051f090288}: 'int java.lang.invoke.DirectMethodHandle$Holder.invokeSpecial(java.lang.Object, java.lang.Object, int)'> (0x000000051f090288) 
thrown [s\open\src\hotspot\share\interpreter\linkResolver.cpp, line 759]
Event: 71.658 Thread 0x000001a8c6261960 Implicit null exception at 0x000001a8911d91ce to 0x000001a8911d91f4
Event: 71.769 Thread 0x000001a8c6261960 Exception <a 'sun/nio/fs/WindowsException'{0x000000051edafb90}> (0x000000051edafb90) 
thrown [s\open\src\hotspot\share\prims\jni.cpp, line 516]
Event: 77.828 Thread 0x000001a8c6266190 Implicit null exception at 0x000001a8914882db to 0x000001a891488960
Event: 93.674 Thread 0x000001a8c6261960 Exception <a 'java/lang/NoSuchMethodError'{0x000000052033bef8}: 'int java.lang.invoke.DirectMethodHandle$Holder.invokeStaticInit(java.lang.Object, java.lang.Object, java.lang.Object, java.lang.Object, java.lang.Object)'> (0x000000052033bef8) 
thrown [s\open\src\hotspot\share\interpreter\linkResolver.cpp, line 759]
Event: 93.857 Thread 0x000001a8c6261960 Exception <a 'java/lang/NoSuchMethodError'{0x000000052387cd18}: static Lcom/android/build/gradle/internal/tasks/AarMetadataArtifact;.<clinit>()V> (0x000000052387cd18) 
thrown [s\open\src\hotspot\share\prims\jni.cpp, line 1107]
Event: 93.913 Thread 0x000001a8c6268340 Exception <a 'java/lang/NoSuchMethodError'{0x00000005237d8960}: 'java.lang.Object java.lang.invoke.DirectMethodHandle$Holder.invokeSpecial(java.lang.Object, java.lang.Object, long, java.lang.Object, java.lang.Object, java.lang.Object, java.lang.Object, java.lang.Object, java.lang.Object, java.lang.Object, java.lang.Object, java.lang.Object)'> (0x00000005237d8960) 
thrown [s\open\src\hotspot\share\interpreter\linkResolver.cpp, line 759]
Event: 93.913 Thread 0x000001a8c6268340 Exception <a 'java/lang/NoSuchMethodError'{0x00000005237dd3b8}: 'java.lang.Object java.lang.invoke.DelegatingMethodHandle$Holder.reinvoke_L(java.lang.Object, long, java.lang.Object, java.lang.Object, java.lang.Object, java.lang.Object, java.lang.Object, java.lang.Object, java.lang.Object, java.lang.Object, java.lang.Object)'> (0x00000005237dd3b8) 
thrown [s\open\src\hotspot\share\interpreter\linkResolver.cpp, line 759]
Event: 94.480 Thread 0x000001a8c6260af0 Exception <a 'sun/nio/fs/WindowsException'{0x00000005224230a8}> (0x00000005224230a8) 
thrown [s\open\src\hotspot\share\prims\jni.cpp, line 516]
Event: 94.481 Thread 0x000001a8c6260af0 Exception <a 'sun/nio/fs/WindowsException'{0x0000000522424100}> (0x0000000522424100) 
thrown [s\open\src\hotspot\share\prims\jni.cpp, line 516]
Event: 94.481 Thread 0x000001a8c6260af0 Exception <a 'sun/nio/fs/WindowsException'{0x0000000522424190}> (0x0000000522424190) 
thrown [s\open\src\hotspot\share\prims\jni.cpp, line 516]
Event: 94.481 Thread 0x000001a8c6260af0 Exception <a 'sun/nio/fs/WindowsException'{0x0000000522424438}> (0x0000000522424438) 
thrown [s\open\src\hotspot\share\prims\jni.cpp, line 516]
Event: 94.525 Thread 0x000001a8c6260af0 Exception <a 'sun/nio/fs/WindowsException'{0x00000005222e1a80}> (0x00000005222e1a80) 
thrown [s\open\src\hotspot\share\prims\jni.cpp, line 516]
Event: 94.526 Thread 0x000001a8c6260af0 Exception <a 'sun/nio/fs/WindowsException'{0x00000005222e29c0}> (0x00000005222e29c0) 
thrown [s\open\src\hotspot\share\prims\jni.cpp, line 516]
Event: 94.526 Thread 0x000001a8c6260af0 Exception <a 'sun/nio/fs/WindowsException'{0x00000005222e2a50}> (0x00000005222e2a50) 
thrown [s\open\src\hotspot\share\prims\jni.cpp, line 516]
Event: 94.526 Thread 0x000001a8c6260af0 Exception <a 'sun/nio/fs/WindowsException'{0x00000005222e2d70}> (0x00000005222e2d70) 
thrown [s\open\src\hotspot\share\prims\jni.cpp, line 516]
Event: 94.528 Thread 0x000001a8c6260af0 Exception <a 'sun/nio/fs/WindowsException'{0x00000005222ed460}> (0x00000005222ed460) 
thrown [s\open\src\hotspot\share\prims\jni.cpp, line 516]

VM Operations (20 events):
Event: 96.122 Executing VM operation: Cleanup done
Event: 96.686 Executing VM operation: G1CollectForAllocation
Event: 96.695 Executing VM operation: G1CollectForAllocation done
Event: 97.459 Executing VM operation: HandshakeAllThreads
Event: 97.460 Executing VM operation: HandshakeAllThreads done
Event: 98.460 Executing VM operation: Cleanup
Event: 98.460 Executing VM operation: Cleanup done
Event: 99.728 Executing VM operation: G1CollectForAllocation
Event: 99.741 Executing VM operation: G1CollectForAllocation done
Event: 100.373 Executing VM operation: G1CollectForAllocation
Event: 100.389 Executing VM operation: G1CollectForAllocation done
Event: 100.855 Executing VM operation: G1CollectForAllocation
Event: 100.865 Executing VM operation: G1CollectForAllocation done
Event: 101.018 Executing VM operation: G1Concurrent
Event: 102.026 Executing VM operation: G1Concurrent done
Event: 102.084 Executing VM operation: HandshakeAllThreads
Event: 102.084 Executing VM operation: HandshakeAllThreads done
Event: 102.089 Executing VM operation: G1Concurrent
Event: 102.090 Executing VM operation: G1Concurrent done
Event: 103.399 Executing VM operation: G1CollectForAllocation

Events (20 events):
Event: 97.466 Thread 0x000001a8a1136b50 flushing nmethod 0x000001a8895f8a90
Event: 97.466 Thread 0x000001a8a1136b50 flushing nmethod 0x000001a8895f9790
Event: 97.466 Thread 0x000001a8a1136b50 flushing nmethod 0x000001a889623f10
Event: 97.466 Thread 0x000001a8a1136b50 flushing nmethod 0x000001a889672e10
Event: 97.467 Thread 0x000001a8a1136b50 flushing nmethod 0x000001a889742b90
Event: 97.467 Thread 0x000001a8a1136b50 flushing nmethod 0x000001a889805690
Event: 97.470 Thread 0x000001a8a1136b50 flushing nmethod 0x000001a889bf0810
Event: 97.471 Thread 0x000001a8a1136b50 flushing nmethod 0x000001a889deca10
Event: 97.471 Thread 0x000001a8a1136b50 flushing nmethod 0x000001a889e49190
Event: 97.474 Thread 0x000001a8a1136b50 flushing nmethod 0x000001a88a1f9f90
Event: 97.477 Thread 0x000001a8a1136b50 flushing nmethod 0x000001a88a66f810
Event: 97.478 Thread 0x000001a8a1136b50 flushing nmethod 0x000001a88a8da610
Event: 97.478 Thread 0x000001a8a1136b50 flushing nmethod 0x000001a88a8e3010
Event: 97.479 Thread 0x000001a8a1136b50 flushing nmethod 0x000001a88aa3a190
Event: 99.727 Thread 0x000001a8c67c62f0 Thread added: 0x000001a8c67c62f0
Event: 100.410 Thread 0x000001a8c67c62f0 Thread exited: 0x000001a8c67c62f0
Event: 102.078 loading class com/sun/org/apache/xerces/internal/dom/CDATASectionImpl
Event: 102.079 loading class org/w3c/dom/CDATASection
Event: 102.081 loading class org/w3c/dom/CDATASection done
Event: 102.081 loading class com/sun/org/apache/xerces/internal/dom/CDATASectionImpl done


Dynamic libraries:
0x00007ff6b7f40000 - 0x00007ff6b7f50000 	C:\Program Files\Java\jdk-17\bin\java.exe
0x00007ffeadd60000 - 0x00007ffeadfc7000 	C:\WINDOWS\SYSTEM32\ntdll.dll
0x00007ffeacc90000 - 0x00007ffeacd59000 	C:\WINDOWS\System32\KERNEL32.DLL
0x00007ffeab590000 - 0x00007ffeab97f000 	C:\WINDOWS\System32\KERNELBASE.dll
0x00007ffeaaf70000 - 0x00007ffeab0bb000 	C:\WINDOWS\System32\ucrtbase.dll
0x00007ffe980d0000 - 0x00007ffe980eb000 	C:\Program Files\Java\jdk-17\bin\VCRUNTIME140.dll
0x00007ffe980b0000 - 0x00007ffe980c9000 	C:\Program Files\Java\jdk-17\bin\jli.dll
0x00007ffeacd60000 - 0x00007ffeace14000 	C:\WINDOWS\System32\ADVAPI32.dll
0x00007ffeacbb0000 - 0x00007ffeacc59000 	C:\WINDOWS\System32\msvcrt.dll
0x00007ffeacb00000 - 0x00007ffeacba6000 	C:\WINDOWS\System32\sechost.dll
0x00007ffeadb60000 - 0x00007ffeadc78000 	C:\WINDOWS\System32\RPCRT4.dll
0x00007ffeabe90000 - 0x00007ffeac055000 	C:\WINDOWS\System32\USER32.dll
0x00007ffe85930000 - 0x00007ffe85bc3000 	C:\WINDOWS\WinSxS\amd64_microsoft.windows.common-controls_6595b64144ccf1df_6.0.26100.7309_none_3e05feeae336a044\COMCTL32.dll
0x00007ffeab0c0000 - 0x00007ffeab0e7000 	C:\WINDOWS\System32\win32u.dll
0x00007ffeacc60000 - 0x00007ffeacc8b000 	C:\WINDOWS\System32\GDI32.dll
0x00007ffeab3d0000 - 0x00007ffeab4fc000 	C:\WINDOWS\System32\gdi32full.dll
0x00007ffe8e110000 - 0x00007ffe8e11b000 	C:\WINDOWS\SYSTEM32\VERSION.dll
0x00007ffeab320000 - 0x00007ffeab3c3000 	C:\WINDOWS\System32\msvcp_win.dll
0x00007ffeadce0000 - 0x00007ffeadd11000 	C:\WINDOWS\System32\IMM32.DLL
0x00007ffe99540000 - 0x00007ffe9954c000 	C:\Program Files\Java\jdk-17\bin\vcruntime140_1.dll
0x00007ffe70370000 - 0x00007ffe703fe000 	C:\Program Files\Java\jdk-17\bin\msvcp140.dll
0x00007ffe11c10000 - 0x00007ffe127ee000 	C:\Program Files\Java\jdk-17\bin\server\jvm.dll
0x00007ffead000000 - 0x00007ffead008000 	C:\WINDOWS\System32\PSAPI.DLL
0x00007ffe97e00000 - 0x00007ffe97e0a000 	C:\WINDOWS\SYSTEM32\WSOCK32.dll
0x00007ffea0920000 - 0x00007ffea0955000 	C:\WINDOWS\SYSTEM32\WINMM.dll
0x00007ffead620000 - 0x00007ffead694000 	C:\WINDOWS\System32\WS2_32.dll
0x00007ffea9c20000 - 0x00007ffea9c3b000 	C:\WINDOWS\SYSTEM32\kernel.appcore.dll
0x00007ffe98260000 - 0x00007ffe9826a000 	C:\Program Files\Java\jdk-17\bin\jimage.dll
0x00007ffea8570000 - 0x00007ffea87b2000 	C:\WINDOWS\SYSTEM32\DBGHELP.DLL
0x00007ffeabb00000 - 0x00007ffeabe86000 	C:\WINDOWS\System32\combase.dll
0x00007ffeacf20000 - 0x00007ffeacff6000 	C:\WINDOWS\System32\OLEAUT32.dll
0x00007ffe81cd0000 - 0x00007ffe81d0c000 	C:\WINDOWS\SYSTEM32\dbgcore.DLL
0x00007ffeab270000 - 0x00007ffeab315000 	C:\WINDOWS\System32\bcryptPrimitives.dll
0x00007ffea2d30000 - 0x00007ffea2d3e000 	C:\Program Files\Java\jdk-17\bin\instrument.dll
0x00007ffe96a20000 - 0x00007ffe96a45000 	C:\Program Files\Java\jdk-17\bin\java.dll
0x00007ffe606a0000 - 0x00007ffe60777000 	C:\Program Files\Java\jdk-17\bin\jsvml.dll
0x00007ffeac060000 - 0x00007ffeac7b3000 	C:\WINDOWS\System32\SHELL32.dll
0x00007ffeab990000 - 0x00007ffeabafa000 	C:\WINDOWS\System32\wintypes.dll
0x00007ffea8a70000 - 0x00007ffea92ce000 	C:\WINDOWS\SYSTEM32\windows.storage.dll
0x00007ffeace20000 - 0x00007ffeacf14000 	C:\WINDOWS\System32\SHCORE.dll
0x00007ffead6f0000 - 0x00007ffead756000 	C:\WINDOWS\System32\shlwapi.dll
0x00007ffeaadd0000 - 0x00007ffeaadf9000 	C:\WINDOWS\SYSTEM32\profapi.dll
0x00007ffe94040000 - 0x00007ffe94058000 	C:\Program Files\Java\jdk-17\bin\zip.dll
0x00007ffe94080000 - 0x00007ffe94099000 	C:\Program Files\Java\jdk-17\bin\net.dll
0x00007ffea0500000 - 0x00007ffea0628000 	C:\WINDOWS\SYSTEM32\WINHTTP.dll
0x00007ffeaa170000 - 0x00007ffeaa1db000 	C:\WINDOWS\system32\mswsock.dll
0x00007ffe94060000 - 0x00007ffe94076000 	C:\Program Files\Java\jdk-17\bin\nio.dll
0x00007ffe980a0000 - 0x00007ffe980b0000 	C:\Program Files\Java\jdk-17\bin\verify.dll
0x00007ffe93c10000 - 0x00007ffe93c37000 	C:\Users\Lenovo\.gradle\native\c067742578af261105cb4f569cf0c3c89f3d7b1fecec35dd04571415982c5e48\windows-amd64\native-platform.dll
0x00007ffe631a0000 - 0x00007ffe632e4000 	C:\Users\Lenovo\.gradle\native\100fb08df4bc3b14c8652ba06237920a3bd2aa13389f12d3474272988ae205f9\windows-amd64\native-platform-file-events.dll
0x00007ffe94030000 - 0x00007ffe9403a000 	C:\Program Files\Java\jdk-17\bin\management.dll
0x00007ffe93f80000 - 0x00007ffe93f8b000 	C:\Program Files\Java\jdk-17\bin\management_ext.dll
0x00007ffeaa560000 - 0x00007ffeaa57b000 	C:\WINDOWS\SYSTEM32\CRYPTSP.dll
0x00007ffea9b80000 - 0x00007ffea9bba000 	C:\WINDOWS\system32\rsaenh.dll
0x00007ffeaa220000 - 0x00007ffeaa24b000 	C:\WINDOWS\SYSTEM32\USERENV.dll
0x00007ffeaada0000 - 0x00007ffeaadca000 	C:\WINDOWS\SYSTEM32\bcrypt.dll
0x00007ffeaa3c0000 - 0x00007ffeaa3cc000 	C:\WINDOWS\SYSTEM32\CRYPTBASE.dll
0x00007ffea9610000 - 0x00007ffea9644000 	C:\WINDOWS\SYSTEM32\IPHLPAPI.DLL
0x00007ffeadb50000 - 0x00007ffeadb5a000 	C:\WINDOWS\System32\NSI.dll
0x00007ffea0660000 - 0x00007ffea067e000 	C:\WINDOWS\SYSTEM32\dhcpcsvc6.DLL
0x00007ffea0630000 - 0x00007ffea0653000 	C:\WINDOWS\SYSTEM32\dhcpcsvc.DLL
0x00007ffea9700000 - 0x00007ffea982c000 	C:\WINDOWS\SYSTEM32\DNSAPI.dll
0x00007ffea2d20000 - 0x00007ffea2d2e000 	C:\Program Files\Java\jdk-17\bin\sunmscapi.dll
0x00007ffeab0f0000 - 0x00007ffeab267000 	C:\WINDOWS\System32\CRYPT32.dll
0x00007ffeaa6b0000 - 0x00007ffeaa6e0000 	C:\WINDOWS\SYSTEM32\ncrypt.dll
0x00007ffeaa660000 - 0x00007ffeaa69f000 	C:\WINDOWS\SYSTEM32\NTASN1.dll
0x00007ffe70fe0000 - 0x00007ffe70fe8000 	C:\WINDOWS\system32\wshunix.dll
0x00007ffe7fba0000 - 0x00007ffe7fbb8000 	C:\WINDOWS\system32\napinsp.dll
0x00007ffe7fb80000 - 0x00007ffe7fb92000 	C:\WINDOWS\System32\winrnr.dll
0x00007ffe7fb50000 - 0x00007ffe7fb72000 	C:\WINDOWS\system32\nlansp_c.dll
0x00007ffe7fb30000 - 0x00007ffe7fb46000 	C:\WINDOWS\system32\wshbth.dll
0x00007ffea0690000 - 0x00007ffea069b000 	C:\Windows\System32\rasadhlp.dll
0x00007ffea07d0000 - 0x00007ffea0856000 	C:\WINDOWS\System32\fwpuclnt.dll

dbghelp: loaded successfully - version: 4.0.5 - missing functions: none
symbol engine: initialized successfully - sym options: 0x614 - pdb path: .;C:\Program Files\Java\jdk-17\bin;C:\WINDOWS\SYSTEM32;C:\WINDOWS\WinSxS\amd64_microsoft.windows.common-controls_6595b64144ccf1df_6.0.26100.7309_none_3e05feeae336a044;C:\Program Files\Java\jdk-17\bin\server;C:\Users\Lenovo\.gradle\native\c067742578af261105cb4f569cf0c3c89f3d7b1fecec35dd04571415982c5e48\windows-amd64;C:\Users\Lenovo\.gradle\native\100fb08df4bc3b14c8652ba06237920a3bd2aa13389f12d3474272988ae205f9\windows-amd64

VM Arguments:
jvm_args: --add-opens=java.base/java.lang=ALL-UNNAMED --add-opens=java.base/java.lang.invoke=ALL-UNNAMED --add-opens=java.base/java.util=ALL-UNNAMED --add-opens=java.prefs/java.util.prefs=ALL-UNNAMED --add-exports=jdk.compiler/com.sun.tools.javac.api=ALL-UNNAMED --add-exports=jdk.compiler/com.sun.tools.javac.util=ALL-UNNAMED --add-opens=java.base/java.util=ALL-UNNAMED --add-opens=java.prefs/java.util.prefs=ALL-UNNAMED --add-opens=java.base/java.nio.charset=ALL-UNNAMED --add-opens=java.base/java.net=ALL-UNNAMED --add-opens=java.base/java.util.concurrent.atomic=ALL-UNNAMED --add-opens=java.xml/javax.xml.namespace=ALL-UNNAMED -XX:MaxMetaspaceSize=512m -Xmx2560m -Dfile.encoding=UTF-8 -Duser.country=FR -Duser.language=fr -Duser.variant -javaagent:C:\Users\Lenovo\.gradle\wrapper\dists\gradle-8.11.1-bin\bpt9gzteqjrbo1mjrsomdt32c\gradle-8.11.1\lib\agents\gradle-instrumentation-agent-8.11.1.jar 
java_command: org.gradle.launcher.daemon.bootstrap.GradleDaemon 8.11.1
java_class_path (initial): C:\Users\Lenovo\.gradle\wrapper\dists\gradle-8.11.1-bin\bpt9gzteqjrbo1mjrsomdt32c\gradle-8.11.1\lib\gradle-daemon-main-8.11.1.jar
Launcher Type: SUN_STANDARD

[Global flags]
     intx CICompilerCount                          = 4                                         {product} {ergonomic}
   size_t CompressedClassSpaceSize                 = 436207616                                 {product} {ergonomic}
     uint ConcGCThreads                            = 2                                         {product} {ergonomic}
     uint G1ConcRefinementThreads                  = 8                                         {product} {ergonomic}
   size_t G1HeapRegionSize                         = 2097152                                   {product} {ergonomic}
    uintx GCDrainStackTargetSize                   = 64                                        {product} {ergonomic}
   size_t InitialHeapSize                          = 130023424                                 {product} {ergonomic}
   size_t MarkStackSize                            = 4194304                                   {product} {ergonomic}
   size_t MaxHeapSize                              = 2684354560                                {product} {command line}
   size_t MaxMetaspaceSize                         = 536870912                                 {product} {command line}
   size_t MaxNewSize                               = 1610612736                                {product} {ergonomic}
   size_t MinHeapDeltaBytes                        = 2097152                                   {product} {ergonomic}
   size_t MinHeapSize                              = 8388608                                   {product} {ergonomic}
    uintx NonNMethodCodeHeapSize                   = 5839372                                {pd product} {ergonomic}
    uintx NonProfiledCodeHeapSize                  = 122909434                              {pd product} {ergonomic}
    uintx ProfiledCodeHeapSize                     = 122909434                              {pd product} {ergonomic}
    uintx ReservedCodeCacheSize                    = 251658240                              {pd product} {ergonomic}
     bool SegmentedCodeCache                       = true                                      {product} {ergonomic}
   size_t SoftMaxHeapSize                          = 2684354560                             {manageable} {ergonomic}
     bool UseCompressedClassPointers               = true                           {product lp64_product} {ergonomic}
     bool UseCompressedOops                        = true                           {product lp64_product} {ergonomic}
     bool UseG1GC                                  = true                                      {product} {ergonomic}
     bool UseLargePagesIndividualAllocation        = false                                  {pd product} {ergonomic}

Logging:
Log output configuration:
 #0: stdout all=warning uptime,level,tags
 #1: stderr all=off uptime,level,tags

Environment Variables:
JAVA_HOME=C:\Program Files\Java\jdk-17
CLASSPATH=C:\Users\Lenovo\Desktop\yosra merge android\MergeFront\DarnaFrontAndroid\\gradle\wrapper\gradle-wrapper.jar
PATH=C:\Program Files\Common Files\Oracle\Java\javapath;C:\WINDOWS\system32;C:\WINDOWS;C:\WINDOWS\System32\Wbem;C:\WINDOWS\System32\WindowsPowerShell\v1.0\;C:\WINDOWS\System32\OpenSSH\;C:\ProgramData\ComposerSetup\bin;C:\xampp\php;C:\Program Files\Git\cmd;C:\Program Files\nodejs\;C:\Program Files\Docker\Docker\resources\bin;C:\Program Files\cursor\resources\app\bin;C:\Program Files\Vagrant\bin;C:\src\flutter\bin;C:\Users\Lenovo\AppData\Local\Programs\Python\Python314\Scripts\;C:\Users\Lenovo\AppData\Local\Programs\Python\Python314\;C:\Users\Lenovo\scoop\shims;C:\Users\Lenovo\AppData\Local\Microsoft\WindowsApps;C:\Users\Lenovo\AppData\Local\JetBrains\IntelliJ IDEA 2024.3.2.2\bin;;C:\Users\Lenovo\AppData\Local\Programs\Microsoft VS Code\bin;C:\Users\Lenovo\AppData\Roaming\Composer\vendor\bin;C:\Users\Lenovo\AppData\Roaming\npm;C:\Program Files (x86)\MongoDB Atlas CLI\;C:\Users\Lenovo\AppData\Local\Programs\mongosh\;C:\Users\Lenovo\AppData\Local\Programs\Qoder\bin;C:\Users\Lenovo\AppData\Local\Programs\Antigravity\bin;C:\Users\Lenovo\AppData\Local\Programs\Windsurf\bin
USERNAME=Lenovo
LANG=en_US.UTF-8
OS=Windows_NT
PROCESSOR_IDENTIFIER=Intel64 Family 6 Model 154 Stepping 4, GenuineIntel



---------------  S Y S T E M  ---------------

OS:
 Windows 11 , 64 bit Build 26100 (10.0.26100.7309)
OS uptime: 1 days 0:46 hours
Hyper-V role detected

CPU: total 8 (initial active 8) (4 cores per cpu, 2 threads per core) family 6 model 154 stepping 4 microcode 0x424, cx8, cmov, fxsr, ht, mmx, 3dnowpref, sse, sse2, sse3, ssse3, sse4.1, sse4.2, popcnt, lzcnt, tsc, tscinvbit, avx, avx2, aes, erms, clmul, bmi1, bmi2, adx, sha, fma, vzeroupper, clflush, clflushopt, clwb, hv

Memory: 4k page, system-wide physical 7916M (317M free)
TotalPageFile size 32492M (AvailPageFile size 1M)
current process WorkingSet (physical memory assigned to process): 388M, peak: 401M
current process commit charge ("private bytes"): 683M, peak: 683M

vm_info: Java HotSpot(TM) 64-Bit Server VM (17.0.8+9-LTS-211) for windows-amd64 JRE (17.0.8+9-LTS-211), built on Jun 14 2023 10:34:31 by "mach5one" with MS VC++ 17.1 (VS2022)

END.
