#
# There is insufficient memory for the Java Runtime Environment to continue.
# Native memory allocation (malloc) failed to allocate 1982304 bytes. Error detail: Chunk::new
# Possible reasons:
#   The system is out of physical RAM or swap space
#   This process is running with CompressedOops enabled, and the Java Heap may be blocking the growth of the native heap
# Possible solutions:
#   Reduce memory load on the system
#   Increase physical memory or swap space
#   Check if swap backing store is full
#   Decrease Java heap size (-Xmx/-Xms)
#   Decrease number of Java threads
#   Decrease Java thread stack sizes (-Xss)
#   Set larger code cache with -XX:ReservedCodeCacheSize=
#   JVM is running with Unscaled Compressed Oops mode in which the Java heap is
#     placed in the first 4GB address space. The Java Heap base address is the
#     maximum limit for the native heap growth. Please use -XX:HeapBaseMinAddress
#     to set the Java Heap base and to place the Java Heap above 4GB virtual address.
# This output file may be truncated or incomplete.
#
#  Out of Memory Error (arena.cpp:168), pid=26344, tid=11336
#
# JRE version: OpenJDK Runtime Environment (21.0.8) (build 21.0.8+-14018985-b1038.68)
# Java VM: OpenJDK 64-Bit Server VM (21.0.8+-14018985-b1038.68, mixed mode, tiered, compressed oops, compressed class ptrs, g1 gc, windows-amd64)
# No core dump will be written. Minidumps are not enabled by default on client versions of Windows
#

---------------  S U M M A R Y ------------

Command Line: --add-opens=java.base/java.lang=ALL-UNNAMED --add-opens=java.base/java.lang.invoke=ALL-UNNAMED --add-opens=java.base/java.util=ALL-UNNAMED --add-opens=java.prefs/java.util.prefs=ALL-UNNAMED --add-exports=jdk.compiler/com.sun.tools.javac.api=ALL-UNNAMED --add-exports=jdk.compiler/com.sun.tools.javac.util=ALL-UNNAMED --add-opens=java.base/java.util=ALL-UNNAMED --add-opens=java.prefs/java.util.prefs=ALL-UNNAMED --add-opens=java.base/java.nio.charset=ALL-UNNAMED --add-opens=java.base/java.net=ALL-UNNAMED --add-opens=java.base/java.util.concurrent.atomic=ALL-UNNAMED --add-opens=java.xml/javax.xml.namespace=ALL-UNNAMED -Xmx2048m -Dfile.encoding=UTF-8 -Duser.country=FR -Duser.language=fr -Duser.variant -javaagent:C:\Users\Lenovo\.gradle\wrapper\dists\gradle-8.11.1-bin\bpt9gzteqjrbo1mjrsomdt32c\gradle-8.11.1\lib\agents\gradle-instrumentation-agent-8.11.1.jar org.gradle.launcher.daemon.bootstrap.GradleDaemon 8.11.1

Host: 12th Gen Intel(R) Core(TM) i3-1215U, 8 cores, 7G,  Windows 11 , 64 bit Build 26100 (10.0.26100.7019)
Time: Sat Nov 29 20:46:54 2025 Paris, Madrid elapsed time: 11.047764 seconds (0d 0h 0m 11s)

---------------  T H R E A D  ---------------

Current thread (0x0000010c4dc6d5a0):  JavaThread "C2 CompilerThread0" daemon [_thread_in_native, id=11336, stack(0x00000009ea200000,0x00000009ea300000) (1024K)]


Current CompileTask:
C2:11047 6027       4       java.lang.invoke.InvokerBytecodeGenerator::addMethod (725 bytes)

Stack: [0x00000009ea200000,0x00000009ea300000]
Native frames: (J=compiled Java code, j=interpreted, Vv=VM code, C=native code)
V  [jvm.dll+0x6d68d9]
V  [jvm.dll+0x866693]
V  [jvm.dll+0x868c4e]
V  [jvm.dll+0x869333]
V  [jvm.dll+0x280566]
V  [jvm.dll+0xc07cd]
V  [jvm.dll+0xc0d03]
V  [jvm.dll+0x3b961b]
V  [jvm.dll+0x385507]
V  [jvm.dll+0x38497a]
V  [jvm.dll+0x249252]
V  [jvm.dll+0x248821]
V  [jvm.dll+0x1c73a4]
V  [jvm.dll+0x257f9e]
V  [jvm.dll+0x2564e6]
V  [jvm.dll+0x3f4696]
V  [jvm.dll+0x80eac8]
V  [jvm.dll+0x6d512d]
C  [ucrtbase.dll+0x37b0]
C  [KERNEL32.DLL+0x2e8d7]
C  [ntdll.dll+0x8c53c]


---------------  P R O C E S S  ---------------

Threads class SMR info:
_java_thread_list=0x0000010c55794d00, length=59, elements={
0x0000010c340a8c30, 0x0000010c4dc36a40, 0x0000010c4dc4d9f0, 0x0000010c4dc4e450,
0x0000010c4dc68240, 0x0000010c4dc68ca0, 0x0000010c4dc69700, 0x0000010c4dc6a160,
0x0000010c4dc6d5a0, 0x0000010c4dc6e040, 0x0000010c4df6dc10, 0x0000010c530b9070,
0x0000010c52e5ae70, 0x0000010c53f51450, 0x0000010c53f14b10, 0x0000010c53f15180,
0x0000010c53eb5810, 0x0000010c53edb690, 0x0000010c53edd0d0, 0x0000010c53edca40,
0x0000010c53edb000, 0x0000010c53edbd20, 0x0000010c53edd760, 0x0000010c53edddf0,
0x0000010c53edc3b0, 0x0000010c54cfb0d0, 0x0000010c54cfbdf0, 0x0000010c54cfc480,
0x0000010c54cfd830, 0x0000010c54cfd1a0, 0x0000010c54cfa3b0, 0x0000010c54cfaa40,
0x0000010c54cfcb10, 0x0000010c54cfb760, 0x0000010c54e9d4a0, 0x0000010c54e9e850,
0x0000010c54e9db30, 0x0000010c54e9e1c0, 0x0000010c54e9eee0, 0x0000010c54e9f570,
0x0000010c54ea1640, 0x0000010c54ea1cd0, 0x0000010c54ea0290, 0x0000010c54ea3da0,
0x0000010c54ea3710, 0x0000010c54ea0fb0, 0x0000010c54ea2360, 0x0000010c54ea29f0,
0x0000010c54ea0920, 0x0000010c54ea4430, 0x0000010c54ea3080, 0x0000010c557e54d0,
0x0000010c557e2d70, 0x0000010c557e4120, 0x0000010c557e47b0, 0x0000010c557e4e40,
0x0000010c557e3a90, 0x0000010c557e26e0, 0x0000010c56890290
}

Java Threads: ( => current thread )
  0x0000010c340a8c30 JavaThread "main"                              [_thread_blocked, id=17948, stack(0x00000009e9300000,0x00000009e9400000) (1024K)]
  0x0000010c4dc36a40 JavaThread "Common-Cleaner"             daemon [_thread_blocked, id=3052, stack(0x00000009e9b00000,0x00000009e9c00000) (1024K)]
  0x0000010c4dc4d9f0 JavaThread "Reference Handler"          daemon [_thread_blocked, id=31500, stack(0x00000009e9c00000,0x00000009e9d00000) (1024K)]
  0x0000010c4dc4e450 JavaThread "Finalizer"                  daemon [_thread_blocked, id=2120, stack(0x00000009e9d00000,0x00000009e9e00000) (1024K)]
  0x0000010c4dc68240 JavaThread "Signal Dispatcher"          daemon [_thread_blocked, id=3632, stack(0x00000009e9e00000,0x00000009e9f00000) (1024K)]
  0x0000010c4dc68ca0 JavaThread "Attach Listener"            daemon [_thread_blocked, id=15940, stack(0x00000009e9f00000,0x00000009ea000000) (1024K)]
  0x0000010c4dc69700 JavaThread "Service Thread"             daemon [_thread_blocked, id=5064, stack(0x00000009ea000000,0x00000009ea100000) (1024K)]
  0x0000010c4dc6a160 JavaThread "Monitor Deflation Thread"   daemon [_thread_blocked, id=27936, stack(0x00000009ea100000,0x00000009ea200000) (1024K)]
=>0x0000010c4dc6d5a0 JavaThread "C2 CompilerThread0"         daemon [_thread_in_native, id=11336, stack(0x00000009ea200000,0x00000009ea300000) (1024K)]
  0x0000010c4dc6e040 JavaThread "C1 CompilerThread0"         daemon [_thread_blocked, id=22892, stack(0x00000009ea300000,0x00000009ea400000) (1024K)]
  0x0000010c4df6dc10 JavaThread "Notification Thread"        daemon [_thread_blocked, id=10868, stack(0x00000009ea400000,0x00000009ea500000) (1024K)]
  0x0000010c530b9070 JavaThread "Daemon health stats"               [_thread_blocked, id=21572, stack(0x00000009eab00000,0x00000009eac00000) (1024K)]
  0x0000010c52e5ae70 JavaThread "Incoming local TCP Connector on port 51385"        [_thread_in_native, id=20572, stack(0x00000009eac00000,0x00000009ead00000) (1024K)]
  0x0000010c53f51450 JavaThread "Daemon periodic checks"            [_thread_blocked, id=2272, stack(0x00000009ead00000,0x00000009eae00000) (1024K)]
  0x0000010c53f14b10 JavaThread "Daemon"                            [_thread_blocked, id=6524, stack(0x00000009eae00000,0x00000009eaf00000) (1024K)]
  0x0000010c53f15180 JavaThread "Handler for socket connection from /127.0.0.1:51385 to /127.0.0.1:51387"        [_thread_in_native, id=844, stack(0x00000009eaf00000,0x00000009eb000000) (1024K)]
  0x0000010c53eb5810 JavaThread "Cancel handler"                    [_thread_blocked, id=27128, stack(0x00000009eb000000,0x00000009eb100000) (1024K)]
  0x0000010c53edb690 JavaThread "Daemon worker"                     [_thread_in_native, id=23984, stack(0x00000009eb100000,0x00000009eb200000) (1024K)]
  0x0000010c53edd0d0 JavaThread "Asynchronous log dispatcher for DefaultDaemonConnection: socket connection from /127.0.0.1:51385 to /127.0.0.1:51387"        [_thread_blocked, id=15968, stack(0x00000009eb200000,0x00000009eb300000) (1024K)]
  0x0000010c53edca40 JavaThread "Stdin handler"                     [_thread_blocked, id=30752, stack(0x00000009eb300000,0x00000009eb400000) (1024K)]
  0x0000010c53edb000 JavaThread "Daemon client event forwarder"        [_thread_blocked, id=20648, stack(0x00000009eb700000,0x00000009eb800000) (1024K)]
  0x0000010c53edbd20 JavaThread "Cache worker for journal cache (C:\Users\Lenovo\.gradle\caches\journal-1)"        [_thread_blocked, id=16296, stack(0x00000009eb800000,0x00000009eb900000) (1024K)]
  0x0000010c53edd760 JavaThread "File lock request listener"        [_thread_in_native, id=31652, stack(0x00000009eb900000,0x00000009eba00000) (1024K)]
  0x0000010c53edddf0 JavaThread "Cache worker for file hash cache (C:\Users\Lenovo\.gradle\caches\8.11.1\fileHashes)"        [_thread_blocked, id=21432, stack(0x00000009eba00000,0x00000009ebb00000) (1024K)]
  0x0000010c53edc3b0 JavaThread "Cache worker for file content cache (C:\Users\Lenovo\.gradle\caches\8.11.1\fileContent)"        [_thread_blocked, id=4936, stack(0x00000009ebb00000,0x00000009ebc00000) (1024K)]
  0x0000010c54cfb0d0 JavaThread "Cache worker for file hash cache (C:\Users\Lenovo\Desktop\YOSRA YOSRA\DarnaFrontAndroid-main\.gradle\8.11.1\fileHashes)"        [_thread_blocked, id=6620, stack(0x00000009ebc00000,0x00000009ebd00000) (1024K)]
  0x0000010c54cfbdf0 JavaThread "Cache worker for Build Output Cleanup Cache (C:\Users\Lenovo\Desktop\YOSRA YOSRA\DarnaFrontAndroid-main\.gradle\buildOutputCleanup)"        [_thread_blocked, id=16848, stack(0x00000009ebd00000,0x00000009ebe00000) (1024K)]
  0x0000010c54cfc480 JavaThread "File watcher server"        daemon [_thread_in_native, id=9396, stack(0x00000009ebe00000,0x00000009ebf00000) (1024K)]
  0x0000010c54cfd830 JavaThread "File watcher consumer"      daemon [_thread_blocked, id=26196, stack(0x00000009ebf00000,0x00000009ec000000) (1024K)]
  0x0000010c54cfd1a0 JavaThread "jar transforms"                    [_thread_blocked, id=15328, stack(0x00000009ec000000,0x00000009ec100000) (1024K)]
  0x0000010c54cfa3b0 JavaThread "jar transforms Thread 2"           [_thread_blocked, id=30924, stack(0x00000009ec100000,0x00000009ec200000) (1024K)]
  0x0000010c54cfaa40 JavaThread "jar transforms Thread 3"           [_thread_blocked, id=20904, stack(0x00000009ec200000,0x00000009ec300000) (1024K)]
  0x0000010c54cfcb10 JavaThread "jar transforms Thread 4"           [_thread_blocked, id=27792, stack(0x00000009ec300000,0x00000009ec400000) (1024K)]
  0x0000010c54cfb760 JavaThread "jar transforms Thread 5"           [_thread_blocked, id=8628, stack(0x00000009ec400000,0x00000009ec500000) (1024K)]
  0x0000010c54e9d4a0 JavaThread "jar transforms Thread 6"           [_thread_blocked, id=31252, stack(0x00000009ec500000,0x00000009ec600000) (1024K)]
  0x0000010c54e9e850 JavaThread "jar transforms Thread 7"           [_thread_blocked, id=11396, stack(0x00000009ec600000,0x00000009ec700000) (1024K)]
  0x0000010c54e9db30 JavaThread "jar transforms Thread 8"           [_thread_blocked, id=10048, stack(0x00000009ec700000,0x00000009ec800000) (1024K)]
  0x0000010c54e9e1c0 JavaThread "Cache worker for checksums cache (C:\Users\Lenovo\Desktop\YOSRA YOSRA\DarnaFrontAndroid-main\.gradle\8.11.1\checksums)"        [_thread_blocked, id=2580, stack(0x00000009ea500000,0x00000009ea600000) (1024K)]
  0x0000010c54e9eee0 JavaThread "Cache worker for cache directory md-rule (C:\Users\Lenovo\.gradle\caches\8.11.1\md-rule)"        [_thread_blocked, id=31080, stack(0x00000009ec800000,0x00000009ec900000) (1024K)]
  0x0000010c54e9f570 JavaThread "Cache worker for cache directory md-supplier (C:\Users\Lenovo\.gradle\caches\8.11.1\md-supplier)"        [_thread_blocked, id=3788, stack(0x00000009eca00000,0x00000009ecb00000) (1024K)]
  0x0000010c54ea1640 JavaThread "Unconstrained build operations"        [_thread_blocked, id=19412, stack(0x00000009ecb00000,0x00000009ecc00000) (1024K)]
  0x0000010c54ea1cd0 JavaThread "Unconstrained build operations Thread 2"        [_thread_blocked, id=27776, stack(0x00000009ecc00000,0x00000009ecd00000) (1024K)]
  0x0000010c54ea0290 JavaThread "Unconstrained build operations Thread 3"        [_thread_blocked, id=29732, stack(0x00000009ecd00000,0x00000009ece00000) (1024K)]
  0x0000010c54ea3da0 JavaThread "Unconstrained build operations Thread 4"        [_thread_blocked, id=9252, stack(0x00000009ece00000,0x00000009ecf00000) (1024K)]
  0x0000010c54ea3710 JavaThread "Unconstrained build operations Thread 5"        [_thread_blocked, id=28860, stack(0x00000009ecf00000,0x00000009ed000000) (1024K)]
  0x0000010c54ea0fb0 JavaThread "Unconstrained build operations Thread 6"        [_thread_blocked, id=18088, stack(0x00000009ed000000,0x00000009ed100000) (1024K)]
  0x0000010c54ea2360 JavaThread "Unconstrained build operations Thread 7"        [_thread_blocked, id=12684, stack(0x00000009ed100000,0x00000009ed200000) (1024K)]
  0x0000010c54ea29f0 JavaThread "Unconstrained build operations Thread 8"        [_thread_blocked, id=9752, stack(0x00000009ed200000,0x00000009ed300000) (1024K)]
  0x0000010c54ea0920 JavaThread "Unconstrained build operations Thread 9"        [_thread_blocked, id=20704, stack(0x00000009ed300000,0x00000009ed400000) (1024K)]
  0x0000010c54ea4430 JavaThread "Unconstrained build operations Thread 10"        [_thread_blocked, id=13356, stack(0x00000009ed400000,0x00000009ed500000) (1024K)]
  0x0000010c54ea3080 JavaThread "Unconstrained build operations Thread 11"        [_thread_blocked, id=18604, stack(0x00000009ed500000,0x00000009ed600000) (1024K)]
  0x0000010c557e54d0 JavaThread "Unconstrained build operations Thread 12"        [_thread_blocked, id=27744, stack(0x00000009ed600000,0x00000009ed700000) (1024K)]
  0x0000010c557e2d70 JavaThread "Unconstrained build operations Thread 13"        [_thread_blocked, id=20660, stack(0x00000009ed700000,0x00000009ed800000) (1024K)]
  0x0000010c557e4120 JavaThread "Unconstrained build operations Thread 14"        [_thread_blocked, id=19964, stack(0x00000009ed800000,0x00000009ed900000) (1024K)]
  0x0000010c557e47b0 JavaThread "Unconstrained build operations Thread 15"        [_thread_blocked, id=31728, stack(0x00000009ed900000,0x00000009eda00000) (1024K)]
  0x0000010c557e4e40 JavaThread "Unconstrained build operations Thread 16"        [_thread_blocked, id=14012, stack(0x00000009eda00000,0x00000009edb00000) (1024K)]
  0x0000010c557e3a90 JavaThread "Unconstrained build operations Thread 17"        [_thread_blocked, id=5196, stack(0x00000009edb00000,0x00000009edc00000) (1024K)]
  0x0000010c557e26e0 JavaThread "Unconstrained build operations Thread 18"        [_thread_blocked, id=24164, stack(0x00000009edc00000,0x00000009edd00000) (1024K)]
  0x0000010c56890290 JavaThread "C2 CompilerThread1"         daemon [_thread_in_native, id=7612, stack(0x00000009ec900000,0x00000009eca00000) (1024K)]
Total: 59

Other Threads:
  0x0000010c4d85cfa0 VMThread "VM Thread"                           [id=15804, stack(0x00000009e9a00000,0x00000009e9b00000) (1024K)]
  0x0000010c4d805720 WatcherThread "VM Periodic Task Thread"        [id=26836, stack(0x00000009e9900000,0x00000009e9a00000) (1024K)]
  0x0000010c3416e060 WorkerThread "GC Thread#0"                     [id=16844, stack(0x00000009e9400000,0x00000009e9500000) (1024K)]
  0x0000010c521f6e70 WorkerThread "GC Thread#1"                     [id=12112, stack(0x00000009ea600000,0x00000009ea700000) (1024K)]
  0x0000010c524756d0 WorkerThread "GC Thread#2"                     [id=5184, stack(0x00000009ea700000,0x00000009ea800000) (1024K)]
  0x0000010c52357f70 WorkerThread "GC Thread#3"                     [id=212, stack(0x00000009ea800000,0x00000009ea900000) (1024K)]
  0x0000010c5279a5c0 WorkerThread "GC Thread#4"                     [id=15388, stack(0x00000009ea900000,0x00000009eaa00000) (1024K)]
  0x0000010c52ebbc00 WorkerThread "GC Thread#5"                     [id=21928, stack(0x00000009eaa00000,0x00000009eab00000) (1024K)]
  0x0000010c533b06f0 WorkerThread "GC Thread#6"                     [id=17280, stack(0x00000009eb400000,0x00000009eb500000) (1024K)]
  0x0000010c533af130 WorkerThread "GC Thread#7"                     [id=26484, stack(0x00000009eb500000,0x00000009eb600000) (1024K)]
  0x0000010c363e5800 ConcurrentGCThread "G1 Main Marker"            [id=30940, stack(0x00000009e9500000,0x00000009e9600000) (1024K)]
  0x0000010c363e6210 WorkerThread "G1 Conc#0"                       [id=29000, stack(0x00000009e9600000,0x00000009e9700000) (1024K)]
  0x0000010c533aed90 WorkerThread "G1 Conc#1"                       [id=31284, stack(0x00000009eb600000,0x00000009eb700000) (1024K)]
  0x0000010c4d6d8c00 ConcurrentGCThread "G1 Refine#0"               [id=10828, stack(0x00000009e9700000,0x00000009e9800000) (1024K)]
  0x0000010c4d6d9520 ConcurrentGCThread "G1 Service"                [id=9760, stack(0x00000009e9800000,0x00000009e9900000) (1024K)]
Total: 15

Threads with active compile tasks:
C2 CompilerThread0  11085 6027       4       java.lang.invoke.InvokerBytecodeGenerator::addMethod (725 bytes)
C1 CompilerThread0  11085 6062       3       kotlin.text.StringsKt__StringsJVMKt::startsWith$default (15 bytes)
C2 CompilerThread1  11085 6056   !   4       java.util.regex.Pattern::matcher (44 bytes)
Total: 3

VM state: not at safepoint (normal execution)

VM Mutex/Monitor currently owned by a thread: None

Heap address: 0x0000000080000000, size: 2048 MB, Compressed Oops mode: 32-bit

CDS archive(s) not mapped
Compressed class space mapped at: 0x0000000100000000-0x0000000140000000, reserved size: 1073741824
Narrow klass base: 0x0000000000000000, Narrow klass shift: 3, Narrow klass range: 0x140000000

GC Precious Log:
 CardTable entry size: 512
 Card Set container configuration: InlinePtr #cards 5 size 8 Array Of Cards #cards 12 size 40 Howl #buckets 4 coarsen threshold 1843 Howl Bitmap #cards 512 size 80 coarsen threshold 460 Card regions per heap region 1 cards per card region 2048
 CPUs: 8 total, 8 available
 Memory: 7916M
 Large Page Support: Disabled
 NUMA Support: Disabled
 Compressed Oops: Enabled (32-bit)
 Heap Region Size: 1M
 Heap Min Capacity: 8M
 Heap Initial Capacity: 124M
 Heap Max Capacity: 2G
 Pre-touch: Disabled
 Parallel Workers: 8
 Concurrent Workers: 2
 Concurrent Refinement Workers: 8
 Periodic GC: Disabled

Heap:
 garbage-first heap   total 153600K, used 102804K [0x0000000080000000, 0x0000000100000000)
  region size 1024K, 10 young (10240K), 1 survivors (1024K)
 Metaspace       used 59696K, committed 61248K, reserved 1114112K
  class space    used 8287K, committed 9024K, reserved 1048576K

Heap Regions: E=young(eden), S=young(survivor), O=old, HS=humongous(starts), HC=humongous(continues), CS=collection set, F=free, TAMS=top-at-mark-start, PB=parsable bottom
|   0|0x0000000080000000, 0x0000000080100000, 0x0000000080100000|100%|HS|  |TAMS 0x0000000080000000| PB 0x0000000080000000| Complete 
|   1|0x0000000080100000, 0x0000000080200000, 0x0000000080200000|100%|HC|  |TAMS 0x0000000080100000| PB 0x0000000080100000| Complete 
|   2|0x0000000080200000, 0x0000000080300000, 0x0000000080300000|100%|HC|  |TAMS 0x0000000080200000| PB 0x0000000080200000| Complete 
|   3|0x0000000080300000, 0x0000000080400000, 0x0000000080400000|100%| O|  |TAMS 0x0000000080300000| PB 0x0000000080300000| Untracked 
|   4|0x0000000080400000, 0x0000000080500000, 0x0000000080500000|100%| O|  |TAMS 0x0000000080400000| PB 0x0000000080400000| Untracked 
|   5|0x0000000080500000, 0x0000000080600000, 0x0000000080600000|100%| O|  |TAMS 0x0000000080500000| PB 0x0000000080500000| Untracked 
|   6|0x0000000080600000, 0x0000000080700000, 0x0000000080700000|100%|HS|  |TAMS 0x0000000080600000| PB 0x0000000080600000| Complete 
|   7|0x0000000080700000, 0x0000000080800000, 0x0000000080800000|100%| O|  |TAMS 0x0000000080700000| PB 0x0000000080700000| Untracked 
|   8|0x0000000080800000, 0x0000000080900000, 0x0000000080900000|100%| O|  |TAMS 0x0000000080800000| PB 0x0000000080800000| Untracked 
|   9|0x0000000080900000, 0x0000000080a00000, 0x0000000080a00000|100%| O|  |TAMS 0x0000000080900000| PB 0x0000000080900000| Untracked 
|  10|0x0000000080a00000, 0x0000000080b00000, 0x0000000080b00000|100%| O|  |TAMS 0x0000000080a00000| PB 0x0000000080a00000| Untracked 
|  11|0x0000000080b00000, 0x0000000080c00000, 0x0000000080c00000|100%| O|  |TAMS 0x0000000080b00000| PB 0x0000000080b00000| Untracked 
|  12|0x0000000080c00000, 0x0000000080d00000, 0x0000000080d00000|100%| O|  |TAMS 0x0000000080c00000| PB 0x0000000080c00000| Untracked 
|  13|0x0000000080d00000, 0x0000000080e00000, 0x0000000080e00000|100%| O|  |TAMS 0x0000000080d00000| PB 0x0000000080d00000| Untracked 
|  14|0x0000000080e00000, 0x0000000080f00000, 0x0000000080f00000|100%| O|  |TAMS 0x0000000080e00000| PB 0x0000000080e00000| Untracked 
|  15|0x0000000080f00000, 0x0000000081000000, 0x0000000081000000|100%| O|  |TAMS 0x0000000080f00000| PB 0x0000000080f00000| Untracked 
|  16|0x0000000081000000, 0x0000000081100000, 0x0000000081100000|100%| O|  |TAMS 0x0000000081000000| PB 0x0000000081000000| Untracked 
|  17|0x0000000081100000, 0x0000000081200000, 0x0000000081200000|100%| O|  |TAMS 0x0000000081100000| PB 0x0000000081100000| Untracked 
|  18|0x0000000081200000, 0x0000000081300000, 0x0000000081300000|100%| O|  |TAMS 0x0000000081200000| PB 0x0000000081200000| Untracked 
|  19|0x0000000081300000, 0x0000000081400000, 0x0000000081400000|100%| O|  |TAMS 0x0000000081300000| PB 0x0000000081300000| Untracked 
|  20|0x0000000081400000, 0x0000000081500000, 0x0000000081500000|100%|HS|  |TAMS 0x0000000081400000| PB 0x0000000081400000| Complete 
|  21|0x0000000081500000, 0x0000000081600000, 0x0000000081600000|100%|HS|  |TAMS 0x0000000081500000| PB 0x0000000081500000| Complete 
|  22|0x0000000081600000, 0x0000000081700000, 0x0000000081700000|100%|HC|  |TAMS 0x0000000081600000| PB 0x0000000081600000| Complete 
|  23|0x0000000081700000, 0x0000000081800000, 0x0000000081800000|100%|HC|  |TAMS 0x0000000081700000| PB 0x0000000081700000| Complete 
|  24|0x0000000081800000, 0x0000000081900000, 0x0000000081900000|100%|HC|  |TAMS 0x0000000081800000| PB 0x0000000081800000| Complete 
|  25|0x0000000081900000, 0x0000000081a00000, 0x0000000081a00000|100%|HC|  |TAMS 0x0000000081900000| PB 0x0000000081900000| Complete 
|  26|0x0000000081a00000, 0x0000000081b00000, 0x0000000081b00000|100%|HC|  |TAMS 0x0000000081a00000| PB 0x0000000081a00000| Complete 
|  27|0x0000000081b00000, 0x0000000081c00000, 0x0000000081c00000|100%|HS|  |TAMS 0x0000000081b00000| PB 0x0000000081b00000| Complete 
|  28|0x0000000081c00000, 0x0000000081d00000, 0x0000000081d00000|100%|HS|  |TAMS 0x0000000081c00000| PB 0x0000000081c00000| Complete 
|  29|0x0000000081d00000, 0x0000000081e00000, 0x0000000081e00000|100%|HC|  |TAMS 0x0000000081d00000| PB 0x0000000081d00000| Complete 
|  30|0x0000000081e00000, 0x0000000081f00000, 0x0000000081f00000|100%|HC|  |TAMS 0x0000000081e00000| PB 0x0000000081e00000| Complete 
|  31|0x0000000081f00000, 0x0000000082000000, 0x0000000082000000|100%|HC|  |TAMS 0x0000000081f00000| PB 0x0000000081f00000| Complete 
|  32|0x0000000082000000, 0x0000000082100000, 0x0000000082100000|100%|HS|  |TAMS 0x0000000082000000| PB 0x0000000082000000| Complete 
|  33|0x0000000082100000, 0x0000000082200000, 0x0000000082200000|100%|HC|  |TAMS 0x0000000082100000| PB 0x0000000082100000| Complete 
|  34|0x0000000082200000, 0x0000000082300000, 0x0000000082300000|100%|HS|  |TAMS 0x0000000082200000| PB 0x0000000082200000| Complete 
|  35|0x0000000082300000, 0x0000000082400000, 0x0000000082400000|100%|HS|  |TAMS 0x0000000082300000| PB 0x0000000082300000| Complete 
|  36|0x0000000082400000, 0x0000000082500000, 0x0000000082500000|100%|HC|  |TAMS 0x0000000082400000| PB 0x0000000082400000| Complete 
|  37|0x0000000082500000, 0x0000000082600000, 0x0000000082600000|100%|HC|  |TAMS 0x0000000082500000| PB 0x0000000082500000| Complete 
|  38|0x0000000082600000, 0x0000000082700000, 0x0000000082700000|100%|HC|  |TAMS 0x0000000082600000| PB 0x0000000082600000| Complete 
|  39|0x0000000082700000, 0x0000000082800000, 0x0000000082800000|100%|HC|  |TAMS 0x0000000082700000| PB 0x0000000082700000| Complete 
|  40|0x0000000082800000, 0x0000000082900000, 0x0000000082900000|100%|HC|  |TAMS 0x0000000082800000| PB 0x0000000082800000| Complete 
|  41|0x0000000082900000, 0x0000000082a00000, 0x0000000082a00000|100%|HS|  |TAMS 0x0000000082900000| PB 0x0000000082900000| Complete 
|  42|0x0000000082a00000, 0x0000000082b00000, 0x0000000082b00000|100%|HS|  |TAMS 0x0000000082a00000| PB 0x0000000082a00000| Complete 
|  43|0x0000000082b00000, 0x0000000082c00000, 0x0000000082c00000|100%|HC|  |TAMS 0x0000000082b00000| PB 0x0000000082b00000| Complete 
|  44|0x0000000082c00000, 0x0000000082d00000, 0x0000000082d00000|100%|HC|  |TAMS 0x0000000082c00000| PB 0x0000000082c00000| Complete 
|  45|0x0000000082d00000, 0x0000000082e00000, 0x0000000082e00000|100%|HC|  |TAMS 0x0000000082d00000| PB 0x0000000082d00000| Complete 
|  46|0x0000000082e00000, 0x0000000082f00000, 0x0000000082f00000|100%|HS|  |TAMS 0x0000000082e00000| PB 0x0000000082e00000| Complete 
|  47|0x0000000082f00000, 0x0000000083000000, 0x0000000083000000|100%|HC|  |TAMS 0x0000000082f00000| PB 0x0000000082f00000| Complete 
|  48|0x0000000083000000, 0x0000000083100000, 0x0000000083100000|100%|HS|  |TAMS 0x0000000083000000| PB 0x0000000083000000| Complete 
|  49|0x0000000083100000, 0x0000000083200000, 0x0000000083200000|100%| O|  |TAMS 0x0000000083100000| PB 0x0000000083100000| Untracked 
|  50|0x0000000083200000, 0x0000000083300000, 0x0000000083300000|100%| O|  |TAMS 0x0000000083200000| PB 0x0000000083200000| Untracked 
|  51|0x0000000083300000, 0x0000000083400000, 0x0000000083400000|100%| O|  |TAMS 0x0000000083300000| PB 0x0000000083300000| Untracked 
|  52|0x0000000083400000, 0x0000000083500000, 0x0000000083500000|100%| O|  |TAMS 0x0000000083400000| PB 0x0000000083400000| Untracked 
|  53|0x0000000083500000, 0x0000000083600000, 0x0000000083600000|100%| O|  |TAMS 0x0000000083500000| PB 0x0000000083500000| Untracked 
|  54|0x0000000083600000, 0x0000000083700000, 0x0000000083700000|100%| O|  |TAMS 0x0000000083600000| PB 0x0000000083600000| Untracked 
|  55|0x0000000083700000, 0x0000000083800000, 0x0000000083800000|100%| O|  |TAMS 0x0000000083700000| PB 0x0000000083700000| Untracked 
|  56|0x0000000083800000, 0x0000000083900000, 0x0000000083900000|100%| O|  |TAMS 0x0000000083800000| PB 0x0000000083800000| Untracked 
|  57|0x0000000083900000, 0x0000000083a00000, 0x0000000083a00000|100%| O|  |TAMS 0x0000000083900000| PB 0x0000000083900000| Untracked 
|  58|0x0000000083a00000, 0x0000000083b00000, 0x0000000083b00000|100%|HS|  |TAMS 0x0000000083a00000| PB 0x0000000083a00000| Complete 
|  59|0x0000000083b00000, 0x0000000083c00000, 0x0000000083c00000|100%|HC|  |TAMS 0x0000000083b00000| PB 0x0000000083b00000| Complete 
|  60|0x0000000083c00000, 0x0000000083d00000, 0x0000000083d00000|100%| O|  |TAMS 0x0000000083c00000| PB 0x0000000083c00000| Untracked 
|  61|0x0000000083d00000, 0x0000000083e00000, 0x0000000083e00000|100%| O|  |TAMS 0x0000000083d00000| PB 0x0000000083d00000| Untracked 
|  62|0x0000000083e00000, 0x0000000083f00000, 0x0000000083f00000|100%| O|  |TAMS 0x0000000083e00000| PB 0x0000000083e00000| Untracked 
|  63|0x0000000083f00000, 0x0000000084000000, 0x0000000084000000|100%| O|  |TAMS 0x0000000083f00000| PB 0x0000000083f00000| Untracked 
|  64|0x0000000084000000, 0x0000000084100000, 0x0000000084100000|100%|HS|  |TAMS 0x0000000084000000| PB 0x0000000084000000| Complete 
|  65|0x0000000084100000, 0x0000000084200000, 0x0000000084200000|100%| O|  |TAMS 0x0000000084100000| PB 0x0000000084100000| Untracked 
|  66|0x0000000084200000, 0x0000000084300000, 0x0000000084300000|100%| O|  |TAMS 0x0000000084200000| PB 0x0000000084200000| Untracked 
|  67|0x0000000084300000, 0x0000000084400000, 0x0000000084400000|100%| O|  |TAMS 0x0000000084300000| PB 0x0000000084300000| Untracked 
|  68|0x0000000084400000, 0x0000000084500000, 0x0000000084500000|100%| O|  |TAMS 0x0000000084400000| PB 0x0000000084400000| Untracked 
|  69|0x0000000084500000, 0x0000000084600000, 0x0000000084600000|100%| O|  |TAMS 0x0000000084500000| PB 0x0000000084500000| Untracked 
|  70|0x0000000084600000, 0x0000000084700000, 0x0000000084700000|100%|HS|  |TAMS 0x0000000084600000| PB 0x0000000084600000| Complete 
|  71|0x0000000084700000, 0x0000000084800000, 0x0000000084800000|100%|HC|  |TAMS 0x0000000084700000| PB 0x0000000084700000| Complete 
|  72|0x0000000084800000, 0x0000000084900000, 0x0000000084900000|100%|HC|  |TAMS 0x0000000084800000| PB 0x0000000084800000| Complete 
|  73|0x0000000084900000, 0x0000000084a00000, 0x0000000084a00000|100%|HC|  |TAMS 0x0000000084900000| PB 0x0000000084900000| Complete 
|  74|0x0000000084a00000, 0x0000000084b00000, 0x0000000084b00000|100%|HC|  |TAMS 0x0000000084a00000| PB 0x0000000084a00000| Complete 
|  75|0x0000000084b00000, 0x0000000084c00000, 0x0000000084c00000|100%|HC|  |TAMS 0x0000000084b00000| PB 0x0000000084b00000| Complete 
|  76|0x0000000084c00000, 0x0000000084c00000, 0x0000000084d00000|  0%| F|  |TAMS 0x0000000084c00000| PB 0x0000000084c00000| Untracked 
|  77|0x0000000084d00000, 0x0000000084d00000, 0x0000000084e00000|  0%| F|  |TAMS 0x0000000084d00000| PB 0x0000000084d00000| Untracked 
|  78|0x0000000084e00000, 0x0000000084f00000, 0x0000000084f00000|100%| O|  |TAMS 0x0000000084e00000| PB 0x0000000084e00000| Untracked 
|  79|0x0000000084f00000, 0x0000000085000000, 0x0000000085000000|100%| O|  |TAMS 0x0000000084f00000| PB 0x0000000084f00000| Untracked 
|  80|0x0000000085000000, 0x0000000085100000, 0x0000000085100000|100%| O|  |TAMS 0x0000000085000000| PB 0x0000000085000000| Untracked 
|  81|0x0000000085100000, 0x0000000085200000, 0x0000000085200000|100%| O|  |TAMS 0x0000000085100000| PB 0x0000000085100000| Untracked 
|  82|0x0000000085200000, 0x00000000852ab0c0, 0x0000000085300000| 66%| O|  |TAMS 0x0000000085200000| PB 0x0000000085200000| Untracked 
|  83|0x0000000085300000, 0x0000000085300000, 0x0000000085400000|  0%| F|  |TAMS 0x0000000085300000| PB 0x0000000085300000| Untracked 
|  84|0x0000000085400000, 0x0000000085500000, 0x0000000085500000|100%|HS|  |TAMS 0x0000000085400000| PB 0x0000000085400000| Complete 
|  85|0x0000000085500000, 0x0000000085600000, 0x0000000085600000|100%|HC|  |TAMS 0x0000000085500000| PB 0x0000000085500000| Complete 
|  86|0x0000000085600000, 0x0000000085700000, 0x0000000085700000|100%|HC|  |TAMS 0x0000000085600000| PB 0x0000000085600000| Complete 
|  87|0x0000000085700000, 0x0000000085800000, 0x0000000085800000|100%|HC|  |TAMS 0x0000000085700000| PB 0x0000000085700000| Complete 
|  88|0x0000000085800000, 0x0000000085900000, 0x0000000085900000|100%|HC|  |TAMS 0x0000000085800000| PB 0x0000000085800000| Complete 
|  89|0x0000000085900000, 0x0000000085a00000, 0x0000000085a00000|100%|HC|  |TAMS 0x0000000085900000| PB 0x0000000085900000| Complete 
|  90|0x0000000085a00000, 0x0000000085a00000, 0x0000000085b00000|  0%| F|  |TAMS 0x0000000085a00000| PB 0x0000000085a00000| Untracked 
|  91|0x0000000085b00000, 0x0000000085b00000, 0x0000000085c00000|  0%| F|  |TAMS 0x0000000085b00000| PB 0x0000000085b00000| Untracked 
|  92|0x0000000085c00000, 0x0000000085c00000, 0x0000000085d00000|  0%| F|  |TAMS 0x0000000085c00000| PB 0x0000000085c00000| Untracked 
|  93|0x0000000085d00000, 0x0000000085d00000, 0x0000000085e00000|  0%| F|  |TAMS 0x0000000085d00000| PB 0x0000000085d00000| Untracked 
|  94|0x0000000085e00000, 0x0000000085e00000, 0x0000000085f00000|  0%| F|  |TAMS 0x0000000085e00000| PB 0x0000000085e00000| Untracked 
|  95|0x0000000085f00000, 0x0000000085f00000, 0x0000000086000000|  0%| F|  |TAMS 0x0000000085f00000| PB 0x0000000085f00000| Untracked 
|  96|0x0000000086000000, 0x00000000860b9f50, 0x0000000086100000| 72%| S|CS|TAMS 0x0000000086000000| PB 0x0000000086000000| Complete 
|  97|0x0000000086100000, 0x0000000086100000, 0x0000000086200000|  0%| F|  |TAMS 0x0000000086100000| PB 0x0000000086100000| Untracked 
|  98|0x0000000086200000, 0x0000000086200000, 0x0000000086300000|  0%| F|  |TAMS 0x0000000086200000| PB 0x0000000086200000| Untracked 
|  99|0x0000000086300000, 0x0000000086300000, 0x0000000086400000|  0%| F|  |TAMS 0x0000000086300000| PB 0x0000000086300000| Untracked 
| 100|0x0000000086400000, 0x0000000086400000, 0x0000000086500000|  0%| F|  |TAMS 0x0000000086400000| PB 0x0000000086400000| Untracked 
| 101|0x0000000086500000, 0x0000000086500000, 0x0000000086600000|  0%| F|  |TAMS 0x0000000086500000| PB 0x0000000086500000| Untracked 
| 102|0x0000000086600000, 0x0000000086600000, 0x0000000086700000|  0%| F|  |TAMS 0x0000000086600000| PB 0x0000000086600000| Untracked 
| 103|0x0000000086700000, 0x0000000086700000, 0x0000000086800000|  0%| F|  |TAMS 0x0000000086700000| PB 0x0000000086700000| Untracked 
| 104|0x0000000086800000, 0x0000000086800000, 0x0000000086900000|  0%| F|  |TAMS 0x0000000086800000| PB 0x0000000086800000| Untracked 
| 105|0x0000000086900000, 0x0000000086900000, 0x0000000086a00000|  0%| F|  |TAMS 0x0000000086900000| PB 0x0000000086900000| Untracked 
| 106|0x0000000086a00000, 0x0000000086a00000, 0x0000000086b00000|  0%| F|  |TAMS 0x0000000086a00000| PB 0x0000000086a00000| Untracked 
| 107|0x0000000086b00000, 0x0000000086b00000, 0x0000000086c00000|  0%| F|  |TAMS 0x0000000086b00000| PB 0x0000000086b00000| Untracked 
| 108|0x0000000086c00000, 0x0000000086c00000, 0x0000000086d00000|  0%| F|  |TAMS 0x0000000086c00000| PB 0x0000000086c00000| Untracked 
| 109|0x0000000086d00000, 0x0000000086d00000, 0x0000000086e00000|  0%| F|  |TAMS 0x0000000086d00000| PB 0x0000000086d00000| Untracked 
| 110|0x0000000086e00000, 0x0000000086e00000, 0x0000000086f00000|  0%| F|  |TAMS 0x0000000086e00000| PB 0x0000000086e00000| Untracked 
| 111|0x0000000086f00000, 0x0000000086f00000, 0x0000000087000000|  0%| F|  |TAMS 0x0000000086f00000| PB 0x0000000086f00000| Untracked 
| 112|0x0000000087000000, 0x0000000087000000, 0x0000000087100000|  0%| F|  |TAMS 0x0000000087000000| PB 0x0000000087000000| Untracked 
| 113|0x0000000087100000, 0x0000000087100000, 0x0000000087200000|  0%| F|  |TAMS 0x0000000087100000| PB 0x0000000087100000| Untracked 
| 114|0x0000000087200000, 0x0000000087200000, 0x0000000087300000|  0%| F|  |TAMS 0x0000000087200000| PB 0x0000000087200000| Untracked 
| 115|0x0000000087300000, 0x0000000087300000, 0x0000000087400000|  0%| F|  |TAMS 0x0000000087300000| PB 0x0000000087300000| Untracked 
| 116|0x0000000087400000, 0x0000000087400000, 0x0000000087500000|  0%| F|  |TAMS 0x0000000087400000| PB 0x0000000087400000| Untracked 
| 117|0x0000000087500000, 0x0000000087500000, 0x0000000087600000|  0%| F|  |TAMS 0x0000000087500000| PB 0x0000000087500000| Untracked 
| 118|0x0000000087600000, 0x0000000087600000, 0x0000000087700000|  0%| F|  |TAMS 0x0000000087600000| PB 0x0000000087600000| Untracked 
| 119|0x0000000087700000, 0x0000000087700000, 0x0000000087800000|  0%| F|  |TAMS 0x0000000087700000| PB 0x0000000087700000| Untracked 
| 120|0x0000000087800000, 0x0000000087800000, 0x0000000087900000|  0%| F|  |TAMS 0x0000000087800000| PB 0x0000000087800000| Untracked 
| 121|0x0000000087900000, 0x0000000087900000, 0x0000000087a00000|  0%| F|  |TAMS 0x0000000087900000| PB 0x0000000087900000| Untracked 
| 122|0x0000000087a00000, 0x0000000087a00000, 0x0000000087b00000|  0%| F|  |TAMS 0x0000000087a00000| PB 0x0000000087a00000| Untracked 
| 123|0x0000000087b00000, 0x0000000087b00000, 0x0000000087c00000|  0%| F|  |TAMS 0x0000000087b00000| PB 0x0000000087b00000| Untracked 
| 124|0x0000000087c00000, 0x0000000087c00000, 0x0000000087d00000|  0%| F|  |TAMS 0x0000000087c00000| PB 0x0000000087c00000| Untracked 
| 125|0x0000000087d00000, 0x0000000087d00000, 0x0000000087e00000|  0%| F|  |TAMS 0x0000000087d00000| PB 0x0000000087d00000| Untracked 
| 126|0x0000000087e00000, 0x0000000087e00000, 0x0000000087f00000|  0%| F|  |TAMS 0x0000000087e00000| PB 0x0000000087e00000| Untracked 
| 127|0x0000000087f00000, 0x0000000087f00000, 0x0000000088000000|  0%| F|  |TAMS 0x0000000087f00000| PB 0x0000000087f00000| Untracked 
| 128|0x0000000088000000, 0x0000000088000000, 0x0000000088100000|  0%| F|  |TAMS 0x0000000088000000| PB 0x0000000088000000| Untracked 
| 129|0x0000000088100000, 0x0000000088100000, 0x0000000088200000|  0%| F|  |TAMS 0x0000000088100000| PB 0x0000000088100000| Untracked 
| 130|0x0000000088200000, 0x0000000088200000, 0x0000000088300000|  0%| F|  |TAMS 0x0000000088200000| PB 0x0000000088200000| Untracked 
| 131|0x0000000088300000, 0x0000000088300000, 0x0000000088400000|  0%| F|  |TAMS 0x0000000088300000| PB 0x0000000088300000| Untracked 
| 132|0x0000000088400000, 0x0000000088400000, 0x0000000088500000|  0%| F|  |TAMS 0x0000000088400000| PB 0x0000000088400000| Untracked 
| 133|0x0000000088500000, 0x0000000088500000, 0x0000000088600000|  0%| F|  |TAMS 0x0000000088500000| PB 0x0000000088500000| Untracked 
| 134|0x0000000088600000, 0x0000000088600000, 0x0000000088700000|  0%| F|  |TAMS 0x0000000088600000| PB 0x0000000088600000| Untracked 
| 135|0x0000000088700000, 0x0000000088779b08, 0x0000000088800000| 47%| E|  |TAMS 0x0000000088700000| PB 0x0000000088700000| Complete 
| 136|0x0000000088800000, 0x0000000088900000, 0x0000000088900000|100%| E|CS|TAMS 0x0000000088800000| PB 0x0000000088800000| Complete 
| 137|0x0000000088900000, 0x0000000088a00000, 0x0000000088a00000|100%| E|CS|TAMS 0x0000000088900000| PB 0x0000000088900000| Complete 
| 138|0x0000000088a00000, 0x0000000088b00000, 0x0000000088b00000|100%| E|CS|TAMS 0x0000000088a00000| PB 0x0000000088a00000| Complete 
| 139|0x0000000088b00000, 0x0000000088c00000, 0x0000000088c00000|100%| E|CS|TAMS 0x0000000088b00000| PB 0x0000000088b00000| Complete 
| 140|0x0000000088c00000, 0x0000000088d00000, 0x0000000088d00000|100%| E|CS|TAMS 0x0000000088c00000| PB 0x0000000088c00000| Complete 
| 141|0x0000000088d00000, 0x0000000088e00000, 0x0000000088e00000|100%| E|CS|TAMS 0x0000000088d00000| PB 0x0000000088d00000| Complete 
| 142|0x0000000088e00000, 0x0000000088f00000, 0x0000000088f00000|100%| E|CS|TAMS 0x0000000088e00000| PB 0x0000000088e00000| Complete 
| 143|0x0000000088f00000, 0x0000000089000000, 0x0000000089000000|100%| E|CS|TAMS 0x0000000088f00000| PB 0x0000000088f00000| Complete 
|2042|0x00000000ffa00000, 0x00000000ffb00000, 0x00000000ffb00000|100%| E|CS|TAMS 0x00000000ffa00000| PB 0x00000000ffa00000| Complete 
|2043|0x00000000ffb00000, 0x00000000ffc00000, 0x00000000ffc00000|100%| O|  |TAMS 0x00000000ffb00000| PB 0x00000000ffb00000| Untracked 
|2044|0x00000000ffc00000, 0x00000000ffd00000, 0x00000000ffd00000|100%| O|  |TAMS 0x00000000ffc00000| PB 0x00000000ffc00000| Untracked 
|2045|0x00000000ffd00000, 0x00000000ffe00000, 0x00000000ffe00000|100%| O|  |TAMS 0x00000000ffd00000| PB 0x00000000ffd00000| Untracked 
|2046|0x00000000ffe00000, 0x00000000fff00000, 0x00000000fff00000|100%| O|  |TAMS 0x00000000ffe00000| PB 0x00000000ffe00000| Untracked 
|2047|0x00000000fff00000, 0x0000000100000000, 0x0000000100000000|100%| O|  |TAMS 0x00000000fff00000| PB 0x00000000fff00000| Untracked 

Card table byte_map: [0x0000010c48c00000,0x0000010c49000000] _byte_map_base: 0x0000010c48800000

Marking Bits: (CMBitMap*) 0x0000010c3416e670
 Bits: [0x0000010c49000000, 0x0000010c4b000000)

Polling page: 0x0000010c341a0000

Metaspace:

Usage:
  Non-class:     50.21 MB used.
      Class:      8.09 MB used.
       Both:     58.31 MB used.

Virtual space:
  Non-class space:       64.00 MB reserved,      51.00 MB ( 80%) committed,  1 nodes.
      Class space:        1.00 GB reserved,       8.81 MB ( <1%) committed,  1 nodes.
             Both:        1.06 GB reserved,      59.81 MB (  5%) committed. 

Chunk freelists:
   Non-Class:  12.41 MB
       Class:  7.14 MB
        Both:  19.55 MB

MaxMetaspaceSize: unlimited
CompressedClassSpaceSize: 1.00 GB
Initial GC threshold: 21.00 MB
Current GC threshold: 95.25 MB
CDS: off
 - commit_granule_bytes: 65536.
 - commit_granule_words: 8192.
 - virtual_space_node_default_size: 8388608.
 - enlarge_chunks_in_place: 1.
 - use_allocation_guard: 0.


Internal statistics:

num_allocs_failed_limit: 6.
num_arena_births: 2816.
num_arena_deaths: 0.
num_vsnodes_births: 2.
num_vsnodes_deaths: 0.
num_space_committed: 957.
num_space_uncommitted: 0.
num_chunks_returned_to_freelist: 6.
num_chunks_taken_from_freelist: 5202.
num_chunk_merges: 6.
num_chunk_splits: 3345.
num_chunks_enlarged: 2042.
num_inconsistent_stats: 0.

CodeHeap 'non-profiled nmethods': size=120000Kb used=2873Kb max_used=3070Kb free=117126Kb
 bounds [0x0000010c40fa0000, 0x0000010c412a0000, 0x0000010c484d0000]
CodeHeap 'profiled nmethods': size=120000Kb used=10037Kb max_used=10037Kb free=109962Kb
 bounds [0x0000010c394d0000, 0x0000010c39ea0000, 0x0000010c40a00000]
CodeHeap 'non-nmethods': size=5760Kb used=2703Kb max_used=2723Kb free=3056Kb
 bounds [0x0000010c40a00000, 0x0000010c40cb0000, 0x0000010c40fa0000]
CodeCache: size=245760Kb, used=15613Kb, max_used=15830Kb, free=230144Kb
 total_blobs=6157, nmethods=5299, adapters=761, full_count=0
Compilation: enabled, stopped_count=0, restarted_count=0

Compilation events (20 events):
Event: 10.064 Thread 0x0000010c4dc6e040 nmethod 6039 0x0000010c39e8e710 code [0x0000010c39e8e920, 0x0000010c39e8ef10]
Event: 10.064 Thread 0x0000010c4dc6e040 6040       3       org.gradle.internal.classpath.DefaultClassPath$ImmutableUniqueList::get (57 bytes)
Event: 10.064 Thread 0x0000010c4dc6e040 nmethod 6040 0x0000010c39e8f190 code [0x0000010c39e8f400, 0x0000010c39e8fbc8]
Event: 10.067 Thread 0x0000010c56890290 nmethod 6031 0x0000010c4113ca10 code [0x0000010c4113cbc0, 0x0000010c4113d010]
Event: 10.067 Thread 0x0000010c56890290 6028       4       org.objectweb.asm.Frame::pop (42 bytes)
Event: 10.068 Thread 0x0000010c56890290 nmethod 6028 0x0000010c4113c690 code [0x0000010c4113c820, 0x0000010c4113c918]
Event: 10.070 Thread 0x0000010c4dc6e040 6041   !   3       java.util.zip.ZipFile$Source::get (177 bytes)
Event: 10.071 Thread 0x0000010c4dc6e040 nmethod 6041 0x0000010c39e8ff90 code [0x0000010c39e90280, 0x0000010c39e91478]
Event: 10.071 Thread 0x0000010c4dc6e040 6042       3       java.util.zip.ZipFile$Source$Key::<init> (23 bytes)
Event: 10.071 Thread 0x0000010c4dc6e040 nmethod 6042 0x0000010c39e91c90 code [0x0000010c39e91e40, 0x0000010c39e92130]
Event: 10.073 Thread 0x0000010c56890290 6043       4       sun.nio.fs.WindowsPathParser::normalize (138 bytes)
Event: 10.074 Thread 0x0000010c4dc6e040 6045       3       java.util.zip.ZipFile$Source$Key::equals (93 bytes)
Event: 10.075 Thread 0x0000010c4dc6e040 nmethod 6045 0x0000010c39e92210 code [0x0000010c39e924c0, 0x0000010c39e93330]
Event: 10.076 Thread 0x0000010c4dc6e040 6046  s    3       java.util.Properties::load (20 bytes)
Event: 10.076 Thread 0x0000010c4dc6e040 nmethod 6046 0x0000010c39e93710 code [0x0000010c39e93900, 0x0000010c39e93d08]
Event: 10.076 Thread 0x0000010c4dc6e040 6047       3       java.util.Properties$LineReader::<init> (38 bytes)
Event: 10.076 Thread 0x0000010c4dc6e040 nmethod 6047 0x0000010c39e93e90 code [0x0000010c39e94040, 0x0000010c39e943f0]
Event: 10.106 Thread 0x0000010c56890290 nmethod 6043 0x0000010c41139910 code [0x0000010c41139c20, 0x0000010c4113b588]
Event: 10.106 Thread 0x0000010c56890290 6044       4       java.util.regex.Matcher::match (154 bytes)
Event: 10.901 Thread 0x0000010c4dc6e040 6052       3       java.util.Spliterators::emptySpliterator (4 bytes)

GC Heap History (20 events):
Event: 4.186 GC heap before
{Heap before GC invocations=6 (full 0):
 garbage-first heap   total 83968K, used 64654K [0x0000000080000000, 0x0000000100000000)
  region size 1024K, 47 young (48128K), 7 survivors (7168K)
 Metaspace       used 35211K, committed 35968K, reserved 1114112K
  class space    used 4908K, committed 5248K, reserved 1048576K
}
Event: 4.191 GC heap after
{Heap after GC invocations=7 (full 0):
 garbage-first heap   total 83968K, used 26475K [0x0000000080000000, 0x0000000100000000)
  region size 1024K, 6 young (6144K), 6 survivors (6144K)
 Metaspace       used 35211K, committed 35968K, reserved 1114112K
  class space    used 4908K, committed 5248K, reserved 1048576K
}
Event: 4.200 GC heap before
{Heap before GC invocations=7 (full 0):
 garbage-first heap   total 83968K, used 27499K [0x0000000080000000, 0x0000000100000000)
  region size 1024K, 8 young (8192K), 6 survivors (6144K)
 Metaspace       used 35236K, committed 35968K, reserved 1114112K
  class space    used 4913K, committed 5248K, reserved 1048576K
}
Event: 4.203 GC heap after
{Heap after GC invocations=8 (full 0):
 garbage-first heap   total 83968K, used 27636K [0x0000000080000000, 0x0000000100000000)
  region size 1024K, 1 young (1024K), 1 survivors (1024K)
 Metaspace       used 35236K, committed 35968K, reserved 1114112K
  class space    used 4913K, committed 5248K, reserved 1048576K
}
Event: 6.636 GC heap before
{Heap before GC invocations=9 (full 0):
 garbage-first heap   total 83968K, used 82932K [0x0000000080000000, 0x0000000100000000)
  region size 1024K, 28 young (28672K), 1 survivors (1024K)
 Metaspace       used 38147K, committed 39040K, reserved 1114112K
  class space    used 5347K, committed 5760K, reserved 1048576K
}
Event: 6.643 GC heap after
{Heap after GC invocations=10 (full 0):
 garbage-first heap   total 109568K, used 62117K [0x0000000080000000, 0x0000000100000000)
  region size 1024K, 6 young (6144K), 6 survivors (6144K)
 Metaspace       used 38147K, committed 39040K, reserved 1114112K
  class space    used 5347K, committed 5760K, reserved 1048576K
}
Event: 7.215 GC heap before
{Heap before GC invocations=10 (full 0):
 garbage-first heap   total 109568K, used 94885K [0x0000000080000000, 0x0000000100000000)
  region size 1024K, 38 young (38912K), 6 survivors (6144K)
 Metaspace       used 42227K, committed 43456K, reserved 1114112K
  class space    used 6058K, committed 6656K, reserved 1048576K
}
Event: 7.220 GC heap after
{Heap after GC invocations=11 (full 0):
 garbage-first heap   total 109568K, used 63980K [0x0000000080000000, 0x0000000100000000)
  region size 1024K, 2 young (2048K), 2 survivors (2048K)
 Metaspace       used 42227K, committed 43456K, reserved 1114112K
  class space    used 6058K, committed 6656K, reserved 1048576K
}
Event: 8.189 GC heap before
{Heap before GC invocations=11 (full 0):
 garbage-first heap   total 109568K, used 95724K [0x0000000080000000, 0x0000000100000000)
  region size 1024K, 34 young (34816K), 2 survivors (2048K)
 Metaspace       used 49118K, committed 50432K, reserved 1114112K
  class space    used 6925K, committed 7552K, reserved 1048576K
}
Event: 8.194 GC heap after
{Heap after GC invocations=12 (full 0):
 garbage-first heap   total 109568K, used 67304K [0x0000000080000000, 0x0000000100000000)
  region size 1024K, 5 young (5120K), 5 survivors (5120K)
 Metaspace       used 49118K, committed 50432K, reserved 1114112K
  class space    used 6925K, committed 7552K, reserved 1048576K
}
Event: 8.509 GC heap before
{Heap before GC invocations=13 (full 0):
 garbage-first heap   total 112640K, used 103144K [0x0000000080000000, 0x0000000100000000)
  region size 1024K, 35 young (35840K), 5 survivors (5120K)
 Metaspace       used 51020K, committed 52288K, reserved 1114112K
  class space    used 7063K, committed 7616K, reserved 1048576K
}
Event: 8.515 GC heap after
{Heap after GC invocations=14 (full 0):
 garbage-first heap   total 112640K, used 70744K [0x0000000080000000, 0x0000000100000000)
  region size 1024K, 4 young (4096K), 4 survivors (4096K)
 Metaspace       used 51020K, committed 52288K, reserved 1114112K
  class space    used 7063K, committed 7616K, reserved 1048576K
}
Event: 9.030 GC heap before
{Heap before GC invocations=14 (full 0):
 garbage-first heap   total 112640K, used 101464K [0x0000000080000000, 0x0000000100000000)
  region size 1024K, 34 young (34816K), 4 survivors (4096K)
 Metaspace       used 54919K, committed 56320K, reserved 1114112K
  class space    used 7688K, committed 8320K, reserved 1048576K
}
Event: 9.034 GC heap after
{Heap after GC invocations=15 (full 0):
 garbage-first heap   total 112640K, used 71550K [0x0000000080000000, 0x0000000100000000)
  region size 1024K, 3 young (3072K), 3 survivors (3072K)
 Metaspace       used 54919K, committed 56320K, reserved 1114112K
  class space    used 7688K, committed 8320K, reserved 1048576K
}
Event: 9.394 GC heap before
{Heap before GC invocations=15 (full 0):
 garbage-first heap   total 112640K, used 89982K [0x0000000080000000, 0x0000000100000000)
  region size 1024K, 23 young (23552K), 3 survivors (3072K)
 Metaspace       used 56905K, committed 58432K, reserved 1114112K
  class space    used 8039K, committed 8768K, reserved 1048576K
}
Event: 9.398 GC heap after
{Heap after GC invocations=16 (full 0):
 garbage-first heap   total 112640K, used 73558K [0x0000000080000000, 0x0000000100000000)
  region size 1024K, 5 young (5120K), 5 survivors (5120K)
 Metaspace       used 56905K, committed 58432K, reserved 1114112K
  class space    used 8039K, committed 8768K, reserved 1048576K
}
Event: 9.922 GC heap before
{Heap before GC invocations=17 (full 0):
 garbage-first heap   total 128000K, used 114518K [0x0000000080000000, 0x0000000100000000)
  region size 1024K, 30 young (30720K), 5 survivors (5120K)
 Metaspace       used 57955K, committed 59456K, reserved 1114112K
  class space    used 8150K, committed 8896K, reserved 1048576K
}
Event: 9.927 GC heap after
{Heap after GC invocations=18 (full 0):
 garbage-first heap   total 128000K, used 94208K [0x0000000080000000, 0x0000000100000000)
  region size 1024K, 4 young (4096K), 4 survivors (4096K)
 Metaspace       used 57955K, committed 59456K, reserved 1114112K
  class space    used 8150K, committed 8896K, reserved 1048576K
}
Event: 10.100 GC heap before
{Heap before GC invocations=18 (full 0):
 garbage-first heap   total 128000K, used 117760K [0x0000000080000000, 0x0000000100000000)
  region size 1024K, 26 young (26624K), 4 survivors (4096K)
 Metaspace       used 59674K, committed 61248K, reserved 1114112K
  class space    used 8283K, committed 9024K, reserved 1048576K
}
Event: 10.104 GC heap after
{Heap after GC invocations=19 (full 0):
 garbage-first heap   total 153600K, used 94612K [0x0000000080000000, 0x0000000100000000)
  region size 1024K, 1 young (1024K), 1 survivors (1024K)
 Metaspace       used 59674K, committed 61248K, reserved 1114112K
  class space    used 8283K, committed 9024K, reserved 1048576K
}

Dll operation events (3 events):
Event: 0.011 Loaded shared library C:\Program Files\Android\Android Studio\jbr\bin\java.dll
Event: 0.016 Loaded shared library C:\Program Files\Android\Android Studio\jbr\bin\zip.dll
Event: 0.659 Loaded shared library C:\Program Files\Android\Android Studio\jbr\bin\verify.dll

Deoptimization events (20 events):
Event: 9.986 Thread 0x0000010c53edb690 Uncommon trap: trap_request=0xffffff45 fr.pc=0x0000010c411dcf54 relative=0x0000000000000234
Event: 9.986 Thread 0x0000010c53edb690 Uncommon trap: reason=unstable_if action=reinterpret pc=0x0000010c411dcf54 method=java.util.HashMap.putVal(ILjava/lang/Object;Ljava/lang/Object;ZZ)Ljava/lang/Object; @ 162 c2
Event: 9.986 Thread 0x0000010c53edb690 DEOPT PACKING pc=0x0000010c411dcf54 sp=0x00000009eb1f92d0
Event: 9.986 Thread 0x0000010c53edb690 DEOPT UNPACKING pc=0x0000010c40a546a2 sp=0x00000009eb1f91e0 mode 2
Event: 9.999 Thread 0x0000010c53edb690 Uncommon trap: trap_request=0xffffffde fr.pc=0x0000010c41266710 relative=0x0000000000000070
Event: 9.999 Thread 0x0000010c53edb690 Uncommon trap: reason=class_check action=maybe_recompile pc=0x0000010c41266710 method=java.util.stream.StreamOpFlag.fromCharacteristics(Ljava/util/Spliterator;)I @ 14 c2
Event: 9.999 Thread 0x0000010c53edb690 DEOPT PACKING pc=0x0000010c41266710 sp=0x00000009eb1f9130
Event: 9.999 Thread 0x0000010c53edb690 DEOPT UNPACKING pc=0x0000010c40a546a2 sp=0x00000009eb1f90c8 mode 2
Event: 10.065 Thread 0x0000010c53edb690 DEOPT PACKING pc=0x0000010c39c31889 sp=0x00000009eb1f8050
Event: 10.066 Thread 0x0000010c53edb690 DEOPT UNPACKING pc=0x0000010c40a54e42 sp=0x00000009eb1f7540 mode 0
Event: 10.068 Thread 0x0000010c53edb690 DEOPT PACKING pc=0x0000010c3955bc5e sp=0x00000009eb1f7ec0
Event: 10.068 Thread 0x0000010c53edb690 DEOPT UNPACKING pc=0x0000010c40a54e42 sp=0x00000009eb1f73a8 mode 0
Event: 10.069 Thread 0x0000010c53edb690 DEOPT PACKING pc=0x0000010c39c31889 sp=0x00000009eb1f7eb0
Event: 10.069 Thread 0x0000010c53edb690 DEOPT UNPACKING pc=0x0000010c40a54e42 sp=0x00000009eb1f73a0 mode 0
Event: 10.072 Thread 0x0000010c53edb690 DEOPT PACKING pc=0x0000010c39a0fd16 sp=0x00000009eb1f79b0
Event: 10.073 Thread 0x0000010c53edb690 DEOPT UNPACKING pc=0x0000010c40a54e42 sp=0x00000009eb1f6ef8 mode 0
Event: 10.073 Thread 0x0000010c53edb690 DEOPT PACKING pc=0x0000010c39c31889 sp=0x00000009eb1f7eb0
Event: 10.073 Thread 0x0000010c53edb690 DEOPT UNPACKING pc=0x0000010c40a54e42 sp=0x00000009eb1f73a0 mode 0
Event: 10.073 Thread 0x0000010c53edb690 DEOPT PACKING pc=0x0000010c3955bc5e sp=0x00000009eb1f7ec0
Event: 10.073 Thread 0x0000010c53edb690 DEOPT UNPACKING pc=0x0000010c40a54e42 sp=0x00000009eb1f73a8 mode 0

Classes loaded (20 events):
Event: 9.694 Loading class java/lang/ClassBeanInfo
Event: 9.694 Loading class java/lang/ClassBeanInfo done
Event: 9.694 Loading class java/lang/ClassBeanInfo
Event: 9.694 Loading class java/lang/ClassBeanInfo done
Event: 9.694 Loading class java/lang/ClassCustomizer
Event: 9.694 Loading class java/lang/ClassCustomizer done
Event: 9.694 Loading class java/lang/ClassCustomizer
Event: 9.694 Loading class java/lang/ClassCustomizer done
Event: 9.695 Loading class sun/reflect/generics/tree/BooleanSignature
Event: 9.695 Loading class sun/reflect/generics/tree/BooleanSignature done
Event: 9.695 Loading class sun/reflect/generics/reflectiveObjects/GenericArrayTypeImpl
Event: 9.695 Loading class sun/reflect/generics/reflectiveObjects/GenericArrayTypeImpl done
Event: 9.699 Loading class jdk/internal/vm/annotation/ForceInline
Event: 9.699 Loading class jdk/internal/vm/annotation/ForceInline done
Event: 9.999 Loading class java/util/BitSet$1BitSetSpliterator
Event: 9.999 Loading class java/util/BitSet$1BitSetSpliterator done
Event: 10.022 Loading class java/util/Collections$SynchronizedRandomAccessList
Event: 10.022 Loading class java/util/Collections$SynchronizedList
Event: 10.022 Loading class java/util/Collections$SynchronizedList done
Event: 10.022 Loading class java/util/Collections$SynchronizedRandomAccessList done

Classes unloaded (0 events):
No events

Classes redefined (0 events):
No events

Internal exceptions (20 events):
Event: 9.694 Thread 0x0000010c53edb690 Exception <a 'java/lang/ClassNotFoundException'{0x0000000086559510}: java/lang/ClassCustomizer> (0x0000000086559510) 
thrown [s\src\hotspot\share\classfile\systemDictionary.cpp, line 312]
Event: 9.701 Thread 0x0000010c53edb690 Implicit null exception at 0x0000010c411e2cc4 to 0x0000010c411e362c
Event: 9.705 Thread 0x0000010c53edb690 Exception <a 'java/lang/ClassNotFoundException'{0x0000000086428930}: org/gradle/tooling/provider/model/internal/DefaultToolingModelBuilderRegistryBeanInfo> (0x0000000086428930) 
thrown [s\src\hotspot\share\classfile\systemDictionary.cpp, line 312]
Event: 9.705 Thread 0x0000010c53edb690 Exception <a 'java/lang/ClassNotFoundException'{0x000000008643d6a0}: org/gradle/tooling/provider/model/internal/DefaultToolingModelBuilderRegistryCustomizer> (0x000000008643d6a0) 
thrown [s\src\hotspot\share\classfile\systemDictionary.cpp, line 312]
Event: 9.713 Thread 0x0000010c53edb690 Exception <a 'java/lang/ClassNotFoundException'{0x000000008649c828}: org/gradle/internal/service/ScopedServiceRegistryBeanInfo> (0x000000008649c828) 
thrown [s\src\hotspot\share\classfile\systemDictionary.cpp, line 312]
Event: 9.713 Thread 0x0000010c53edb690 Exception <a 'java/lang/ClassNotFoundException'{0x00000000864b0c20}: org/gradle/internal/service/DefaultServiceRegistryBeanInfo> (0x00000000864b0c20) 
thrown [s\src\hotspot\share\classfile\systemDictionary.cpp, line 312]
Event: 9.714 Thread 0x0000010c53edb690 Exception <a 'java/lang/ClassNotFoundException'{0x00000000864c5038}: org/gradle/internal/service/DefaultServiceRegistryCustomizer> (0x00000000864c5038) 
thrown [s\src\hotspot\share\classfile\systemDictionary.cpp, line 312]
Event: 9.715 Thread 0x0000010c53edb690 Exception <a 'java/lang/ClassNotFoundException'{0x00000000864e7aa0}: org/gradle/internal/service/ScopedServiceRegistryCustomizer> (0x00000000864e7aa0) 
thrown [s\src\hotspot\share\classfile\systemDictionary.cpp, line 312]
Event: 9.788 Thread 0x0000010c53edb690 Exception <a 'java/lang/ClassNotFoundException'{0x0000000086331930}: org/gradle/internal/extensibility/DefaultConventionBeanInfo> (0x0000000086331930) 
thrown [s\src\hotspot\share\classfile\systemDictionary.cpp, line 312]
Event: 9.793 Thread 0x0000010c53edb690 Exception <a 'java/lang/ClassNotFoundException'{0x0000000086345d60}: org/gradle/internal/extensibility/DefaultConventionCustomizer> (0x0000000086345d60) 
thrown [s\src\hotspot\share\classfile\systemDictionary.cpp, line 312]
Event: 9.824 Thread 0x0000010c53edb690 Exception <a 'java/lang/ClassNotFoundException'{0x00000000863def48}: com/intellij/gradle/toolingExtension/impl/modelBuilder/ExtraModelBuilderBeanInfo> (0x00000000863def48) 
thrown [s\src\hotspot\share\classfile\systemDictionary.cpp, line 312]
Event: 9.825 Thread 0x0000010c53edb690 Exception <a 'java/lang/ClassNotFoundException'{0x00000000863ea9c8}: com/intellij/gradle/toolingExtension/impl/modelBuilder/ExtraModelBuilderCustomizer> (0x00000000863ea9c8) 
thrown [s\src\hotspot\share\classfile\systemDictionary.cpp, line 312]
Event: 10.004 Thread 0x0000010c53edb690 Exception <a 'java/lang/IncompatibleClassChangeError'{0x000000008716b2a8}: Found class java.lang.Object, but interface was expected> (0x000000008716b2a8) 
thrown [s\src\hotspot\share\interpreter\linkResolver.cpp, line 851]
Event: 10.009 Thread 0x0000010c53edb690 Exception <a 'sun/nio/fs/WindowsException'{0x0000000087194c38}> (0x0000000087194c38) 
thrown [s\src\hotspot\share\prims\jni.cpp, line 537]
Event: 10.010 Thread 0x0000010c53edb690 Exception <a 'sun/nio/fs/WindowsException'{0x0000000087196450}> (0x0000000087196450) 
thrown [s\src\hotspot\share\prims\jni.cpp, line 537]
Event: 10.010 Thread 0x0000010c53edb690 Exception <a 'sun/nio/fs/WindowsException'{0x0000000087197c28}> (0x0000000087197c28) 
thrown [s\src\hotspot\share\prims\jni.cpp, line 537]
Event: 10.011 Thread 0x0000010c53edb690 Exception <a 'sun/nio/fs/WindowsException'{0x0000000087199018}> (0x0000000087199018) 
thrown [s\src\hotspot\share\prims\jni.cpp, line 537]
Event: 10.013 Thread 0x0000010c53edb690 Exception <a 'java/lang/NoSuchMethodError'{0x00000000871a9fa8}: 'java.lang.Object java.lang.invoke.Invokers$Holder.invoker(java.lang.Object, java.lang.Object, java.lang.Object, java.lang.Object, java.lang.Object, java.lang.Object)'> (0x00000000871a9fa8) 
thrown [s\src\hotspot\share\interpreter\linkResolver.cpp, line 784]
Event: 10.034 Thread 0x0000010c53edb690 Exception <a 'java/lang/NoSuchMethodError'{0x00000000870a8f80}: 'java.lang.Object java.lang.invoke.Invokers$Holder.invoker(java.lang.Object, java.lang.Object, java.lang.Object, java.lang.Object, java.lang.Object, java.lang.Object, java.lang.Object, java.lang.Object, java.lang.Object, java.lang.Object, java.lang.Object, java.lang.Object, java.lang.Object, java.lang.Object, java.lang.Object, java.lang.Object, java.lang.Object, java.lang.Object, java.lang.Object, java.lang.Object, java.lang.Object, java.lang.
Event: 10.034 Thread 0x0000010c53edb690 Exception <a 'java/lang/NoSuchMethodError'{0x00000000870afbb8}: 'java.lang.Object java.lang.invoke.DelegatingMethodHandle$Holder.delegate(java.lang.Object, java.lang.Object, java.lang.Object, java.lang.Object, java.lang.Object, java.lang.Object, java.lang.Object, java.lang.Object, java.lang.Object, java.lang.Object, java.lang.Object, java.lang.Object, java.lang.Object, java.lang.Object, java.lang.Object, java.lang.Object, java.lang.Object, java.lang.Object, java.lang.Object, java.lang.Object, java.lang.Obj

ZGC Phase Switch (0 events):
No events

VM Operations (20 events):
Event: 8.808 Executing VM operation: HandshakeAllThreads (Deoptimize)
Event: 8.808 Executing VM operation: HandshakeAllThreads (Deoptimize) done
Event: 9.030 Executing VM operation: G1CollectForAllocation (G1 Evacuation Pause)
Event: 9.034 Executing VM operation: G1CollectForAllocation (G1 Evacuation Pause) done
Event: 9.186 Executing VM operation: HandshakeAllThreads (Deoptimize)
Event: 9.187 Executing VM operation: HandshakeAllThreads (Deoptimize) done
Event: 9.394 Executing VM operation: G1TryInitiateConcMark (G1 Humongous Allocation)
Event: 9.398 Executing VM operation: G1TryInitiateConcMark (G1 Humongous Allocation) done
Event: 9.423 Executing VM operation: G1PauseRemark
Event: 9.427 Executing VM operation: G1PauseRemark done
Event: 9.442 Executing VM operation: G1PauseCleanup
Event: 9.442 Executing VM operation: G1PauseCleanup done
Event: 9.710 Executing VM operation: HandshakeAllThreads (Deoptimize)
Event: 9.711 Executing VM operation: HandshakeAllThreads (Deoptimize) done
Event: 9.713 Executing VM operation: ICBufferFull
Event: 9.713 Executing VM operation: ICBufferFull done
Event: 9.922 Executing VM operation: G1CollectForAllocation (G1 Evacuation Pause)
Event: 9.927 Executing VM operation: G1CollectForAllocation (G1 Evacuation Pause) done
Event: 10.100 Executing VM operation: G1CollectForAllocation (G1 Evacuation Pause)
Event: 10.104 Executing VM operation: G1CollectForAllocation (G1 Evacuation Pause) done

Memory protections (0 events):
No events

Nmethod flushes (20 events):
Event: 9.426 Thread 0x0000010c4d85cfa0 flushing  nmethod 0x0000010c3962b210
Event: 9.426 Thread 0x0000010c4d85cfa0 flushing  nmethod 0x0000010c3964d010
Event: 9.426 Thread 0x0000010c4d85cfa0 flushing  nmethod 0x0000010c3964fe90
Event: 9.426 Thread 0x0000010c4d85cfa0 flushing  nmethod 0x0000010c39675b10
Event: 9.426 Thread 0x0000010c4d85cfa0 flushing  nmethod 0x0000010c39677290
Event: 9.426 Thread 0x0000010c4d85cfa0 flushing  nmethod 0x0000010c39678a10
Event: 9.426 Thread 0x0000010c4d85cfa0 flushing  nmethod 0x0000010c396a7310
Event: 9.426 Thread 0x0000010c4d85cfa0 flushing  nmethod 0x0000010c396ae890
Event: 9.426 Thread 0x0000010c4d85cfa0 flushing  nmethod 0x0000010c397b8890
Event: 9.426 Thread 0x0000010c4d85cfa0 flushing  nmethod 0x0000010c39894910
Event: 9.426 Thread 0x0000010c4d85cfa0 flushing  nmethod 0x0000010c398bfe10
Event: 9.426 Thread 0x0000010c4d85cfa0 flushing  nmethod 0x0000010c399df990
Event: 9.426 Thread 0x0000010c4d85cfa0 flushing  nmethod 0x0000010c399e2d10
Event: 9.426 Thread 0x0000010c4d85cfa0 flushing  nmethod 0x0000010c39a2cd90
Event: 9.426 Thread 0x0000010c4d85cfa0 flushing  nmethod 0x0000010c39ab5b90
Event: 9.426 Thread 0x0000010c4d85cfa0 flushing  nmethod 0x0000010c39ab6b90
Event: 9.426 Thread 0x0000010c4d85cfa0 flushing  nmethod 0x0000010c39b0c490
Event: 9.426 Thread 0x0000010c4d85cfa0 flushing  nmethod 0x0000010c39b43390
Event: 9.426 Thread 0x0000010c4d85cfa0 flushing  nmethod 0x0000010c39bf2a10
Event: 9.426 Thread 0x0000010c4d85cfa0 flushing  nmethod 0x0000010c39bf3410

Events (20 events):
Event: 9.220 Thread 0x0000010c53edb690 Thread added: 0x0000010c54ea1640
Event: 9.222 Thread 0x0000010c53edb690 Thread added: 0x0000010c54ea1cd0
Event: 9.263 Thread 0x0000010c53edb690 Thread added: 0x0000010c54ea0290
Event: 9.264 Thread 0x0000010c53edb690 Thread added: 0x0000010c54ea3da0
Event: 9.490 Thread 0x0000010c53edb690 Thread added: 0x0000010c54ea3710
Event: 9.491 Thread 0x0000010c53edb690 Thread added: 0x0000010c54ea0fb0
Event: 9.491 Thread 0x0000010c53edb690 Thread added: 0x0000010c54ea2360
Event: 9.491 Thread 0x0000010c53edb690 Thread added: 0x0000010c54ea29f0
Event: 9.492 Thread 0x0000010c53edb690 Thread added: 0x0000010c54ea0920
Event: 9.492 Thread 0x0000010c53edb690 Thread added: 0x0000010c54ea4430
Event: 9.492 Thread 0x0000010c53edb690 Thread added: 0x0000010c54ea3080
Event: 9.522 Thread 0x0000010c53edb690 Thread added: 0x0000010c557e54d0
Event: 9.523 Thread 0x0000010c53edb690 Thread added: 0x0000010c557e2d70
Event: 9.524 Thread 0x0000010c53edb690 Thread added: 0x0000010c557e4120
Event: 9.524 Thread 0x0000010c53edb690 Thread added: 0x0000010c557e47b0
Event: 9.525 Thread 0x0000010c53edb690 Thread added: 0x0000010c557e4e40
Event: 9.525 Thread 0x0000010c53edb690 Thread added: 0x0000010c557e3a90
Event: 9.526 Thread 0x0000010c53edb690 Thread added: 0x0000010c557e26e0
Event: 9.811 Thread 0x0000010c52d24320 Thread exited: 0x0000010c52d24320
Event: 10.037 Thread 0x0000010c4dc6e040 Thread added: 0x0000010c56890290


Dynamic libraries:
0x00007ff7afba0000 - 0x00007ff7afbaa000 	C:\Program Files\Android\Android Studio\jbr\bin\java.exe
0x00007ff8628a0000 - 0x00007ff862b08000 	C:\WINDOWS\SYSTEM32\ntdll.dll
0x00007ff8615e0000 - 0x00007ff8616a9000 	C:\WINDOWS\System32\KERNEL32.DLL
0x00007ff85ff20000 - 0x00007ff860318000 	C:\WINDOWS\System32\KERNELBASE.dll
0x00007ff85fc60000 - 0x00007ff85fdab000 	C:\WINDOWS\System32\ucrtbase.dll
0x00007ff84cf80000 - 0x00007ff84cf98000 	C:\Program Files\Android\Android Studio\jbr\bin\jli.dll
0x00007ff849780000 - 0x00007ff84979b000 	C:\Program Files\Android\Android Studio\jbr\bin\VCRUNTIME140.dll
0x00007ff8616b0000 - 0x00007ff861877000 	C:\WINDOWS\System32\USER32.dll
0x00007ff85fb70000 - 0x00007ff85fb97000 	C:\WINDOWS\System32\win32u.dll
0x00007ff8619e0000 - 0x00007ff861a0b000 	C:\WINDOWS\System32\GDI32.dll
0x00007ff83a670000 - 0x00007ff83a904000 	C:\WINDOWS\WinSxS\amd64_microsoft.windows.common-controls_6595b64144ccf1df_6.0.26100.7019_none_3e06ffa0e335b8a8\COMCTL32.dll
0x00007ff8603d0000 - 0x00007ff8604fc000 	C:\WINDOWS\System32\gdi32full.dll
0x00007ff860500000 - 0x00007ff8605a3000 	C:\WINDOWS\System32\msvcp_win.dll
0x00007ff8627b0000 - 0x00007ff862859000 	C:\WINDOWS\System32\msvcrt.dll
0x00007ff860e40000 - 0x00007ff860e71000 	C:\WINDOWS\System32\IMM32.DLL
0x00007ff84ccd0000 - 0x00007ff84ccdc000 	C:\Program Files\Android\Android Studio\jbr\bin\vcruntime140_1.dll
0x00007ff823990000 - 0x00007ff823a1d000 	C:\Program Files\Android\Android Studio\jbr\bin\msvcp140.dll
0x00007fffdc430000 - 0x00007fffdd0c6000 	C:\Program Files\Android\Android Studio\jbr\bin\server\jvm.dll
0x00007ff8626f0000 - 0x00007ff8627a4000 	C:\WINDOWS\System32\ADVAPI32.dll
0x00007ff8610a0000 - 0x00007ff861146000 	C:\WINDOWS\System32\sechost.dll
0x00007ff862560000 - 0x00007ff862678000 	C:\WINDOWS\System32\RPCRT4.dll
0x00007ff861bb0000 - 0x00007ff861c24000 	C:\WINDOWS\System32\WS2_32.dll
0x00007ff85f850000 - 0x00007ff85f8ae000 	C:\WINDOWS\SYSTEM32\POWRPROF.dll
0x00007ff8372d0000 - 0x00007ff8372db000 	C:\WINDOWS\SYSTEM32\VERSION.dll
0x00007ff855560000 - 0x00007ff855595000 	C:\WINDOWS\SYSTEM32\WINMM.dll
0x00007ff85f830000 - 0x00007ff85f844000 	C:\WINDOWS\SYSTEM32\UMPDC.dll
0x00007ff85e770000 - 0x00007ff85e78b000 	C:\WINDOWS\SYSTEM32\kernel.appcore.dll
0x00007ff84c610000 - 0x00007ff84c61a000 	C:\Program Files\Android\Android Studio\jbr\bin\jimage.dll
0x00007ff85d110000 - 0x00007ff85d352000 	C:\WINDOWS\SYSTEM32\DBGHELP.DLL
0x00007ff860aa0000 - 0x00007ff860e2b000 	C:\WINDOWS\System32\combase.dll
0x00007ff860ee0000 - 0x00007ff860fb7000 	C:\WINDOWS\System32\OLEAUT32.dll
0x00007ff8338e0000 - 0x00007ff83391c000 	C:\WINDOWS\SYSTEM32\dbgcore.DLL
0x00007ff860320000 - 0x00007ff8603c5000 	C:\WINDOWS\System32\bcryptPrimitives.dll
0x00007ff859c30000 - 0x00007ff859c3e000 	C:\Program Files\Android\Android Studio\jbr\bin\instrument.dll
0x00007ff848c40000 - 0x00007ff848c60000 	C:\Program Files\Android\Android Studio\jbr\bin\java.dll
0x00007ff848600000 - 0x00007ff848618000 	C:\Program Files\Android\Android Studio\jbr\bin\zip.dll
0x00007ff861e00000 - 0x00007ff86254f000 	C:\WINDOWS\System32\SHELL32.dll
0x00007ff85fdb0000 - 0x00007ff85ff1b000 	C:\WINDOWS\System32\wintypes.dll
0x00007ff85d5d0000 - 0x00007ff85de2d000 	C:\WINDOWS\SYSTEM32\windows.storage.dll
0x00007ff861cd0000 - 0x00007ff861dc2000 	C:\WINDOWS\System32\SHCORE.dll
0x00007ff862680000 - 0x00007ff8626e7000 	C:\WINDOWS\System32\shlwapi.dll
0x00007ff85f910000 - 0x00007ff85f939000 	C:\WINDOWS\SYSTEM32\profapi.dll
0x00007ff84c510000 - 0x00007ff84c520000 	C:\Program Files\Android\Android Studio\jbr\bin\net.dll
0x00007ff856e70000 - 0x00007ff856f98000 	C:\WINDOWS\SYSTEM32\WINHTTP.dll
0x00007ff85ecc0000 - 0x00007ff85ed2b000 	C:\WINDOWS\system32\mswsock.dll
0x00007ff838dc0000 - 0x00007ff838dd6000 	C:\Program Files\Android\Android Studio\jbr\bin\nio.dll
0x00007ff849f00000 - 0x00007ff849f10000 	C:\Program Files\Android\Android Studio\jbr\bin\verify.dll
0x00007ff849810000 - 0x00007ff849837000 	C:\Users\Lenovo\.gradle\native\c067742578af261105cb4f569cf0c3c89f3d7b1fecec35dd04571415982c5e48\windows-amd64\native-platform.dll
0x00007fffc9c90000 - 0x00007fffc9dd4000 	C:\Users\Lenovo\.gradle\native\100fb08df4bc3b14c8652ba06237920a3bd2aa13389f12d3474272988ae205f9\windows-amd64\native-platform-file-events.dll
0x00007ff84c000000 - 0x00007ff84c009000 	C:\Program Files\Android\Android Studio\jbr\bin\management.dll
0x00007ff84bef0000 - 0x00007ff84befb000 	C:\Program Files\Android\Android Studio\jbr\bin\management_ext.dll
0x00007ff861080000 - 0x00007ff861088000 	C:\WINDOWS\System32\PSAPI.DLL
0x00007ff85f0b0000 - 0x00007ff85f0cb000 	C:\WINDOWS\SYSTEM32\CRYPTSP.dll
0x00007ff85e6d0000 - 0x00007ff85e70a000 	C:\WINDOWS\system32\rsaenh.dll
0x00007ff85ed70000 - 0x00007ff85ed9b000 	C:\WINDOWS\SYSTEM32\USERENV.dll
0x00007ff85f8e0000 - 0x00007ff85f90a000 	C:\WINDOWS\SYSTEM32\bcrypt.dll
0x00007ff85ef10000 - 0x00007ff85ef1c000 	C:\WINDOWS\SYSTEM32\CRYPTBASE.dll
0x00007ff85e2b0000 - 0x00007ff85e2e4000 	C:\WINDOWS\SYSTEM32\IPHLPAPI.DLL
0x00007ff861090000 - 0x00007ff86109a000 	C:\WINDOWS\System32\NSI.dll
0x00007ff84c3c0000 - 0x00007ff84c3c9000 	C:\Program Files\Android\Android Studio\jbr\bin\extnet.dll
0x00007ff828970000 - 0x00007ff828978000 	C:\WINDOWS\system32\wshunix.dll

JVMTI agents:
C:\Users\Lenovo\.gradle\wrapper\dists\gradle-8.11.1-bin\bpt9gzteqjrbo1mjrsomdt32c\gradle-8.11.1\lib\agents\gradle-instrumentation-agent-8.11.1.jar path:C:\Program Files\Android\Android Studio\jbr\bin\instrument.dll, loaded, initialized, instrumentlib options:none

dbghelp: loaded successfully - version: 4.0.5 - missing functions: none
symbol engine: initialized successfully - sym options: 0x614 - pdb path: .;C:\Program Files\Android\Android Studio\jbr\bin;C:\WINDOWS\SYSTEM32;C:\WINDOWS\WinSxS\amd64_microsoft.windows.common-controls_6595b64144ccf1df_6.0.26100.7019_none_3e06ffa0e335b8a8;C:\Program Files\Android\Android Studio\jbr\bin\server;C:\Users\Lenovo\.gradle\native\c067742578af261105cb4f569cf0c3c89f3d7b1fecec35dd04571415982c5e48\windows-amd64;C:\Users\Lenovo\.gradle\native\100fb08df4bc3b14c8652ba06237920a3bd2aa13389f12d3474272988ae205f9\windows-amd64

VM Arguments:
jvm_args: --add-opens=java.base/java.lang=ALL-UNNAMED --add-opens=java.base/java.lang.invoke=ALL-UNNAMED --add-opens=java.base/java.util=ALL-UNNAMED --add-opens=java.prefs/java.util.prefs=ALL-UNNAMED --add-exports=jdk.compiler/com.sun.tools.javac.api=ALL-UNNAMED --add-exports=jdk.compiler/com.sun.tools.javac.util=ALL-UNNAMED --add-opens=java.base/java.util=ALL-UNNAMED --add-opens=java.prefs/java.util.prefs=ALL-UNNAMED --add-opens=java.base/java.nio.charset=ALL-UNNAMED --add-opens=java.base/java.net=ALL-UNNAMED --add-opens=java.base/java.util.concurrent.atomic=ALL-UNNAMED --add-opens=java.xml/javax.xml.namespace=ALL-UNNAMED -Xmx2048m -Dfile.encoding=UTF-8 -Duser.country=FR -Duser.language=fr -Duser.variant -javaagent:C:\Users\Lenovo\.gradle\wrapper\dists\gradle-8.11.1-bin\bpt9gzteqjrbo1mjrsomdt32c\gradle-8.11.1\lib\agents\gradle-instrumentation-agent-8.11.1.jar 
java_command: org.gradle.launcher.daemon.bootstrap.GradleDaemon 8.11.1
java_class_path (initial): C:\Users\Lenovo\.gradle\wrapper\dists\gradle-8.11.1-bin\bpt9gzteqjrbo1mjrsomdt32c\gradle-8.11.1\lib\gradle-daemon-main-8.11.1.jar
Launcher Type: SUN_STANDARD

[Global flags]
     intx CICompilerCount                          = 4                                         {product} {ergonomic}
     uint ConcGCThreads                            = 2                                         {product} {ergonomic}
     uint G1ConcRefinementThreads                  = 8                                         {product} {ergonomic}
   size_t G1HeapRegionSize                         = 1048576                                   {product} {ergonomic}
    uintx GCDrainStackTargetSize                   = 64                                        {product} {ergonomic}
   size_t InitialHeapSize                          = 130023424                                 {product} {ergonomic}
   size_t MarkStackSize                            = 4194304                                   {product} {ergonomic}
   size_t MaxHeapSize                              = 2147483648                                {product} {command line}
   size_t MaxNewSize                               = 1287651328                                {product} {ergonomic}
   size_t MinHeapDeltaBytes                        = 1048576                                   {product} {ergonomic}
   size_t MinHeapSize                              = 8388608                                   {product} {ergonomic}
    uintx NonNMethodCodeHeapSize                   = 5839372                                {pd product} {ergonomic}
    uintx NonProfiledCodeHeapSize                  = 122909434                              {pd product} {ergonomic}
    uintx ProfiledCodeHeapSize                     = 122909434                              {pd product} {ergonomic}
    uintx ReservedCodeCacheSize                    = 251658240                              {pd product} {ergonomic}
     bool SegmentedCodeCache                       = true                                      {product} {ergonomic}
   size_t SoftMaxHeapSize                          = 2147483648                             {manageable} {ergonomic}
     bool UseCompressedOops                        = true                           {product lp64_product} {ergonomic}
     bool UseG1GC                                  = true                                      {product} {ergonomic}
     bool UseLargePagesIndividualAllocation        = false                                  {pd product} {ergonomic}

Logging:
Log output configuration:
 #0: stdout all=warning uptime,level,tags foldmultilines=false
 #1: stderr all=off uptime,level,tags foldmultilines=false

Environment Variables:
JAVA_HOME=C:\Program Files\Java\jdk-17
PATH=C:\Program Files\Common Files\Oracle\Java\javapath;C:\WINDOWS\system32;C:\WINDOWS;C:\WINDOWS\System32\Wbem;C:\WINDOWS\System32\WindowsPowerShell\v1.0\;C:\WINDOWS\System32\OpenSSH\;C:\ProgramData\ComposerSetup\bin;C:\xampp\php;C:\Program Files\Git\cmd;C:\Program Files\nodejs\;C:\Program Files\Docker\Docker\resources\bin;C:\Program Files\cursor\resources\app\bin;C:\Program Files\Vagrant\bin;C:\src\flutter\bin;C:\Users\Lenovo\AppData\Local\Programs\Python\Python314\Scripts\;C:\Users\Lenovo\AppData\Local\Programs\Python\Python314\;C:\Users\Lenovo\scoop\shims;C:\Users\Lenovo\AppData\Local\Microsoft\WindowsApps;C:\Users\Lenovo\AppData\Local\JetBrains\IntelliJ IDEA 2024.3.2.2\bin;;C:\Users\Lenovo\AppData\Local\Programs\Microsoft VS Code\bin;C:\Users\Lenovo\AppData\Roaming\Composer\vendor\bin;C:\Users\Lenovo\AppData\Roaming\npm;C:\Program Files (x86)\MongoDB Atlas CLI\;C:\Users\Lenovo\AppData\Local\Programs\mongosh\;C:\Users\Lenovo\AppData\Local\Programs\Qoder\bin;C:\Users\Lenovo\AppData\Local\Programs\Antigravity\bin;C:\Users\Lenovo\AppData\Local\Programs\Windsurf\bin
USERNAME=Lenovo
OS=Windows_NT
PROCESSOR_IDENTIFIER=Intel64 Family 6 Model 154 Stepping 4, GenuineIntel
TMP=C:\Users\Lenovo\AppData\Local\Temp
TEMP=C:\Users\Lenovo\AppData\Local\Temp




Periodic native trim disabled

JNI global refs:
JNI global refs: 26, weak refs: 0

JNI global refs memory usage: 835, weak refs: 833

Process memory usage:
Resident Set Size: 318772K (3% of 8106488K total physical memory with 663516K free physical memory)

OOME stack traces (most recent first):
Classloader memory used:
Loader org.gradle.internal.classloader.VisitableURLClassLoader                         : 28234K
Loader bootstrap                                                                       : 22605K
Loader org.gradle.initialization.MixInLegacyTypesClassLoader                           : 6505K
Loader org.gradle.internal.classloader.VisitableURLClassLoader                         : 740K
Loader org.gradle.internal.classloader.VisitableURLClassLoader$InstrumentingVisitableURLClassLoader: 576K
Loader jdk.internal.loader.ClassLoaders$PlatformClassLoader                            : 537K
Loader jdk.internal.loader.ClassLoaders$AppClassLoader                                 : 234K
Loader jdk.internal.reflect.DelegatingClassLoader                                      : 169K
Loader org.gradle.groovy.scripts.internal.DefaultScriptCompilationHandler$ScriptClassLoader: 90576B
Loader org.codehaus.groovy.runtime.callsite.CallSiteClassLoader                        : 49912B

Classes loaded by more than one classloader:
Class org.gradle.api.GradleException                                                  : loaded 3 times (x 82B)
Class org.gradle.internal.classloader.FilteringClassLoader                            : loaded 2 times (x 105B)
Class org.gradle.internal.classloader.ClassLoaderHierarchy                            : loaded 2 times (x 70B)
Class org.gradle.api.internal.classpath.ManifestUtil                                  : loaded 2 times (x 71B)
Class org.gradle.internal.operations.MultipleBuildOperationFailures                   : loaded 2 times (x 95B)
Class org.gradle.internal.classloader.DefaultClassLoaderFactory                       : loaded 2 times (x 82B)
Class kotlin.collections.AbstractList$Companion                                       : loaded 2 times (x 71B)
Class org.gradle.internal.classloader.ClassLoaderVisitor                              : loaded 2 times (x 76B)
Class sync_studio_tooling10343_3lnpmno7c8gy74lwwe1q3mg59                              : loaded 2 times (x 179B)
Class org.gradle.api.internal.classpath.EffectiveClassPath                            : loaded 2 times (x 90B)
Class org.gradle.api.internal.DefaultClassPathProvider                                : loaded 2 times (x 76B)
Class [Lorg.gradle.api.internal.ClassPathProvider;                                    : loaded 2 times (x 69B)
Class org.gradle.api.internal.ClassPathProvider                                       : loaded 2 times (x 70B)
Class org.gradle.internal.service.UnknownServiceException                             : loaded 2 times (x 83B)
Class org.gradle.internal.classpath.TransformedClassPath                              : loaded 2 times (x 96B)
Class org.gradle.internal.classloader.InstrumentingClassLoader                        : loaded 2 times (x 70B)
Class kotlin.enums.EnumEntriesList                                                    : loaded 2 times (x 223B)
Class org.gradle.internal.service.ServiceLocator                                      : loaded 2 times (x 70B)
Class org.gradle.internal.InternalTransformer                                         : loaded 2 times (x 70B)
Class org.gradle.internal.time.DefaultTimer                                           : loaded 2 times (x 80B)
Class org.gradle.internal.classloader.ClasspathUtil$1                                 : loaded 2 times (x 76B)
Class org.gradle.api.internal.classpath.DefaultModuleRegistry$DefaultModule           : loaded 2 times (x 86B)
Class org.gradle.internal.time.DefaultCountdownTimer                                  : loaded 2 times (x 88B)
Class ijInit5_71qgcvvebxk2fclofnwi3mc4d                                               : loaded 2 times (x 179B)
Class kotlin.Function                                                                 : loaded 2 times (x 70B)
Class org.gradle.api.internal.classpath.Module                                        : loaded 2 times (x 70B)
Class org.gradle.api.internal.classpath.UnknownModuleException                        : loaded 2 times (x 82B)
Class org.gradle.api.internal.DefaultClassPathRegistry                                : loaded 2 times (x 76B)
Class org.gradle.api.internal.ClassPathRegistry                                       : loaded 2 times (x 70B)
Class org.gradle.internal.classpath.DefaultClassPath$ImmutableUniqueList              : loaded 2 times (x 199B)
Class org.gradle.internal.classpath.ClassPath                                         : loaded 2 times (x 70B)
Class org.gradle.api.UncheckedIOException                                             : loaded 2 times (x 82B)
Class kotlin.UninitializedPropertyAccessException                                     : loaded 2 times (x 82B)
Class org.gradle.internal.installation.GradleInstallation$1                           : loaded 2 times (x 75B)
Class org.gradle.api.internal.classpath.ModuleRegistry                                : loaded 2 times (x 70B)
Class org.gradle.api.internal.classpath.DefaultModuleRegistry                         : loaded 2 times (x 86B)
Class org.gradle.internal.time.MonotonicClock                                         : loaded 2 times (x 77B)
Class org.gradle.internal.service.ServiceLookupException                              : loaded 2 times (x 82B)
Class org.gradle.internal.classloader.ClassLoaderFactory                              : loaded 2 times (x 70B)
Class org.gradle.internal.service.CachingServiceLocator                               : loaded 2 times (x 82B)
Class org.gradle.internal.time.TimeSource                                             : loaded 2 times (x 70B)
Class kotlin.enums.EnumEntries                                                        : loaded 2 times (x 70B)
Class org.gradle.internal.exceptions.ResolutionProvider                               : loaded 2 times (x 70B)
Class org.gradle.internal.classloader.ClasspathUtil                                   : loaded 2 times (x 71B)
Class org.gradle.internal.time.TimeSource$1                                           : loaded 2 times (x 77B)
Class org.gradle.api.specs.Spec                                                       : loaded 2 times (x 70B)
Class org.gradle.internal.time.Clock                                                  : loaded 2 times (x 70B)
Class kotlin.collections.AbstractList                                                 : loaded 2 times (x 197B)
Class kotlin.collections.AbstractCollection                                           : loaded 2 times (x 117B)
Class org.gradle.internal.classloader.VisitableURLClassLoader$InstrumentingVisitableURLClassLoader: loaded 2 times (x 123B)
Class org.gradle.internal.classloader.VisitableURLClassLoader$Spec                    : loaded 2 times (x 74B)
Class org.gradle.internal.classpath.DefaultClassPath                                  : loaded 2 times (x 90B)
Class org.gradle.internal.classloader.ClassLoaderSpec                                 : loaded 2 times (x 71B)
Class org.gradle.internal.classloader.VisitableURLClassLoader                         : loaded 2 times (x 117B)
Class org.gradle.internal.Cast                                                        : loaded 2 times (x 71B)
Class org.gradle.api.Action                                                           : loaded 2 times (x 70B)
Class kotlin.jvm.functions.Function1                                                  : loaded 2 times (x 70B)
Class org.gradle.internal.classpath.DefaultClassPath$ImmutableUniqueList$Builder      : loaded 2 times (x 75B)
Class kotlin.NotImplementedError                                                      : loaded 2 times (x 82B)
Class org.gradle.internal.exceptions.NonGradleCauseExceptionsHolder                   : loaded 2 times (x 70B)
Class org.jetbrains.plugins.gradle.tooling.ModelBuilderService$Parameter              : loaded 2 times (x 70B)
Class kotlin.enums.EnumEntriesKt                                                      : loaded 2 times (x 71B)
Class org.gradle.internal.IoActions                                                   : loaded 2 times (x 71B)
Class org.gradle.internal.classloader.SystemClassLoaderSpec                           : loaded 2 times (x 71B)
Class org.gradle.internal.exceptions.MultiCauseException                              : loaded 2 times (x 70B)
Class org.gradle.internal.time.CountdownTimer                                         : loaded 2 times (x 70B)
Class kotlin.jvm.internal.Intrinsics                                                  : loaded 2 times (x 71B)
Class org.gradle.tooling.model.ProjectModel                                           : loaded 2 times (x 70B)
Class kotlin.KotlinNullPointerException                                               : loaded 2 times (x 83B)
Class org.gradle.internal.exceptions.DefaultMultiCauseException                       : loaded 2 times (x 95B)
Class org.gradle.internal.time.Time                                                   : loaded 2 times (x 71B)
Class org.gradle.api.internal.classpath.GlobalCacheRootsProvider                      : loaded 2 times (x 70B)
Class org.gradle.internal.time.Timer                                                  : loaded 2 times (x 70B)
Class kotlin.jvm.internal.markers.KMappedMarker                                       : loaded 2 times (x 70B)
Class org.gradle.internal.installation.CurrentGradleInstallationLocator               : loaded 2 times (x 71B)
Class org.gradle.internal.service.DefaultServiceLocator                               : loaded 2 times (x 83B)
Class org.gradle.util.GradleVersion                                                   : loaded 2 times (x 79B)
Class org.gradle.internal.installation.CurrentGradleInstallation                      : loaded 2 times (x 73B)
Class org.gradle.util.internal.GUtil                                                  : loaded 2 times (x 71B)
Class org.gradle.internal.installation.GradleInstallation                             : loaded 2 times (x 75B)

---------------  S Y S T E M  ---------------

OS:
 Windows 11 , 64 bit Build 26100 (10.0.26100.7019)
OS uptime: 1 days 8:45 hours
Hyper-V role detected

CPU: total 8 (initial active 8) (4 cores per cpu, 2 threads per core) family 6 model 154 stepping 4 microcode 0x424, cx8, cmov, fxsr, ht, mmx, 3dnowpref, sse, sse2, sse3, ssse3, sse4.1, sse4.2, popcnt, lzcnt, tsc, tscinvbit, avx, avx2, aes, erms, clmul, bmi1, bmi2, adx, sha, fma, vzeroupper, clflush, clflushopt, clwb, hv, serialize, rdtscp, rdpid, fsrm, f16c, cet_ibt, cet_ss
Processor Information for processor 0
  Max Mhz: 1200, Current Mhz: 1200, Mhz Limit: 1200
Processor Information for processor 1
  Max Mhz: 1200, Current Mhz: 1200, Mhz Limit: 1200
Processor Information for processor 2
  Max Mhz: 1200, Current Mhz: 1200, Mhz Limit: 1200
Processor Information for processor 3
  Max Mhz: 1200, Current Mhz: 1200, Mhz Limit: 1200
Processor Information for processor 4
  Max Mhz: 900, Current Mhz: 900, Mhz Limit: 900
Processor Information for processor 5
  Max Mhz: 900, Current Mhz: 900, Mhz Limit: 900
Processor Information for processor 6
  Max Mhz: 900, Current Mhz: 900, Mhz Limit: 900
Processor Information for processor 7
  Max Mhz: 900, Current Mhz: 900, Mhz Limit: 900

Memory: 4k page, system-wide physical 7916M (645M free)
TotalPageFile size 32492M (AvailPageFile size 43M)
current process WorkingSet (physical memory assigned to process): 313M, peak: 320M
current process commit charge ("private bytes"): 369M, peak: 383M

vm_info: OpenJDK 64-Bit Server VM (21.0.8+-14018985-b1038.68) for windows-amd64 JRE (21.0.8+-14018985-b1038.68), built on 2025-08-29T19:56:34Z by "builder" with MS VC++ 16.10 / 16.11 (VS2019)

END.
