#
# There is insufficient memory for the Java Runtime Environment to continue.
# Native memory allocation (malloc) failed to allocate 1047216 bytes. Error detail: Chunk::new
# Possible reasons:
#   The system is out of physical RAM or swap space
#   This process is running with CompressedOops enabled, and the Java Heap may be blocking the growth of the native heap
# Possible solutions:
#   Reduce memory load on the system
#   Increase physical memory or swap space
#   Check if swap backing store is full
#   Decrease Java heap size (-Xmx/-Xms)
#   Decrease number of Java threads
#   Decrease Java thread stack sizes (-Xss)
#   Set larger code cache with -XX:ReservedCodeCacheSize=
#   JVM is running with Unscaled Compressed Oops mode in which the Java heap is
#     placed in the first 4GB address space. The Java Heap base address is the
#     maximum limit for the native heap growth. Please use -XX:HeapBaseMinAddress
#     to set the Java Heap base and to place the Java Heap above 4GB virtual address.
# This output file may be truncated or incomplete.
#
#  Out of Memory Error (arena.cpp:168), pid=31108, tid=5008
#
# JRE version: OpenJDK Runtime Environment (21.0.8) (build 21.0.8+-14018985-b1038.68)
# Java VM: OpenJDK 64-Bit Server VM (21.0.8+-14018985-b1038.68, mixed mode, tiered, compressed oops, compressed class ptrs, g1 gc, windows-amd64)
# No core dump will be written. Minidumps are not enabled by default on client versions of Windows
#

---------------  S U M M A R Y ------------

Command Line: --add-opens=java.base/java.lang=ALL-UNNAMED --add-opens=java.base/java.lang.invoke=ALL-UNNAMED --add-opens=java.base/java.util=ALL-UNNAMED --add-opens=java.prefs/java.util.prefs=ALL-UNNAMED --add-exports=jdk.compiler/com.sun.tools.javac.api=ALL-UNNAMED --add-exports=jdk.compiler/com.sun.tools.javac.util=ALL-UNNAMED --add-opens=java.base/java.util=ALL-UNNAMED --add-opens=java.prefs/java.util.prefs=ALL-UNNAMED --add-opens=java.base/java.nio.charset=ALL-UNNAMED --add-opens=java.base/java.net=ALL-UNNAMED --add-opens=java.base/java.util.concurrent.atomic=ALL-UNNAMED --add-opens=java.xml/javax.xml.namespace=ALL-UNNAMED -Xmx2048m -Dfile.encoding=UTF-8 -Duser.country=FR -Duser.language=fr -Duser.variant -javaagent:C:\Gradle\gradle-8.7\wrapper\dists\gradle-8.11.1-bin\bpt9gzteqjrbo1mjrsomdt32c\gradle-8.11.1\lib\agents\gradle-instrumentation-agent-8.11.1.jar org.gradle.launcher.daemon.bootstrap.GradleDaemon 8.11.1

Host: 12th Gen Intel(R) Core(TM) i3-1215U, 8 cores, 7G,  Windows 11 , 64 bit Build 26100 (10.0.26100.7019)
Time: Fri Nov 21 00:03:26 2025 Paris, Madrid elapsed time: 19.038278 seconds (0d 0h 0m 19s)

---------------  T H R E A D  ---------------

Current thread (0x000001127b084310):  JavaThread "C2 CompilerThread0" daemon [_thread_in_native, id=5008, stack(0x00000007cbf00000,0x00000007cc000000) (1024K)]


Current CompileTask:
C2:19038 3000   !   4       java.net.URL::<init> (543 bytes)

Stack: [0x00000007cbf00000,0x00000007cc000000]
Native frames: (J=compiled Java code, j=interpreted, Vv=VM code, C=native code)
V  [jvm.dll+0x6d68d9]
V  [jvm.dll+0x866693]
V  [jvm.dll+0x868c4e]
V  [jvm.dll+0x869333]
V  [jvm.dll+0x280566]
V  [jvm.dll+0xc07cd]
V  [jvm.dll+0xc0d03]
V  [jvm.dll+0x3b961b]
V  [jvm.dll+0x385507]
V  [jvm.dll+0x38497a]
V  [jvm.dll+0x249252]
V  [jvm.dll+0x248821]
V  [jvm.dll+0x1c73a4]
V  [jvm.dll+0x257f9e]
V  [jvm.dll+0x2564e6]
V  [jvm.dll+0x3f4696]
V  [jvm.dll+0x80eac8]
V  [jvm.dll+0x6d512d]
C  [ucrtbase.dll+0x37b0]
C  [KERNEL32.DLL+0x2e8d7]
C  [ntdll.dll+0x8c53c]


---------------  P R O C E S S  ---------------

Threads class SMR info:
_java_thread_list=0x000001127cdb21f0, length=25, elements={
0x000001125f56d960, 0x000001127b05afd0, 0x000001127b05e730, 0x000001127b05fa60,
0x000001127b08c8a0, 0x000001127b08d300, 0x000001127b08e8d0, 0x000001127b08fea0,
0x000001127b084310, 0x000001127b084db0, 0x000001127b434d80, 0x000001127cb4e680,
0x000001127ce88e60, 0x000001127c25ee20, 0x000001127b1ec150, 0x000001127b3064b0,
0x000001127b5778e0, 0x000001127c2c5fa0, 0x000001127c2c7350, 0x000001127c2c79e0,
0x000001127c2c5910, 0x000001127c2c4bf0, 0x000001127c2c5280, 0x000001127c2c4560,
0x000001127c2c6cc0
}

Java Threads: ( => current thread )
  0x000001125f56d960 JavaThread "main"                              [_thread_blocked, id=26468, stack(0x00000007cb000000,0x00000007cb100000) (1024K)]
  0x000001127b05afd0 JavaThread "Common-Cleaner"             daemon [_thread_blocked, id=25940, stack(0x00000007cb800000,0x00000007cb900000) (1024K)]
  0x000001127b05e730 JavaThread "Reference Handler"          daemon [_thread_blocked, id=28604, stack(0x00000007cb900000,0x00000007cba00000) (1024K)]
  0x000001127b05fa60 JavaThread "Finalizer"                  daemon [_thread_blocked, id=26904, stack(0x00000007cba00000,0x00000007cbb00000) (1024K)]
  0x000001127b08c8a0 JavaThread "Signal Dispatcher"          daemon [_thread_blocked, id=27628, stack(0x00000007cbb00000,0x00000007cbc00000) (1024K)]
  0x000001127b08d300 JavaThread "Attach Listener"            daemon [_thread_blocked, id=27968, stack(0x00000007cbc00000,0x00000007cbd00000) (1024K)]
  0x000001127b08e8d0 JavaThread "Service Thread"             daemon [_thread_blocked, id=31664, stack(0x00000007cbd00000,0x00000007cbe00000) (1024K)]
  0x000001127b08fea0 JavaThread "Monitor Deflation Thread"   daemon [_thread_blocked, id=18972, stack(0x00000007cbe00000,0x00000007cbf00000) (1024K)]
=>0x000001127b084310 JavaThread "C2 CompilerThread0"         daemon [_thread_in_native, id=5008, stack(0x00000007cbf00000,0x00000007cc000000) (1024K)]
  0x000001127b084db0 JavaThread "C1 CompilerThread0"         daemon [_thread_blocked, id=24296, stack(0x00000007cc000000,0x00000007cc100000) (1024K)]
  0x000001127b434d80 JavaThread "Notification Thread"        daemon [_thread_blocked, id=6584, stack(0x00000007cc100000,0x00000007cc200000) (1024K)]
  0x000001127cb4e680 JavaThread "Daemon health stats"               [_thread_blocked, id=28004, stack(0x00000007cc700000,0x00000007cc800000) (1024K)]
  0x000001127ce88e60 JavaThread "Incoming local TCP Connector on port 49231"        [_thread_in_native, id=13812, stack(0x00000007cc800000,0x00000007cc900000) (1024K)]
  0x000001127c25ee20 JavaThread "Daemon periodic checks"            [_thread_in_vm, id=30016, stack(0x00000007cc900000,0x00000007cca00000) (1024K)]
  0x000001127b1ec150 JavaThread "Daemon"                            [_thread_blocked, id=17060, stack(0x00000007cca00000,0x00000007ccb00000) (1024K)]
  0x000001127b3064b0 JavaThread "Handler for socket connection from /127.0.0.1:49231 to /127.0.0.1:49238"        [_thread_in_native, id=10536, stack(0x00000007ccb00000,0x00000007ccc00000) (1024K)]
  0x000001127b5778e0 JavaThread "Cancel handler"                    [_thread_blocked, id=12420, stack(0x00000007ccc00000,0x00000007ccd00000) (1024K)]
  0x000001127c2c5fa0 JavaThread "Daemon worker"                     [_thread_in_vm, id=30340, stack(0x00000007ccd00000,0x00000007cce00000) (1024K)]
  0x000001127c2c7350 JavaThread "Asynchronous log dispatcher for DefaultDaemonConnection: socket connection from /127.0.0.1:49231 to /127.0.0.1:49238"        [_thread_blocked, id=23232, stack(0x00000007cce00000,0x00000007ccf00000) (1024K)]
  0x000001127c2c79e0 JavaThread "Stdin handler"                     [_thread_blocked, id=30800, stack(0x00000007ccf00000,0x00000007cd000000) (1024K)]
  0x000001127c2c5910 JavaThread "Daemon client event forwarder"        [_thread_blocked, id=21708, stack(0x00000007cd000000,0x00000007cd100000) (1024K)]
  0x000001127c2c4bf0 JavaThread "Cache worker for journal cache (C:\Gradle\gradle-8.7\caches\journal-1)"        [_thread_blocked, id=16472, stack(0x00000007cd400000,0x00000007cd500000) (1024K)]
  0x000001127c2c5280 JavaThread "File lock request listener"        [_thread_in_native, id=11372, stack(0x00000007cd500000,0x00000007cd600000) (1024K)]
  0x000001127c2c4560 JavaThread "Cache worker for file hash cache (C:\Gradle\gradle-8.7\caches\8.11.1\fileHashes)"        [_thread_blocked, id=16032, stack(0x00000007cd600000,0x00000007cd700000) (1024K)]
  0x000001127c2c6cc0 JavaThread "Cache worker for file content cache (C:\Gradle\gradle-8.7\caches\8.11.1\fileContent)"        [_thread_blocked, id=26660, stack(0x00000007cd700000,0x00000007cd800000) (1024K)]
Total: 25

Other Threads:
  0x000001125d2ce470 VMThread "VM Thread"                           [id=29304, stack(0x00000007cb700000,0x00000007cb800000) (1024K)]
  0x0000011276bf68d0 WatcherThread "VM Periodic Task Thread"        [id=29144, stack(0x00000007cb600000,0x00000007cb700000) (1024K)]
  0x000001125d2cfa30 WorkerThread "GC Thread#0"                     [id=22864, stack(0x00000007cb100000,0x00000007cb200000) (1024K)]
  0x000001125d2ce810 WorkerThread "GC Thread#1"                     [id=26876, stack(0x00000007cc200000,0x00000007cc300000) (1024K)]
  0x000001125d2cebb0 WorkerThread "GC Thread#2"                     [id=8272, stack(0x00000007cc300000,0x00000007cc400000) (1024K)]
  0x000001125d2cef50 WorkerThread "GC Thread#3"                     [id=25780, stack(0x00000007cc400000,0x00000007cc500000) (1024K)]
  0x000001127bf514e0 WorkerThread "GC Thread#4"                     [id=1912, stack(0x00000007cc500000,0x00000007cc600000) (1024K)]
  0x000001127bf51c20 WorkerThread "GC Thread#5"                     [id=22868, stack(0x00000007cc600000,0x00000007cc700000) (1024K)]
  0x000001127bf51140 WorkerThread "GC Thread#6"                     [id=14124, stack(0x00000007cd100000,0x00000007cd200000) (1024K)]
  0x000001127bf50da0 WorkerThread "GC Thread#7"                     [id=25296, stack(0x00000007cd200000,0x00000007cd300000) (1024K)]
  0x000001125f5d9750 ConcurrentGCThread "G1 Main Marker"            [id=28488, stack(0x00000007cb200000,0x00000007cb300000) (1024K)]
  0x000001125d2cf2f0 WorkerThread "G1 Conc#0"                       [id=23984, stack(0x00000007cb300000,0x00000007cb400000) (1024K)]
  0x000001127b669d10 WorkerThread "G1 Conc#1"                       [id=26144, stack(0x00000007cd300000,0x00000007cd400000) (1024K)]
  0x000001125f62e690 ConcurrentGCThread "G1 Refine#0"               [id=17256, stack(0x00000007cb400000,0x00000007cb500000) (1024K)]
  0x0000011276ac6300 ConcurrentGCThread "G1 Service"                [id=22588, stack(0x00000007cb500000,0x00000007cb600000) (1024K)]
Total: 15

Threads with active compile tasks:
C2 CompilerThread0  20108 3000   !   4       java.net.URL::<init> (543 bytes)
Total: 1

VM state: not at safepoint (normal execution)

VM Mutex/Monitor currently owned by a thread: None

Heap address: 0x0000000080000000, size: 2048 MB, Compressed Oops mode: 32-bit

CDS archive(s) not mapped
Compressed class space mapped at: 0x0000000100000000-0x0000000140000000, reserved size: 1073741824
Narrow klass base: 0x0000000000000000, Narrow klass shift: 3, Narrow klass range: 0x140000000

GC Precious Log:
 CardTable entry size: 512
 Card Set container configuration: InlinePtr #cards 5 size 8 Array Of Cards #cards 12 size 40 Howl #buckets 4 coarsen threshold 1843 Howl Bitmap #cards 512 size 80 coarsen threshold 460 Card regions per heap region 1 cards per card region 2048
 CPUs: 8 total, 8 available
 Memory: 7916M
 Large Page Support: Disabled
 NUMA Support: Disabled
 Compressed Oops: Enabled (32-bit)
 Heap Region Size: 1M
 Heap Min Capacity: 8M
 Heap Initial Capacity: 124M
 Heap Max Capacity: 2G
 Pre-touch: Disabled
 Parallel Workers: 8
 Concurrent Workers: 2
 Concurrent Refinement Workers: 8
 Periodic GC: Disabled

Heap:
 garbage-first heap   total 83968K, used 34643K [0x0000000080000000, 0x0000000100000000)
  region size 1024K, 19 young (19456K), 7 survivors (7168K)
 Metaspace       used 30964K, committed 31488K, reserved 1114112K
  class space    used 4144K, committed 4352K, reserved 1048576K

Heap Regions: E=young(eden), S=young(survivor), O=old, HS=humongous(starts), HC=humongous(continues), CS=collection set, F=free, TAMS=top-at-mark-start, PB=parsable bottom
|   0|0x0000000080000000, 0x0000000080100000, 0x0000000080100000|100%| O|  |TAMS 0x0000000080000000| PB 0x0000000080000000| Untracked 
|   1|0x0000000080100000, 0x0000000080200000, 0x0000000080200000|100%|HS|  |TAMS 0x0000000080100000| PB 0x0000000080100000| Complete 
|   2|0x0000000080200000, 0x0000000080300000, 0x0000000080300000|100%|HC|  |TAMS 0x0000000080200000| PB 0x0000000080200000| Complete 
|   3|0x0000000080300000, 0x0000000080400000, 0x0000000080400000|100%|HC|  |TAMS 0x0000000080300000| PB 0x0000000080300000| Complete 
|   4|0x0000000080400000, 0x0000000080500000, 0x0000000080500000|100%| O|  |TAMS 0x0000000080400000| PB 0x0000000080400000| Untracked 
|   5|0x0000000080500000, 0x0000000080600000, 0x0000000080600000|100%| O|  |TAMS 0x0000000080500000| PB 0x0000000080500000| Untracked 
|   6|0x0000000080600000, 0x0000000080700000, 0x0000000080700000|100%| O|  |TAMS 0x0000000080600000| PB 0x0000000080600000| Untracked 
|   7|0x0000000080700000, 0x0000000080800000, 0x0000000080800000|100%|HS|  |TAMS 0x0000000080700000| PB 0x0000000080700000| Complete 
|   8|0x0000000080800000, 0x0000000080800000, 0x0000000080900000|  0%| F|  |TAMS 0x0000000080800000| PB 0x0000000080800000| Untracked 
|   9|0x0000000080900000, 0x0000000080a00000, 0x0000000080a00000|100%| O|  |TAMS 0x0000000080900000| PB 0x0000000080900000| Untracked 
|  10|0x0000000080a00000, 0x0000000080b00000, 0x0000000080b00000|100%| O|  |TAMS 0x0000000080a00000| PB 0x0000000080a00000| Untracked 
|  11|0x0000000080b00000, 0x0000000080c00000, 0x0000000080c00000|100%| O|  |TAMS 0x0000000080b00000| PB 0x0000000080b00000| Untracked 
|  12|0x0000000080c00000, 0x0000000080cf56c0, 0x0000000080d00000| 95%| O|Cm|TAMS 0x0000000080c00000| PB 0x0000000080c00000| Complete 
|  13|0x0000000080d00000, 0x0000000080d00000, 0x0000000080e00000|  0%| F|  |TAMS 0x0000000080d00000| PB 0x0000000080d00000| Untracked 
|  14|0x0000000080e00000, 0x0000000080e00000, 0x0000000080f00000|  0%| F|  |TAMS 0x0000000080e00000| PB 0x0000000080e00000| Untracked 
|  15|0x0000000080f00000, 0x0000000080f00000, 0x0000000081000000|  0%| F|  |TAMS 0x0000000080f00000| PB 0x0000000080f00000| Untracked 
|  16|0x0000000081000000, 0x0000000081000000, 0x0000000081100000|  0%| F|  |TAMS 0x0000000081000000| PB 0x0000000081000000| Untracked 
|  17|0x0000000081100000, 0x0000000081100000, 0x0000000081200000|  0%| F|  |TAMS 0x0000000081100000| PB 0x0000000081100000| Untracked 
|  18|0x0000000081200000, 0x0000000081200000, 0x0000000081300000|  0%| F|  |TAMS 0x0000000081200000| PB 0x0000000081200000| Untracked 
|  19|0x0000000081300000, 0x0000000081300000, 0x0000000081400000|  0%| F|  |TAMS 0x0000000081300000| PB 0x0000000081300000| Untracked 
|  20|0x0000000081400000, 0x0000000081400000, 0x0000000081500000|  0%| F|  |TAMS 0x0000000081400000| PB 0x0000000081400000| Untracked 
|  21|0x0000000081500000, 0x0000000081500000, 0x0000000081600000|  0%| F|  |TAMS 0x0000000081500000| PB 0x0000000081500000| Untracked 
|  22|0x0000000081600000, 0x0000000081600000, 0x0000000081700000|  0%| F|  |TAMS 0x0000000081600000| PB 0x0000000081600000| Untracked 
|  23|0x0000000081700000, 0x0000000081700000, 0x0000000081800000|  0%| F|  |TAMS 0x0000000081700000| PB 0x0000000081700000| Untracked 
|  24|0x0000000081800000, 0x0000000081800000, 0x0000000081900000|  0%| F|  |TAMS 0x0000000081800000| PB 0x0000000081800000| Untracked 
|  25|0x0000000081900000, 0x0000000081900000, 0x0000000081a00000|  0%| F|  |TAMS 0x0000000081900000| PB 0x0000000081900000| Untracked 
|  26|0x0000000081a00000, 0x0000000081a00000, 0x0000000081b00000|  0%| F|  |TAMS 0x0000000081a00000| PB 0x0000000081a00000| Untracked 
|  27|0x0000000081b00000, 0x0000000081b00000, 0x0000000081c00000|  0%| F|  |TAMS 0x0000000081b00000| PB 0x0000000081b00000| Untracked 
|  28|0x0000000081c00000, 0x0000000081c00000, 0x0000000081d00000|  0%| F|  |TAMS 0x0000000081c00000| PB 0x0000000081c00000| Untracked 
|  29|0x0000000081d00000, 0x0000000081d00000, 0x0000000081e00000|  0%| F|  |TAMS 0x0000000081d00000| PB 0x0000000081d00000| Untracked 
|  30|0x0000000081e00000, 0x0000000081e00000, 0x0000000081f00000|  0%| F|  |TAMS 0x0000000081e00000| PB 0x0000000081e00000| Untracked 
|  31|0x0000000081f00000, 0x0000000081f00000, 0x0000000082000000|  0%| F|  |TAMS 0x0000000081f00000| PB 0x0000000081f00000| Untracked 
|  32|0x0000000082000000, 0x0000000082000000, 0x0000000082100000|  0%| F|  |TAMS 0x0000000082000000| PB 0x0000000082000000| Untracked 
|  33|0x0000000082100000, 0x0000000082100000, 0x0000000082200000|  0%| F|  |TAMS 0x0000000082100000| PB 0x0000000082100000| Untracked 
|  34|0x0000000082200000, 0x0000000082200000, 0x0000000082300000|  0%| F|  |TAMS 0x0000000082200000| PB 0x0000000082200000| Untracked 
|  35|0x0000000082300000, 0x0000000082300000, 0x0000000082400000|  0%| F|  |TAMS 0x0000000082300000| PB 0x0000000082300000| Untracked 
|  36|0x0000000082400000, 0x0000000082400000, 0x0000000082500000|  0%| F|  |TAMS 0x0000000082400000| PB 0x0000000082400000| Untracked 
|  37|0x0000000082500000, 0x0000000082500000, 0x0000000082600000|  0%| F|  |TAMS 0x0000000082500000| PB 0x0000000082500000| Untracked 
|  38|0x0000000082600000, 0x0000000082600000, 0x0000000082700000|  0%| F|  |TAMS 0x0000000082600000| PB 0x0000000082600000| Untracked 
|  39|0x0000000082700000, 0x0000000082700000, 0x0000000082800000|  0%| F|  |TAMS 0x0000000082700000| PB 0x0000000082700000| Untracked 
|  40|0x0000000082800000, 0x0000000082800000, 0x0000000082900000|  0%| F|  |TAMS 0x0000000082800000| PB 0x0000000082800000| Untracked 
|  41|0x0000000082900000, 0x0000000082900000, 0x0000000082a00000|  0%| F|  |TAMS 0x0000000082900000| PB 0x0000000082900000| Untracked 
|  42|0x0000000082a00000, 0x0000000082a00000, 0x0000000082b00000|  0%| F|  |TAMS 0x0000000082a00000| PB 0x0000000082a00000| Untracked 
|  43|0x0000000082b00000, 0x0000000082b00000, 0x0000000082c00000|  0%| F|  |TAMS 0x0000000082b00000| PB 0x0000000082b00000| Untracked 
|  44|0x0000000082c00000, 0x0000000082c00000, 0x0000000082d00000|  0%| F|  |TAMS 0x0000000082c00000| PB 0x0000000082c00000| Untracked 
|  45|0x0000000082d00000, 0x0000000082d00000, 0x0000000082e00000|  0%| F|  |TAMS 0x0000000082d00000| PB 0x0000000082d00000| Untracked 
|  46|0x0000000082e00000, 0x0000000082e00000, 0x0000000082f00000|  0%| F|  |TAMS 0x0000000082e00000| PB 0x0000000082e00000| Untracked 
|  47|0x0000000082f00000, 0x0000000082f00000, 0x0000000083000000|  0%| F|  |TAMS 0x0000000082f00000| PB 0x0000000082f00000| Untracked 
|  48|0x0000000083000000, 0x0000000083000000, 0x0000000083100000|  0%| F|  |TAMS 0x0000000083000000| PB 0x0000000083000000| Untracked 
|  49|0x0000000083100000, 0x0000000083100000, 0x0000000083200000|  0%| F|  |TAMS 0x0000000083100000| PB 0x0000000083100000| Untracked 
|  50|0x0000000083200000, 0x0000000083200000, 0x0000000083300000|  0%| F|  |TAMS 0x0000000083200000| PB 0x0000000083200000| Untracked 
|  51|0x0000000083300000, 0x0000000083300000, 0x0000000083400000|  0%| F|  |TAMS 0x0000000083300000| PB 0x0000000083300000| Untracked 
|  52|0x0000000083400000, 0x0000000083400000, 0x0000000083500000|  0%| F|  |TAMS 0x0000000083400000| PB 0x0000000083400000| Untracked 
|  53|0x0000000083500000, 0x0000000083500000, 0x0000000083600000|  0%| F|  |TAMS 0x0000000083500000| PB 0x0000000083500000| Untracked 
|  54|0x0000000083600000, 0x0000000083600000, 0x0000000083700000|  0%| F|  |TAMS 0x0000000083600000| PB 0x0000000083600000| Untracked 
|  55|0x0000000083700000, 0x0000000083700000, 0x0000000083800000|  0%| F|  |TAMS 0x0000000083700000| PB 0x0000000083700000| Untracked 
|  56|0x0000000083800000, 0x0000000083800000, 0x0000000083900000|  0%| F|  |TAMS 0x0000000083800000| PB 0x0000000083800000| Untracked 
|  57|0x0000000083900000, 0x0000000083900000, 0x0000000083a00000|  0%| F|  |TAMS 0x0000000083900000| PB 0x0000000083900000| Untracked 
|  58|0x0000000083a00000, 0x0000000083a725a0, 0x0000000083b00000| 44%| E|  |TAMS 0x0000000083a00000| PB 0x0000000083a00000| Complete 
|  59|0x0000000083b00000, 0x0000000083c00000, 0x0000000083c00000|100%| S|CS|TAMS 0x0000000083b00000| PB 0x0000000083b00000| Complete 
|  60|0x0000000083c00000, 0x0000000083d00000, 0x0000000083d00000|100%| S|CS|TAMS 0x0000000083c00000| PB 0x0000000083c00000| Complete 
|  61|0x0000000083d00000, 0x0000000083e00000, 0x0000000083e00000|100%| S|CS|TAMS 0x0000000083d00000| PB 0x0000000083d00000| Complete 
|  62|0x0000000083e00000, 0x0000000083f00000, 0x0000000083f00000|100%| S|CS|TAMS 0x0000000083e00000| PB 0x0000000083e00000| Complete 
|  63|0x0000000083f00000, 0x0000000084000000, 0x0000000084000000|100%| S|CS|TAMS 0x0000000083f00000| PB 0x0000000083f00000| Complete 
|  64|0x0000000084000000, 0x0000000084100000, 0x0000000084100000|100%| S|CS|TAMS 0x0000000084000000| PB 0x0000000084000000| Complete 
|  65|0x0000000084100000, 0x0000000084147990, 0x0000000084200000| 27%| S|CS|TAMS 0x0000000084100000| PB 0x0000000084100000| Complete 
|  88|0x0000000085800000, 0x0000000085900000, 0x0000000085900000|100%| E|CS|TAMS 0x0000000085800000| PB 0x0000000085800000| Complete 
|  89|0x0000000085900000, 0x0000000085a00000, 0x0000000085a00000|100%| E|CS|TAMS 0x0000000085900000| PB 0x0000000085900000| Complete 
|  90|0x0000000085a00000, 0x0000000085b00000, 0x0000000085b00000|100%| E|CS|TAMS 0x0000000085a00000| PB 0x0000000085a00000| Complete 
|  91|0x0000000085b00000, 0x0000000085c00000, 0x0000000085c00000|100%| E|CS|TAMS 0x0000000085b00000| PB 0x0000000085b00000| Complete 
|  92|0x0000000085c00000, 0x0000000085d00000, 0x0000000085d00000|100%| E|CS|TAMS 0x0000000085c00000| PB 0x0000000085c00000| Complete 
|  93|0x0000000085d00000, 0x0000000085e00000, 0x0000000085e00000|100%| E|CS|TAMS 0x0000000085d00000| PB 0x0000000085d00000| Complete 
|  94|0x0000000085e00000, 0x0000000085f00000, 0x0000000085f00000|100%| E|CS|TAMS 0x0000000085e00000| PB 0x0000000085e00000| Complete 
|  95|0x0000000085f00000, 0x0000000086000000, 0x0000000086000000|100%| E|CS|TAMS 0x0000000085f00000| PB 0x0000000085f00000| Complete 
|  96|0x0000000086000000, 0x0000000086100000, 0x0000000086100000|100%| E|CS|TAMS 0x0000000086000000| PB 0x0000000086000000| Complete 
| 122|0x0000000087a00000, 0x0000000087b00000, 0x0000000087b00000|100%| E|CS|TAMS 0x0000000087a00000| PB 0x0000000087a00000| Complete 
| 123|0x0000000087b00000, 0x0000000087c00000, 0x0000000087c00000|100%| E|CS|TAMS 0x0000000087b00000| PB 0x0000000087b00000| Complete 
|2043|0x00000000ffb00000, 0x00000000ffb97cc0, 0x00000000ffc00000| 59%| O|  |TAMS 0x00000000ffb00000| PB 0x00000000ffb00000| Untracked 
|2044|0x00000000ffc00000, 0x00000000ffd00000, 0x00000000ffd00000|100%| O|  |TAMS 0x00000000ffc00000| PB 0x00000000ffc00000| Untracked 
|2045|0x00000000ffd00000, 0x00000000ffe00000, 0x00000000ffe00000|100%| O|  |TAMS 0x00000000ffd00000| PB 0x00000000ffd00000| Untracked 
|2046|0x00000000ffe00000, 0x00000000fff00000, 0x00000000fff00000|100%| O|  |TAMS 0x00000000ffe00000| PB 0x00000000ffe00000| Untracked 
|2047|0x00000000fff00000, 0x0000000100000000, 0x0000000100000000|100%| O|  |TAMS 0x00000000fff00000| PB 0x00000000fff00000| Untracked 

Card table byte_map: [0x0000011271e00000,0x0000011272200000] _byte_map_base: 0x0000011271a00000

Marking Bits: (CMBitMap*) 0x000001125f5c7890
 Bits: [0x0000011272200000, 0x0000011274200000)

Polling page: 0x000001125d3f0000

Metaspace:

Usage:
  Non-class:     26.21 MB used.
      Class:      4.05 MB used.
       Both:     30.26 MB used.

Virtual space:
  Non-class space:       64.00 MB reserved,      26.50 MB ( 41%) committed,  1 nodes.
      Class space:        1.00 GB reserved,       4.25 MB ( <1%) committed,  1 nodes.
             Both:        1.06 GB reserved,      30.75 MB (  3%) committed. 

Chunk freelists:
   Non-Class:  5.45 MB
       Class:  11.75 MB
        Both:  17.21 MB

MaxMetaspaceSize: unlimited
CompressedClassSpaceSize: 1.00 GB
Initial GC threshold: 21.00 MB
Current GC threshold: 35.12 MB
CDS: off
 - commit_granule_bytes: 65536.
 - commit_granule_words: 8192.
 - virtual_space_node_default_size: 8388608.
 - enlarge_chunks_in_place: 1.
 - use_allocation_guard: 0.


Internal statistics:

num_allocs_failed_limit: 3.
num_arena_births: 832.
num_arena_deaths: 0.
num_vsnodes_births: 2.
num_vsnodes_deaths: 0.
num_space_committed: 492.
num_space_uncommitted: 0.
num_chunks_returned_to_freelist: 3.
num_chunks_taken_from_freelist: 1676.
num_chunk_merges: 3.
num_chunk_splits: 1086.
num_chunks_enlarged: 730.
num_inconsistent_stats: 0.

CodeHeap 'non-profiled nmethods': size=120000Kb used=1609Kb max_used=1609Kb free=118390Kb
 bounds [0x000001126a190000, 0x000001126a400000, 0x00000112716c0000]
CodeHeap 'profiled nmethods': size=120000Kb used=6147Kb max_used=6147Kb free=113852Kb
 bounds [0x00000112626c0000, 0x0000011262cd0000, 0x0000011269bf0000]
CodeHeap 'non-nmethods': size=5760Kb used=1480Kb max_used=1527Kb free=4279Kb
 bounds [0x0000011269bf0000, 0x0000011269e60000, 0x000001126a190000]
CodeCache: size=245760Kb, used=9236Kb, max_used=9283Kb, free=236521Kb
 total_blobs=3655, nmethods=3079, adapters=480, full_count=0
Compilation: enabled, stopped_count=0, restarted_count=0

Compilation events (20 events):
Event: 18.015 Thread 0x000001127b084db0 3058       3       org.objectweb.asm.Frame::merge (322 bytes)
Event: 18.016 Thread 0x000001127b084db0 nmethod 3058 0x0000011262caf290 code [0x0000011262caf4c0, 0x0000011262cafd80]
Event: 18.016 Thread 0x000001127b084db0 3059       3       org.gradle.model.internal.asm.MethodVisitorScope::_ALOAD (8 bytes)
Event: 18.016 Thread 0x000001127b084db0 nmethod 3059 0x0000011262caff90 code [0x0000011262cb0140, 0x0000011262cb03a8]
Event: 18.016 Thread 0x000001127b084db0 3060       1       org.gradle.internal.instantiation.generator.AbstractClassGenerator$PropertyMetadata::getOverridableGetters (5 bytes)
Event: 18.016 Thread 0x000001127b084db0 nmethod 3060 0x000001126a321990 code [0x000001126a321b20, 0x000001126a321be8]
Event: 18.019 Thread 0x000001127b084db0 3061       3       org.objectweb.asm.SymbolTable::addConstantUtf8Reference (101 bytes)
Event: 18.020 Thread 0x000001127b084db0 nmethod 3061 0x0000011262cb0490 code [0x0000011262cb06c0, 0x0000011262cb0c98]
Event: 18.020 Thread 0x000001127b084db0 3064       3       org.objectweb.asm.SymbolTable::addConstantClass (8 bytes)
Event: 18.020 Thread 0x000001127b084db0 nmethod 3064 0x0000011262cb1010 code [0x0000011262cb11c0, 0x0000011262cb1308]
Event: 18.020 Thread 0x000001127b084db0 3062       3       org.objectweb.asm.Frame::pop (53 bytes)
Event: 18.021 Thread 0x000001127b084db0 nmethod 3062 0x0000011262cb1390 code [0x0000011262cb15e0, 0x0000011262cb1d38]
Event: 18.021 Thread 0x000001127b084db0 3063       1       org.objectweb.asm.SymbolTable::getClassName (5 bytes)
Event: 18.021 Thread 0x000001127b084db0 nmethod 3063 0x000001126a321c90 code [0x000001126a321e20, 0x000001126a321ee8]
Event: 18.022 Thread 0x000001127b084db0 3065       3       org.objectweb.asm.Type::<init> (26 bytes)
Event: 18.022 Thread 0x000001127b084db0 nmethod 3065 0x0000011262cb2090 code [0x0000011262cb2240, 0x0000011262cb2408]
Event: 18.023 Thread 0x000001127b084db0 3066       3       org.objectweb.asm.MethodWriter::visitAbstractType (8 bytes)
Event: 18.023 Thread 0x000001127b084db0 nmethod 3066 0x0000011262cb2510 code [0x0000011262cb26c0, 0x0000011262cb27f8]
Event: 18.895 Thread 0x000001127b084db0 3067       1       java.util.stream.ReferencePipeline$StatelessOp::opIsStateful (2 bytes)
Event: 18.895 Thread 0x000001127b084db0 nmethod 3067 0x000001126a321f90 code [0x000001126a322120, 0x000001126a3221e8]

GC Heap History (10 events):
Event: 1.006 GC heap before
{Heap before GC invocations=0 (full 0):
 garbage-first heap   total 126976K, used 23552K [0x0000000080000000, 0x0000000100000000)
  region size 1024K, 23 young (23552K), 0 survivors (0K)
 Metaspace       used 8108K, committed 8256K, reserved 1114112K
  class space    used 746K, committed 832K, reserved 1048576K
}
Event: 1.013 GC heap after
{Heap after GC invocations=1 (full 0):
 garbage-first heap   total 126976K, used 3616K [0x0000000080000000, 0x0000000100000000)
  region size 1024K, 3 young (3072K), 3 survivors (3072K)
 Metaspace       used 8108K, committed 8256K, reserved 1114112K
  class space    used 746K, committed 832K, reserved 1048576K
}
Event: 2.650 GC heap before
{Heap before GC invocations=1 (full 0):
 garbage-first heap   total 126976K, used 40480K [0x0000000080000000, 0x0000000100000000)
  region size 1024K, 36 young (36864K), 3 survivors (3072K)
 Metaspace       used 12346K, committed 12480K, reserved 1114112K
  class space    used 1339K, committed 1408K, reserved 1048576K
}
Event: 2.661 GC heap after
{Heap after GC invocations=2 (full 0):
 garbage-first heap   total 126976K, used 11226K [0x0000000080000000, 0x0000000100000000)
  region size 1024K, 5 young (5120K), 5 survivors (5120K)
 Metaspace       used 12346K, committed 12480K, reserved 1114112K
  class space    used 1339K, committed 1408K, reserved 1048576K
}
Event: 4.625 GC heap before
{Heap before GC invocations=2 (full 0):
 garbage-first heap   total 126976K, used 58330K [0x0000000080000000, 0x0000000100000000)
  region size 1024K, 49 young (50176K), 5 survivors (5120K)
 Metaspace       used 12991K, committed 13184K, reserved 1114112K
  class space    used 1453K, committed 1536K, reserved 1048576K
}
Event: 4.643 GC heap after
{Heap after GC invocations=3 (full 0):
 garbage-first heap   total 126976K, used 17236K [0x0000000080000000, 0x0000000100000000)
  region size 1024K, 5 young (5120K), 5 survivors (5120K)
 Metaspace       used 12991K, committed 13184K, reserved 1114112K
  class space    used 1453K, committed 1536K, reserved 1048576K
}
Event: 10.720 GC heap before
{Heap before GC invocations=3 (full 0):
 garbage-first heap   total 126976K, used 42836K [0x0000000080000000, 0x0000000100000000)
  region size 1024K, 32 young (32768K), 5 survivors (5120K)
 Metaspace       used 21244K, committed 21504K, reserved 1114112K
  class space    used 2539K, committed 2688K, reserved 1048576K
}
Event: 10.727 GC heap after
{Heap after GC invocations=4 (full 0):
 garbage-first heap   total 126976K, used 20856K [0x0000000080000000, 0x0000000100000000)
  region size 1024K, 9 young (9216K), 9 survivors (9216K)
 Metaspace       used 21244K, committed 21504K, reserved 1114112K
  class space    used 2539K, committed 2688K, reserved 1048576K
}
Event: 15.534 GC heap before
{Heap before GC invocations=5 (full 0):
 garbage-first heap   total 71680K, used 71032K [0x0000000080000000, 0x0000000100000000)
  region size 1024K, 58 young (59392K), 9 survivors (9216K)
 Metaspace       used 29624K, committed 30144K, reserved 1114112K
  class space    used 3908K, committed 4160K, reserved 1048576K
}
Event: 15.545 GC heap after
{Heap after GC invocations=6 (full 0):
 garbage-first heap   total 83968K, used 23379K [0x0000000080000000, 0x0000000100000000)
  region size 1024K, 7 young (7168K), 7 survivors (7168K)
 Metaspace       used 29624K, committed 30144K, reserved 1114112K
  class space    used 3908K, committed 4160K, reserved 1048576K
}

Dll operation events (3 events):
Event: 0.021 Loaded shared library C:\Program Files\Android\Android Studio\jbr\bin\java.dll
Event: 0.034 Loaded shared library C:\Program Files\Android\Android Studio\jbr\bin\zip.dll
Event: 1.204 Loaded shared library C:\Program Files\Android\Android Studio\jbr\bin\verify.dll

Deoptimization events (20 events):
Event: 13.178 Thread 0x000001127c2c5fa0 Uncommon trap: trap_request=0xffffffcc fr.pc=0x000001126a2e7d7c relative=0x000000000000033c
Event: 13.178 Thread 0x000001127c2c5fa0 Uncommon trap: reason=intrinsic_or_type_checked_inlining action=make_not_entrant pc=0x000001126a2e7d7c method=java.util.Arrays.copyOf([Ljava/lang/Object;ILjava/lang/Class;)[Ljava/lang/Object; @ 35 c2
Event: 13.178 Thread 0x000001127c2c5fa0 DEOPT PACKING pc=0x000001126a2e7d7c sp=0x00000007ccdfd020
Event: 13.178 Thread 0x000001127c2c5fa0 DEOPT UNPACKING pc=0x0000011269c446a2 sp=0x00000007ccdfcfb0 mode 2
Event: 15.545 Thread 0x000001127b05e730 Uncommon trap: trap_request=0xffffff45 fr.pc=0x000001126a28339c relative=0x000000000000017c
Event: 15.545 Thread 0x000001127b05e730 Uncommon trap: reason=unstable_if action=reinterpret pc=0x000001126a28339c method=java.util.concurrent.locks.ReentrantLock$NonfairSync.initialTryLock()Z @ 25 c2
Event: 15.545 Thread 0x000001127b05e730 DEOPT PACKING pc=0x000001126a28339c sp=0x00000007cb9ff1f0
Event: 15.545 Thread 0x000001127b05e730 DEOPT UNPACKING pc=0x0000011269c446a2 sp=0x00000007cb9ff190 mode 2
Event: 15.927 Thread 0x000001127c2c5fa0 Uncommon trap: trap_request=0xffffff45 fr.pc=0x000001126a2e9488 relative=0x00000000000000e8
Event: 15.927 Thread 0x000001127c2c5fa0 Uncommon trap: reason=unstable_if action=reinterpret pc=0x000001126a2e9488 method=java.util.Arrays.equals([Ljava/lang/Object;[Ljava/lang/Object;)Z @ 44 c2
Event: 15.927 Thread 0x000001127c2c5fa0 DEOPT PACKING pc=0x000001126a2e9488 sp=0x00000007ccdfb5f0
Event: 15.927 Thread 0x000001127c2c5fa0 DEOPT UNPACKING pc=0x0000011269c446a2 sp=0x00000007ccdfb590 mode 2
Event: 15.927 Thread 0x000001127c2c5fa0 Uncommon trap: trap_request=0xffffff45 fr.pc=0x000001126a31d38c relative=0x00000000000002ac
Event: 15.927 Thread 0x000001127c2c5fa0 Uncommon trap: reason=unstable_if action=reinterpret pc=0x000001126a31d38c method=java.util.HashMap.getNode(Ljava/lang/Object;)Ljava/util/HashMap$Node; @ 131 c2
Event: 15.927 Thread 0x000001127c2c5fa0 DEOPT PACKING pc=0x000001126a31d38c sp=0x00000007ccdfb6b0
Event: 15.927 Thread 0x000001127c2c5fa0 DEOPT UNPACKING pc=0x0000011269c446a2 sp=0x00000007ccdfb620 mode 2
Event: 15.927 Thread 0x000001127c2c5fa0 Uncommon trap: trap_request=0xffffff45 fr.pc=0x000001126a31b204 relative=0x0000000000000764
Event: 15.927 Thread 0x000001127c2c5fa0 Uncommon trap: reason=unstable_if action=reinterpret pc=0x000001126a31b204 method=java.util.HashMap.putVal(ILjava/lang/Object;Ljava/lang/Object;ZZ)Ljava/lang/Object; @ 206 c2
Event: 15.927 Thread 0x000001127c2c5fa0 DEOPT PACKING pc=0x000001126a31b204 sp=0x00000007ccdfb620
Event: 15.927 Thread 0x000001127c2c5fa0 DEOPT UNPACKING pc=0x0000011269c446a2 sp=0x00000007ccdfb5a8 mode 2

Classes loaded (20 events):
Event: 14.112 Loading class java/io/ObjectOutputStream
Event: 14.115 Loading class java/io/ObjectOutput
Event: 14.122 Loading class java/io/ObjectOutput done
Event: 14.123 Loading class java/io/ObjectStreamConstants
Event: 14.123 Loading class java/io/ObjectStreamConstants done
Event: 14.123 Loading class java/io/ObjectOutputStream done
Event: 14.131 Loading class java/io/ObjectInputStream
Event: 14.132 Loading class java/io/ObjectInput
Event: 14.132 Loading class java/io/ObjectInput done
Event: 14.132 Loading class java/io/ObjectInputStream done
Event: 15.777 Loading class javax/xml/parsers/ParserConfigurationException
Event: 15.777 Loading class javax/xml/parsers/ParserConfigurationException done
Event: 15.777 Loading class org/xml/sax/SAXException
Event: 15.778 Loading class org/xml/sax/SAXException done
Event: 15.778 Loading class javax/xml/xpath/XPathExpressionException
Event: 15.778 Loading class javax/xml/xpath/XPathException
Event: 15.779 Loading class javax/xml/xpath/XPathException done
Event: 15.779 Loading class javax/xml/xpath/XPathExpressionException done
Event: 15.779 Loading class org/xml/sax/ErrorHandler
Event: 15.780 Loading class org/xml/sax/ErrorHandler done

Classes unloaded (0 events):
No events

Classes redefined (0 events):
No events

Internal exceptions (20 events):
Event: 12.519 Thread 0x000001127c2c5fa0 Exception <a 'java/lang/IncompatibleClassChangeError'{0x00000000824bba18}: Found class java.lang.Object, but interface was expected> (0x00000000824bba18) 
thrown [s\src\hotspot\share\interpreter\linkResolver.cpp, line 851]
Event: 12.606 Thread 0x000001127c2c5fa0 Implicit null exception at 0x000001126a1bace6 to 0x000001126a1bad86
Event: 12.783 Thread 0x000001127c2c5fa0 Exception <a 'java/lang/NoSuchMethodError'{0x0000000082082c18}: 'java.lang.Object java.lang.invoke.DelegatingMethodHandle$Holder.reinvoke_L(java.lang.Object, java.lang.Object, java.lang.Object, java.lang.Object, java.lang.Object, java.lang.Object, java.lang.Object, java.lang.Object, java.lang.Object, java.lang.Object, java.lang.Object, java.lang.Object, java.lang.Object, java.lang.Object, java.lang.Object, java.lang.Object, java.lang.Object, java.lang.Object, java.lang.Object, java.lang.Object, java.lang.O
Event: 12.788 Thread 0x000001127c2c5fa0 Exception <a 'java/lang/NoSuchMethodError'{0x00000000820f0978}: 'java.lang.Object java.lang.invoke.DirectMethodHandle$Holder.invokeStatic(java.lang.Object, java.lang.Object, java.lang.Object, java.lang.Object, java.lang.Object, java.lang.Object, java.lang.Object, java.lang.Object, java.lang.Object, java.lang.Object, java.lang.Object, java.lang.Object, java.lang.Object, java.lang.Object, java.lang.Object, java.lang.Object, java.lang.Object)'> (0x00000000820f0978) 
thrown [s\src\hotspot\share\interpreter\lin
Event: 12.792 Thread 0x000001127c2c5fa0 Exception <a 'java/lang/NoSuchMethodError'{0x0000000081f19d50}: 'java.lang.Object java.lang.invoke.DirectMethodHandle$Holder.invokeStatic(java.lang.Object, java.lang.Object, java.lang.Object, java.lang.Object, java.lang.Object, java.lang.Object, java.lang.Object, java.lang.Object, java.lang.Object, java.lang.Object, java.lang.Object, java.lang.Object, java.lang.Object, java.lang.Object, java.lang.Object, java.lang.Object, java.lang.Object, java.lang.Object)'> (0x0000000081f19d50) 
thrown [s\src\hotspot\sha
Event: 12.794 Thread 0x000001127c2c5fa0 Exception <a 'java/lang/NoSuchMethodError'{0x0000000081f43de0}: 'java.lang.Object java.lang.invoke.DirectMethodHandle$Holder.invokeStatic(java.lang.Object, java.lang.Object, java.lang.Object, java.lang.Object, java.lang.Object, java.lang.Object, java.lang.Object, java.lang.Object, java.lang.Object, java.lang.Object, java.lang.Object, java.lang.Object, java.lang.Object, java.lang.Object, java.lang.Object, java.lang.Object, java.lang.Object, java.lang.Object, java.lang.Object)'> (0x0000000081f43de0) 
thrown 
Event: 12.798 Thread 0x000001127c2c5fa0 Exception <a 'java/lang/NoSuchMethodError'{0x0000000081f6f548}: 'java.lang.Object java.lang.invoke.DirectMethodHandle$Holder.invokeStatic(java.lang.Object, java.lang.Object, java.lang.Object, java.lang.Object, java.lang.Object, java.lang.Object, java.lang.Object, java.lang.Object, java.lang.Object, java.lang.Object, java.lang.Object, java.lang.Object, java.lang.Object, java.lang.Object, java.lang.Object, java.lang.Object, java.lang.Object, java.lang.Object, java.lang.Object, java.lang.Object)'> (0x00000000
Event: 12.801 Thread 0x000001127c2c5fa0 Exception <a 'java/lang/NoSuchMethodError'{0x0000000081f9bc48}: 'java.lang.Object java.lang.invoke.DirectMethodHandle$Holder.invokeStatic(java.lang.Object, java.lang.Object, java.lang.Object, java.lang.Object, java.lang.Object, java.lang.Object, java.lang.Object, java.lang.Object, java.lang.Object, java.lang.Object, java.lang.Object, java.lang.Object, java.lang.Object, java.lang.Object, java.lang.Object, java.lang.Object, java.lang.Object, java.lang.Object, java.lang.Object, java.lang.Object, java.lang.Obj
Event: 12.804 Thread 0x000001127c2c5fa0 Exception <a 'java/lang/NoSuchMethodError'{0x0000000081fc9428}: 'java.lang.Object java.lang.invoke.DirectMethodHandle$Holder.invokeStatic(java.lang.Object, java.lang.Object, java.lang.Object, java.lang.Object, java.lang.Object, java.lang.Object, java.lang.Object, java.lang.Object, java.lang.Object, java.lang.Object, java.lang.Object, java.lang.Object, java.lang.Object, java.lang.Object, java.lang.Object, java.lang.Object, java.lang.Object, java.lang.Object, java.lang.Object, java.lang.Object, java.lang.Obj
Event: 12.809 Thread 0x000001127c2c5fa0 Exception <a 'java/lang/NoSuchMethodError'{0x0000000081ff7980}: 'java.lang.Object java.lang.invoke.DirectMethodHandle$Holder.invokeStatic(java.lang.Object, java.lang.Object, java.lang.Object, java.lang.Object, java.lang.Object, java.lang.Object, java.lang.Object, java.lang.Object, java.lang.Object, java.lang.Object, java.lang.Object, java.lang.Object, java.lang.Object, java.lang.Object, java.lang.Object, java.lang.Object, java.lang.Object, java.lang.Object, java.lang.Object, java.lang.Object, java.lang.Obj
Event: 12.813 Thread 0x000001127c2c5fa0 Exception <a 'java/lang/NoSuchMethodError'{0x0000000081e270b8}: 'java.lang.Object java.lang.invoke.DirectMethodHandle$Holder.invokeStatic(java.lang.Object, java.lang.Object, java.lang.Object, java.lang.Object, java.lang.Object, java.lang.Object, java.lang.Object, java.lang.Object, java.lang.Object, java.lang.Object, java.lang.Object, java.lang.Object, java.lang.Object, java.lang.Object, java.lang.Object, java.lang.Object, java.lang.Object, java.lang.Object, java.lang.Object, java.lang.Object, java.lang.Obj
Event: 12.816 Thread 0x000001127c2c5fa0 Exception <a 'java/lang/NoSuchMethodError'{0x0000000081e56ed0}: 'java.lang.Object java.lang.invoke.DirectMethodHandle$Holder.invokeStatic(java.lang.Object, java.lang.Object, java.lang.Object, java.lang.Object, java.lang.Object, java.lang.Object, java.lang.Object, java.lang.Object, java.lang.Object, java.lang.Object, java.lang.Object, java.lang.Object, java.lang.Object, java.lang.Object, java.lang.Object, java.lang.Object, java.lang.Object, java.lang.Object, java.lang.Object, java.lang.Object, java.lang.Obj
Event: 12.820 Thread 0x000001127c2c5fa0 Exception <a 'java/lang/NoSuchMethodError'{0x0000000081e88c58}: 'java.lang.Object java.lang.invoke.DirectMethodHandle$Holder.invokeStatic(java.lang.Object, java.lang.Object, java.lang.Object, java.lang.Object, java.lang.Object, java.lang.Object, java.lang.Object, java.lang.Object, java.lang.Object, java.lang.Object, java.lang.Object, java.lang.Object, java.lang.Object, java.lang.Object, java.lang.Object, java.lang.Object, java.lang.Object, java.lang.Object, java.lang.Object, java.lang.Object, java.lang.Obj
Event: 12.931 Thread 0x000001127c2c5fa0 Exception <a 'java/lang/IncompatibleClassChangeError'{0x0000000081d818b8}: Found class java.lang.Object, but interface was expected> (0x0000000081d818b8) 
thrown [s\src\hotspot\share\interpreter\linkResolver.cpp, line 851]
Event: 14.021 Thread 0x000001127c2c5fa0 Exception <a 'java/lang/IncompatibleClassChangeError'{0x0000000081249380}: Found class java.lang.Object, but interface was expected> (0x0000000081249380) 
thrown [s\src\hotspot\share\interpreter\linkResolver.cpp, line 851]
Event: 14.059 Thread 0x000001127c2c5fa0 Exception <a 'java/lang/NoSuchMethodError'{0x0000000081272778}: 'java.lang.Object java.lang.invoke.DirectMethodHandle$Holder.newInvokeSpecial(java.lang.Object, java.lang.Object, java.lang.Object, java.lang.Object, java.lang.Object, java.lang.Object, java.lang.Object, java.lang.Object, java.lang.Object, java.lang.Object)'> (0x0000000081272778) 
thrown [s\src\hotspot\share\interpreter\linkResolver.cpp, line 784]
Event: 14.161 Thread 0x000001127c2c5fa0 Exception <a 'java/lang/NoSuchMethodError'{0x0000000081189390}: 'java.lang.Object java.lang.invoke.DirectMethodHandle$Holder.newInvokeSpecial(java.lang.Object, java.lang.Object, java.lang.Object, java.lang.Object, java.lang.Object, java.lang.Object, java.lang.Object, java.lang.Object)'> (0x0000000081189390) 
thrown [s\src\hotspot\share\interpreter\linkResolver.cpp, line 784]
Event: 15.580 Thread 0x000001127c2c5fa0 Exception <a 'java/lang/NoSuchMethodError'{0x0000000087a20d68}: 'java.lang.Object java.lang.invoke.DirectMethodHandle$Holder.invokeVirtual(java.lang.Object, java.lang.Object, java.lang.Object, java.lang.Object, java.lang.Object, java.lang.Object, java.lang.Object, java.lang.Object, java.lang.Object, java.lang.Object, java.lang.Object, java.lang.Object, java.lang.Object, java.lang.Object, java.lang.Object, java.lang.Object, java.lang.Object, java.lang.Object, java.lang.Object, java.lang.Object, java.lang.Ob
Event: 15.597 Thread 0x000001127c2c5fa0 Exception <a 'java/lang/NoSuchMethodError'{0x0000000087a944c8}: 'java.lang.Object java.lang.invoke.DirectMethodHandle$Holder.invokeSpecial(java.lang.Object, java.lang.Object, java.lang.Object, java.lang.Object, java.lang.Object, java.lang.Object, java.lang.Object, java.lang.Object, java.lang.Object, java.lang.Object, java.lang.Object, java.lang.Object, java.lang.Object, java.lang.Object, java.lang.Object, java.lang.Object, java.lang.Object, java.lang.Object, java.lang.Object, java.lang.Object, java.lang.Ob
Event: 16.969 Thread 0x000001127c2c5fa0 Exception <a 'java/lang/NoSuchMethodError'{0x00000000859fe9f8}: 'java.lang.Object java.lang.invoke.DirectMethodHandle$Holder.newInvokeSpecial(java.lang.Object, java.lang.Object, java.lang.Object, java.lang.Object, java.lang.Object, java.lang.Object, java.lang.Object)'> (0x00000000859fe9f8) 
thrown [s\src\hotspot\share\interpreter\linkResolver.cpp, line 784]

ZGC Phase Switch (0 events):
No events

VM Operations (20 events):
Event: 12.162 Executing VM operation: HandshakeAllThreads (Deoptimize)
Event: 12.162 Executing VM operation: HandshakeAllThreads (Deoptimize) done
Event: 12.844 Executing VM operation: HandshakeAllThreads (Deoptimize)
Event: 12.844 Executing VM operation: HandshakeAllThreads (Deoptimize) done
Event: 12.844 Executing VM operation: Cleanup
Event: 12.844 Executing VM operation: Cleanup done
Event: 12.845 Executing VM operation: HandshakeAllThreads (Deoptimize)
Event: 12.845 Executing VM operation: HandshakeAllThreads (Deoptimize) done
Event: 13.847 Executing VM operation: Cleanup
Event: 13.863 Executing VM operation: Cleanup done
Event: 14.864 Executing VM operation: Cleanup
Event: 15.217 Executing VM operation: Cleanup done
Event: 15.534 Executing VM operation: G1CollectForAllocation (G1 Evacuation Pause)
Event: 15.545 Executing VM operation: G1CollectForAllocation (G1 Evacuation Pause) done
Event: 16.552 Executing VM operation: Cleanup
Event: 16.963 Executing VM operation: Cleanup done
Event: 17.973 Executing VM operation: Cleanup
Event: 18.005 Executing VM operation: Cleanup done
Event: 19.019 Executing VM operation: Cleanup
Event: 19.019 Executing VM operation: Cleanup done

Memory protections (0 events):
No events

Nmethod flushes (0 events):
No events

Events (20 events):
Event: 8.801 Loaded shared library C:\Program Files\Android\Android Studio\jbr\bin\management_ext.dll
Event: 8.891 Thread 0x000001125f56d960 Thread added: 0x000001127cb4e680
Event: 9.331 Loaded shared library C:\Program Files\Android\Android Studio\jbr\bin\extnet.dll
Event: 9.432 Thread 0x000001125f56d960 Thread added: 0x000001127ce88e60
Event: 9.672 Thread 0x000001125f56d960 Thread added: 0x000001127c25ee20
Event: 10.116 Thread 0x000001127ce88e60 Thread added: 0x000001127b1ec150
Event: 10.124 Thread 0x000001127b1ec150 Thread added: 0x000001127b3064b0
Event: 10.395 Thread 0x000001127b1ec150 Thread added: 0x000001127b5778e0
Event: 10.407 Thread 0x000001127b1ec150 Thread added: 0x000001127c2c5fa0
Event: 10.434 Thread 0x000001127c2c5fa0 Thread added: 0x000001127c2c7350
Event: 10.448 Thread 0x000001127c2c5fa0 Thread added: 0x000001127c2c79e0
Event: 10.451 Thread 0x000001127c2c5fa0 Thread added: 0x000001127c2c5910
Event: 12.163 Thread 0x000001127c2c5fa0 Thread added: 0x000001127c2c4bf0
Event: 12.201 Thread 0x000001127c2c5fa0 Thread added: 0x000001127c2c5280
Event: 12.266 Thread 0x000001127c2c5fa0 Thread added: 0x000001127c2c4560
Event: 12.472 Thread 0x000001127b084db0 Thread added: 0x000001127bf53660
Event: 12.776 Thread 0x000001127bf53660 Thread exited: 0x000001127bf53660
Event: 12.787 Thread 0x000001127b084db0 Thread added: 0x000001127d7c63f0
Event: 13.844 Thread 0x000001127d7c63f0 Thread exited: 0x000001127d7c63f0
Event: 15.722 Thread 0x000001127c2c5fa0 Thread added: 0x000001127c2c6cc0


Dynamic libraries:
0x00007ff720170000 - 0x00007ff72017a000 	C:\Program Files\Android\Android Studio\jbr\bin\java.exe
0x00007ff88e160000 - 0x00007ff88e3c8000 	C:\WINDOWS\SYSTEM32\ntdll.dll
0x00007ff88ce60000 - 0x00007ff88cf29000 	C:\WINDOWS\System32\KERNEL32.DLL
0x00007ff88b3f0000 - 0x00007ff88b7e8000 	C:\WINDOWS\System32\KERNELBASE.dll
0x00007ff88bdb0000 - 0x00007ff88befb000 	C:\WINDOWS\System32\ucrtbase.dll
0x00007ff877130000 - 0x00007ff877148000 	C:\Program Files\Android\Android Studio\jbr\bin\jli.dll
0x00007ff8723f0000 - 0x00007ff87240b000 	C:\Program Files\Android\Android Studio\jbr\bin\VCRUNTIME140.dll
0x00007ff88df50000 - 0x00007ff88e117000 	C:\WINDOWS\System32\USER32.dll
0x00007ff88b7f0000 - 0x00007ff88b817000 	C:\WINDOWS\System32\win32u.dll
0x00007ff8642d0000 - 0x00007ff864564000 	C:\WINDOWS\WinSxS\amd64_microsoft.windows.common-controls_6595b64144ccf1df_6.0.26100.7019_none_3e06ffa0e335b8a8\COMCTL32.dll
0x00007ff88d660000 - 0x00007ff88d709000 	C:\WINDOWS\System32\msvcrt.dll
0x00007ff88dd70000 - 0x00007ff88dd9b000 	C:\WINDOWS\System32\GDI32.dll
0x00007ff88bc80000 - 0x00007ff88bdac000 	C:\WINDOWS\System32\gdi32full.dll
0x00007ff88bbd0000 - 0x00007ff88bc73000 	C:\WINDOWS\System32\msvcp_win.dll
0x00007ff88d910000 - 0x00007ff88d941000 	C:\WINDOWS\System32\IMM32.DLL
0x00007ff8775e0000 - 0x00007ff8775ec000 	C:\Program Files\Android\Android Studio\jbr\bin\vcruntime140_1.dll
0x00007ff873760000 - 0x00007ff8737ed000 	C:\Program Files\Android\Android Studio\jbr\bin\msvcp140.dll
0x00007ff81b910000 - 0x00007ff81c5a6000 	C:\Program Files\Android\Android Studio\jbr\bin\server\jvm.dll
0x00007ff88d7e0000 - 0x00007ff88d894000 	C:\WINDOWS\System32\ADVAPI32.dll
0x00007ff88dda0000 - 0x00007ff88de46000 	C:\WINDOWS\System32\sechost.dll
0x00007ff88d2b0000 - 0x00007ff88d3c8000 	C:\WINDOWS\System32\RPCRT4.dll
0x00007ff88c1f0000 - 0x00007ff88c264000 	C:\WINDOWS\System32\WS2_32.dll
0x00007ff8654f0000 - 0x00007ff8654fb000 	C:\WINDOWS\SYSTEM32\VERSION.dll
0x00007ff881130000 - 0x00007ff881165000 	C:\WINDOWS\SYSTEM32\WINMM.dll
0x00007ff88b110000 - 0x00007ff88b16e000 	C:\WINDOWS\SYSTEM32\POWRPROF.dll
0x00007ff88b0f0000 - 0x00007ff88b104000 	C:\WINDOWS\SYSTEM32\UMPDC.dll
0x00007ff88a030000 - 0x00007ff88a04b000 	C:\WINDOWS\SYSTEM32\kernel.appcore.dll
0x00007ff865cc0000 - 0x00007ff865cca000 	C:\Program Files\Android\Android Studio\jbr\bin\jimage.dll
0x00007ff8889d0000 - 0x00007ff888c12000 	C:\WINDOWS\SYSTEM32\DBGHELP.DLL
0x00007ff88d960000 - 0x00007ff88dceb000 	C:\WINDOWS\System32\combase.dll
0x00007ff88d3d0000 - 0x00007ff88d4a7000 	C:\WINDOWS\System32\OLEAUT32.dll
0x00007ff85e330000 - 0x00007ff85e36c000 	C:\WINDOWS\SYSTEM32\dbgcore.DLL
0x00007ff88b340000 - 0x00007ff88b3e5000 	C:\WINDOWS\System32\bcryptPrimitives.dll
0x00007ff878360000 - 0x00007ff87836e000 	C:\Program Files\Android\Android Studio\jbr\bin\instrument.dll
0x00007ff844120000 - 0x00007ff844140000 	C:\Program Files\Android\Android Studio\jbr\bin\java.dll
0x00007ff842c00000 - 0x00007ff842c18000 	C:\Program Files\Android\Android Studio\jbr\bin\zip.dll
0x00007ff88c270000 - 0x00007ff88c9bf000 	C:\WINDOWS\System32\SHELL32.dll
0x00007ff88b820000 - 0x00007ff88b98b000 	C:\WINDOWS\System32\wintypes.dll
0x00007ff888e90000 - 0x00007ff8896ed000 	C:\WINDOWS\SYSTEM32\windows.storage.dll
0x00007ff88d120000 - 0x00007ff88d212000 	C:\WINDOWS\System32\SHCORE.dll
0x00007ff88cf30000 - 0x00007ff88cf97000 	C:\WINDOWS\System32\shlwapi.dll
0x00007ff88b1d0000 - 0x00007ff88b1f9000 	C:\WINDOWS\SYSTEM32\profapi.dll
0x00007ff85cfc0000 - 0x00007ff85cfd0000 	C:\Program Files\Android\Android Studio\jbr\bin\net.dll
0x00007ff87b810000 - 0x00007ff87b938000 	C:\WINDOWS\SYSTEM32\WINHTTP.dll
0x00007ff88a580000 - 0x00007ff88a5eb000 	C:\WINDOWS\system32\mswsock.dll
0x00007ff842be0000 - 0x00007ff842bf6000 	C:\Program Files\Android\Android Studio\jbr\bin\nio.dll
0x00007ff875530000 - 0x00007ff875540000 	C:\Program Files\Android\Android Studio\jbr\bin\verify.dll
0x00007ff874d20000 - 0x00007ff874d47000 	C:\Gradle\gradle-8.7\native\c067742578af261105cb4f569cf0c3c89f3d7b1fecec35dd04571415982c5e48\windows-amd64\native-platform.dll
0x00007ff809b50000 - 0x00007ff809c94000 	C:\Gradle\gradle-8.7\native\100fb08df4bc3b14c8652ba06237920a3bd2aa13389f12d3474272988ae205f9\windows-amd64\native-platform-file-events.dll
0x00007ff85ae30000 - 0x00007ff85ae39000 	C:\Program Files\Android\Android Studio\jbr\bin\management.dll
0x00007ff85a8c0000 - 0x00007ff85a8cb000 	C:\Program Files\Android\Android Studio\jbr\bin\management_ext.dll
0x00007ff88d950000 - 0x00007ff88d958000 	C:\WINDOWS\System32\PSAPI.DLL
0x00007ff88a970000 - 0x00007ff88a98b000 	C:\WINDOWS\SYSTEM32\CRYPTSP.dll
0x00007ff889f90000 - 0x00007ff889fca000 	C:\WINDOWS\system32\rsaenh.dll
0x00007ff88a630000 - 0x00007ff88a65b000 	C:\WINDOWS\SYSTEM32\USERENV.dll
0x00007ff88b1a0000 - 0x00007ff88b1ca000 	C:\WINDOWS\SYSTEM32\bcrypt.dll
0x00007ff88a7d0000 - 0x00007ff88a7dc000 	C:\WINDOWS\SYSTEM32\CRYPTBASE.dll
0x00007ff889b70000 - 0x00007ff889ba4000 	C:\WINDOWS\SYSTEM32\IPHLPAPI.DLL
0x00007ff88d8a0000 - 0x00007ff88d8aa000 	C:\WINDOWS\System32\NSI.dll
0x00007ff85b950000 - 0x00007ff85b959000 	C:\Program Files\Android\Android Studio\jbr\bin\extnet.dll
0x00007ff851f10000 - 0x00007ff851f18000 	C:\WINDOWS\system32\wshunix.dll

JVMTI agents:
C:\Gradle\gradle-8.7\wrapper\dists\gradle-8.11.1-bin\bpt9gzteqjrbo1mjrsomdt32c\gradle-8.11.1\lib\agents\gradle-instrumentation-agent-8.11.1.jar path:C:\Program Files\Android\Android Studio\jbr\bin\instrument.dll, loaded, initialized, instrumentlib options:none

dbghelp: loaded successfully - version: 4.0.5 - missing functions: none
symbol engine: initialized successfully - sym options: 0x614 - pdb path: .;C:\Program Files\Android\Android Studio\jbr\bin;C:\WINDOWS\SYSTEM32;C:\WINDOWS\WinSxS\amd64_microsoft.windows.common-controls_6595b64144ccf1df_6.0.26100.7019_none_3e06ffa0e335b8a8;C:\Program Files\Android\Android Studio\jbr\bin\server;C:\Gradle\gradle-8.7\native\c067742578af261105cb4f569cf0c3c89f3d7b1fecec35dd04571415982c5e48\windows-amd64;C:\Gradle\gradle-8.7\native\100fb08df4bc3b14c8652ba06237920a3bd2aa13389f12d3474272988ae205f9\windows-amd64

VM Arguments:
jvm_args: --add-opens=java.base/java.lang=ALL-UNNAMED --add-opens=java.base/java.lang.invoke=ALL-UNNAMED --add-opens=java.base/java.util=ALL-UNNAMED --add-opens=java.prefs/java.util.prefs=ALL-UNNAMED --add-exports=jdk.compiler/com.sun.tools.javac.api=ALL-UNNAMED --add-exports=jdk.compiler/com.sun.tools.javac.util=ALL-UNNAMED --add-opens=java.base/java.util=ALL-UNNAMED --add-opens=java.prefs/java.util.prefs=ALL-UNNAMED --add-opens=java.base/java.nio.charset=ALL-UNNAMED --add-opens=java.base/java.net=ALL-UNNAMED --add-opens=java.base/java.util.concurrent.atomic=ALL-UNNAMED --add-opens=java.xml/javax.xml.namespace=ALL-UNNAMED -Xmx2048m -Dfile.encoding=UTF-8 -Duser.country=FR -Duser.language=fr -Duser.variant -javaagent:C:\Gradle\gradle-8.7\wrapper\dists\gradle-8.11.1-bin\bpt9gzteqjrbo1mjrsomdt32c\gradle-8.11.1\lib\agents\gradle-instrumentation-agent-8.11.1.jar 
java_command: org.gradle.launcher.daemon.bootstrap.GradleDaemon 8.11.1
java_class_path (initial): C:\Gradle\gradle-8.7\wrapper\dists\gradle-8.11.1-bin\bpt9gzteqjrbo1mjrsomdt32c\gradle-8.11.1\lib\gradle-daemon-main-8.11.1.jar
Launcher Type: SUN_STANDARD

[Global flags]
     intx CICompilerCount                          = 4                                         {product} {ergonomic}
     uint ConcGCThreads                            = 2                                         {product} {ergonomic}
     uint G1ConcRefinementThreads                  = 8                                         {product} {ergonomic}
   size_t G1HeapRegionSize                         = 1048576                                   {product} {ergonomic}
    uintx GCDrainStackTargetSize                   = 64                                        {product} {ergonomic}
   size_t InitialHeapSize                          = 130023424                                 {product} {ergonomic}
   size_t MarkStackSize                            = 4194304                                   {product} {ergonomic}
   size_t MaxHeapSize                              = 2147483648                                {product} {command line}
   size_t MaxNewSize                               = 1287651328                                {product} {ergonomic}
   size_t MinHeapDeltaBytes                        = 1048576                                   {product} {ergonomic}
   size_t MinHeapSize                              = 8388608                                   {product} {ergonomic}
    uintx NonNMethodCodeHeapSize                   = 5839372                                {pd product} {ergonomic}
    uintx NonProfiledCodeHeapSize                  = 122909434                              {pd product} {ergonomic}
    uintx ProfiledCodeHeapSize                     = 122909434                              {pd product} {ergonomic}
    uintx ReservedCodeCacheSize                    = 251658240                              {pd product} {ergonomic}
     bool SegmentedCodeCache                       = true                                      {product} {ergonomic}
   size_t SoftMaxHeapSize                          = 2147483648                             {manageable} {ergonomic}
     bool UseCompressedOops                        = true                           {product lp64_product} {ergonomic}
     bool UseG1GC                                  = true                                      {product} {ergonomic}
     bool UseLargePagesIndividualAllocation        = false                                  {pd product} {ergonomic}

Logging:
Log output configuration:
 #0: stdout all=warning uptime,level,tags foldmultilines=false
 #1: stderr all=off uptime,level,tags foldmultilines=false

Environment Variables:
JAVA_HOME=C:\Program Files\Java\jdk-17
PATH=C:\Program Files\Common Files\Oracle\Java\javapath;C:\WINDOWS\system32;C:\WINDOWS;C:\WINDOWS\System32\Wbem;C:\WINDOWS\System32\WindowsPowerShell\v1.0\;C:\WINDOWS\System32\OpenSSH\;C:\ProgramData\ComposerSetup\bin;C:\xampp\php;C:\Program Files\Git\cmd;C:\Program Files\nodejs\;C:\Program Files\Docker\Docker\resources\bin;C:\Program Files\cursor\resources\app\bin;C:\Users\Lenovo\AppData\Local\Programs\Python\Python314\Scripts\;C:\Users\Lenovo\AppData\Local\Programs\Python\Python314\;C:\Users\Lenovo\scoop\shims;C:\Users\Lenovo\AppData\Local\Microsoft\WindowsApps;C:\Users\Lenovo\AppData\Local\JetBrains\IntelliJ IDEA 2024.3.2.2\bin;;C:\Users\Lenovo\AppData\Local\Programs\Microsoft VS Code\bin;C:\Users\Lenovo\AppData\Roaming\Composer\vendor\bin;C:\Users\Lenovo\AppData\Roaming\npm;C:\Program Files (x86)\MongoDB Atlas CLI\;C:\Users\Lenovo\AppData\Local\Programs\mongosh\;C:\Users\Lenovo\AppData\Local\Programs\Windsurf\bin
USERNAME=Lenovo
OS=Windows_NT
PROCESSOR_IDENTIFIER=Intel64 Family 6 Model 154 Stepping 4, GenuineIntel
TMP=C:\Users\Lenovo\AppData\Local\Temp
TEMP=C:\Users\Lenovo\AppData\Local\Temp




Periodic native trim disabled

JNI global refs:
JNI global refs: 23, weak refs: 0

JNI global refs memory usage: 835, weak refs: 833

Process memory usage:
Resident Set Size: 118780K (1% of 8106488K total physical memory with 117856K free physical memory)

OOME stack traces (most recent first):
Classloader memory used:
Loader bootstrap                                                                       : 16610K
Loader org.gradle.internal.classloader.VisitableURLClassLoader                         : 12123K
Loader org.gradle.initialization.MixInLegacyTypesClassLoader                           : 1877K
Loader jdk.internal.loader.ClassLoaders$AppClassLoader                                 : 235K
Loader jdk.internal.loader.ClassLoaders$PlatformClassLoader                            : 155K

Classes loaded by more than one classloader:
Class org.gradle.internal.classloader.FilteringClassLoader                            : loaded 2 times (x 105B)
Class org.gradle.internal.classloader.ClassLoaderHierarchy                            : loaded 2 times (x 70B)
Class org.gradle.api.internal.classpath.ManifestUtil                                  : loaded 2 times (x 71B)
Class org.gradle.internal.classloader.DefaultClassLoaderFactory                       : loaded 2 times (x 82B)
Class org.gradle.internal.classloader.ClassLoaderVisitor                              : loaded 2 times (x 76B)
Class org.gradle.api.internal.classpath.EffectiveClassPath                            : loaded 2 times (x 90B)
Class org.gradle.api.internal.DefaultClassPathProvider                                : loaded 2 times (x 76B)
Class [Lorg.gradle.api.internal.ClassPathProvider;                                    : loaded 2 times (x 69B)
Class org.gradle.api.internal.ClassPathProvider                                       : loaded 2 times (x 70B)
Class org.gradle.internal.service.UnknownServiceException                             : loaded 2 times (x 83B)
Class org.gradle.internal.classpath.TransformedClassPath                              : loaded 2 times (x 96B)
Class org.gradle.internal.classloader.InstrumentingClassLoader                        : loaded 2 times (x 70B)
Class org.gradle.internal.service.ServiceLocator                                      : loaded 2 times (x 70B)
Class org.gradle.internal.InternalTransformer                                         : loaded 2 times (x 70B)
Class org.gradle.internal.classloader.ClasspathUtil$1                                 : loaded 2 times (x 76B)
Class org.gradle.api.internal.classpath.DefaultModuleRegistry$DefaultModule           : loaded 2 times (x 86B)
Class org.gradle.api.internal.classpath.Module                                        : loaded 2 times (x 70B)
Class org.gradle.api.internal.classpath.UnknownModuleException                        : loaded 2 times (x 82B)
Class org.gradle.api.internal.DefaultClassPathRegistry                                : loaded 2 times (x 76B)
Class org.gradle.api.internal.ClassPathRegistry                                       : loaded 2 times (x 70B)
Class org.gradle.internal.classpath.DefaultClassPath$ImmutableUniqueList              : loaded 2 times (x 199B)
Class org.gradle.internal.classpath.ClassPath                                         : loaded 2 times (x 70B)
Class org.gradle.api.UncheckedIOException                                             : loaded 2 times (x 82B)
Class org.gradle.internal.installation.GradleInstallation$1                           : loaded 2 times (x 75B)
Class org.gradle.api.internal.classpath.ModuleRegistry                                : loaded 2 times (x 70B)
Class org.gradle.api.internal.classpath.DefaultModuleRegistry                         : loaded 2 times (x 86B)
Class org.gradle.internal.service.ServiceLookupException                              : loaded 2 times (x 82B)
Class org.gradle.internal.classloader.ClassLoaderFactory                              : loaded 2 times (x 70B)
Class org.gradle.internal.service.CachingServiceLocator                               : loaded 2 times (x 82B)
Class org.gradle.internal.classloader.ClasspathUtil                                   : loaded 2 times (x 71B)
Class org.gradle.api.specs.Spec                                                       : loaded 2 times (x 70B)
Class org.gradle.internal.classloader.VisitableURLClassLoader$InstrumentingVisitableURLClassLoader: loaded 2 times (x 123B)
Class org.gradle.internal.classloader.VisitableURLClassLoader$Spec                    : loaded 2 times (x 74B)
Class org.gradle.internal.classpath.DefaultClassPath                                  : loaded 2 times (x 90B)
Class org.gradle.internal.classloader.ClassLoaderSpec                                 : loaded 2 times (x 71B)
Class org.gradle.internal.classloader.VisitableURLClassLoader                         : loaded 2 times (x 117B)
Class org.gradle.internal.Cast                                                        : loaded 2 times (x 71B)
Class org.gradle.api.Action                                                           : loaded 2 times (x 70B)
Class org.gradle.internal.classpath.DefaultClassPath$ImmutableUniqueList$Builder      : loaded 2 times (x 75B)
Class org.gradle.api.GradleException                                                  : loaded 2 times (x 82B)
Class org.gradle.internal.IoActions                                                   : loaded 2 times (x 71B)
Class org.gradle.internal.classloader.SystemClassLoaderSpec                           : loaded 2 times (x 71B)
Class org.gradle.api.internal.classpath.GlobalCacheRootsProvider                      : loaded 2 times (x 70B)
Class org.gradle.internal.installation.CurrentGradleInstallationLocator               : loaded 2 times (x 71B)
Class org.gradle.internal.service.DefaultServiceLocator                               : loaded 2 times (x 83B)
Class org.gradle.internal.installation.CurrentGradleInstallation                      : loaded 2 times (x 73B)
Class org.gradle.util.internal.GUtil                                                  : loaded 2 times (x 71B)
Class org.gradle.internal.installation.GradleInstallation                             : loaded 2 times (x 75B)

---------------  S Y S T E M  ---------------

OS:
 Windows 11 , 64 bit Build 26100 (10.0.26100.7019)
OS uptime: 0 days 2:00 hours
Hyper-V role detected

CPU: total 8 (initial active 8) (4 cores per cpu, 2 threads per core) family 6 model 154 stepping 4 microcode 0x424, cx8, cmov, fxsr, ht, mmx, 3dnowpref, sse, sse2, sse3, ssse3, sse4.1, sse4.2, popcnt, lzcnt, tsc, tscinvbit, avx, avx2, aes, erms, clmul, bmi1, bmi2, adx, sha, fma, vzeroupper, clflush, clflushopt, clwb, hv, serialize, rdtscp, rdpid, fsrm, f16c, cet_ibt, cet_ss
Processor Information for processor 0
  Max Mhz: 1200, Current Mhz: 1200, Mhz Limit: 1200
Processor Information for processor 1
  Max Mhz: 1200, Current Mhz: 1200, Mhz Limit: 1200
Processor Information for processor 2
  Max Mhz: 1200, Current Mhz: 1200, Mhz Limit: 1200
Processor Information for processor 3
  Max Mhz: 1200, Current Mhz: 1200, Mhz Limit: 1200
Processor Information for processor 4
  Max Mhz: 900, Current Mhz: 900, Mhz Limit: 900
Processor Information for processor 5
  Max Mhz: 900, Current Mhz: 900, Mhz Limit: 900
Processor Information for processor 6
  Max Mhz: 900, Current Mhz: 900, Mhz Limit: 900
Processor Information for processor 7
  Max Mhz: 900, Current Mhz: 900, Mhz Limit: 900

Memory: 4k page, system-wide physical 7916M (114M free)
TotalPageFile size 32492M (AvailPageFile size 5M)
current process WorkingSet (physical memory assigned to process): 116M, peak: 158M
current process commit charge ("private bytes"): 234M, peak: 246M

vm_info: OpenJDK 64-Bit Server VM (21.0.8+-14018985-b1038.68) for windows-amd64 JRE (21.0.8+-14018985-b1038.68), built on 2025-08-29T19:56:34Z by "builder" with MS VC++ 16.10 / 16.11 (VS2019)

END.
